2021-09-30 17:45:14,392 - D:\work\WebAutoTestProject\base\http_base.py - do_post[line:107] - INFO: https://hsbpro.huishoubao.com/hsbpro请求信息：
headers={'Content-Type': 'application/json; charset=utf-8'}
body={
     "_head": {
          "_remark": "",
          "_appVersion": "5.0.0",
          "_version": "0.01",
          "_groupNo": "1",
          "longitude": 113.94299928073816,
          "latitude": 22.532460629273437,
          "_interface": "login_captcha",
          "_timestamps": "1632995114",
          "_invokeId": "iOS_C854F1C2-5E70-44D3-853C-655BBA17E54E_1632995114",
          "_msgType": "request",
          "channelStr": "appstore",
          "_callerServiceId": "111111"
     },
     "_param": {
          "phone": "18676702152",
          "captcha": "666666",
          "permissions": "0"
     }
}
2021-09-30 17:45:15,412 - D:\work\WebAutoTestProject\base\http_base.py - do_post[line:117] - INFO: https://hsbpro.huishoubao.com/hsbpro响应信息：
headers={
    "Access-Control-Allow-Headers": "x-requested-with,content-type",
    "Access-Control-Allow-Methods": "POST,GET,PUT",
    "Access-Control-Allow-Origin": "*",
    "Connection": "keep-alive",
    "Content-Type": "application/json",
    "Date": "Thu, 30 Sep 2021 09:45:13 GMT",
    "Server": "nginx",
    "Transfer-Encoding": "chunked"
}
response_body={
    "_data": {
        "_errCode": "0",
        "_errStr": "SUCCEED",
        "_ret": "0",
        "data": {
            "BDname": "",
            "BDphone": "",
            "amc_id": "",
            "amc_name": "",
            "channel_user_id": "1002102",
            "headPic": "",
            "isNew": "0",
            "login_token": "45447511002102d074c016d4572ca7b4",
            "merchant_id": "220395871",
            "permission": [
                {
                    "permissionId": "1",
                    "permissionKey": "0",
                    "permissionName": "门店TAB"
                },
                {
                    "permissionId": "2",
                    "permissionKey": "1",
                    "permissionName": "上门TAB"
                },
                {
                    "permissionId": "3",
                    "permissionKey": "2",
                    "permissionName": "后端TAB"
                },
                {
                    "permissionId": "4",
                    "permissionKey": "3",
                    "permissionName": "小豹哥TAB"
                }
            ],
            "phone": "18676702152",
            "real_name": "",
            "roleList": [
                "75"
            ],
            "user_id": "4544",
            "user_name": "18676702152"
        }
    }
}
2021-09-30 17:45:15,413 - D:\work\WebAutoTestProject\utils\common.py - wrapper[line:30] - INFO: 执行耗时：1.02秒


2021-09-30 17:45:15,413 - D:\work\WebAutoTestProject\base\http_base.py - do_post[line:107] - INFO: https://xyxzapi.huishoubao.com/api/xianyu请求信息：
headers={'Content-Type': 'application/json; charset=utf-8'}
body={
     "_head": {
          "_remark": "",
          "_appVersion": "5.0.0",
          "_version": "0.01",
          "_groupNo": "1",
          "longitude": 113.94299928073816,
          "latitude": 22.532460629273437,
          "_interface": "get_store_list",
          "_timestamps": "1632995114",
          "_invokeId": "iOS_C854F1C2-5E70-44D3-853C-655BBA17E54E_1632995114",
          "_msgType": "request",
          "channelStr": "appstore",
          "_callerServiceId": "111111"
     },
     "_param": {
          "pageSize": "10",
          "productType": "0",
          "userId": "1002102",
          "roleId": "75",
          "permissions": "0",
          "pageIndex": "0",
          "login_token": "45447511002102d074c016d4572ca7b4"
     }
}
2021-09-30 17:45:15,532 - D:\work\WebAutoTestProject\base\http_base.py - do_post[line:117] - INFO: https://xyxzapi.huishoubao.com/api/xianyu响应信息：
headers={
    "Access-Control-Allow-Headers": "x-requested-with,content-type",
    "Access-Control-Allow-Methods": "POST,GET,PUT",
    "Access-Control-Allow-Origin": "*",
    "Connection": "keep-alive",
    "Content-Type": "application/json; charset=utf-8",
    "Date": "Thu, 30 Sep 2021 09:45:13 GMT",
    "Server": "nginx",
    "Transfer-Encoding": "chunked",
    "X-B3-TraceId": "2558ce071ff2e18c",
    "X-Powered-By": "PHP/7.1.33"
}
response_body={
    "_data": {
        "_errCode": "0",
        "_errStr": "success",
        "_ret": "0",
        "data": {
            "storeList": [
                {
                    "address": "广东省深圳市南山区科技南路九道威新软件园车2门 金地威新软件科技园",
                    "storeId": "1054057",
                    "storeName": "默认店铺-186****2152",
                    "turnoverToday": ""
                }
            ]
        }
    },
    "_head": {
        "_appVersion": "5.0.0",
        "_callerServiceId": "111111",
        "_groupNo": "1",
        "_interface": "get_store_list",
        "_invokeId": "iOS_C854F1C2-5E70-44D3-853C-655BBA17E54E_1632995114",
        "_msgType": "response",
        "_remark": "",
        "_timestamps": "1632995114",
        "_version": "0.01",
        "channelStr": "appstore",
        "latitude": 22.532460629273437,
        "longitude": 113.94299928073816
    }
}
2021-09-30 17:45:15,532 - D:\work\WebAutoTestProject\utils\common.py - wrapper[line:30] - INFO: 执行耗时：0.12秒


2021-09-30 17:45:15,533 - D:\work\WebAutoTestProject\base\http_base.py - do_post[line:107] - INFO: https://hsbpro.huishoubao.com/hsbpro请求信息：
headers={'Content-Type': 'application/json; charset=utf-8'}
body={
     "_head": {
          "_remark": "",
          "_appVersion": "5.0.0",
          "_version": "0.01",
          "_groupNo": "1",
          "longitude": 113.94299928073816,
          "latitude": 22.532460629273437,
          "_interface": "detect_v3_get_sn",
          "_timestamps": "1632995114",
          "_invokeId": "iOS_C854F1C2-5E70-44D3-853C-655BBA17E54E_1632995114",
          "_msgType": "request",
          "channelStr": "appstore",
          "_callerServiceId": "111111"
     },
     "_param": {
          "orderNum": "merchant_onum_1002102_1632995114229",
          "clerkId": "1002102",
          "permissions": "0",
          "detectMark": "1",
          "login_token": "45447511002102d074c016d4572ca7b4",
          "version": "4"
     }
}
2021-09-30 17:45:15,603 - D:\work\WebAutoTestProject\base\http_base.py - do_post[line:117] - INFO: https://hsbpro.huishoubao.com/hsbpro响应信息：
headers={
    "Access-Control-Allow-Headers": "x-requested-with,content-type",
    "Access-Control-Allow-Methods": "POST,GET,PUT",
    "Access-Control-Allow-Origin": "*",
    "Connection": "keep-alive",
    "Content-Type": "application/json",
    "Date": "Thu, 30 Sep 2021 09:45:13 GMT",
    "Server": "nginx",
    "Transfer-Encoding": "chunked"
}
response_body={
    "_data": {
        "_errCode": "0",
        "_errStr": "SUCCEED",
        "_ret": "0",
        "data": {
            "sn": "2021093017451387025"
        }
    }
}
2021-09-30 17:45:15,604 - D:\work\WebAutoTestProject\utils\common.py - wrapper[line:30] - INFO: 执行耗时：0.07秒


2021-09-30 17:45:15,604 - D:\work\WebAutoTestProject\base\http_base.py - do_post[line:107] - INFO: https://hsbpro.huishoubao.com/hsbpro请求信息：
headers={'Content-Type': 'application/json; charset=utf-8'}
body={
     "_head": {
          "_remark": "",
          "_appVersion": "5.0.0",
          "_version": "0.01",
          "_groupNo": "1",
          "longitude": 113.94299928073816,
          "latitude": 22.532460629273437,
          "_interface": "get_check_option",
          "_timestamps": "1632995114",
          "_invokeId": "iOS_C854F1C2-5E70-44D3-853C-655BBA17E54E_1632995114",
          "_msgType": "request",
          "channelStr": "appstore",
          "_callerServiceId": "111111"
     },
     "_param": {
          "sn": "2021093017451387025",
          "brandId": "2",
          "permissions": "0",
          "productId": "38200",
          "login_token": "45447511002102d074c016d4572ca7b4"
     }
}
2021-09-30 17:45:15,878 - D:\work\WebAutoTestProject\base\http_base.py - do_post[line:117] - INFO: https://hsbpro.huishoubao.com/hsbpro响应信息：
headers={
    "Access-Control-Allow-Headers": "x-requested-with,content-type",
    "Access-Control-Allow-Methods": "POST,GET,PUT",
    "Access-Control-Allow-Origin": "*",
    "Connection": "keep-alive",
    "Content-Type": "application/json",
    "Date": "Thu, 30 Sep 2021 09:45:13 GMT",
    "Server": "nginx",
    "Transfer-Encoding": "chunked"
}
response_body={
    "_data": {
        "_errCode": "0",
        "_errStr": "SUCCEED",
        "_ret": "0",
        "data": {
            "basic": {
                "items": [
                    {
                        "answers": [
                            {
                                "aid": "12",
                                "aname": "大陆国行",
                                "isBad": "0",
                                "isForbid": "0",
                                "markType": "0"
                            },
                            {
                                "aid": "13",
                                "aname": "香港行货",
                                "isBad": "0",
                                "isForbid": "0",
                                "markType": "0"
                            },
                            {
                                "aid": "14",
                                "aname": "其他国家地区-无锁版",
                                "isBad": "0",
                                "isForbid": "0",
                                "markType": "0"
                            },
                            {
                                "aid": "15",
                                "aname": "其他国家地区-有锁版",
                                "isBad": "0",
                                "isForbid": "0",
                                "markType": "0"
                            },
                            {
                                "aid": "1124",
                                "aname": "国行官换机/官翻机",
                                "isBad": "0",
                                "isForbid": "0",
                                "markType": "0"
                            },
                            {
                                "aid": "6047",
                                "aname": "国行展示机",
                                "isBad": "0",
                                "isForbid": "0",
                                "markType": "0"
                            },
                            {
                                "aid": "6116",
                                "aname": "国行BS机",
                                "isBad": "0",
                                "isForbid": "0",
                                "markType": "0"
                            },
                            {
                                "aid": "7630",
                                "aname": "监管机",
                                "isBad": "0",
                                "isForbid": "0",
                                "markType": "0"
                            },
                            {
                                "aid": "8012",
                                "aname": "官修机",
                                "isBad": "0",
                                "isForbid": "0",
                                "markType": "0"
                            }
                        ],
                        "qid": "11",
                        "qname": "购买渠道",
                        "singleFlag": "1"
                    },
                    {
                        "answers": [
                            {
                                "aid": "130",
                                "aname": "全网通",
                                "isBad": "0",
                                "isForbid": "0",
                                "markType": "0"
                            },
                            {
                                "aid": "471",
                                "aname": "移动联通",
                                "isBad": "0",
                                "isForbid": "0",
                                "markType": "0"
                            }
                        ],
                        "qid": "122",
                        "qname": "制式",
                        "singleFlag": "1"
                    },
                    {
                        "answers": [
                            {
                                "aid": "17",
                                "aname": "剩余保修期大于一个月",
                                "isBad": "0",
                                "isForbid": "0",
                                "markType": "0"
                            },
                            {
                                "aid": "18",
                                "aname": "剩余保修期不足一个月或过保",
                                "isBad": "0",
                                "isForbid": "0",
                                "markType": "0"
                            }
                        ],
                        "qid": "16",
                        "qname": "保修期",
                        "singleFlag": "1"
                    },
                    {
                        "answers": [
                            {
                                "aid": "2234",
                                "aname": "2GB",
                                "isBad": "0",
                                "isForbid": "0",
                                "markType": "0"
                            }
                        ],
                        "qid": "2232",
                        "qname": "机身内存",
                        "singleFlag": "1"
                    },
                    {
                        "answers": [
                            {
                                "aid": "36",
                                "aname": "64GB",
                                "isBad": "0",
                                "isForbid": "0",
                                "markType": "0"
                            },
                            {
                                "aid": "37",
                                "aname": "128GB",
                                "isBad": "0",
                                "isForbid": "0",
                                "markType": "0"
                            },
                            {
                                "aid": "38",
                                "aname": "256GB",
                                "isBad": "0",
                                "isForbid": "0",
                                "markType": "0"
                            }
                        ],
                        "qid": "32",
                        "qname": "存储容量",
                        "singleFlag": "1"
                    },
                    {
                        "answers": [
                            {
                                "aid": "42",
                                "aname": "银色",
                                "isBad": "0",
                                "isForbid": "0",
                                "markType": "0"
                            },
                            {
                                "aid": "44",
                                "aname": "金色",
                                "isBad": "0",
                                "isForbid": "0",
                                "markType": "0"
                            },
                            {
                                "aid": "47",
                                "aname": "红色",
                                "isBad": "0",
                                "isForbid": "0",
                                "markType": "0"
                            },
                            {
                                "aid": "1091",
                                "aname": "深空灰色",
                                "isBad": "0",
                                "isForbid": "0",
                                "markType": "0"
                            }
                        ],
                        "qid": "39",
                        "qname": "颜色",
                        "singleFlag": "1"
                    },
                    {
                        "answers": [
                            {
                                "aid": "1083",
                                "aname": "其他型号",
                                "isBad": "0",
                                "isForbid": "0",
                                "markType": "0"
                            },
                            {
                                "aid": "1846",
                                "aname": "A1907",
                                "isBad": "0",
                                "isForbid": "0",
                                "markType": "0"
                            },
                            {
                                "aid": "1895",
                                "aname": "A1905",
                                "isBad": "0",
                                "isForbid": "0",
                                "markType": "0"
                            },
                            {
                                "aid": "1896",
                                "aname": "A1906",
                                "isBad": "0",
                                "isForbid": "0",
                                "markType": "0"
                            },
                            {
                                "aid": "2239",
                                "aname": "A1863",
                                "isBad": "0",
                                "isForbid": "0",
                                "markType": "0"
                            }
                        ],
                        "qid": "918",
                        "qname": "型号",
                        "singleFlag": "1"
                    }
                ]
            },
            "condition": {
                "items": [
                    {
                        "answers": [
                            {
                                "aid": "9028",
                                "aname": "完好",
                                "isBad": "0",
                                "isForbid": "0"
                            },
                            {
                                "aid": "9029",
                                "aname": "轻微划痕（<10毫米）",
                                "isBad": "1",
                                "isForbid": "0"
                            },
                            {
                                "aid": "9030",
                                "aname": "明显划痕（≥10毫米）/轻微磕碰（≤3毫米）",
                                "isBad": "1",
                                "isForbid": "0"
                            },
                            {
                                "aid": "9031",
                                "aname": "外壳明显磕碰/掉漆（≥3毫米）",
                                "isBad": "1",
                                "isForbid": "0"
                            },
                            {
                                "aid": "9032",
                                "aname": "壳缺失/裂缝/孔变形/翘起/刻字",
                                "isBad": "1",
                                "isForbid": "0"
                            },
                            {
                                "aid": "9033",
                                "aname": "屏支架断裂/错位",
                                "isBad": "1",
                                "isForbid": "0"
                            },
                            {
                                "aid": "9034",
                                "aname": "壳缺失/裂缝/孔变形/翘起/刻字+屏支架断裂/错位",
                                "isBad": "1",
                                "isForbid": "0"
                            }
                        ],
                        "isMultiple": "0",
                        "qid": "8999",
                        "qname": "边框背板",
                        "singleFlag": "1"
                    },
                    {
                        "answers": [
                            {
                                "aid": "9035",
                                "aname": "完好",
                                "isBad": "0",
                                "isForbid": "0"
                            },
                            {
                                "aid": "9036",
                                "aname": "轻微弯曲（弯曲1-2毫米）",
                                "isBad": "1",
                                "isForbid": "0"
                            },
                            {
                                "aid": "9037",
                                "aname": "明显弯曲（弯曲≥2毫米）",
                                "isBad": "1",
                                "isForbid": "0"
                            }
                        ],
                        "isMultiple": "0",
                        "qid": "7859",
                        "qname": "机身弯曲",
                        "singleFlag": "1"
                    },
                    {
                        "answers": [
                            {
                                "aid": "9039",
                                "aname": "完好",
                                "isBad": "0",
                                "isForbid": "0"
                            },
                            {
                                "aid": "9040",
                                "aname": "轻微划痕（<10毫米）",
                                "isBad": "1",
                                "isForbid": "0"
                            },
                            {
                                "aid": "9041",
                                "aname": "明显划痕（≥10毫米）",
                                "isBad": "1",
                                "isForbid": "0"
                            },
                            {
                                "aid": "9042",
                                "aname": "屏有硬划痕（<10毫米）",
                                "isBad": "1",
                                "isForbid": "0"
                            },
                            {
                                "aid": "9043",
                                "aname": "屏有硬划痕/脱胶/气泡",
                                "isBad": "1",
                                "isForbid": "0"
                            },
                            {
                                "aid": "9044",
                                "aname": "屏幕有小缺角（<1.5毫米）",
                                "isBad": "1",
                                "isForbid": "0"
                            },
                            {
                                "aid": "9045",
                                "aname": "屏幕有碎裂/缺角（≥1.5毫米）",
                                "isBad": "1",
                                "isForbid": "0"
                            }
                        ],
                        "isMultiple": "0",
                        "qid": "9038",
                        "qname": "屏幕外观",
                        "singleFlag": "1"
                    },
                    {
                        "answers": [
                            {
                                "aid": "9047",
                                "aname": "完好",
                                "isBad": "0",
                                "isForbid": "0"
                            },
                            {
                                "aid": "9048",
                                "aname": "显示色差（发黄/红屏/轻微透图）",
                                "isBad": "1",
                                "isForbid": "0"
                            },
                            {
                                "aid": "9049",
                                "aname": "轻微亮度问题（亮点/亮斑/黑角）",
                                "isBad": "1",
                                "isForbid": "0"
                            },
                            {
                                "aid": "9050",
                                "aname": "显示坏点（白色或黑色界面下有颜色点）",
                                "isBad": "1",
                                "isForbid": "0"
                            },
                            {
                                "aid": "9051",
                                "aname": "显示色斑（白色界面下有非黑紫绿斑块）",
                                "isBad": "1",
                                "isForbid": "0"
                            },
                            {
                                "aid": "9052",
                                "aname": "显示老化（显示透图/背光不亮）",
                                "isBad": "1",
                                "isForbid": "0"
                            },
                            {
                                "aid": "9053",
                                "aname": "屏幕压伤（黑色界面下有静止的非黑色区域）",
                                "isBad": "1",
                                "isForbid": "0"
                            },
                            {
                                "aid": "9054",
                                "aname": "屏幕漏液/闪屏/屏生线/屏抖动",
                                "isBad": "1",
                                "isForbid": "0"
                            },
                            {
                                "aid": "9055",
                                "aname": "无法显示/全花屏",
                                "isBad": "1",
                                "isForbid": "0"
                            }
                        ],
                        "isMultiple": "0",
                        "qid": "9046",
                        "qname": "屏幕显示",
                        "singleFlag": "1"
                    }
                ]
            },
            "function": {
                "items": [
                    {
                        "answers": [
                            {
                                "aid": "9019",
                                "aname": "正常开机",
                                "isBad": "0",
                                "isForbid": "0"
                            },
                            {
                                "aid": "9021",
                                "aname": "有开机密码",
                                "isBad": "1",
                                "isForbid": "0"
                            },
                            {
                                "aid": "9022",
                                "aname": "重启/不能进桌面",
                                "isBad": "1",
                                "isForbid": "0"
                            },
                            {
                                "aid": "9023",
                                "aname": "无法开机",
                                "isBad": "1",
                                "isForbid": "1"
                            },
                            {
                                "aid": "9024",
                                "aname": "可进入桌面，进入后间歇性自动重启",
                                "isBad": "1",
                                "isForbid": "0"
                            }
                        ],
                        "isMultiple": "0",
                        "qid": "8998",
                        "qname": "开机情况",
                        "singleFlag": "1"
                    },
                    {
                        "answers": [
                            {
                                "aid": "9026",
                                "aname": "全新（拆封/整套/未激活/未使用）",
                                "isBad": "0",
                                "isForbid": "0"
                            },
                            {
                                "aid": "9027",
                                "aname": "全新（未拆封/未激活）",
                                "isBad": "0",
                                "isForbid": "0"
                            },
                            {
                                "aid": "9025",
                                "aname": "二手",
                                "isBad": "0",
                                "isForbid": "0"
                            }
                        ],
                        "isMultiple": "0",
                        "qid": "7421",
                        "qname": "是否全新",
                        "singleFlag": "1"
                    },
                    {
                        "answers": [
                            {
                                "aid": "9059",
                                "aname": "正常",
                                "isBad": "0",
                                "isForbid": "0"
                            },
                            {
                                "aid": "9060",
                                "aname": "通话异常（不读卡/不通话/无信号/无基带）",
                                "isBad": "1",
                                "isForbid": "0"
                            }
                        ],
                        "isMultiple": "0",
                        "qid": "9001",
                        "qname": "通话功能",
                        "singleFlag": "1"
                    },
                    {
                        "answers": [
                            {
                                "aid": "9062",
                                "aname": "正常",
                                "isBad": "0",
                                "isForbid": "0"
                            },
                            {
                                "aid": "9063",
                                "aname": "拍照有黑斑",
                                "isBad": "1",
                                "isForbid": "0"
                            },
                            {
                                "aid": "9064",
                                "aname": "拍照画面异常（抖动/模糊/不对焦/颠倒/分层）",
                                "isBad": "1",
                                "isForbid": "0"
                            },
                            {
                                "aid": "9065",
                                "aname": "无法开关/报错/全黑/闪光灯坏",
                                "isBad": "1",
                                "isForbid": "0"
                            }
                        ],
                        "isMultiple": "0",
                        "qid": "9061",
                        "qname": "前置摄像头",
                        "singleFlag": "1"
                    },
                    {
                        "answers": [
                            {
                                "aid": "9067",
                                "aname": "正常",
                                "isBad": "0",
                                "isForbid": "0"
                            },
                            {
                                "aid": "9068",
                                "aname": "拍照有黑斑",
                                "isBad": "1",
                                "isForbid": "0"
                            },
                            {
                                "aid": "9069",
                                "aname": "拍照画面异常（抖动/模糊/不对焦/颠倒/分层）",
                                "isBad": "1",
                                "isForbid": "0"
                            },
                            {
                                "aid": "9070",
                                "aname": "无法开关/报错/全黑/闪光灯坏",
                                "isBad": "1",
                                "isForbid": "0"
                            }
                        ],
                        "isMultiple": "0",
                        "qid": "9066",
                        "qname": "后置摄像头",
                        "singleFlag": "1"
                    },
                    {
                        "answers": [
                            {
                                "aid": "9071",
                                "aname": "正常",
                                "isBad": "0",
                                "isForbid": "0"
                            },
                            {
                                "aid": "9072",
                                "aname": "杂音/小声",
                                "isBad": "1",
                                "isForbid": "0"
                            },
                            {
                                "aid": "9073",
                                "aname": "无声",
                                "isBad": "1",
                                "isForbid": "0"
                            }
                        ],
                        "isMultiple": "0",
                        "qid": "9002",
                        "qname": "声音功能（麦克风/扬声器/听筒）",
                        "singleFlag": "1"
                    },
                    {
                        "answers": [
                            {
                                "aid": "7574",
                                "aname": "正常",
                                "isBad": "0",
                                "isForbid": "0"
                            },
                            {
                                "aid": "7575",
                                "aname": "无法连接电脑",
                                "isBad": "1",
                                "isForbid": "0"
                            }
                        ],
                        "isMultiple": "0",
                        "qid": "7573",
                        "qname": "USB联机",
                        "singleFlag": "1"
                    },
                    {
                        "answers": [
                            {
                                "aid": "9117",
                                "aname": "已激活，可还原",
                                "isBad": "0",
                                "isForbid": "0"
                            },
                            {
                                "aid": "9118",
                                "aname": "已激活，无法还原",
                                "isBad": "1",
                                "isForbid": "0"
                            },
                            {
                                "aid": "9116",
                                "aname": "未激活",
                                "isBad": "1",
                                "isForbid": "0"
                            },
                            {
                                "aid": "9119",
                                "aname": "无法激活",
                                "isBad": "1",
                                "isForbid": "0"
                            }
                        ],
                        "isMultiple": "0",
                        "qid": "9013",
                        "qname": "是否可恢复出厂设置",
                        "singleFlag": "1"
                    },
                    {
                        "answers": [
                            {
                                "aid": "9120",
                                "aname": "无售后维修案例",
                                "isBad": "0",
                                "isForbid": "0"
                            },
                            {
                                "aid": "9121",
                                "aname": "有售后维修案例",
                                "isBad": "1",
                                "isForbid": "0"
                            },
                            {
                                "aid": "9191",
                                "aname": "未检测售后案例",
                                "isBad": "1",
                                "isForbid": "0"
                            }
                        ],
                        "isMultiple": "0",
                        "qid": "9014",
                        "qname": "售后案例情况",
                        "singleFlag": "1"
                    },
                    {
                        "answers": [
                            {
                                "aid": "9016",
                                "aname": "iCloud无法注销",
                                "isBad": "1",
                                "isForbid": "0"
                            },
                            {
                                "aid": "9056",
                                "aname": "触屏延迟/失灵",
                                "isBad": "1",
                                "isForbid": "0"
                            },
                            {
                                "aid": "9058",
                                "aname": "无线异常",
                                "isBad": "1",
                                "isForbid": "0"
                            },
                            {
                                "aid": "9075",
                                "aname": "屏幕传感器功能异常",
                                "isBad": "1",
                                "isForbid": "0"
                            },
                            {
                                "aid": "9076",
                                "aname": "指南针功能异常",
                                "isBad": "1",
                                "isForbid": "0"
                            },
                            {
                                "aid": "9078",
                                "aname": "侧键异常",
                                "isBad": "1",
                                "isForbid": "0"
                            },
                            {
                                "aid": "9080",
                                "aname": "HOME键异常",
                                "isBad": "1",
                                "isForbid": "0"
                            },
                            {
                                "aid": "9081",
                                "aname": "无法充电/充电孔接触不良",
                                "isBad": "1",
                                "isForbid": "0"
                            },
                            {
                                "aid": "9083",
                                "aname": "振动异常",
                                "isBad": "1",
                                "isForbid": "0"
                            },
                            {
                                "aid": "9087",
                                "aname": "指纹无法录入或解锁",
                                "isBad": "1",
                                "isForbid": "0"
                            }
                        ],
                        "qid": "other",
                        "qname": "其他功能问题",
                        "singleFlag": "0"
                    }
                ],
                "otherItems": [
                    {
                        "answers": [
                            {
                                "aid": "9015",
                                "aname": "iCloud已注销",
                                "isBad": "0",
                                "isForbid": "0"
                            },
                            {
                                "aid": "9016",
                                "aname": "iCloud无法注销",
                                "isBad": "1",
                                "isForbid": "0"
                            }
                        ],
                        "isMultiple": "1",
                        "qid": "8996",
                        "qname": "iCloud账号",
                        "singleFlag": "1"
                    },
                    {
                        "answers": [
                            {
                                "aid": "7481",
                                "aname": "正常",
                                "isBad": "0",
                                "isForbid": "0"
                            },
                            {
                                "aid": "9056",
                                "aname": "触屏延迟/失灵",
                                "isBad": "1",
                                "isForbid": "0"
                            }
                        ],
                        "isMultiple": "1",
                        "qid": "7480",
                        "qname": "触屏功能",
                        "singleFlag": "1"
                    },
                    {
                        "answers": [
                            {
                                "aid": "9057",
                                "aname": "正常",
                                "isBad": "0",
                                "isForbid": "0"
                            },
                            {
                                "aid": "9058",
                                "aname": "无线异常",
                                "isBad": "1",
                                "isForbid": "0"
                            }
                        ],
                        "isMultiple": "1",
                        "qid": "9000",
                        "qname": "无线功能（WIFI/蓝牙）",
                        "singleFlag": "1"
                    },
                    {
                        "answers": [
                            {
                                "aid": "9074",
                                "aname": "正常",
                                "isBad": "0",
                                "isForbid": "0"
                            },
                            {
                                "aid": "9075",
                                "aname": "屏幕传感器功能异常",
                                "isBad": "1",
                                "isForbid": "0"
                            }
                        ],
                        "isMultiple": "1",
                        "qid": "9003",
                        "qname": "屏幕传感器功能（光线/距离感应）",
                        "singleFlag": "1"
                    },
                    {
                        "answers": [
                            {
                                "aid": "7559",
                                "aname": "正常",
                                "isBad": "0",
                                "isForbid": "0"
                            },
                            {
                                "aid": "9076",
                                "aname": "指南针功能异常",
                                "isBad": "1",
                                "isForbid": "0"
                            }
                        ],
                        "isMultiple": "1",
                        "qid": "7551",
                        "qname": "指南针",
                        "singleFlag": "1"
                    },
                    {
                        "answers": [
                            {
                                "aid": "9077",
                                "aname": "正常",
                                "isBad": "0",
                                "isForbid": "0"
                            },
                            {
                                "aid": "9078",
                                "aname": "侧键异常",
                                "isBad": "1",
                                "isForbid": "0"
                            }
                        ],
                        "isMultiple": "1",
                        "qid": "9004",
                        "qname": "侧键（开关键/音量键/振动键/静音键/AI键等）",
                        "singleFlag": "1"
                    },
                    {
                        "answers": [
                            {
                                "aid": "9079",
                                "aname": "正常",
                                "isBad": "0",
                                "isForbid": "0"
                            },
                            {
                                "aid": "9080",
                                "aname": "HOME键异常",
                                "isBad": "1",
                                "isForbid": "0"
                            }
                        ],
                        "isMultiple": "1",
                        "qid": "9005",
                        "qname": "HOME键",
                        "singleFlag": "1"
                    },
                    {
                        "answers": [
                            {
                                "aid": "7570",
                                "aname": "正常",
                                "isBad": "0",
                                "isForbid": "0"
                            },
                            {
                                "aid": "9081",
                                "aname": "无法充电/充电孔接触不良",
                                "isBad": "1",
                                "isForbid": "0"
                            }
                        ],
                        "isMultiple": "1",
                        "qid": "7569",
                        "qname": "有线充电",
                        "singleFlag": "1"
                    },
                    {
                        "answers": [
                            {
                                "aid": "9082",
                                "aname": "正常",
                                "isBad": "0",
                                "isForbid": "0"
                            },
                            {
                                "aid": "9083",
                                "aname": "振动异常",
                                "isBad": "1",
                                "isForbid": "0"
                            }
                        ],
                        "isMultiple": "1",
                        "qid": "7576",
                        "qname": "振动",
                        "singleFlag": "1"
                    },
                    {
                        "answers": [
                            {
                                "aid": "7586",
                                "aname": "正常",
                                "isBad": "0",
                                "isForbid": "0"
                            },
                            {
                                "aid": "9087",
                                "aname": "指纹无法录入或解锁",
                                "isBad": "1",
                                "isForbid": "0"
                            }
                        ],
                        "isMultiple": "1",
                        "qid": "7582",
                        "qname": "指纹解锁",
                        "singleFlag": "1"
                    }
                ],
                "photoList": [
                    {
                        "classKey": "key_defect",
                        "className": "功能缺陷图",
                        "course": "",
                        "courseMini": "",
                        "index": "1",
                        "picUrl": "",
                        "positionCode": "functionDefect",
                        "positionName": "功能缺陷图",
                        "uniqueCode": "functionDefect_1"
                    },
                    {
                        "classKey": "key_defect",
                        "className": "功能缺陷图",
                        "course": "",
                        "courseMini": "",
                        "index": "2",
                        "picUrl": "",
                        "positionCode": "functionDefect",
                        "positionName": "功能缺陷图",
                        "uniqueCode": "functionDefect_2"
                    }
                ],
                "photograph": "2"
            },
            "imeiResult": {},
            "repair": {
                "items": [
                    {
                        "answers": [
                            {
                                "aid": "9084",
                                "aname": "电池健康度≥90%",
                                "isBad": "0",
                                "isForbid": "0"
                            },
                            {
                                "aid": "9085",
                                "aname": "80%≤电池健康度<90%",
                                "isBad": "0",
                                "isForbid": "0"
                            },
                            {
                                "aid": "9086",
                                "aname": "电池健康度<80%",
                                "isBad": "1",
                                "isForbid": "0"
                            },
                            {
                                "aid": "9192",
                                "aname": "未检测",
                                "isBad": "0",
                                "isForbid": "0"
                            }
                        ],
                        "isMultiple": "0",
                        "qid": "5179",
                        "qname": "电池健康度",
                        "singleFlag": "1"
                    },
                    {
                        "answers": [
                            {
                                "aid": "9090",
                                "aname": "屏幕无维修",
                                "isBad": "0",
                                "isForbid": "0"
                            },
                            {
                                "aid": "9091",
                                "aname": "更换屏幕玻璃盖板",
                                "isBad": "1",
                                "isForbid": "0"
                            },
                            {
                                "aid": "9092",
                                "aname": "更换非原装屏",
                                "isBad": "1",
                                "isForbid": "0"
                            },
                            {
                                "aid": "9093",
                                "aname": "屏幕维修",
                                "isBad": "1",
                                "isForbid": "0"
                            }
                        ],
                        "isMultiple": "0",
                        "qid": "9006",
                        "qname": "屏幕维修情况",
                        "singleFlag": "1"
                    },
                    {
                        "answers": [
                            {
                                "aid": "9094",
                                "aname": "主板完好",
                                "isBad": "0",
                                "isForbid": "0"
                            },
                            {
                                "aid": "9095",
                                "aname": "主板维修/故障",
                                "isBad": "1",
                                "isForbid": "0"
                            },
                            {
                                "aid": "9096",
                                "aname": "内存扩容",
                                "isBad": "1",
                                "isForbid": "0"
                            },
                            {
                                "aid": "9097",
                                "aname": "序列号异常",
                                "isBad": "1",
                                "isForbid": "0"
                            }
                        ],
                        "isMultiple": "0",
                        "qid": "9007",
                        "qname": "主板维修情况",
                        "singleFlag": "1"
                    },
                    {
                        "answers": [
                            {
                                "aid": "9098",
                                "aname": "后摄像头无维修和缺失",
                                "isBad": "0",
                                "isForbid": "0"
                            },
                            {
                                "aid": "9099",
                                "aname": "后摄像头维修",
                                "isBad": "1",
                                "isForbid": "0"
                            },
                            {
                                "aid": "9100",
                                "aname": "后摄像头缺失",
                                "isBad": "1",
                                "isForbid": "0"
                            }
                        ],
                        "isMultiple": "0",
                        "qid": "9008",
                        "qname": "后摄像头维修情况",
                        "singleFlag": "1"
                    },
                    {
                        "answers": [
                            {
                                "aid": "9102",
                                "aname": "前摄像头无维修和缺失",
                                "isBad": "0",
                                "isForbid": "0"
                            },
                            {
                                "aid": "9103",
                                "aname": "前摄像头维修",
                                "isBad": "1",
                                "isForbid": "0"
                            },
                            {
                                "aid": "9104",
                                "aname": "前摄像头缺失",
                                "isBad": "1",
                                "isForbid": "0"
                            }
                        ],
                        "isMultiple": "0",
                        "qid": "9009",
                        "qname": "前摄像头维修情况",
                        "singleFlag": "1"
                    },
                    {
                        "answers": [
                            {
                                "aid": "9106",
                                "aname": "零件无维修和缺失",
                                "isBad": "0",
                                "isForbid": "0"
                            },
                            {
                                "aid": "9108",
                                "aname": "维修电池/后壳/指纹",
                                "isBad": "1",
                                "isForbid": "0"
                            },
                            {
                                "aid": "9109",
                                "aname": "缺失尾插小板/电池",
                                "isBad": "1",
                                "isForbid": "0"
                            },
                            {
                                "aid": "9110",
                                "aname": "缺失扬声器/马达",
                                "isBad": "1",
                                "isForbid": "0"
                            }
                        ],
                        "isMultiple": "0",
                        "qid": "9010",
                        "qname": "其他零部件情况",
                        "singleFlag": "1"
                    },
                    {
                        "answers": [
                            {
                                "aid": "9111",
                                "aname": "无",
                                "isBad": "0",
                                "isForbid": "0"
                            },
                            {
                                "aid": "9112",
                                "aname": "机身受潮（防拆标变色/非主板处生锈）",
                                "isBad": "1",
                                "isForbid": "0"
                            },
                            {
                                "aid": "9113",
                                "aname": "机身进水（主板处生锈/水渍/霉斑/短路）",
                                "isBad": "1",
                                "isForbid": "0"
                            }
                        ],
                        "isMultiple": "0",
                        "qid": "9011",
                        "qname": "进水/受潮",
                        "singleFlag": "1"
                    }
                ],
                "photoList": [
                    {
                        "classKey": "key_defect",
                        "className": "维修缺陷图",
                        "course": "",
                        "courseMini": "",
                        "index": "1",
                        "picUrl": "",
                        "positionCode": "repairDefect",
                        "positionName": "维修缺陷图",
                        "uniqueCode": "repairDefect_1"
                    },
                    {
                        "classKey": "key_defect",
                        "className": "维修缺陷图",
                        "course": "",
                        "courseMini": "",
                        "index": "2",
                        "picUrl": "",
                        "positionCode": "repairDefect",
                        "positionName": "维修缺陷图",
                        "uniqueCode": "repairDefect_2"
                    }
                ],
                "photograph": "2"
            }
        }
    }
}
2021-09-30 17:45:15,907 - D:\work\WebAutoTestProject\utils\common.py - wrapper[line:30] - INFO: 执行耗时：0.3秒


2021-09-30 17:45:15,908 - D:\work\WebAutoTestProject\base\http_base.py - do_post[line:107] - INFO: https://hsbpro.huishoubao.com/hsbpro请求信息：
headers={'Content-Type': 'application/json; charset=utf-8'}
body={
     "_head": {
          "_remark": "",
          "_appVersion": "5.0.0",
          "_version": "0.01",
          "_groupNo": "1",
          "longitude": 113.94299928073816,
          "latitude": 22.532460629273437,
          "_interface": "save_update_check_result",
          "_timestamps": "1632995114",
          "_invokeId": "iOS_C854F1C2-5E70-44D3-853C-655BBA17E54E_1632995114",
          "_msgType": "request",
          "channelStr": "appstore",
          "_callerServiceId": "111111"
     },
     "_param": {
          "sn": "2021093017451387025",
          "checkItem": [
               {
                    "answers": [
                         {
                              "aid": "12",
                              "aname": "\u5927\u9646\u56fd\u884c",
                              "isBad": "0"
                         }
                    ],
                    "qid": "11",
                    "qname": "\u8d2d\u4e70\u6e20\u9053"
               },
               {
                    "answers": [
                         {
                              "aid": "130",
                              "aname": "\u5168\u7f51\u901a",
                              "isBad": "0"
                         }
                    ],
                    "qid": "122",
                    "qname": "\u5236\u5f0f"
               },
               {
                    "answers": [
                         {
                              "aid": "17",
                              "aname": "\u5269\u4f59\u4fdd\u4fee\u671f\u5927\u4e8e\u4e00\u4e2a\u6708",
                              "isBad": "0"
                         }
                    ],
                    "qid": "16",
                    "qname": "\u4fdd\u4fee\u671f"
               },
               {
                    "answers": [
                         {
                              "aid": "2234",
                              "aname": "2GB",
                              "isBad": "0"
                         }
                    ],
                    "qid": "2232",
                    "qname": "\u673a\u8eab\u5185\u5b58"
               },
               {
                    "answers": [
                         {
                              "aid": "36",
                              "aname": "64GB",
                              "isBad": "0"
                         }
                    ],
                    "qid": "32",
                    "qname": "\u5b58\u50a8\u5bb9\u91cf"
               },
               {
                    "answers": [
                         {
                              "aid": "42",
                              "aname": "\u94f6\u8272",
                              "isBad": "0"
                         }
                    ],
                    "qid": "39",
                    "qname": "\u989c\u8272"
               },
               {
                    "answers": [
                         {
                              "aid": "1083",
                              "aname": "\u5176\u4ed6\u578b\u53f7",
                              "isBad": "0"
                         }
                    ],
                    "qid": "918",
                    "qname": "\u578b\u53f7"
               }
          ],
          "permissions": "0",
          "step": "1",
          "login_token": "45447511002102d074c016d4572ca7b4"
     }
}
2021-09-30 17:45:15,988 - D:\work\WebAutoTestProject\base\http_base.py - do_post[line:117] - INFO: https://hsbpro.huishoubao.com/hsbpro响应信息：
headers={
    "Access-Control-Allow-Headers": "x-requested-with,content-type",
    "Access-Control-Allow-Methods": "POST,GET,PUT",
    "Access-Control-Allow-Origin": "*",
    "Connection": "keep-alive",
    "Content-Type": "application/json",
    "Date": "Thu, 30 Sep 2021 09:45:14 GMT",
    "Server": "nginx",
    "Transfer-Encoding": "chunked"
}
response_body={
    "_data": {
        "_errCode": "0",
        "_errStr": "SUCCEED",
        "_ret": "0",
        "data": null
    }
}
2021-09-30 17:45:15,988 - D:\work\WebAutoTestProject\utils\common.py - wrapper[line:30] - INFO: 执行耗时：0.08秒


2021-09-30 17:45:15,989 - D:\work\WebAutoTestProject\base\http_base.py - do_post[line:107] - INFO: https://hsbpro.huishoubao.com/hsbpro请求信息：
headers={'Content-Type': 'application/json; charset=utf-8'}
body={
     "_head": {
          "_remark": "",
          "_appVersion": "5.0.0",
          "_version": "0.01",
          "_groupNo": "1",
          "longitude": 113.94299928073816,
          "latitude": 22.532460629273437,
          "_interface": "save_update_check_result",
          "_timestamps": "1632995114",
          "_invokeId": "iOS_C854F1C2-5E70-44D3-853C-655BBA17E54E_1632995114",
          "_msgType": "request",
          "channelStr": "appstore",
          "_callerServiceId": "111111"
     },
     "_param": {
          "sn": "2021093017451387025",
          "checkItem": [
               {
                    "answers": [
                         {
                              "aid": "9028",
                              "aname": "\u5b8c\u597d",
                              "isBad": "0"
                         }
                    ],
                    "qid": "8999",
                    "qname": "\u8fb9\u6846\u80cc\u677f"
               },
               {
                    "answers": [
                         {
                              "aid": "9035",
                              "aname": "\u5b8c\u597d",
                              "isBad": "0"
                         }
                    ],
                    "qid": "7859",
                    "qname": "\u673a\u8eab\u5f2f\u66f2"
               },
               {
                    "answers": [
                         {
                              "aid": "9039",
                              "aname": "\u5b8c\u597d",
                              "isBad": "0"
                         }
                    ],
                    "qid": "9038",
                    "qname": "\u5c4f\u5e55\u5916\u89c2"
               },
               {
                    "answers": [
                         {
                              "aid": "9047",
                              "aname": "\u5b8c\u597d",
                              "isBad": "0"
                         }
                    ],
                    "qid": "9046",
                    "qname": "\u5c4f\u5e55\u663e\u793a"
               }
          ],
          "permissions": "0",
          "step": "2",
          "login_token": "45447511002102d074c016d4572ca7b4"
     }
}
2021-09-30 17:45:16,077 - D:\work\WebAutoTestProject\base\http_base.py - do_post[line:117] - INFO: https://hsbpro.huishoubao.com/hsbpro响应信息：
headers={
    "Access-Control-Allow-Headers": "x-requested-with,content-type",
    "Access-Control-Allow-Methods": "POST,GET,PUT",
    "Access-Control-Allow-Origin": "*",
    "Connection": "keep-alive",
    "Content-Type": "application/json",
    "Date": "Thu, 30 Sep 2021 09:45:14 GMT",
    "Server": "nginx",
    "Transfer-Encoding": "chunked"
}
response_body={
    "_data": {
        "_errCode": "0",
        "_errStr": "SUCCEED",
        "_ret": "0",
        "data": null
    }
}
2021-09-30 17:45:16,078 - D:\work\WebAutoTestProject\utils\common.py - wrapper[line:30] - INFO: 执行耗时：0.09秒


2021-09-30 17:45:16,078 - D:\work\WebAutoTestProject\base\http_base.py - do_post[line:107] - INFO: https://hsbpro.huishoubao.com/hsbpro请求信息：
headers={'Content-Type': 'application/json; charset=utf-8'}
body={
     "_head": {
          "_remark": "",
          "_appVersion": "5.0.0",
          "_version": "0.01",
          "_groupNo": "1",
          "longitude": 113.94299928073816,
          "latitude": 22.532460629273437,
          "_interface": "save_update_check_result",
          "_timestamps": "1632995114",
          "_invokeId": "iOS_C854F1C2-5E70-44D3-853C-655BBA17E54E_1632995114",
          "_msgType": "request",
          "channelStr": "appstore",
          "_callerServiceId": "111111"
     },
     "_param": {
          "sn": "2021093017451387025",
          "checkItem": [
               {
                    "answers": [
                         {
                              "aid": "9019",
                              "aname": "\u6b63\u5e38\u5f00\u673a",
                              "isBad": "0"
                         }
                    ],
                    "qid": "8998",
                    "qname": "\u5f00\u673a\u60c5\u51b5"
               },
               {
                    "answers": [
                         {
                              "aid": "9026",
                              "aname": "\u5168\u65b0\uff08\u62c6\u5c01/\u6574\u5957/\u672a\u6fc0\u6d3b/\u672a\u4f7f\u7528\uff09",
                              "isBad": "0"
                         }
                    ],
                    "qid": "7421",
                    "qname": "\u662f\u5426\u5168\u65b0"
               },
               {
                    "answers": [
                         {
                              "aid": "9059",
                              "aname": "\u6b63\u5e38",
                              "isBad": "0"
                         }
                    ],
                    "qid": "9001",
                    "qname": "\u901a\u8bdd\u529f\u80fd"
               },
               {
                    "answers": [
                         {
                              "aid": "9062",
                              "aname": "\u6b63\u5e38",
                              "isBad": "0"
                         }
                    ],
                    "qid": "9061",
                    "qname": "\u524d\u7f6e\u6444\u50cf\u5934"
               },
               {
                    "answers": [
                         {
                              "aid": "9067",
                              "aname": "\u6b63\u5e38",
                              "isBad": "0"
                         }
                    ],
                    "qid": "9066",
                    "qname": "\u540e\u7f6e\u6444\u50cf\u5934"
               },
               {
                    "answers": [
                         {
                              "aid": "9071",
                              "aname": "\u6b63\u5e38",
                              "isBad": "0"
                         }
                    ],
                    "qid": "9002",
                    "qname": "\u58f0\u97f3\u529f\u80fd\uff08\u9ea6\u514b\u98ce/\u626c\u58f0\u5668/\u542c\u7b52\uff09"
               },
               {
                    "answers": [
                         {
                              "aid": "7574",
                              "aname": "\u6b63\u5e38",
                              "isBad": "0"
                         }
                    ],
                    "qid": "7573",
                    "qname": "USB\u8054\u673a"
               },
               {
                    "answers": [
                         {
                              "aid": "9117",
                              "aname": "\u5df2\u6fc0\u6d3b\uff0c\u53ef\u8fd8\u539f",
                              "isBad": "0"
                         }
                    ],
                    "qid": "9013",
                    "qname": "\u662f\u5426\u53ef\u6062\u590d\u51fa\u5382\u8bbe\u7f6e"
               },
               {
                    "answers": [
                         {
                              "aid": "9120",
                              "aname": "\u65e0\u552e\u540e\u7ef4\u4fee\u6848\u4f8b",
                              "isBad": "0"
                         }
                    ],
                    "qid": "9014",
                    "qname": "\u552e\u540e\u6848\u4f8b\u60c5\u51b5"
               }
          ],
          "permissions": "0",
          "step": "3",
          "login_token": "45447511002102d074c016d4572ca7b4"
     }
}
2021-09-30 17:45:16,166 - D:\work\WebAutoTestProject\base\http_base.py - do_post[line:117] - INFO: https://hsbpro.huishoubao.com/hsbpro响应信息：
headers={
    "Access-Control-Allow-Headers": "x-requested-with,content-type",
    "Access-Control-Allow-Methods": "POST,GET,PUT",
    "Access-Control-Allow-Origin": "*",
    "Connection": "keep-alive",
    "Content-Type": "application/json",
    "Date": "Thu, 30 Sep 2021 09:45:14 GMT",
    "Server": "nginx",
    "Transfer-Encoding": "chunked"
}
response_body={
    "_data": {
        "_errCode": "0",
        "_errStr": "SUCCEED",
        "_ret": "0",
        "data": null
    }
}
2021-09-30 17:45:16,166 - D:\work\WebAutoTestProject\utils\common.py - wrapper[line:30] - INFO: 执行耗时：0.09秒


2021-09-30 17:45:16,166 - D:\work\WebAutoTestProject\base\http_base.py - do_post[line:107] - INFO: https://hsbpro.huishoubao.com/hsbpro请求信息：
headers={'Content-Type': 'application/json; charset=utf-8'}
body={
     "_head": {
          "_remark": "",
          "_appVersion": "5.0.0",
          "_version": "0.01",
          "_groupNo": "1",
          "longitude": 113.94299928073816,
          "latitude": 22.532460629273437,
          "_interface": "save_update_check_result",
          "_timestamps": "1632995114",
          "_invokeId": "iOS_C854F1C2-5E70-44D3-853C-655BBA17E54E_1632995114",
          "_msgType": "request",
          "channelStr": "appstore",
          "_callerServiceId": "111111"
     },
     "_param": {
          "sn": "2021093017451387025",
          "checkItem": [
               {
                    "answers": [
                         {
                              "aid": "9084",
                              "aname": "\u7535\u6c60\u5065\u5eb7\u5ea6\u226590%",
                              "isBad": "0"
                         }
                    ],
                    "qid": "5179",
                    "qname": "\u7535\u6c60\u5065\u5eb7\u5ea6"
               },
               {
                    "answers": [
                         {
                              "aid": "9090",
                              "aname": "\u5c4f\u5e55\u65e0\u7ef4\u4fee",
                              "isBad": "0"
                         }
                    ],
                    "qid": "9006",
                    "qname": "\u5c4f\u5e55\u7ef4\u4fee\u60c5\u51b5"
               },
               {
                    "answers": [
                         {
                              "aid": "9094",
                              "aname": "\u4e3b\u677f\u5b8c\u597d",
                              "isBad": "0"
                         }
                    ],
                    "qid": "9007",
                    "qname": "\u4e3b\u677f\u7ef4\u4fee\u60c5\u51b5"
               },
               {
                    "answers": [
                         {
                              "aid": "9098",
                              "aname": "\u540e\u6444\u50cf\u5934\u65e0\u7ef4\u4fee\u548c\u7f3a\u5931",
                              "isBad": "0"
                         }
                    ],
                    "qid": "9008",
                    "qname": "\u540e\u6444\u50cf\u5934\u7ef4\u4fee\u60c5\u51b5"
               },
               {
                    "answers": [
                         {
                              "aid": "9102",
                              "aname": "\u524d\u6444\u50cf\u5934\u65e0\u7ef4\u4fee\u548c\u7f3a\u5931",
                              "isBad": "0"
                         }
                    ],
                    "qid": "9009",
                    "qname": "\u524d\u6444\u50cf\u5934\u7ef4\u4fee\u60c5\u51b5"
               },
               {
                    "answers": [
                         {
                              "aid": "9106",
                              "aname": "\u96f6\u4ef6\u65e0\u7ef4\u4fee\u548c\u7f3a\u5931",
                              "isBad": "0"
                         }
                    ],
                    "qid": "9010",
                    "qname": "\u5176\u4ed6\u96f6\u90e8\u4ef6\u60c5\u51b5"
               },
               {
                    "answers": [
                         {
                              "aid": "9111",
                              "aname": "\u65e0",
                              "isBad": "0"
                         }
                    ],
                    "qid": "9011",
                    "qname": "\u8fdb\u6c34/\u53d7\u6f6e"
               }
          ],
          "permissions": "0",
          "step": "4",
          "login_token": "45447511002102d074c016d4572ca7b4"
     }
}
2021-09-30 17:45:16,276 - D:\work\WebAutoTestProject\base\http_base.py - do_post[line:117] - INFO: https://hsbpro.huishoubao.com/hsbpro响应信息：
headers={
    "Access-Control-Allow-Headers": "x-requested-with,content-type",
    "Access-Control-Allow-Methods": "POST,GET,PUT",
    "Access-Control-Allow-Origin": "*",
    "Connection": "keep-alive",
    "Content-Type": "application/json",
    "Date": "Thu, 30 Sep 2021 09:45:14 GMT",
    "Server": "nginx",
    "Transfer-Encoding": "chunked"
}
response_body={
    "_data": {
        "_errCode": "0",
        "_errStr": "SUCCEED",
        "_ret": "0",
        "data": null
    }
}
2021-09-30 17:45:16,277 - D:\work\WebAutoTestProject\utils\common.py - wrapper[line:30] - INFO: 执行耗时：0.11秒


2021-09-30 17:45:16,277 - D:\work\WebAutoTestProject\base\http_base.py - do_post[line:107] - INFO: https://hsbpro.huishoubao.com/hsbpro请求信息：
headers={'Content-Type': 'application/json; charset=utf-8'}
body={
     "_head": {
          "_remark": "",
          "_appVersion": "5.0.0",
          "_version": "0.01",
          "_groupNo": "1",
          "longitude": 113.94299928073816,
          "latitude": 22.532460629273437,
          "_interface": "product_evaluate_merchant_check",
          "_timestamps": "1632995114",
          "_invokeId": "iOS_C854F1C2-5E70-44D3-853C-655BBA17E54E_1632995114",
          "_msgType": "request",
          "channelStr": "appstore",
          "_callerServiceId": "111111"
     },
     "_param": {
          "sn": "2021093017451387025",
          "type": "1",
          "permissions": "0",
          "userId": "1002102",
          "login_token": "45447511002102d074c016d4572ca7b4"
     }
}
2021-09-30 17:45:16,535 - D:\work\WebAutoTestProject\base\http_base.py - do_post[line:117] - INFO: https://hsbpro.huishoubao.com/hsbpro响应信息：
headers={
    "Access-Control-Allow-Headers": "x-requested-with,content-type",
    "Access-Control-Allow-Methods": "POST,GET,PUT",
    "Access-Control-Allow-Origin": "*",
    "Connection": "keep-alive",
    "Content-Type": "application/json",
    "Date": "Thu, 30 Sep 2021 09:45:14 GMT",
    "Server": "nginx",
    "Transfer-Encoding": "chunked"
}
response_body={
    "_data": {
        "_errCode": "0",
        "_errStr": "SUCCEED",
        "_ret": "0",
        "data": {
            "brandId": "2",
            "brandName": "苹果",
            "channelId": "10000837",
            "checkList": [
                "9028",
                "9035",
                "9039",
                "9047",
                "9019",
                "9026",
                "9059",
                "9062",
                "9067",
                "9071",
                "7574",
                "9117",
                "9120",
                "9084",
                "9090",
                "9094",
                "9098",
                "9102",
                "9106",
                "9111"
            ],
            "detectBasicTime": "2021-09-30 17:45:14",
            "detectConditionTime": "2021-09-30 17:45:14",
            "detectEndTime": "2021-09-30 17:45:14",
            "detectFunctionTime": "2021-09-30 17:45:14",
            "detectFuntionTime": null,
            "detectMark": "1",
            "detectPrice": "115000",
            "detectRepairTime": "2021-09-30 17:45:14",
            "detectStartTime": "",
            "evaluateId": "921093014008",
            "fromRange": "86800",
            "highestPrice": "115000",
            "imei": "",
            "levelId": "600",
            "levelName": "S",
            "mapOptionList": [],
            "mapSkuList": [
                {
                    "itemAId": "12",
                    "itemAName": "大陆国行"
                },
                {
                    "itemAId": "130",
                    "itemAName": "全网通"
                },
                {
                    "itemAId": "17",
                    "itemAName": "剩余保修期大于一个月"
                },
                {
                    "itemAId": "2234",
                    "itemAName": "2GB"
                },
                {
                    "itemAId": "36",
                    "itemAName": "64GB"
                },
                {
                    "itemAId": "42",
                    "itemAName": "银色"
                },
                {
                    "itemAId": "1083",
                    "itemAName": "其他型号"
                }
            ],
            "productId": "38200",
            "productLogo": "https://s1.huishoubao.com/img/phone/38200_20191106172157_109.png",
            "productName": "iPhone 8",
            "referencePrice": "108500",
            "saleLevelId": "255",
            "saleLevelName": "A+",
            "skuList": [
                "12",
                "130",
                "17",
                "2234",
                "36",
                "42",
                "1083"
            ],
            "toRange": "108500"
        }
    }
}
2021-09-30 17:45:16,536 - D:\work\WebAutoTestProject\utils\common.py - wrapper[line:30] - INFO: 执行耗时：0.26秒


2021-09-30 17:45:16,536 - D:\work\WebAutoTestProject\base\http_base.py - do_post[line:107] - INFO: https://hsbpro.huishoubao.com/hsbpro请求信息：
headers={'Content-Type': 'application/json; charset=utf-8'}
body={
     "_head": {
          "_remark": "",
          "_appVersion": "5.0.0",
          "_version": "0.01",
          "_groupNo": "1",
          "longitude": 113.94299928073816,
          "latitude": 22.532460629273437,
          "_interface": "save_photo_merchant_check",
          "_timestamps": "1632995114",
          "_invokeId": "iOS_C854F1C2-5E70-44D3-853C-655BBA17E54E_1632995114",
          "_msgType": "request",
          "channelStr": "appstore",
          "_callerServiceId": "111111"
     },
     "_param": {
          "sn": "2021093017451387025",
          "permissions": "0",
          "pictures": {
               "repair": [],
               "function": [],
               "realShot": [
                    {
                         "positionCode": "positive",
                         "classKey": "key_zm",
                         "uniqueCode": "positive_1",
                         "className": "\u624b\u673a\u6b63\u9762",
                         "positionName": "\u624b\u673a\u6b63\u9762",
                         "picUrl": "http://s1-1251010403.file.myqcloud.com/xian_yu_x_z/order/order_remark/ios-selfdetection-sn2021071712460494350-positive_1-7271.jpg"
                    },
                    {
                         "positionCode": "frontBottom",
                         "classKey": "key_zm",
                         "uniqueCode": "frontBottom_1",
                         "className": "\u624b\u673a\u6b63\u9762",
                         "positionName": "\u624b\u673a\u5e95\u90e8",
                         "picUrl": "http://s1-1251010403.file.myqcloud.com/xian_yu_x_z/order/order_remark/ios-selfdetection-sn2021071712460494350-frontBottom_1-12463.jpg"
                    },
                    {
                         "positionCode": "rightSide",
                         "classKey": "key_zm",
                         "uniqueCode": "rightSide_1",
                         "className": "\u624b\u673a\u6b63\u9762",
                         "positionName": "\u624b\u673a\u53f3\u4fa7",
                         "picUrl": "http://s1-1251010403.file.myqcloud.com/xian_yu_x_z/order/order_remark/ios-selfdetection-sn2021071712460494350-rightSide_1-81484.jpg"
                    },
                    {
                         "positionCode": "back",
                         "classKey": "key_bm",
                         "uniqueCode": "back_1",
                         "className": "\u624b\u673a\u80cc\u9762",
                         "positionName": "\u624b\u673a\u80cc\u9762",
                         "picUrl": "http://s1-1251010403.file.myqcloud.com/xian_yu_x_z/order/order_remark/ios-selfdetection-sn2021071712460494350-back_1-99991.jpg"
                    },
                    {
                         "positionCode": "leftSide",
                         "classKey": "key_zm",
                         "uniqueCode": "leftSide_1",
                         "className": "\u624b\u673a\u6b63\u9762",
                         "positionName": "\u624b\u673a\u5de6\u4fa7",
                         "picUrl": "http://s1-1251010403.file.myqcloud.com/xian_yu_x_z/order/order_remark/ios-selfdetection-sn2021071712460494350-leftSide_1-27821.jpg"
                    },
                    {
                         "positionCode": "frontTop",
                         "classKey": "key_zm",
                         "uniqueCode": "frontTop_1",
                         "className": "\u624b\u673a\u6b63\u9762",
                         "positionName": "\u624b\u673a\u9876\u90e8",
                         "picUrl": "http://s1-1251010403.file.myqcloud.com/xian_yu_x_z/order/order_remark/ios-selfdetection-sn2021071712460494350-frontTop_1-65548.jpg"
                    },
                    {
                         "positionCode": "brightScreen",
                         "classKey": "key_zm",
                         "uniqueCode": "brightScreen_1",
                         "className": "\u624b\u673a\u6b63\u9762",
                         "positionName": "\u6b63\u9762\u4eae\u5c4f",
                         "picUrl": "http://s1-1251010403.file.myqcloud.com/xian_yu_x_z/order/order_remark/ios-selfdetection-sn2021071712460494350-brightScreen_1-69933.jpg"
                    },
                    {
                         "positionCode": "settingPage",
                         "classKey": "key_zm",
                         "uniqueCode": "settingPage_1",
                         "className": "\u624b\u673a\u6b63\u9762",
                         "positionName": "\u8bbe\u7f6e\u9875",
                         "picUrl": "http://s1-1251010403.file.myqcloud.com/xian_yu_x_z/order/order_remark/ios-selfdetection-sn2021071712460494350-settingPage_1-78520.jpg"
                    }
               ]
          },
          "login_token": "45447511002102d074c016d4572ca7b4",
          "userName": "18676702152"
     }
}
2021-09-30 17:45:16,596 - D:\work\WebAutoTestProject\base\http_base.py - do_post[line:117] - INFO: https://hsbpro.huishoubao.com/hsbpro响应信息：
headers={
    "Access-Control-Allow-Headers": "x-requested-with,content-type",
    "Access-Control-Allow-Methods": "POST,GET,PUT",
    "Access-Control-Allow-Origin": "*",
    "Connection": "keep-alive",
    "Content-Type": "application/json",
    "Date": "Thu, 30 Sep 2021 09:45:14 GMT",
    "Server": "nginx",
    "Transfer-Encoding": "chunked"
}
response_body={
    "_data": {
        "_errCode": "0",
        "_errStr": "SUCCEED",
        "_ret": "0",
        "data": null
    }
}
2021-09-30 17:45:16,597 - D:\work\WebAutoTestProject\utils\common.py - wrapper[line:30] - INFO: 执行耗时：0.06秒


2021-09-30 17:45:16,597 - D:\work\WebAutoTestProject\base\http_base.py - do_post[line:107] - INFO: https://hsbpro.huishoubao.com/hsbpro请求信息：
headers={'Content-Type': 'application/json; charset=utf-8'}
body={
     "_head": {
          "_remark": "",
          "_appVersion": "5.0.0",
          "_version": "0.01",
          "_groupNo": "1",
          "longitude": 113.94299928073816,
          "latitude": 22.532460629273437,
          "_interface": "apply_for_create_goods",
          "_timestamps": "1632995114",
          "_invokeId": "iOS_C854F1C2-5E70-44D3-853C-655BBA17E54E_1632995114",
          "_msgType": "request",
          "channelStr": "appstore",
          "_callerServiceId": "111111"
     },
     "_param": {
          "sn": "2021093017451387025",
          "type": "1",
          "productId": "38200",
          "startPrice": "108500",
          "merchantId": "220395871",
          "imei": "604526508016205",
          "storeId": "1054057",
          "permissions": "0",
          "userId": "1002102",
          "userName": "18676702152",
          "login_token": "45447511002102d074c016d4572ca7b4"
     }
}
2021-09-30 17:45:19,952 - D:\work\WebAutoTestProject\base\http_base.py - do_post[line:117] - INFO: https://hsbpro.huishoubao.com/hsbpro响应信息：
headers={
    "Access-Control-Allow-Headers": "x-requested-with,content-type",
    "Access-Control-Allow-Methods": "POST,GET,PUT",
    "Access-Control-Allow-Origin": "*",
    "Connection": "keep-alive",
    "Content-Type": "application/json",
    "Date": "Thu, 30 Sep 2021 09:45:18 GMT",
    "Server": "nginx",
    "Transfer-Encoding": "chunked"
}
response_body={
    "_data": {
        "_errCode": "0",
        "_errStr": "SUCCEED",
        "_ret": "0",
        "data": {
            "seriesNum": "XZ0000210930000018"
        }
    }
}
2021-09-30 17:45:19,953 - D:\work\WebAutoTestProject\utils\common.py - wrapper[line:30] - INFO: 执行耗时：3.36秒


