2021-05-28 11:19:24,587 - D:\work\WebAutoTestProject\base\base_page.py[line:58] - INFO: >>>开始寻找元素:定位方法id，值kw
2021-05-28 11:19:24,620 - D:\work\WebAutoTestProject\base\base_page.py[line:68] - INFO: 成功定位元素:定位方法id，值kw
2021-05-28 11:19:24,648 - D:\work\WebAutoTestProject\base\base_page.py[line:58] - INFO: >>>开始寻找元素:定位方法id，值kw
2021-05-28 11:19:24,683 - D:\work\WebAutoTestProject\base\base_page.py[line:68] - INFO: 成功定位元素:定位方法id，值kw
2021-05-28 11:19:24,736 - D:\work\WebAutoTestProject\base\base_page.py[line:97] - WARNING: 输入数据回收宝科技
2021-05-28 11:19:24,736 - D:\work\WebAutoTestProject\base\base_page.py[line:58] - INFO: >>>开始寻找元素:定位方法id，值su
2021-05-28 11:19:24,758 - D:\work\WebAutoTestProject\base\base_page.py[line:68] - INFO: 成功定位元素:定位方法id，值su
2021-05-28 11:19:31,527 - D:\work\WebAutoTestProject\base\base_page.py[line:58] - INFO: >>>开始寻找元素:定位方法id，值kw
2021-05-28 11:19:31,556 - D:\work\WebAutoTestProject\base\base_page.py[line:68] - INFO: 成功定位元素:定位方法id，值kw
2021-05-28 11:19:31,580 - D:\work\WebAutoTestProject\base\base_page.py[line:58] - INFO: >>>开始寻找元素:定位方法id，值kw
2021-05-28 11:19:31,611 - D:\work\WebAutoTestProject\base\base_page.py[line:68] - INFO: 成功定位元素:定位方法id，值kw
2021-05-28 11:19:31,676 - D:\work\WebAutoTestProject\base\base_page.py[line:97] - WARNING: 输入数据回收宝科技2021
2021-05-28 11:19:31,676 - D:\work\WebAutoTestProject\base\base_page.py[line:58] - INFO: >>>开始寻找元素:定位方法id，值su
2021-05-28 11:19:31,696 - D:\work\WebAutoTestProject\base\base_page.py[line:68] - INFO: 成功定位元素:定位方法id，值su
2021-05-28 11:19:38,688 - D:\work\WebAutoTestProject\base\base_page.py[line:122] - INFO: 最大化当前页面
2021-05-28 11:19:38,688 - D:\work\WebAutoTestProject\page\web_hsb_page\oms_login_page.py[line:31] - INFO: 开始输入用户名
2021-05-28 11:19:38,689 - D:\work\WebAutoTestProject\base\base_page.py[line:58] - INFO: >>>开始寻找元素:定位方法xpath，值.//*[@id='app']/form/div[1]/div/div/input
2021-05-28 11:19:38,712 - D:\work\WebAutoTestProject\base\base_page.py[line:68] - INFO: 成功定位元素:定位方法xpath，值.//*[@id='app']/form/div[1]/div/div/input
2021-05-28 11:19:38,734 - D:\work\WebAutoTestProject\base\base_page.py[line:58] - INFO: >>>开始寻找元素:定位方法xpath，值.//*[@id='app']/form/div[1]/div/div/input
2021-05-28 11:19:38,751 - D:\work\WebAutoTestProject\base\base_page.py[line:68] - INFO: 成功定位元素:定位方法xpath，值.//*[@id='app']/form/div[1]/div/div/input
2021-05-28 11:19:38,835 - D:\work\WebAutoTestProject\base\base_page.py[line:97] - WARNING: 输入数据test_liuzhiming@huishoubao.com.cn
2021-05-28 11:19:38,836 - D:\work\WebAutoTestProject\page\web_hsb_page\oms_login_page.py[line:35] - INFO: 开始输入密码
2021-05-28 11:19:38,836 - D:\work\WebAutoTestProject\base\base_page.py[line:58] - INFO: >>>开始寻找元素:定位方法xpath，值.//*[@id='app']/form/div[2]/div/div/input
2021-05-28 11:19:38,856 - D:\work\WebAutoTestProject\base\base_page.py[line:68] - INFO: 成功定位元素:定位方法xpath，值.//*[@id='app']/form/div[2]/div/div/input
2021-05-28 11:19:38,877 - D:\work\WebAutoTestProject\base\base_page.py[line:58] - INFO: >>>开始寻找元素:定位方法xpath，值.//*[@id='app']/form/div[2]/div/div/input
2021-05-28 11:19:38,893 - D:\work\WebAutoTestProject\base\base_page.py[line:68] - INFO: 成功定位元素:定位方法xpath，值.//*[@id='app']/form/div[2]/div/div/input
2021-05-28 11:19:38,934 - D:\work\WebAutoTestProject\base\base_page.py[line:97] - WARNING: 输入数据f6758a4e
2021-05-28 11:19:38,934 - D:\work\WebAutoTestProject\page\web_hsb_page\oms_login_page.py[line:37] - INFO: 点击登录
2021-05-28 11:19:38,934 - D:\work\WebAutoTestProject\base\base_page.py[line:58] - INFO: >>>开始寻找元素:定位方法xpath，值.//*[@id='app']/form/div[3]/div/button
2021-05-28 11:19:38,953 - D:\work\WebAutoTestProject\base\base_page.py[line:68] - INFO: 成功定位元素:定位方法xpath，值.//*[@id='app']/form/div[3]/div/button
2021-05-28 11:19:41,118 - D:\work\WebAutoTestProject\testcase\web\web_hsb_case\test_oms_login.py[line:31] - INFO: 用例名称：test_oms_login_01，测试完成
2021-05-28 11:19:44,674 - D:\work\WebAutoTestProject\base\base_page.py[line:122] - INFO: 最大化当前页面
2021-05-28 11:19:44,674 - D:\work\WebAutoTestProject\page\web_hsb_page\oms_login_page.py[line:31] - INFO: 开始输入用户名
2021-05-28 11:19:44,674 - D:\work\WebAutoTestProject\base\base_page.py[line:58] - INFO: >>>开始寻找元素:定位方法xpath，值.//*[@id='app']/form/div[1]/div/div/input
2021-05-28 11:19:44,699 - D:\work\WebAutoTestProject\base\base_page.py[line:68] - INFO: 成功定位元素:定位方法xpath，值.//*[@id='app']/form/div[1]/div/div/input
2021-05-28 11:19:44,721 - D:\work\WebAutoTestProject\base\base_page.py[line:58] - INFO: >>>开始寻找元素:定位方法xpath，值.//*[@id='app']/form/div[1]/div/div/input
2021-05-28 11:19:44,742 - D:\work\WebAutoTestProject\base\base_page.py[line:68] - INFO: 成功定位元素:定位方法xpath，值.//*[@id='app']/form/div[1]/div/div/input
2021-05-28 11:19:44,791 - D:\work\WebAutoTestProject\base\base_page.py[line:97] - WARNING: 输入数据ghlfd123hg
2021-05-28 11:19:44,792 - D:\work\WebAutoTestProject\page\web_hsb_page\oms_login_page.py[line:35] - INFO: 开始输入密码
2021-05-28 11:19:44,792 - D:\work\WebAutoTestProject\base\base_page.py[line:58] - INFO: >>>开始寻找元素:定位方法xpath，值.//*[@id='app']/form/div[2]/div/div/input
2021-05-28 11:19:44,811 - D:\work\WebAutoTestProject\base\base_page.py[line:68] - INFO: 成功定位元素:定位方法xpath，值.//*[@id='app']/form/div[2]/div/div/input
2021-05-28 11:19:44,830 - D:\work\WebAutoTestProject\base\base_page.py[line:58] - INFO: >>>开始寻找元素:定位方法xpath，值.//*[@id='app']/form/div[2]/div/div/input
2021-05-28 11:19:44,845 - D:\work\WebAutoTestProject\base\base_page.py[line:68] - INFO: 成功定位元素:定位方法xpath，值.//*[@id='app']/form/div[2]/div/div/input
2021-05-28 11:19:44,888 - D:\work\WebAutoTestProject\base\base_page.py[line:97] - WARNING: 输入数据36489264783
2021-05-28 11:19:44,889 - D:\work\WebAutoTestProject\page\web_hsb_page\oms_login_page.py[line:37] - INFO: 点击登录
2021-05-28 11:19:44,889 - D:\work\WebAutoTestProject\base\base_page.py[line:58] - INFO: >>>开始寻找元素:定位方法xpath，值.//*[@id='app']/form/div[3]/div/button
2021-05-28 11:19:44,908 - D:\work\WebAutoTestProject\base\base_page.py[line:68] - INFO: 成功定位元素:定位方法xpath，值.//*[@id='app']/form/div[3]/div/button
2021-05-28 11:19:46,939 - D:\work\WebAutoTestProject\testcase\web\web_hsb_case\test_oms_login.py[line:38] - INFO: 用例名称：test_oms_login_02，测试完成
