2021-06-25 19:02:17,665 - D:\work\WebAutoTestProject\base\http_base.py[line:77] - INFO: Url:https://hsbpro.huishoubao.com/hsbpro
2021-06-25 19:02:17,665 - D:\work\WebAutoTestProject\base\http_base.py[line:78] - INFO: body = {"_head": {"_remark": "", "_appVersion": "5.0.0", "_version": "0.01", "_groupNo": "1", "longitude": 113.94294365618332, "latitude": 22.53245630905639, "_interface": "get_merchant_info", "_timestamps": "1624618031", "_invokeId": "iOS_C6E0E068-F2F5-4FE2-934C-BD39CB2DF5E2_1624618031", "_msgType": "request", "channelStr": "appstore", "_callerServiceId": "111111"}, "_param": {"queryType": "tagInfo", "permissions": "0", "merchantId": "220395845", "login_token": "4512751100206992728bcfb5e6d8f458"}}
2021-06-25 19:02:17,783 - D:\work\WebAutoTestProject\base\http_base.py[line:80] - INFO: https://hsbpro.huishoubao.com/hsbpro---response：<Response [200]>
2021-06-25 19:04:23,438 - D:\work\WebAutoTestProject\base\http_base.py[line:79] - INFO: Url:https://hsbpro.huishoubao.com/hsbpro
2021-06-25 19:04:23,438 - D:\work\WebAutoTestProject\base\http_base.py[line:80] - INFO: body = {"_head": {"_remark": "", "_appVersion": "5.0.0", "_version": "0.01", "_groupNo": "1", "longitude": 113.94294365618332, "latitude": 22.53245630905639, "_interface": "get_merchant_info", "_timestamps": "1624618031", "_invokeId": "iOS_C6E0E068-F2F5-4FE2-934C-BD39CB2DF5E2_1624618031", "_msgType": "request", "channelStr": "appstore", "_callerServiceId": "111111"}, "_param": {"queryType": "tagInfo", "permissions": "0", "merchantId": "220395845", "login_token": "4512751100206992728bcfb5e6d8f458"}}
2021-06-25 19:04:23,523 - D:\work\WebAutoTestProject\base\http_base.py[line:82] - INFO: https://hsbpro.huishoubao.com/hsbpro---response：{"_data":{"_errCode":"0","_errStr":"SUCCEED","_ret":"0","data":{"auditStatus":"1","buyerLevel":"sales_silver","goodsQuality":"0","jpMerchantAuth":"auth_yes","jpMerchantSalesRanking":"0","jpMerchantWuyougou":"","jpPersonalAuth":"","jpSalesAmount3m":"0","jpSalesAmount6m":"0","jpSalesVolume30":"0","merchantName":"自动注册商户13049368516","regCityName":null,"regProvinceName":null,"scoreDelivery":"5","scoreHot":"5","scoreQuality":"5","sellerLevel":"sales_silver","starLevel":"0"}}}


2021-06-25 21:01:11,930 - /Users/liuzhiming/Documents/autotest/WebAutoTestProject/base/http_base.py[line:79] - INFO: Url:https://hsbpro.huishoubao.com/hsbpro
2021-06-25 21:01:11,931 - /Users/liuzhiming/Documents/autotest/WebAutoTestProject/base/http_base.py[line:80] - INFO: body = {"_head": {"_remark": "", "_appVersion": "5.0.0", "_version": "0.01", "_groupNo": "1", "longitude": 113.94294365618332, "latitude": 22.53245630905639, "_interface": "get_merchant_info", "_timestamps": "1624618031", "_invokeId": "iOS_C6E0E068-F2F5-4FE2-934C-BD39CB2DF5E2_1624618031", "_msgType": "request", "channelStr": "appstore", "_callerServiceId": "111111"}, "_param": {"queryType": "tagInfo", "permissions": "0", "merchantId": "220395845", "login_token": "4512751100206992728bcfb5e6d8f458"}}
2021-06-25 21:01:12,267 - /Users/liuzhiming/Documents/autotest/WebAutoTestProject/base/http_base.py[line:82] - INFO: https://hsbpro.huishoubao.com/hsbpro---response：{"_data":{"_errCode":"0","_errStr":"SUCCEED","_ret":"0","data":{"auditStatus":"1","buyerLevel":"sales_silver","goodsQuality":"0","jpMerchantAuth":"auth_yes","jpMerchantSalesRanking":"0","jpMerchantWuyougou":"","jpPersonalAuth":"","jpSalesAmount3m":"0","jpSalesAmount6m":"0","jpSalesVolume30":"0","merchantName":"自动注册商户13049368516","regCityName":null,"regProvinceName":null,"scoreDelivery":"5","scoreHot":"5","scoreQuality":"5","sellerLevel":"sales_silver","starLevel":"0"}}}


2021-06-25 21:02:09,112 - /Users/liuzhiming/Documents/autotest/WebAutoTestProject/base/http_base.py[line:79] - INFO: Url:https://hsbpro.huishoubao.com/hsbpro
2021-06-25 21:02:09,113 - /Users/liuzhiming/Documents/autotest/WebAutoTestProject/base/http_base.py[line:80] - INFO: body = 
{"_head": {"_remark": "", "_appVersion": "5.0.0", "_version": "0.01", "_groupNo": "1", "longitude": 113.94294365618332, "latitude": 22.53245630905639, "_interface": "get_merchant_info", "_timestamps": "1624618031", "_invokeId": "iOS_C6E0E068-F2F5-4FE2-934C-BD39CB2DF5E2_1624618031", "_msgType": "request", "channelStr": "appstore", "_callerServiceId": "111111"}, "_param": {"queryType": "tagInfo", "permissions": "0", "merchantId": "220395845", "login_token": "4512751100206992728bcfb5e6d8f458"}}
2021-06-25 21:02:09,378 - /Users/liuzhiming/Documents/autotest/WebAutoTestProject/base/http_base.py[line:82] - INFO: https://hsbpro.huishoubao.com/hsbpro---response：
{"_data":{"_errCode":"0","_errStr":"SUCCEED","_ret":"0","data":{"auditStatus":"1","buyerLevel":"sales_silver","goodsQuality":"0","jpMerchantAuth":"auth_yes","jpMerchantSalesRanking":"0","jpMerchantWuyougou":"","jpPersonalAuth":"","jpSalesAmount3m":"0","jpSalesAmount6m":"0","jpSalesVolume30":"0","merchantName":"自动注册商户13049368516","regCityName":null,"regProvinceName":null,"scoreDelivery":"5","scoreHot":"5","scoreQuality":"5","sellerLevel":"sales_silver","starLevel":"0"}}}


2021-06-25 21:04:07,860 - /Users/liuzhiming/Documents/autotest/WebAutoTestProject/base/http_base.py[line:79] - INFO: Url:https://hsbpro.huishoubao.com/hsbpro
2021-06-25 21:04:07,861 - /Users/liuzhiming/Documents/autotest/WebAutoTestProject/base/http_base.py[line:80] - INFO: body = 
{
  "_head": {
    "_appVersion": "5.0.0",
    "_callerServiceId": "111111",
    "_groupNo": "1",
    "_interface": "get_merchant_info",
    "_invokeId": "iOS_C6E0E068-F2F5-4FE2-934C-BD39CB2DF5E2_1624618031",
    "_msgType": "request",
    "_remark": "",
    "_timestamps": "1624618031",
    "_version": "0.01",
    "channelStr": "appstore",
    "latitude": 22.53245630905639,
    "longitude": 113.94294365618332
  },
  "_param": {
    "login_token": "4512751100206992728bcfb5e6d8f458",
    "merchantId": "220395845",
    "permissions": "0",
    "queryType": "tagInfo"
  }
}
2021-06-25 21:04:08,119 - /Users/liuzhiming/Documents/autotest/WebAutoTestProject/base/http_base.py[line:82] - INFO: https://hsbpro.huishoubao.com/hsbpro---response：
"{\"_data\":{\"_errCode\":\"0\",\"_errStr\":\"SUCCEED\",\"_ret\":\"0\",\"data\":{\"auditStatus\":\"1\",\"buyerLevel\":\"sales_silver\",\"goodsQuality\":\"0\",\"jpMerchantAuth\":\"auth_yes\",\"jpMerchantSalesRanking\":\"0\",\"jpMerchantWuyougou\":\"\",\"jpPersonalAuth\":\"\",\"jpSalesAmount3m\":\"0\",\"jpSalesAmount6m\":\"0\",\"jpSalesVolume30\":\"0\",\"merchantName\":\"自动注册商户13049368516\",\"regCityName\":null,\"regProvinceName\":null,\"scoreDelivery\":\"5\",\"scoreHot\":\"5\",\"scoreQuality\":\"5\",\"sellerLevel\":\"sales_silver\",\"starLevel\":\"0\"}}}\n\n"
2021-06-25 21:05:01,397 - /Users/liuzhiming/Documents/autotest/WebAutoTestProject/base/http_base.py[line:79] - INFO: Url:https://hsbpro.huishoubao.com/hsbpro
2021-06-25 21:05:01,398 - /Users/liuzhiming/Documents/autotest/WebAutoTestProject/base/http_base.py[line:80] - INFO: body = 
{
  "_head": {
    "_appVersion": "5.0.0",
    "_callerServiceId": "111111",
    "_groupNo": "1",
    "_interface": "get_merchant_info",
    "_invokeId": "iOS_C6E0E068-F2F5-4FE2-934C-BD39CB2DF5E2_1624618031",
    "_msgType": "request",
    "_remark": "",
    "_timestamps": "1624618031",
    "_version": "0.01",
    "channelStr": "appstore",
    "latitude": 22.53245630905639,
    "longitude": 113.94294365618332
  },
  "_param": {
    "login_token": "4512751100206992728bcfb5e6d8f458",
    "merchantId": "220395845",
    "permissions": "0",
    "queryType": "tagInfo"
  }
}
2021-06-25 21:05:23,534 - /Users/liuzhiming/Documents/autotest/WebAutoTestProject/base/http_base.py[line:79] - INFO: Url:https://hsbpro.huishoubao.com/hsbpro
2021-06-25 21:05:23,535 - /Users/liuzhiming/Documents/autotest/WebAutoTestProject/base/http_base.py[line:80] - INFO: body = 
{
  "_head": {
    "_appVersion": "5.0.0",
    "_callerServiceId": "111111",
    "_groupNo": "1",
    "_interface": "get_merchant_info",
    "_invokeId": "iOS_C6E0E068-F2F5-4FE2-934C-BD39CB2DF5E2_1624618031",
    "_msgType": "request",
    "_remark": "",
    "_timestamps": "1624618031",
    "_version": "0.01",
    "channelStr": "appstore",
    "latitude": 22.53245630905639,
    "longitude": 113.94294365618332
  },
  "_param": {
    "login_token": "4512751100206992728bcfb5e6d8f458",
    "merchantId": "220395845",
    "permissions": "0",
    "queryType": "tagInfo"
  }
}
2021-06-25 21:05:23,771 - /Users/liuzhiming/Documents/autotest/WebAutoTestProject/base/http_base.py[line:82] - INFO: https://hsbpro.huishoubao.com/hsbpro---response：
"{\"_data\":{\"_errCode\":\"0\",\"_errStr\":\"SUCCEED\",\"_ret\":\"0\",\"data\":{\"auditStatus\":\"1\",\"buyerLevel\":\"sales_silver\",\"goodsQuality\":\"0\",\"jpMerchantAuth\":\"auth_yes\",\"jpMerchantSalesRanking\":\"0\",\"jpMerchantWuyougou\":\"\",\"jpPersonalAuth\":\"\",\"jpSalesAmount3m\":\"0\",\"jpSalesAmount6m\":\"0\",\"jpSalesVolume30\":\"0\",\"merchantName\":\"自动注册商户13049368516\",\"regCityName\":null,\"regProvinceName\":null,\"scoreDelivery\":\"5\",\"scoreHot\":\"5\",\"scoreQuality\":\"5\",\"sellerLevel\":\"sales_silver\",\"starLevel\":\"0\"}}}\n\n"
2021-06-25 21:06:46,521 - /Users/liuzhiming/Documents/autotest/WebAutoTestProject/base/http_base.py[line:79] - INFO: Url:https://hsbpro.huishoubao.com/hsbpro
2021-06-25 21:06:46,522 - /Users/liuzhiming/Documents/autotest/WebAutoTestProject/base/http_base.py[line:80] - INFO: body = 
{
  "_head": {
    "_appVersion": "5.0.0",
    "_callerServiceId": "111111",
    "_groupNo": "1",
    "_interface": "get_merchant_info",
    "_invokeId": "iOS_C6E0E068-F2F5-4FE2-934C-BD39CB2DF5E2_1624618031",
    "_msgType": "request",
    "_remark": "",
    "_timestamps": "1624618031",
    "_version": "0.01",
    "channelStr": "appstore",
    "latitude": 22.53245630905639,
    "longitude": 113.94294365618332
  },
  "_param": {
    "login_token": "4512751100206992728bcfb5e6d8f458",
    "merchantId": "220395845",
    "permissions": "0",
    "queryType": "tagInfo"
  }
}
2021-06-25 21:06:46,801 - /Users/liuzhiming/Documents/autotest/WebAutoTestProject/base/http_base.py[line:82] - INFO: https://hsbpro.huishoubao.com/hsbpro---response：
"\"{\\\"_data\\\":{\\\"_errCode\\\":\\\"0\\\",\\\"_errStr\\\":\\\"SUCCEED\\\",\\\"_ret\\\":\\\"0\\\",\\\"data\\\":{\\\"auditStatus\\\":\\\"1\\\",\\\"buyerLevel\\\":\\\"sales_silver\\\",\\\"goodsQuality\\\":\\\"0\\\",\\\"jpMerchantAuth\\\":\\\"auth_yes\\\",\\\"jpMerchantSalesRanking\\\":\\\"0\\\",\\\"jpMerchantWuyougou\\\":\\\"\\\",\\\"jpPersonalAuth\\\":\\\"\\\",\\\"jpSalesAmount3m\\\":\\\"0\\\",\\\"jpSalesAmount6m\\\":\\\"0\\\",\\\"jpSalesVolume30\\\":\\\"0\\\",\\\"merchantName\\\":\\\"\\u81ea\\u52a8\\u6ce8\\u518c\\u5546\\u623713049368516\\\",\\\"regCityName\\\":null,\\\"regProvinceName\\\":null,\\\"scoreDelivery\\\":\\\"5\\\",\\\"scoreHot\\\":\\\"5\\\",\\\"scoreQuality\\\":\\\"5\\\",\\\"sellerLevel\\\":\\\"sales_silver\\\",\\\"starLevel\\\":\\\"0\\\"}}}\\n\\n\""
2021-06-25 21:07:41,992 - /Users/liuzhiming/Documents/autotest/WebAutoTestProject/base/http_base.py[line:79] - INFO: Url:https://hsbpro.huishoubao.com/hsbpro
2021-06-25 21:07:41,993 - /Users/liuzhiming/Documents/autotest/WebAutoTestProject/base/http_base.py[line:80] - INFO: body = 
{
  "_head": {
    "_appVersion": "5.0.0",
    "_callerServiceId": "111111",
    "_groupNo": "1",
    "_interface": "get_merchant_info",
    "_invokeId": "iOS_C6E0E068-F2F5-4FE2-934C-BD39CB2DF5E2_1624618031",
    "_msgType": "request",
    "_remark": "",
    "_timestamps": "1624618031",
    "_version": "0.01",
    "channelStr": "appstore",
    "latitude": 22.53245630905639,
    "longitude": 113.94294365618332
  },
  "_param": {
    "login_token": "4512751100206992728bcfb5e6d8f458",
    "merchantId": "220395845",
    "permissions": "0",
    "queryType": "tagInfo"
  }
}
2021-06-25 21:07:42,255 - /Users/liuzhiming/Documents/autotest/WebAutoTestProject/base/http_base.py[line:82] - INFO: https://hsbpro.huishoubao.com/hsbpro---response：
{
  "_data": {
    "_errCode": "0",
    "_errStr": "SUCCEED",
    "_ret": "0",
    "data": {
      "auditStatus": "1",
      "buyerLevel": "sales_silver",
      "goodsQuality": "0",
      "jpMerchantAuth": "auth_yes",
      "jpMerchantSalesRanking": "0",
      "jpMerchantWuyougou": "",
      "jpPersonalAuth": "",
      "jpSalesAmount3m": "0",
      "jpSalesAmount6m": "0",
      "jpSalesVolume30": "0",
      "merchantName": "自动注册商户13049368516",
      "regCityName": null,
      "regProvinceName": null,
      "scoreDelivery": "5",
      "scoreHot": "5",
      "scoreQuality": "5",
      "sellerLevel": "sales_silver",
      "starLevel": "0"
    }
  }
}
2021-06-25 21:09:37,916 - /Users/liuzhiming/Documents/autotest/WebAutoTestProject/base/http_base.py[line:79] - INFO: Url:https://hsbpro.huishoubao.com/hsbpro
2021-06-25 21:09:37,917 - /Users/liuzhiming/Documents/autotest/WebAutoTestProject/base/http_base.py[line:80] - INFO: body = 
{
  "_head": {
    "_appVersion": "5.0.0",
    "_callerServiceId": "111111",
    "_groupNo": "1",
    "_interface": "get_merchant_info",
    "_invokeId": "iOS_C6E0E068-F2F5-4FE2-934C-BD39CB2DF5E2_1624618031",
    "_msgType": "request",
    "_remark": "",
    "_timestamps": "1624618031",
    "_version": "0.01",
    "channelStr": "appstore",
    "latitude": 22.53245630905639,
    "longitude": 113.94294365618332
  },
  "_param": {
    "login_token": "4512751100206992728bcfb5e6d8f458",
    "merchantId": "220395845",
    "permissions": "0",
    "queryType": "tagInfo"
  }
}
2021-06-25 21:09:38,216 - /Users/liuzhiming/Documents/autotest/WebAutoTestProject/base/http_base.py[line:82] - INFO: https://hsbpro.huishoubao.com/hsbpro---response：
{
  "_data": {
    "_errCode": "0",
    "_errStr": "SUCCEED",
    "_ret": "0",
    "data": {
      "auditStatus": "1",
      "buyerLevel": "sales_silver",
      "goodsQuality": "0",
      "jpMerchantAuth": "auth_yes",
      "jpMerchantSalesRanking": "0",
      "jpMerchantWuyougou": "",
      "jpPersonalAuth": "",
      "jpSalesAmount3m": "0",
      "jpSalesAmount6m": "0",
      "jpSalesVolume30": "0",
      "merchantName": "自动注册商户13049368516",
      "regCityName": null,
      "regProvinceName": null,
      "scoreDelivery": "5",
      "scoreHot": "5",
      "scoreQuality": "5",
      "sellerLevel": "sales_silver",
      "starLevel": "0"
    }
  }
}
2021-06-25 21:12:14,426 - /Users/liuzhiming/Documents/autotest/WebAutoTestProject/base/http_base.py[line:79] - INFO: Url:https://hsbpro.huishoubao.com/hsbpro
2021-06-25 21:12:14,428 - /Users/liuzhiming/Documents/autotest/WebAutoTestProject/base/http_base.py[line:80] - INFO: body = 
{
  "_head": {
    "_appVersion": "5.0.0",
    "_callerServiceId": "111111",
    "_groupNo": "1",
    "_interface": "get_merchant_info",
    "_invokeId": "iOS_C6E0E068-F2F5-4FE2-934C-BD39CB2DF5E2_1624618031",
    "_msgType": "request",
    "_remark": "",
    "_timestamps": "1624618031",
    "_version": "0.01",
    "channelStr": "appstore",
    "latitude": 22.53245630905639,
    "longitude": 113.94294365618332
  },
  "_param": {
    "login_token": "4512751100206992728bcfb5e6d8f458",
    "merchantId": "220395845",
    "permissions": "0",
    "queryType": "tagInfo"
  }
}
2021-06-25 21:12:14,842 - /Users/liuzhiming/Documents/autotest/WebAutoTestProject/base/http_base.py[line:82] - INFO: https://hsbpro.huishoubao.com/hsbpro---response：
{
  "_data": {
    "_errCode": "0",
    "_errStr": "SUCCEED",
    "_ret": "0",
    "data": {
      "auditStatus": "1",
      "buyerLevel": "sales_silver",
      "goodsQuality": "0",
      "jpMerchantAuth": "auth_yes",
      "jpMerchantSalesRanking": "0",
      "jpMerchantWuyougou": "",
      "jpPersonalAuth": "",
      "jpSalesAmount3m": "0",
      "jpSalesAmount6m": "0",
      "jpSalesVolume30": "0",
      "merchantName": "自动注册商户13049368516",
      "regCityName": null,
      "regProvinceName": null,
      "scoreDelivery": "5",
      "scoreHot": "5",
      "scoreQuality": "5",
      "sellerLevel": "sales_silver",
      "starLevel": "0"
    }
  }
}
2021-06-25 21:23:43,536 - /Users/liuzhiming/Documents/autotest/WebAutoTestProject/base/http_base.py[line:77] - INFO: headers: 
<property object at 0x7f8e681cf220>
2021-06-25 21:23:43,537 - /Users/liuzhiming/Documents/autotest/WebAutoTestProject/base/http_base.py[line:78] - INFO: Url:https://hsbpro.huishoubao.com/hsbpro
2021-06-25 21:23:43,537 - /Users/liuzhiming/Documents/autotest/WebAutoTestProject/base/http_base.py[line:79] - INFO: body = 
{
  "_head": {
    "_appVersion": "5.0.0",
    "_callerServiceId": "111111",
    "_groupNo": "1",
    "_interface": "get_merchant_info",
    "_invokeId": "iOS_C6E0E068-F2F5-4FE2-934C-BD39CB2DF5E2_1624618031",
    "_msgType": "request",
    "_remark": "",
    "_timestamps": "1624618031",
    "_version": "0.01",
    "channelStr": "appstore",
    "latitude": 22.53245630905639,
    "longitude": 113.94294365618332
  },
  "_param": {
    "login_token": "4512751100206992728bcfb5e6d8f458",
    "merchantId": "220395845",
    "permissions": "0",
    "queryType": "tagInfo"
  }
}
2021-06-25 21:24:45,073 - /Users/liuzhiming/Documents/autotest/WebAutoTestProject/base/http_base.py[line:77] - INFO: headers: 
{'Content-Type': 'application/x-www-form-urlencoded; charset=utf-8'}
2021-06-25 21:24:45,073 - /Users/liuzhiming/Documents/autotest/WebAutoTestProject/base/http_base.py[line:78] - INFO: Url:https://hsbpro.huishoubao.com/hsbpro
2021-06-25 21:24:45,074 - /Users/liuzhiming/Documents/autotest/WebAutoTestProject/base/http_base.py[line:79] - INFO: body = 
{
  "_head": {
    "_appVersion": "5.0.0",
    "_callerServiceId": "111111",
    "_groupNo": "1",
    "_interface": "get_merchant_info",
    "_invokeId": "iOS_C6E0E068-F2F5-4FE2-934C-BD39CB2DF5E2_1624618031",
    "_msgType": "request",
    "_remark": "",
    "_timestamps": "1624618031",
    "_version": "0.01",
    "channelStr": "appstore",
    "latitude": 22.53245630905639,
    "longitude": 113.94294365618332
  },
  "_param": {
    "login_token": "4512751100206992728bcfb5e6d8f458",
    "merchantId": "220395845",
    "permissions": "0",
    "queryType": "tagInfo"
  }
}
2021-06-25 21:24:45,416 - /Users/liuzhiming/Documents/autotest/WebAutoTestProject/base/http_base.py[line:81] - INFO: https://hsbpro.huishoubao.com/hsbpro---response：
{
  "_data": {
    "_errCode": "0",
    "_errStr": "SUCCEED",
    "_ret": "0",
    "data": {
      "auditStatus": "1",
      "buyerLevel": "sales_silver",
      "goodsQuality": "0",
      "jpMerchantAuth": "auth_yes",
      "jpMerchantSalesRanking": "0",
      "jpMerchantWuyougou": "",
      "jpPersonalAuth": "",
      "jpSalesAmount3m": "0",
      "jpSalesAmount6m": "0",
      "jpSalesVolume30": "0",
      "merchantName": "自动注册商户13049368516",
      "regCityName": null,
      "regProvinceName": null,
      "scoreDelivery": "5",
      "scoreHot": "5",
      "scoreQuality": "5",
      "sellerLevel": "sales_silver",
      "starLevel": "0"
    }
  }
}
2021-06-25 21:29:42,384 - /Users/liuzhiming/Documents/autotest/WebAutoTestProject/base/http_base.py[line:78] - INFO: Http请求，Url：https://hsbpro.huishoubao.com/hsbpro
 headers={'Content-Type': 'application/x-www-form-urlencoded; charset=utf-8'}
body={
  "_head": {
    "_appVersion": "5.0.0",
    "_callerServiceId": "111111",
    "_groupNo": "1",
    "_interface": "get_merchant_info",
    "_invokeId": "iOS_C6E0E068-F2F5-4FE2-934C-BD39CB2DF5E2_1624618031",
    "_msgType": "request",
    "_remark": "",
    "_timestamps": "1624618031",
    "_version": "0.01",
    "channelStr": "appstore",
    "latitude": 22.53245630905639,
    "longitude": 113.94294365618332
  },
  "_param": {
    "login_token": "4512751100206992728bcfb5e6d8f458",
    "merchantId": "220395845",
    "permissions": "0",
    "queryType": "tagInfo"
  }
}
2021-06-25 21:29:42,633 - /Users/liuzhiming/Documents/autotest/WebAutoTestProject/base/http_base.py[line:81] - INFO: https://hsbpro.huishoubao.com/hsbpro---response：
{
  "_data": {
    "_errCode": "0",
    "_errStr": "SUCCEED",
    "_ret": "0",
    "data": {
      "auditStatus": "1",
      "buyerLevel": "sales_silver",
      "goodsQuality": "0",
      "jpMerchantAuth": "auth_yes",
      "jpMerchantSalesRanking": "0",
      "jpMerchantWuyougou": "",
      "jpPersonalAuth": "",
      "jpSalesAmount3m": "0",
      "jpSalesAmount6m": "0",
      "jpSalesVolume30": "0",
      "merchantName": "自动注册商户13049368516",
      "regCityName": null,
      "regProvinceName": null,
      "scoreDelivery": "5",
      "scoreHot": "5",
      "scoreQuality": "5",
      "sellerLevel": "sales_silver",
      "starLevel": "0"
    }
  }
}
2021-06-25 21:31:34,654 - /Users/liuzhiming/Documents/autotest/WebAutoTestProject/base/http_base.py[line:78] - INFO: Http请求，Url：https://hsbpro.huishoubao.com/hsbpro
headers={'Content-Type': 'application/x-www-form-urlencoded; charset=utf-8'}
body={
  "_head": {
    "_appVersion": "5.0.0",
    "_callerServiceId": "111111",
    "_groupNo": "1",
    "_interface": "get_merchant_info",
    "_invokeId": "iOS_C6E0E068-F2F5-4FE2-934C-BD39CB2DF5E2_1624618031",
    "_msgType": "request",
    "_remark": "",
    "_timestamps": "1624618031",
    "_version": "0.01",
    "channelStr": "appstore",
    "latitude": 22.53245630905639,
    "longitude": 113.94294365618332
  },
  "_param": {
    "login_token": "4512751100206992728bcfb5e6d8f458",
    "merchantId": "220395845",
    "permissions": "0",
    "queryType": "tagInfo"
  }
}
2021-06-25 21:31:34,951 - /Users/liuzhiming/Documents/autotest/WebAutoTestProject/base/http_base.py[line:81] - INFO: https://hsbpro.huishoubao.com/hsbpro响应信息：,response：
{
  "_data": {
    "_errCode": "0",
    "_errStr": "SUCCEED",
    "_ret": "0",
    "data": {
      "auditStatus": "1",
      "buyerLevel": "sales_silver",
      "goodsQuality": "0",
      "jpMerchantAuth": "auth_yes",
      "jpMerchantSalesRanking": "0",
      "jpMerchantWuyougou": "",
      "jpPersonalAuth": "",
      "jpSalesAmount3m": "0",
      "jpSalesAmount6m": "0",
      "jpSalesVolume30": "0",
      "merchantName": "自动注册商户13049368516",
      "regCityName": null,
      "regProvinceName": null,
      "scoreDelivery": "5",
      "scoreHot": "5",
      "scoreQuality": "5",
      "sellerLevel": "sales_silver",
      "starLevel": "0"
    }
  }
}
2021-06-25 21:32:02,105 - /Users/liuzhiming/Documents/autotest/WebAutoTestProject/base/http_base.py[line:78] - INFO: Http请求，Url：https://hsbpro.huishoubao.com/hsbpro
headers={'Content-Type': 'application/x-www-form-urlencoded; charset=utf-8'}
body={
  "_head": {
    "_appVersion": "5.0.0",
    "_callerServiceId": "111111",
    "_groupNo": "1",
    "_interface": "get_merchant_info",
    "_invokeId": "iOS_C6E0E068-F2F5-4FE2-934C-BD39CB2DF5E2_1624618031",
    "_msgType": "request",
    "_remark": "",
    "_timestamps": "1624618031",
    "_version": "0.01",
    "channelStr": "appstore",
    "latitude": 22.53245630905639,
    "longitude": 113.94294365618332
  },
  "_param": {
    "login_token": "4512751100206992728bcfb5e6d8f458",
    "merchantId": "220395845",
    "permissions": "0",
    "queryType": "tagInfo"
  }
}
2021-06-25 21:32:02,377 - /Users/liuzhiming/Documents/autotest/WebAutoTestProject/base/http_base.py[line:81] - INFO: https://hsbpro.huishoubao.com/hsbpro响应信息,response=
{
  "_data": {
    "_errCode": "0",
    "_errStr": "SUCCEED",
    "_ret": "0",
    "data": {
      "auditStatus": "1",
      "buyerLevel": "sales_silver",
      "goodsQuality": "0",
      "jpMerchantAuth": "auth_yes",
      "jpMerchantSalesRanking": "0",
      "jpMerchantWuyougou": "",
      "jpPersonalAuth": "",
      "jpSalesAmount3m": "0",
      "jpSalesAmount6m": "0",
      "jpSalesVolume30": "0",
      "merchantName": "自动注册商户13049368516",
      "regCityName": null,
      "regProvinceName": null,
      "scoreDelivery": "5",
      "scoreHot": "5",
      "scoreQuality": "5",
      "sellerLevel": "sales_silver",
      "starLevel": "0"
    }
  }
}
2021-06-25 21:33:48,521 - /Users/liuzhiming/Documents/autotest/WebAutoTestProject/base/http_base.py[line:78] - INFO: Http请求，Url：https://hsbpro.huishoubao.com/hsbpro
headers={'Content-Type': 'application/x-www-form-urlencoded; charset=utf-8'}
body={
  "_head": {
    "_appVersion": "5.0.0",
    "_callerServiceId": "111111",
    "_groupNo": "1",
    "_interface": "get_merchant_info",
    "_invokeId": "iOS_C6E0E068-F2F5-4FE2-934C-BD39CB2DF5E2_1624618031",
    "_msgType": "request",
    "_remark": "",
    "_timestamps": "1624618031",
    "_version": "0.01",
    "channelStr": "appstore",
    "latitude": 22.53245630905639,
    "longitude": 113.94294365618332
  },
  "_param": {
    "login_token": "4512751100206992728bcfb5e6d8f458",
    "merchantId": "220395845",
    "permissions": "0",
    "queryType": "tagInfo"
  }
}
2021-06-25 21:33:48,852 - /Users/liuzhiming/Documents/autotest/WebAutoTestProject/base/http_base.py[line:81] - INFO: https://hsbpro.huishoubao.com/hsbpro响应信息,response=
{
  "_data": {
    "_errCode": "0",
    "_errStr": "SUCCEED",
    "_ret": "0",
    "data": {
      "auditStatus": "1",
      "buyerLevel": "sales_silver",
      "goodsQuality": "0",
      "jpMerchantAuth": "auth_yes",
      "jpMerchantSalesRanking": "0",
      "jpMerchantWuyougou": "",
      "jpPersonalAuth": "",
      "jpSalesAmount3m": "0",
      "jpSalesAmount6m": "0",
      "jpSalesVolume30": "0",
      "merchantName": "自动注册商户13049368516",
      "regCityName": null,
      "regProvinceName": null,
      "scoreDelivery": "5",
      "scoreHot": "5",
      "scoreQuality": "5",
      "sellerLevel": "sales_silver",
      "starLevel": "0"
    }
  }
}
2021-06-25 21:33:48,853 - /Users/liuzhiming/Documents/autotest/WebAutoTestProject/base/http_base.py[line:82] - INFO: {'Server': 'nginx', 'Date': 'Fri, 25 Jun 2021 13:33:48 GMT', 'Content-Type': 'application/json', 'Transfer-Encoding': 'chunked', 'Connection': 'keep-alive', 'Access-Control-Allow-Origin': '*', 'Access-Control-Allow-Methods': 'POST,GET,PUT', 'Access-Control-Allow-Headers': 'x-requested-with,content-type'}
2021-06-25 21:34:31,552 - /Users/liuzhiming/Documents/autotest/WebAutoTestProject/base/http_base.py[line:78] - INFO: Http请求，Url：https://hsbpro.huishoubao.com/hsbpro
headers={'Content-Type': 'application/x-www-form-urlencoded; charset=utf-8'}
body={
  "_head": {
    "_appVersion": "5.0.0",
    "_callerServiceId": "111111",
    "_groupNo": "1",
    "_interface": "get_merchant_info",
    "_invokeId": "iOS_C6E0E068-F2F5-4FE2-934C-BD39CB2DF5E2_1624618031",
    "_msgType": "request",
    "_remark": "",
    "_timestamps": "1624618031",
    "_version": "0.01",
    "channelStr": "appstore",
    "latitude": 22.53245630905639,
    "longitude": 113.94294365618332
  },
  "_param": {
    "login_token": "4512751100206992728bcfb5e6d8f458",
    "merchantId": "220395845",
    "permissions": "0",
    "queryType": "tagInfo"
  }
}
2021-06-25 21:34:31,834 - /Users/liuzhiming/Documents/autotest/WebAutoTestProject/base/http_base.py[line:81] - INFO: https://hsbpro.huishoubao.com/hsbpro响应信息,response=
{
  "_data": {
    "_errCode": "0",
    "_errStr": "SUCCEED",
    "_ret": "0",
    "data": {
      "auditStatus": "1",
      "buyerLevel": "sales_silver",
      "goodsQuality": "0",
      "jpMerchantAuth": "auth_yes",
      "jpMerchantSalesRanking": "0",
      "jpMerchantWuyougou": "",
      "jpPersonalAuth": "",
      "jpSalesAmount3m": "0",
      "jpSalesAmount6m": "0",
      "jpSalesVolume30": "0",
      "merchantName": "自动注册商户13049368516",
      "regCityName": null,
      "regProvinceName": null,
      "scoreDelivery": "5",
      "scoreHot": "5",
      "scoreQuality": "5",
      "sellerLevel": "sales_silver",
      "starLevel": "0"
    }
  }
}
2021-06-25 21:34:52,639 - /Users/liuzhiming/Documents/autotest/WebAutoTestProject/base/http_base.py[line:78] - INFO: Http请求，Url：https://hsbpro.huishoubao.com/hsbpro
headers={'Content-Type': 'application/x-www-form-urlencoded; charset=utf-8'}
body={
  "_head": {
    "_appVersion": "5.0.0",
    "_callerServiceId": "111111",
    "_groupNo": "1",
    "_interface": "get_merchant_info",
    "_invokeId": "iOS_C6E0E068-F2F5-4FE2-934C-BD39CB2DF5E2_1624618031",
    "_msgType": "request",
    "_remark": "",
    "_timestamps": "1624618031",
    "_version": "0.01",
    "channelStr": "appstore",
    "latitude": 22.53245630905639,
    "longitude": 113.94294365618332
  },
  "_param": {
    "login_token": "4512751100206992728bcfb5e6d8f458",
    "merchantId": "220395845",
    "permissions": "0",
    "queryType": "tagInfo"
  }
}
2021-06-25 21:34:52,914 - /Users/liuzhiming/Documents/autotest/WebAutoTestProject/base/http_base.py[line:81] - INFO: https://hsbpro.huishoubao.com/hsbpro响应信息,response=
{
  "_data": {
    "_errCode": "0",
    "_errStr": "SUCCEED",
    "_ret": "0",
    "data": {
      "auditStatus": "1",
      "buyerLevel": "sales_silver",
      "goodsQuality": "0",
      "jpMerchantAuth": "auth_yes",
      "jpMerchantSalesRanking": "0",
      "jpMerchantWuyougou": "",
      "jpPersonalAuth": "",
      "jpSalesAmount3m": "0",
      "jpSalesAmount6m": "0",
      "jpSalesVolume30": "0",
      "merchantName": "自动注册商户13049368516",
      "regCityName": null,
      "regProvinceName": null,
      "scoreDelivery": "5",
      "scoreHot": "5",
      "scoreQuality": "5",
      "sellerLevel": "sales_silver",
      "starLevel": "0"
    }
  }
}
2021-06-25 21:35:16,730 - /Users/liuzhiming/Documents/autotest/WebAutoTestProject/base/http_base.py[line:78] - INFO: Http请求，Url：https://hsbpro.huishoubao.com/hsbpro
headers={'Content-Type': 'application/x-www-form-urlencoded; charset=utf-8'}
body={
  "_head": {
    "_appVersion": "5.0.0",
    "_callerServiceId": "111111",
    "_groupNo": "1",
    "_interface": "get_merchant_info",
    "_invokeId": "iOS_C6E0E068-F2F5-4FE2-934C-BD39CB2DF5E2_1624618031",
    "_msgType": "request",
    "_remark": "",
    "_timestamps": "1624618031",
    "_version": "0.01",
    "channelStr": "appstore",
    "latitude": 22.53245630905639,
    "longitude": 113.94294365618332
  },
  "_param": {
    "login_token": "4512751100206992728bcfb5e6d8f458",
    "merchantId": "220395845",
    "permissions": "0",
    "queryType": "tagInfo"
  }
}
2021-06-25 21:35:17,036 - /Users/liuzhiming/Documents/autotest/WebAutoTestProject/base/http_base.py[line:81] - INFO: https://hsbpro.huishoubao.com/hsbpro响应信息,response=
{
  "_data": {
    "_errCode": "0",
    "_errStr": "SUCCEED",
    "_ret": "0",
    "data": {
      "auditStatus": "1",
      "buyerLevel": "sales_silver",
      "goodsQuality": "0",
      "jpMerchantAuth": "auth_yes",
      "jpMerchantSalesRanking": "0",
      "jpMerchantWuyougou": "",
      "jpPersonalAuth": "",
      "jpSalesAmount3m": "0",
      "jpSalesAmount6m": "0",
      "jpSalesVolume30": "0",
      "merchantName": "自动注册商户13049368516",
      "regCityName": null,
      "regProvinceName": null,
      "scoreDelivery": "5",
      "scoreHot": "5",
      "scoreQuality": "5",
      "sellerLevel": "sales_silver",
      "starLevel": "0"
    }
  }
}
2021-06-25 21:36:06,344 - /Users/liuzhiming/Documents/autotest/WebAutoTestProject/base/http_base.py[line:78] - INFO: Http请求，Url：https://hsbpro.huishoubao.com/hsbpro
headers={'Content-Type': 'application/x-www-form-urlencoded; charset=utf-8'}
body={
  "_head": {
    "_appVersion": "5.0.0",
    "_callerServiceId": "111111",
    "_groupNo": "1",
    "_interface": "get_merchant_info",
    "_invokeId": "iOS_C6E0E068-F2F5-4FE2-934C-BD39CB2DF5E2_1624618031",
    "_msgType": "request",
    "_remark": "",
    "_timestamps": "1624618031",
    "_version": "0.01",
    "channelStr": "appstore",
    "latitude": 22.53245630905639,
    "longitude": 113.94294365618332
  },
  "_param": {
    "login_token": "4512751100206992728bcfb5e6d8f458",
    "merchantId": "220395845",
    "permissions": "0",
    "queryType": "tagInfo"
  }
}
2021-06-25 21:36:06,671 - /Users/liuzhiming/Documents/autotest/WebAutoTestProject/base/http_base.py[line:81] - INFO: https://hsbpro.huishoubao.com/hsbpro响应信息,response=
{
  "_data": {
    "_errCode": "0",
    "_errStr": "SUCCEED",
    "_ret": "0",
    "data": {
      "auditStatus": "1",
      "buyerLevel": "sales_silver",
      "goodsQuality": "0",
      "jpMerchantAuth": "auth_yes",
      "jpMerchantSalesRanking": "0",
      "jpMerchantWuyougou": "",
      "jpPersonalAuth": "",
      "jpSalesAmount3m": "0",
      "jpSalesAmount6m": "0",
      "jpSalesVolume30": "0",
      "merchantName": "自动注册商户13049368516",
      "regCityName": null,
      "regProvinceName": null,
      "scoreDelivery": "5",
      "scoreHot": "5",
      "scoreQuality": "5",
      "sellerLevel": "sales_silver",
      "starLevel": "0"
    }
  }
}
2021-06-25 21:36:26,959 - /Users/liuzhiming/Documents/autotest/WebAutoTestProject/base/http_base.py[line:78] - INFO: Http请求，Url：https://hsbpro.huishoubao.com/hsbpro
headers={'Content-Type': 'application/x-www-form-urlencoded; charset=utf-8'}
body={
  "_head": {
    "_appVersion": "5.0.0",
    "_callerServiceId": "111111",
    "_groupNo": "1",
    "_interface": "get_merchant_info",
    "_invokeId": "iOS_C6E0E068-F2F5-4FE2-934C-BD39CB2DF5E2_1624618031",
    "_msgType": "request",
    "_remark": "",
    "_timestamps": "1624618031",
    "_version": "0.01",
    "channelStr": "appstore",
    "latitude": 22.53245630905639,
    "longitude": 113.94294365618332
  },
  "_param": {
    "login_token": "4512751100206992728bcfb5e6d8f458",
    "merchantId": "220395845",
    "permissions": "0",
    "queryType": "tagInfo"
  }
}
2021-06-25 21:36:27,215 - /Users/liuzhiming/Documents/autotest/WebAutoTestProject/base/http_base.py[line:81] - INFO: https://hsbpro.huishoubao.com/hsbpro响应信息,response=
{
  "_data": {
    "_errCode": "0",
    "_errStr": "SUCCEED",
    "_ret": "0",
    "data": {
      "auditStatus": "1",
      "buyerLevel": "sales_silver",
      "goodsQuality": "0",
      "jpMerchantAuth": "auth_yes",
      "jpMerchantSalesRanking": "0",
      "jpMerchantWuyougou": "",
      "jpPersonalAuth": "",
      "jpSalesAmount3m": "0",
      "jpSalesAmount6m": "0",
      "jpSalesVolume30": "0",
      "merchantName": "自动注册商户13049368516",
      "regCityName": null,
      "regProvinceName": null,
      "scoreDelivery": "5",
      "scoreHot": "5",
      "scoreQuality": "5",
      "sellerLevel": "sales_silver",
      "starLevel": "0"
    }
  }
}
2021-06-25 21:37:00,176 - /Users/liuzhiming/Documents/autotest/WebAutoTestProject/base/http_base.py[line:78] - INFO: Http请求，Url：https://hsbpro.huishoubao.com/hsbpro
headers={'Content-Type': 'application/x-www-form-urlencoded; charset=utf-8'}
body={
  "_head": {
    "_appVersion": "5.0.0",
    "_callerServiceId": "111111",
    "_groupNo": "1",
    "_interface": "get_merchant_info",
    "_invokeId": "iOS_C6E0E068-F2F5-4FE2-934C-BD39CB2DF5E2_1624618031",
    "_msgType": "request",
    "_remark": "",
    "_timestamps": "1624618031",
    "_version": "0.01",
    "channelStr": "appstore",
    "latitude": 22.53245630905639,
    "longitude": 113.94294365618332
  },
  "_param": {
    "login_token": "4512751100206992728bcfb5e6d8f458",
    "merchantId": "220395845",
    "permissions": "0",
    "queryType": "tagInfo"
  }
}
2021-06-25 21:37:00,495 - /Users/liuzhiming/Documents/autotest/WebAutoTestProject/base/http_base.py[line:81] - INFO: https://hsbpro.huishoubao.com/hsbpro响应信息,response=
{
  "_data": {
    "_errCode": "0",
    "_errStr": "SUCCEED",
    "_ret": "0",
    "data": {
      "auditStatus": "1",
      "buyerLevel": "sales_silver",
      "goodsQuality": "0",
      "jpMerchantAuth": "auth_yes",
      "jpMerchantSalesRanking": "0",
      "jpMerchantWuyougou": "",
      "jpPersonalAuth": "",
      "jpSalesAmount3m": "0",
      "jpSalesAmount6m": "0",
      "jpSalesVolume30": "0",
      "merchantName": "自动注册商户13049368516",
      "regCityName": null,
      "regProvinceName": null,
      "scoreDelivery": "5",
      "scoreHot": "5",
      "scoreQuality": "5",
      "sellerLevel": "sales_silver",
      "starLevel": "0"
    }
  }
}
2021-06-25 21:37:48,634 - /Users/liuzhiming/Documents/autotest/WebAutoTestProject/base/http_base.py[line:78] - INFO: Http请求，Url：https://hsbpro.huishoubao.com/hsbpro
headers={'Content-Type': 'application/x-www-form-urlencoded; charset=utf-8'}
body={
  "_head": {
    "_appVersion": "5.0.0",
    "_callerServiceId": "111111",
    "_groupNo": "1",
    "_interface": "get_merchant_info",
    "_invokeId": "iOS_C6E0E068-F2F5-4FE2-934C-BD39CB2DF5E2_1624618031",
    "_msgType": "request",
    "_remark": "",
    "_timestamps": "1624618031",
    "_version": "0.01",
    "channelStr": "appstore",
    "latitude": 22.53245630905639,
    "longitude": 113.94294365618332
  },
  "_param": {
    "login_token": "4512751100206992728bcfb5e6d8f458",
    "merchantId": "220395845",
    "permissions": "0",
    "queryType": "tagInfo"
  }
}
2021-06-25 21:37:49,129 - /Users/liuzhiming/Documents/autotest/WebAutoTestProject/base/http_base.py[line:81] - INFO: https://hsbpro.huishoubao.com/hsbpro响应信息,response=
{
  "_data": {
    "_errCode": "0",
    "_errStr": "SUCCEED",
    "_ret": "0",
    "data": {
      "auditStatus": "1",
      "buyerLevel": "sales_silver",
      "goodsQuality": "0",
      "jpMerchantAuth": "auth_yes",
      "jpMerchantSalesRanking": "0",
      "jpMerchantWuyougou": "",
      "jpPersonalAuth": "",
      "jpSalesAmount3m": "0",
      "jpSalesAmount6m": "0",
      "jpSalesVolume30": "0",
      "merchantName": "自动注册商户13049368516",
      "regCityName": null,
      "regProvinceName": null,
      "scoreDelivery": "5",
      "scoreHot": "5",
      "scoreQuality": "5",
      "sellerLevel": "sales_silver",
      "starLevel": "0"
    }
  }
}
2021-06-25 21:38:06,481 - /Users/liuzhiming/Documents/autotest/WebAutoTestProject/base/http_base.py[line:78] - INFO: Http请求，Url：https://hsbpro.huishoubao.com/hsbpro
headers={'Content-Type': 'application/x-www-form-urlencoded; charset=utf-8'}
body={
  "_head": {
    "_appVersion": "5.0.0",
    "_callerServiceId": "111111",
    "_groupNo": "1",
    "_interface": "get_merchant_info",
    "_invokeId": "iOS_C6E0E068-F2F5-4FE2-934C-BD39CB2DF5E2_1624618031",
    "_msgType": "request",
    "_remark": "",
    "_timestamps": "1624618031",
    "_version": "0.01",
    "channelStr": "appstore",
    "latitude": 22.53245630905639,
    "longitude": 113.94294365618332
  },
  "_param": {
    "login_token": "4512751100206992728bcfb5e6d8f458",
    "merchantId": "220395845",
    "permissions": "0",
    "queryType": "tagInfo"
  }
}
2021-06-25 21:38:06,750 - /Users/liuzhiming/Documents/autotest/WebAutoTestProject/base/http_base.py[line:81] - INFO: https://hsbpro.huishoubao.com/hsbpro响应信息,response=
{
  "_data": {
    "_errCode": "0",
    "_errStr": "SUCCEED",
    "_ret": "0",
    "data": {
      "auditStatus": "1",
      "buyerLevel": "sales_silver",
      "goodsQuality": "0",
      "jpMerchantAuth": "auth_yes",
      "jpMerchantSalesRanking": "0",
      "jpMerchantWuyougou": "",
      "jpPersonalAuth": "",
      "jpSalesAmount3m": "0",
      "jpSalesAmount6m": "0",
      "jpSalesVolume30": "0",
      "merchantName": "自动注册商户13049368516",
      "regCityName": null,
      "regProvinceName": null,
      "scoreDelivery": "5",
      "scoreHot": "5",
      "scoreQuality": "5",
      "sellerLevel": "sales_silver",
      "starLevel": "0"
    }
  }
}
2021-06-25 21:38:31,831 - /Users/liuzhiming/Documents/autotest/WebAutoTestProject/base/http_base.py[line:78] - INFO: Http请求，Url：https://hsbpro.huishoubao.com/hsbpro
headers={'Content-Type': 'application/x-www-form-urlencoded; charset=utf-8'}
body={
  "_head": {
    "_appVersion": "5.0.0",
    "_callerServiceId": "111111",
    "_groupNo": "1",
    "_interface": "get_merchant_info",
    "_invokeId": "iOS_C6E0E068-F2F5-4FE2-934C-BD39CB2DF5E2_1624618031",
    "_msgType": "request",
    "_remark": "",
    "_timestamps": "1624618031",
    "_version": "0.01",
    "channelStr": "appstore",
    "latitude": 22.53245630905639,
    "longitude": 113.94294365618332
  },
  "_param": {
    "login_token": "4512751100206992728bcfb5e6d8f458",
    "merchantId": "220395845",
    "permissions": "0",
    "queryType": "tagInfo"
  }
}
2021-06-25 21:38:32,093 - /Users/liuzhiming/Documents/autotest/WebAutoTestProject/base/http_base.py[line:81] - INFO: https://hsbpro.huishoubao.com/hsbpro响应信息,response=
{
  "_data": {
    "_errCode": "0",
    "_errStr": "SUCCEED",
    "_ret": "0",
    "data": {
      "auditStatus": "1",
      "buyerLevel": "sales_silver",
      "goodsQuality": "0",
      "jpMerchantAuth": "auth_yes",
      "jpMerchantSalesRanking": "0",
      "jpMerchantWuyougou": "",
      "jpPersonalAuth": "",
      "jpSalesAmount3m": "0",
      "jpSalesAmount6m": "0",
      "jpSalesVolume30": "0",
      "merchantName": "自动注册商户13049368516",
      "regCityName": null,
      "regProvinceName": null,
      "scoreDelivery": "5",
      "scoreHot": "5",
      "scoreQuality": "5",
      "sellerLevel": "sales_silver",
      "starLevel": "0"
    }
  }
}
2021-06-25 21:38:48,233 - /Users/liuzhiming/Documents/autotest/WebAutoTestProject/base/http_base.py[line:78] - INFO: Http请求，Url：https://hsbpro.huishoubao.com/hsbpro
headers={'Content-Type': 'application/x-www-form-urlencoded; charset=utf-8'}
body={
  "_head": {
    "_appVersion": "5.0.0",
    "_callerServiceId": "111111",
    "_groupNo": "1",
    "_interface": "get_merchant_info",
    "_invokeId": "iOS_C6E0E068-F2F5-4FE2-934C-BD39CB2DF5E2_1624618031",
    "_msgType": "request",
    "_remark": "",
    "_timestamps": "1624618031",
    "_version": "0.01",
    "channelStr": "appstore",
    "latitude": 22.53245630905639,
    "longitude": 113.94294365618332
  },
  "_param": {
    "login_token": "4512751100206992728bcfb5e6d8f458",
    "merchantId": "220395845",
    "permissions": "0",
    "queryType": "tagInfo"
  }
}
2021-06-25 21:38:48,511 - /Users/liuzhiming/Documents/autotest/WebAutoTestProject/base/http_base.py[line:81] - INFO: https://hsbpro.huishoubao.com/hsbpro响应信息,response=
{
  "_data": {
    "_errCode": "0",
    "_errStr": "SUCCEED",
    "_ret": "0",
    "data": {
      "auditStatus": "1",
      "buyerLevel": "sales_silver",
      "goodsQuality": "0",
      "jpMerchantAuth": "auth_yes",
      "jpMerchantSalesRanking": "0",
      "jpMerchantWuyougou": "",
      "jpPersonalAuth": "",
      "jpSalesAmount3m": "0",
      "jpSalesAmount6m": "0",
      "jpSalesVolume30": "0",
      "merchantName": "自动注册商户13049368516",
      "regCityName": null,
      "regProvinceName": null,
      "scoreDelivery": "5",
      "scoreHot": "5",
      "scoreQuality": "5",
      "sellerLevel": "sales_silver",
      "starLevel": "0"
    }
  }
}
2021-06-25 21:38:59,542 - /Users/liuzhiming/Documents/autotest/WebAutoTestProject/base/http_base.py[line:78] - INFO: Http请求，Url：https://hsbpro.huishoubao.com/hsbpro
headers={'Content-Type': 'application/x-www-form-urlencoded; charset=utf-8'}
body={
  "_head": {
    "_appVersion": "5.0.0",
    "_callerServiceId": "111111",
    "_groupNo": "1",
    "_interface": "get_merchant_info",
    "_invokeId": "iOS_C6E0E068-F2F5-4FE2-934C-BD39CB2DF5E2_1624618031",
    "_msgType": "request",
    "_remark": "",
    "_timestamps": "1624618031",
    "_version": "0.01",
    "channelStr": "appstore",
    "latitude": 22.53245630905639,
    "longitude": 113.94294365618332
  },
  "_param": {
    "login_token": "4512751100206992728bcfb5e6d8f458",
    "merchantId": "220395845",
    "permissions": "0",
    "queryType": "tagInfo"
  }
}
2021-06-25 21:38:59,791 - /Users/liuzhiming/Documents/autotest/WebAutoTestProject/base/http_base.py[line:81] - INFO: https://hsbpro.huishoubao.com/hsbpro响应信息,response=
{
  "_data": {
    "_errCode": "0",
    "_errStr": "SUCCEED",
    "_ret": "0",
    "data": {
      "auditStatus": "1",
      "buyerLevel": "sales_silver",
      "goodsQuality": "0",
      "jpMerchantAuth": "auth_yes",
      "jpMerchantSalesRanking": "0",
      "jpMerchantWuyougou": "",
      "jpPersonalAuth": "",
      "jpSalesAmount3m": "0",
      "jpSalesAmount6m": "0",
      "jpSalesVolume30": "0",
      "merchantName": "自动注册商户13049368516",
      "regCityName": null,
      "regProvinceName": null,
      "scoreDelivery": "5",
      "scoreHot": "5",
      "scoreQuality": "5",
      "sellerLevel": "sales_silver",
      "starLevel": "0"
    }
  }
}
2021-06-25 21:39:31,388 - /Users/liuzhiming/Documents/autotest/WebAutoTestProject/base/http_base.py[line:78] - INFO: Http请求，Url：https://hsbpro.huishoubao.com/hsbpro
headers={'Content-Type': 'application/x-www-form-urlencoded; charset=utf-8'}
body={
  "_head": {
    "_appVersion": "5.0.0",
    "_callerServiceId": "111111",
    "_groupNo": "1",
    "_interface": "get_merchant_info",
    "_invokeId": "iOS_C6E0E068-F2F5-4FE2-934C-BD39CB2DF5E2_1624618031",
    "_msgType": "request",
    "_remark": "",
    "_timestamps": "1624618031",
    "_version": "0.01",
    "channelStr": "appstore",
    "latitude": 22.53245630905639,
    "longitude": 113.94294365618332
  },
  "_param": {
    "login_token": "4512751100206992728bcfb5e6d8f458",
    "merchantId": "220395845",
    "permissions": "0",
    "queryType": "tagInfo"
  }
}
2021-06-25 21:39:31,661 - /Users/liuzhiming/Documents/autotest/WebAutoTestProject/base/http_base.py[line:81] - INFO: https://hsbpro.huishoubao.com/hsbpro响应信息,response=
{
  "_data": {
    "_errCode": "0",
    "_errStr": "SUCCEED",
    "_ret": "0",
    "data": {
      "auditStatus": "1",
      "buyerLevel": "sales_silver",
      "goodsQuality": "0",
      "jpMerchantAuth": "auth_yes",
      "jpMerchantSalesRanking": "0",
      "jpMerchantWuyougou": "",
      "jpPersonalAuth": "",
      "jpSalesAmount3m": "0",
      "jpSalesAmount6m": "0",
      "jpSalesVolume30": "0",
      "merchantName": "自动注册商户13049368516",
      "regCityName": null,
      "regProvinceName": null,
      "scoreDelivery": "5",
      "scoreHot": "5",
      "scoreQuality": "5",
      "sellerLevel": "sales_silver",
      "starLevel": "0"
    }
  }
}
2021-06-25 21:39:45,326 - /Users/liuzhiming/Documents/autotest/WebAutoTestProject/base/http_base.py[line:78] - INFO: Http请求，Url：https://hsbpro.huishoubao.com/hsbpro
headers={'Content-Type': 'application/x-www-form-urlencoded; charset=utf-8'}
body={
  "_head": {
    "_appVersion": "5.0.0",
    "_callerServiceId": "111111",
    "_groupNo": "1",
    "_interface": "get_merchant_info",
    "_invokeId": "iOS_C6E0E068-F2F5-4FE2-934C-BD39CB2DF5E2_1624618031",
    "_msgType": "request",
    "_remark": "",
    "_timestamps": "1624618031",
    "_version": "0.01",
    "channelStr": "appstore",
    "latitude": 22.53245630905639,
    "longitude": 113.94294365618332
  },
  "_param": {
    "login_token": "4512751100206992728bcfb5e6d8f458",
    "merchantId": "220395845",
    "permissions": "0",
    "queryType": "tagInfo"
  }
}
2021-06-25 21:39:45,551 - /Users/liuzhiming/Documents/autotest/WebAutoTestProject/base/http_base.py[line:81] - INFO: https://hsbpro.huishoubao.com/hsbpro响应信息,response=
{
  "_data": {
    "_errCode": "0",
    "_errStr": "SUCCEED",
    "_ret": "0",
    "data": {
      "auditStatus": "1",
      "buyerLevel": "sales_silver",
      "goodsQuality": "0",
      "jpMerchantAuth": "auth_yes",
      "jpMerchantSalesRanking": "0",
      "jpMerchantWuyougou": "",
      "jpPersonalAuth": "",
      "jpSalesAmount3m": "0",
      "jpSalesAmount6m": "0",
      "jpSalesVolume30": "0",
      "merchantName": "自动注册商户13049368516",
      "regCityName": null,
      "regProvinceName": null,
      "scoreDelivery": "5",
      "scoreHot": "5",
      "scoreQuality": "5",
      "sellerLevel": "sales_silver",
      "starLevel": "0"
    }
  }
}
2021-06-25 21:40:23,384 - /Users/liuzhiming/Documents/autotest/WebAutoTestProject/base/http_base.py[line:78] - INFO: Http请求，Url：https://hsbpro.huishoubao.com/hsbpro
headers={'Content-Type': 'application/x-www-form-urlencoded; charset=utf-8'}
body={
  "_head": {
    "_appVersion": "5.0.0",
    "_callerServiceId": "111111",
    "_groupNo": "1",
    "_interface": "get_merchant_info",
    "_invokeId": "iOS_C6E0E068-F2F5-4FE2-934C-BD39CB2DF5E2_1624618031",
    "_msgType": "request",
    "_remark": "",
    "_timestamps": "1624618031",
    "_version": "0.01",
    "channelStr": "appstore",
    "latitude": 22.53245630905639,
    "longitude": 113.94294365618332
  },
  "_param": {
    "login_token": "4512751100206992728bcfb5e6d8f458",
    "merchantId": "220395845",
    "permissions": "0",
    "queryType": "tagInfo"
  }
}
2021-06-25 21:40:23,691 - /Users/liuzhiming/Documents/autotest/WebAutoTestProject/base/http_base.py[line:81] - INFO: https://hsbpro.huishoubao.com/hsbpro响应信息,response=
{
  "_data": {
    "_errCode": "0",
    "_errStr": "SUCCEED",
    "_ret": "0",
    "data": {
      "auditStatus": "1",
      "buyerLevel": "sales_silver",
      "goodsQuality": "0",
      "jpMerchantAuth": "auth_yes",
      "jpMerchantSalesRanking": "0",
      "jpMerchantWuyougou": "",
      "jpPersonalAuth": "",
      "jpSalesAmount3m": "0",
      "jpSalesAmount6m": "0",
      "jpSalesVolume30": "0",
      "merchantName": "自动注册商户13049368516",
      "regCityName": null,
      "regProvinceName": null,
      "scoreDelivery": "5",
      "scoreHot": "5",
      "scoreQuality": "5",
      "sellerLevel": "sales_silver",
      "starLevel": "0"
    }
  }
}
2021-06-25 21:40:40,948 - /Users/liuzhiming/Documents/autotest/WebAutoTestProject/base/http_base.py[line:78] - INFO: Http请求，Url：https://hsbpro.huishoubao.com/hsbpro
headers={'Content-Type': 'application/x-www-form-urlencoded; charset=utf-8'}
body={
  "_head": {
    "_appVersion": "5.0.0",
    "_callerServiceId": "111111",
    "_groupNo": "1",
    "_interface": "get_merchant_info",
    "_invokeId": "iOS_C6E0E068-F2F5-4FE2-934C-BD39CB2DF5E2_1624618031",
    "_msgType": "request",
    "_remark": "",
    "_timestamps": "1624618031",
    "_version": "0.01",
    "channelStr": "appstore",
    "latitude": 22.53245630905639,
    "longitude": 113.94294365618332
  },
  "_param": {
    "login_token": "4512751100206992728bcfb5e6d8f458",
    "merchantId": "220395845",
    "permissions": "0",
    "queryType": "tagInfo"
  }
}
2021-06-25 21:40:41,233 - /Users/liuzhiming/Documents/autotest/WebAutoTestProject/base/http_base.py[line:81] - INFO: https://hsbpro.huishoubao.com/hsbpro响应信息,response=
{
  "_data": {
    "_errCode": "0",
    "_errStr": "SUCCEED",
    "_ret": "0",
    "data": {
      "auditStatus": "1",
      "buyerLevel": "sales_silver",
      "goodsQuality": "0",
      "jpMerchantAuth": "auth_yes",
      "jpMerchantSalesRanking": "0",
      "jpMerchantWuyougou": "",
      "jpPersonalAuth": "",
      "jpSalesAmount3m": "0",
      "jpSalesAmount6m": "0",
      "jpSalesVolume30": "0",
      "merchantName": "自动注册商户13049368516",
      "regCityName": null,
      "regProvinceName": null,
      "scoreDelivery": "5",
      "scoreHot": "5",
      "scoreQuality": "5",
      "sellerLevel": "sales_silver",
      "starLevel": "0"
    }
  }
}
2021-06-25 21:43:32,764 - /Users/liuzhiming/Documents/autotest/WebAutoTestProject/base/http_base.py[line:78] - INFO: Http请求，Url：https://hsbpro.huishoubao.com/hsbpro
headers={'Content-Type': 'application/x-www-form-urlencoded; charset=utf-8'}
body={
  "_head": {
    "_appVersion": "5.0.0",
    "_callerServiceId": "111111",
    "_groupNo": "1",
    "_interface": "get_merchant_info",
    "_invokeId": "iOS_C6E0E068-F2F5-4FE2-934C-BD39CB2DF5E2_1624618031",
    "_msgType": "request",
    "_remark": "",
    "_timestamps": "1624618031",
    "_version": "0.01",
    "channelStr": "appstore",
    "latitude": 22.53245630905639,
    "longitude": 113.94294365618332
  },
  "_param": {
    "login_token": "4512751100206992728bcfb5e6d8f458",
    "merchantId": "220395845",
    "permissions": "0",
    "queryType": "tagInfo"
  }
}
2021-06-25 21:44:03,686 - /Users/liuzhiming/Documents/autotest/WebAutoTestProject/base/http_base.py[line:78] - INFO: Http请求，Url：https://hsbpro.huishoubao.com/hsbpro
headers={'Content-Type': 'application/x-www-form-urlencoded; charset=utf-8'}
body={
  "_head": {
    "_appVersion": "5.0.0",
    "_callerServiceId": "111111",
    "_groupNo": "1",
    "_interface": "get_merchant_info",
    "_invokeId": "iOS_C6E0E068-F2F5-4FE2-934C-BD39CB2DF5E2_1624618031",
    "_msgType": "request",
    "_remark": "",
    "_timestamps": "1624618031",
    "_version": "0.01",
    "channelStr": "appstore",
    "latitude": 22.53245630905639,
    "longitude": 113.94294365618332
  },
  "_param": {
    "login_token": "4512751100206992728bcfb5e6d8f458",
    "merchantId": "220395845",
    "permissions": "0",
    "queryType": "tagInfo"
  }
}
2021-06-25 21:44:26,301 - /Users/liuzhiming/Documents/autotest/WebAutoTestProject/base/http_base.py[line:78] - INFO: Http请求，Url：https://hsbpro.huishoubao.com/hsbpro
headers={'Content-Type': 'application/x-www-form-urlencoded; charset=utf-8'}
body={
  "_head": {
    "_appVersion": "5.0.0",
    "_callerServiceId": "111111",
    "_groupNo": "1",
    "_interface": "get_merchant_info",
    "_invokeId": "iOS_C6E0E068-F2F5-4FE2-934C-BD39CB2DF5E2_1624618031",
    "_msgType": "request",
    "_remark": "",
    "_timestamps": "1624618031",
    "_version": "0.01",
    "channelStr": "appstore",
    "latitude": 22.53245630905639,
    "longitude": 113.94294365618332
  },
  "_param": {
    "login_token": "4512751100206992728bcfb5e6d8f458",
    "merchantId": "220395845",
    "permissions": "0",
    "queryType": "tagInfo"
  }
}
2021-06-25 21:44:26,552 - /Users/liuzhiming/Documents/autotest/WebAutoTestProject/base/http_base.py[line:81] - INFO: https://hsbpro.huishoubao.com/hsbpro响应信息,headers=
{
  "Access-Control-Allow-Headers": "x-requested-with,content-type",
  "Access-Control-Allow-Methods": "POST,GET,PUT",
  "Access-Control-Allow-Origin": "*",
  "Connection": "keep-alive",
  "Content-Type": "application/json",
  "Date": "Fri, 25 Jun 2021 13:44:26 GMT",
  "Server": "nginx",
  "Transfer-Encoding": "chunked"
}
response_body=
{
  "_data": {
    "_errCode": "0",
    "_errStr": "SUCCEED",
    "_ret": "0",
    "data": {
      "auditStatus": "1",
      "buyerLevel": "sales_silver",
      "goodsQuality": "0",
      "jpMerchantAuth": "auth_yes",
      "jpMerchantSalesRanking": "0",
      "jpMerchantWuyougou": "",
      "jpPersonalAuth": "",
      "jpSalesAmount3m": "0",
      "jpSalesAmount6m": "0",
      "jpSalesVolume30": "0",
      "merchantName": "自动注册商户13049368516",
      "regCityName": null,
      "regProvinceName": null,
      "scoreDelivery": "5",
      "scoreHot": "5",
      "scoreQuality": "5",
      "sellerLevel": "sales_silver",
      "starLevel": "0"
    }
  }
}
2021-06-25 22:03:03,400 - /Users/liuzhiming/Documents/autotest/WebAutoTestProject/base/http_base.py[line:78] - INFO: Http请求，Url：https://hsbpro.huishoubao.com/hsbpro
headers={'Content-Type': 'application/x-www-form-urlencoded; charset=utf-8'}
body={
  "_head": {
    "_appVersion": "5.0.0",
    "_callerServiceId": "111111",
    "_groupNo": "1",
    "_interface": "get_merchant_info",
    "_invokeId": "iOS_C854F1C2-5E70-44D3-853C-655BBA17E54E_1624629783",
    "_msgType": "request",
    "_remark": "",
    "_timestamps": "1624629783",
    "_version": "0.01",
    "channelStr": "appstore",
    "latitude": 22.532460629273437,
    "longitude": 113.94299928073816
  },
  "_param": {
    "login_token": "4512751100206992728bcfb5e6d8f458",
    "merchantId": "220395845",
    "permissions": "0",
    "queryType": "tagInfo"
  }
}
2021-06-25 22:03:03,768 - /Users/liuzhiming/Documents/autotest/WebAutoTestProject/base/http_base.py[line:81] - INFO: https://hsbpro.huishoubao.com/hsbpro响应信息,headers=
{
  "Access-Control-Allow-Headers": "x-requested-with,content-type",
  "Access-Control-Allow-Methods": "POST,GET,PUT",
  "Access-Control-Allow-Origin": "*",
  "Connection": "keep-alive",
  "Content-Type": "application/json",
  "Date": "Fri, 25 Jun 2021 14:03:03 GMT",
  "Server": "nginx",
  "Transfer-Encoding": "chunked"
}
response_body=
{
  "_data": {
    "_errCode": "0",
    "_errStr": "SUCCEED",
    "_ret": "0",
    "data": {
      "auditStatus": "1",
      "buyerLevel": "sales_silver",
      "goodsQuality": "0",
      "jpMerchantAuth": "auth_yes",
      "jpMerchantSalesRanking": "0",
      "jpMerchantWuyougou": "",
      "jpPersonalAuth": "",
      "jpSalesAmount3m": "0",
      "jpSalesAmount6m": "0",
      "jpSalesVolume30": "0",
      "merchantName": "自动注册商户13049368516",
      "regCityName": null,
      "regProvinceName": null,
      "scoreDelivery": "5",
      "scoreHot": "5",
      "scoreQuality": "5",
      "sellerLevel": "sales_silver",
      "starLevel": "0"
    }
  }
}
2021-06-25 22:10:05,658 - /Users/liuzhiming/Documents/autotest/WebAutoTestProject/base/http_base.py[line:80] - INFO: Http请求，Url：https://hsbpro.huishoubao.com/hsbpro
headers={'Content-Type': 'application/x-www-form-urlencoded; charset=utf-8'}
body={
  "_head": {
    "_appVersion": "5.0.0",
    "_callerServiceId": "111111",
    "_groupNo": "1",
    "_interface": "get_merchant_info",
    "_invokeId": "iOS_C854F1C2-5E70-44D3-853C-655BBA17E54E_1624630205",
    "_msgType": "request",
    "_remark": "",
    "_timestamps": "1624630205",
    "_version": "0.01",
    "channelStr": "appstore",
    "latitude": 22.532460629273437,
    "longitude": 113.94299928073816
  },
  "_param": {
    "login_token": "4512751100206992728bcfb5e6d8f458",
    "merchantId": "220395845",
    "permissions": "0",
    "queryType": "tagInfo"
  }
}
2021-06-25 22:10:05,973 - /Users/liuzhiming/Documents/autotest/WebAutoTestProject/base/http_base.py[line:83] - INFO: https://hsbpro.huishoubao.com/hsbpro响应信息,headers=
{
  "Access-Control-Allow-Headers": "x-requested-with,content-type",
  "Access-Control-Allow-Methods": "POST,GET,PUT",
  "Access-Control-Allow-Origin": "*",
  "Connection": "keep-alive",
  "Content-Type": "application/json",
  "Date": "Fri, 25 Jun 2021 14:10:06 GMT",
  "Server": "nginx",
  "Transfer-Encoding": "chunked"
}
response_body=
{
  "_data": {
    "_errCode": "0",
    "_errStr": "SUCCEED",
    "_ret": "0",
    "data": {
      "auditStatus": "1",
      "buyerLevel": "sales_silver",
      "goodsQuality": "0",
      "jpMerchantAuth": "auth_yes",
      "jpMerchantSalesRanking": "0",
      "jpMerchantWuyougou": "",
      "jpPersonalAuth": "",
      "jpSalesAmount3m": "0",
      "jpSalesAmount6m": "0",
      "jpSalesVolume30": "0",
      "merchantName": "自动注册商户13049368516",
      "regCityName": null,
      "regProvinceName": null,
      "scoreDelivery": "5",
      "scoreHot": "5",
      "scoreQuality": "5",
      "sellerLevel": "sales_silver",
      "starLevel": "0"
    }
  }
}
2021-06-25 22:10:06,983 - /Users/liuzhiming/Documents/autotest/WebAutoTestProject/utils/common.py[line:28] - INFO: do_post--总耗时：1.32秒
2021-06-25 22:10:53,291 - /Users/liuzhiming/Documents/autotest/WebAutoTestProject/base/http_base.py[line:80] - INFO: Http请求，Url：https://hsbpro.huishoubao.com/hsbpro
headers={'Content-Type': 'application/x-www-form-urlencoded; charset=utf-8'}
body={
  "_head": {
    "_appVersion": "5.0.0",
    "_callerServiceId": "111111",
    "_groupNo": "1",
    "_interface": "get_merchant_info",
    "_invokeId": "iOS_C854F1C2-5E70-44D3-853C-655BBA17E54E_1624630253",
    "_msgType": "request",
    "_remark": "",
    "_timestamps": "1624630253",
    "_version": "0.01",
    "channelStr": "appstore",
    "latitude": 22.532460629273437,
    "longitude": 113.94299928073816
  },
  "_param": {
    "login_token": "4512751100206992728bcfb5e6d8f458",
    "merchantId": "220395845",
    "permissions": "0",
    "queryType": "tagInfo"
  }
}
2021-06-25 22:10:53,603 - /Users/liuzhiming/Documents/autotest/WebAutoTestProject/base/http_base.py[line:83] - INFO: https://hsbpro.huishoubao.com/hsbpro响应信息,headers=
{
  "Access-Control-Allow-Headers": "x-requested-with,content-type",
  "Access-Control-Allow-Methods": "POST,GET,PUT",
  "Access-Control-Allow-Origin": "*",
  "Connection": "keep-alive",
  "Content-Type": "application/json",
  "Date": "Fri, 25 Jun 2021 14:10:53 GMT",
  "Server": "nginx",
  "Transfer-Encoding": "chunked"
}
response_body=
{
  "_data": {
    "_errCode": "0",
    "_errStr": "SUCCEED",
    "_ret": "0",
    "data": {
      "auditStatus": "1",
      "buyerLevel": "sales_silver",
      "goodsQuality": "0",
      "jpMerchantAuth": "auth_yes",
      "jpMerchantSalesRanking": "0",
      "jpMerchantWuyougou": "",
      "jpPersonalAuth": "",
      "jpSalesAmount3m": "0",
      "jpSalesAmount6m": "0",
      "jpSalesVolume30": "0",
      "merchantName": "自动注册商户13049368516",
      "regCityName": null,
      "regProvinceName": null,
      "scoreDelivery": "5",
      "scoreHot": "5",
      "scoreQuality": "5",
      "sellerLevel": "sales_silver",
      "starLevel": "0"
    }
  }
}
2021-06-25 22:10:54,612 - /Users/liuzhiming/Documents/autotest/WebAutoTestProject/utils/common.py[line:28] - INFO: 执行耗时：do_post秒
2021-06-25 22:11:17,299 - /Users/liuzhiming/Documents/autotest/WebAutoTestProject/base/http_base.py[line:80] - INFO: Http请求，Url：https://hsbpro.huishoubao.com/hsbpro
headers={'Content-Type': 'application/x-www-form-urlencoded; charset=utf-8'}
body={
  "_head": {
    "_appVersion": "5.0.0",
    "_callerServiceId": "111111",
    "_groupNo": "1",
    "_interface": "get_merchant_info",
    "_invokeId": "iOS_C854F1C2-5E70-44D3-853C-655BBA17E54E_1624630277",
    "_msgType": "request",
    "_remark": "",
    "_timestamps": "1624630277",
    "_version": "0.01",
    "channelStr": "appstore",
    "latitude": 22.532460629273437,
    "longitude": 113.94299928073816
  },
  "_param": {
    "login_token": "4512751100206992728bcfb5e6d8f458",
    "merchantId": "220395845",
    "permissions": "0",
    "queryType": "tagInfo"
  }
}
2021-06-25 22:11:17,575 - /Users/liuzhiming/Documents/autotest/WebAutoTestProject/base/http_base.py[line:83] - INFO: https://hsbpro.huishoubao.com/hsbpro响应信息,headers=
{
  "Access-Control-Allow-Headers": "x-requested-with,content-type",
  "Access-Control-Allow-Methods": "POST,GET,PUT",
  "Access-Control-Allow-Origin": "*",
  "Connection": "keep-alive",
  "Content-Type": "application/json",
  "Date": "Fri, 25 Jun 2021 14:11:17 GMT",
  "Server": "nginx",
  "Transfer-Encoding": "chunked"
}
response_body=
{
  "_data": {
    "_errCode": "0",
    "_errStr": "SUCCEED",
    "_ret": "0",
    "data": {
      "auditStatus": "1",
      "buyerLevel": "sales_silver",
      "goodsQuality": "0",
      "jpMerchantAuth": "auth_yes",
      "jpMerchantSalesRanking": "0",
      "jpMerchantWuyougou": "",
      "jpPersonalAuth": "",
      "jpSalesAmount3m": "0",
      "jpSalesAmount6m": "0",
      "jpSalesVolume30": "0",
      "merchantName": "自动注册商户13049368516",
      "regCityName": null,
      "regProvinceName": null,
      "scoreDelivery": "5",
      "scoreHot": "5",
      "scoreQuality": "5",
      "sellerLevel": "sales_silver",
      "starLevel": "0"
    }
  }
}
2021-06-25 22:11:18,582 - /Users/liuzhiming/Documents/autotest/WebAutoTestProject/utils/common.py[line:28] - INFO: 执行耗时：1.28秒
2021-06-25 22:12:38,110 - /Users/liuzhiming/Documents/autotest/WebAutoTestProject/base/http_base.py[line:80] - INFO: Http请求，Url：https://hsbpro.huishoubao.com/hsbpro
headers={'Content-Type': 'application/x-www-form-urlencoded; charset=utf-8'}
body={
  "_head": {
    "_appVersion": "5.0.0",
    "_callerServiceId": "111111",
    "_groupNo": "1",
    "_interface": "get_merchant_info",
    "_invokeId": "iOS_C854F1C2-5E70-44D3-853C-655BBA17E54E_1624630358",
    "_msgType": "request",
    "_remark": "",
    "_timestamps": "1624630358",
    "_version": "0.01",
    "channelStr": "appstore",
    "latitude": 22.532460629273437,
    "longitude": 113.94299928073816
  },
  "_param": {
    "login_token": "4512751100206992728bcfb5e6d8f458",
    "merchantId": "220395845",
    "permissions": "0",
    "queryType": "tagInfo"
  }
}
2021-06-25 22:12:38,384 - /Users/liuzhiming/Documents/autotest/WebAutoTestProject/base/http_base.py[line:83] - INFO: https://hsbpro.huishoubao.com/hsbpro响应信息,headers=
{
  "Access-Control-Allow-Headers": "x-requested-with,content-type",
  "Access-Control-Allow-Methods": "POST,GET,PUT",
  "Access-Control-Allow-Origin": "*",
  "Connection": "keep-alive",
  "Content-Type": "application/json",
  "Date": "Fri, 25 Jun 2021 14:12:38 GMT",
  "Server": "nginx",
  "Transfer-Encoding": "chunked"
}
response_body=
{
  "_data": {
    "_errCode": "0",
    "_errStr": "SUCCEED",
    "_ret": "0",
    "data": {
      "auditStatus": "1",
      "buyerLevel": "sales_silver",
      "goodsQuality": "0",
      "jpMerchantAuth": "auth_yes",
      "jpMerchantSalesRanking": "0",
      "jpMerchantWuyougou": "",
      "jpPersonalAuth": "",
      "jpSalesAmount3m": "0",
      "jpSalesAmount6m": "0",
      "jpSalesVolume30": "0",
      "merchantName": "自动注册商户13049368516",
      "regCityName": null,
      "regProvinceName": null,
      "scoreDelivery": "5",
      "scoreHot": "5",
      "scoreQuality": "5",
      "sellerLevel": "sales_silver",
      "starLevel": "0"
    }
  }
}
2021-06-25 22:12:39,393 - /Users/liuzhiming/Documents/autotest/WebAutoTestProject/utils/common.py[line:28] - INFO: 执行耗时：1.28秒


2021-06-25 22:12:41,478 - /Users/liuzhiming/Documents/autotest/WebAutoTestProject/base/http_base.py[line:80] - INFO: Http请求，Url：https://hsbpro.huishoubao.com/hsbpro
headers={'Content-Type': 'application/x-www-form-urlencoded; charset=utf-8'}
body={
  "_head": {
    "_appVersion": "5.0.0",
    "_callerServiceId": "111111",
    "_groupNo": "1",
    "_interface": "get_merchant_info",
    "_invokeId": "iOS_C854F1C2-5E70-44D3-853C-655BBA17E54E_1624630361",
    "_msgType": "request",
    "_remark": "",
    "_timestamps": "1624630361",
    "_version": "0.01",
    "channelStr": "appstore",
    "latitude": 22.532460629273437,
    "longitude": 113.94299928073816
  },
  "_param": {
    "login_token": "4512751100206992728bcfb5e6d8f458",
    "merchantId": "220395845",
    "permissions": "0",
    "queryType": "tagInfo"
  }
}
2021-06-25 22:12:41,746 - /Users/liuzhiming/Documents/autotest/WebAutoTestProject/base/http_base.py[line:83] - INFO: https://hsbpro.huishoubao.com/hsbpro响应信息,headers=
{
  "Access-Control-Allow-Headers": "x-requested-with,content-type",
  "Access-Control-Allow-Methods": "POST,GET,PUT",
  "Access-Control-Allow-Origin": "*",
  "Connection": "keep-alive",
  "Content-Type": "application/json",
  "Date": "Fri, 25 Jun 2021 14:12:41 GMT",
  "Server": "nginx",
  "Transfer-Encoding": "chunked"
}
response_body=
{
  "_data": {
    "_errCode": "0",
    "_errStr": "SUCCEED",
    "_ret": "0",
    "data": {
      "auditStatus": "1",
      "buyerLevel": "sales_silver",
      "goodsQuality": "0",
      "jpMerchantAuth": "auth_yes",
      "jpMerchantSalesRanking": "0",
      "jpMerchantWuyougou": "",
      "jpPersonalAuth": "",
      "jpSalesAmount3m": "0",
      "jpSalesAmount6m": "0",
      "jpSalesVolume30": "0",
      "merchantName": "自动注册商户13049368516",
      "regCityName": null,
      "regProvinceName": null,
      "scoreDelivery": "5",
      "scoreHot": "5",
      "scoreQuality": "5",
      "sellerLevel": "sales_silver",
      "starLevel": "0"
    }
  }
}
2021-06-25 22:12:42,748 - /Users/liuzhiming/Documents/autotest/WebAutoTestProject/utils/common.py[line:28] - INFO: 执行耗时：1.27秒


2021-06-25 22:14:04,878 - /Users/liuzhiming/Documents/autotest/WebAutoTestProject/base/http_base.py[line:80] - INFO: https://hsbpro.huishoubao.com/hsbpro请求信息：
headers={'Content-Type': 'application/x-www-form-urlencoded; charset=utf-8'}
body={
  "_head": {
    "_appVersion": "5.0.0",
    "_callerServiceId": "111111",
    "_groupNo": "1",
    "_interface": "get_merchant_info",
    "_invokeId": "iOS_C854F1C2-5E70-44D3-853C-655BBA17E54E_1624630444",
    "_msgType": "request",
    "_remark": "",
    "_timestamps": "1624630444",
    "_version": "0.01",
    "channelStr": "appstore",
    "latitude": 22.532460629273437,
    "longitude": 113.94299928073816
  },
  "_param": {
    "login_token": "4512751100206992728bcfb5e6d8f458",
    "merchantId": "220395845",
    "permissions": "0",
    "queryType": "tagInfo"
  }
}
2021-06-25 22:14:05,215 - /Users/liuzhiming/Documents/autotest/WebAutoTestProject/base/http_base.py[line:83] - INFO: https://hsbpro.huishoubao.com/hsbpro响应信息：headers=
{
  "Access-Control-Allow-Headers": "x-requested-with,content-type",
  "Access-Control-Allow-Methods": "POST,GET,PUT",
  "Access-Control-Allow-Origin": "*",
  "Connection": "keep-alive",
  "Content-Type": "application/json",
  "Date": "Fri, 25 Jun 2021 14:14:05 GMT",
  "Server": "nginx",
  "Transfer-Encoding": "chunked"
}
response_body=
{
  "_data": {
    "_errCode": "0",
    "_errStr": "SUCCEED",
    "_ret": "0",
    "data": {
      "auditStatus": "1",
      "buyerLevel": "sales_silver",
      "goodsQuality": "0",
      "jpMerchantAuth": "auth_yes",
      "jpMerchantSalesRanking": "0",
      "jpMerchantWuyougou": "",
      "jpPersonalAuth": "",
      "jpSalesAmount3m": "0",
      "jpSalesAmount6m": "0",
      "jpSalesVolume30": "0",
      "merchantName": "自动注册商户13049368516",
      "regCityName": null,
      "regProvinceName": null,
      "scoreDelivery": "5",
      "scoreHot": "5",
      "scoreQuality": "5",
      "sellerLevel": "sales_silver",
      "starLevel": "0"
    }
  }
}
2021-06-25 22:14:06,223 - /Users/liuzhiming/Documents/autotest/WebAutoTestProject/utils/common.py[line:28] - INFO: 执行耗时：1.34秒


2021-06-25 22:14:07,566 - /Users/liuzhiming/Documents/autotest/WebAutoTestProject/base/http_base.py[line:80] - INFO: https://hsbpro.huishoubao.com/hsbpro请求信息：
headers={'Content-Type': 'application/x-www-form-urlencoded; charset=utf-8'}
body={
  "_head": {
    "_appVersion": "5.0.0",
    "_callerServiceId": "111111",
    "_groupNo": "1",
    "_interface": "get_merchant_info",
    "_invokeId": "iOS_C854F1C2-5E70-44D3-853C-655BBA17E54E_1624630447",
    "_msgType": "request",
    "_remark": "",
    "_timestamps": "1624630447",
    "_version": "0.01",
    "channelStr": "appstore",
    "latitude": 22.532460629273437,
    "longitude": 113.94299928073816
  },
  "_param": {
    "login_token": "4512751100206992728bcfb5e6d8f458",
    "merchantId": "220395845",
    "permissions": "0",
    "queryType": "tagInfo"
  }
}
2021-06-25 22:14:07,806 - /Users/liuzhiming/Documents/autotest/WebAutoTestProject/base/http_base.py[line:83] - INFO: https://hsbpro.huishoubao.com/hsbpro响应信息：headers=
{
  "Access-Control-Allow-Headers": "x-requested-with,content-type",
  "Access-Control-Allow-Methods": "POST,GET,PUT",
  "Access-Control-Allow-Origin": "*",
  "Connection": "keep-alive",
  "Content-Type": "application/json",
  "Date": "Fri, 25 Jun 2021 14:14:07 GMT",
  "Server": "nginx",
  "Transfer-Encoding": "chunked"
}
response_body=
{
  "_data": {
    "_errCode": "0",
    "_errStr": "SUCCEED",
    "_ret": "0",
    "data": {
      "auditStatus": "1",
      "buyerLevel": "sales_silver",
      "goodsQuality": "0",
      "jpMerchantAuth": "auth_yes",
      "jpMerchantSalesRanking": "0",
      "jpMerchantWuyougou": "",
      "jpPersonalAuth": "",
      "jpSalesAmount3m": "0",
      "jpSalesAmount6m": "0",
      "jpSalesVolume30": "0",
      "merchantName": "自动注册商户13049368516",
      "regCityName": null,
      "regProvinceName": null,
      "scoreDelivery": "5",
      "scoreHot": "5",
      "scoreQuality": "5",
      "sellerLevel": "sales_silver",
      "starLevel": "0"
    }
  }
}
2021-06-25 22:14:08,814 - /Users/liuzhiming/Documents/autotest/WebAutoTestProject/utils/common.py[line:28] - INFO: 执行耗时：1.25秒


2021-06-25 22:15:11,996 - /Users/liuzhiming/Documents/autotest/WebAutoTestProject/base/http_base.py[line:80] - INFO: https://hsbpro.huishoubao.com/hsbpro请求信息：
headers={'Content-Type': 'application/x-www-form-urlencoded; charset=utf-8'}
body={
  "_head": {
    "_appVersion": "5.0.0",
    "_callerServiceId": "111111",
    "_groupNo": "1",
    "_interface": "get_merchant_info",
    "_invokeId": "iOS_C854F1C2-5E70-44D3-853C-655BBA17E54E_1624630511",
    "_msgType": "request",
    "_remark": "",
    "_timestamps": "1624630511",
    "_version": "0.01",
    "channelStr": "appstore",
    "latitude": 22.532460629273437,
    "longitude": 113.94299928073816
  },
  "_param": {
    "login_token": "4512751100206992728bcfb5e6d8f458",
    "merchantId": "220395845",
    "permissions": "0",
    "queryType": "tagInfo"
  }
}
2021-06-25 22:15:12,285 - /Users/liuzhiming/Documents/autotest/WebAutoTestProject/base/http_base.py[line:83] - INFO: https://hsbpro.huishoubao.com/hsbpro响应信息：
headers={
  "Access-Control-Allow-Headers": "x-requested-with,content-type",
  "Access-Control-Allow-Methods": "POST,GET,PUT",
  "Access-Control-Allow-Origin": "*",
  "Connection": "keep-alive",
  "Content-Type": "application/json",
  "Date": "Fri, 25 Jun 2021 14:15:12 GMT",
  "Server": "nginx",
  "Transfer-Encoding": "chunked"
}
response_body={
  "_data": {
    "_errCode": "0",
    "_errStr": "SUCCEED",
    "_ret": "0",
    "data": {
      "auditStatus": "1",
      "buyerLevel": "sales_silver",
      "goodsQuality": "0",
      "jpMerchantAuth": "auth_yes",
      "jpMerchantSalesRanking": "0",
      "jpMerchantWuyougou": "",
      "jpPersonalAuth": "",
      "jpSalesAmount3m": "0",
      "jpSalesAmount6m": "0",
      "jpSalesVolume30": "0",
      "merchantName": "自动注册商户13049368516",
      "regCityName": null,
      "regProvinceName": null,
      "scoreDelivery": "5",
      "scoreHot": "5",
      "scoreQuality": "5",
      "sellerLevel": "sales_silver",
      "starLevel": "0"
    }
  }
}
2021-06-25 22:15:13,294 - /Users/liuzhiming/Documents/autotest/WebAutoTestProject/utils/common.py[line:28] - INFO: 执行耗时：1.29秒


