2021-06-21 20:23:55,638 - /Users/liuzhiming/Documents/autotest/WebAutoTestProject/page/web_hsb_page/oms_login_page.py[line:31] - INFO: 开始输入用户名
2021-06-21 20:23:55,639 - /Users/liuzhiming/Documents/autotest/WebAutoTestProject/base/base_page.py[line:62] - INFO: >>>开始寻找元素:定位方法xpath，值.//*[@id='app']/form/div[1]/div/div/input
2021-06-21 20:23:55,683 - /Users/liuzhiming/Documents/autotest/WebAutoTestProject/base/base_page.py[line:72] - INFO: 成功定位元素:定位方法xpath，值.//*[@id='app']/form/div[1]/div/div/input
2021-06-21 20:23:55,825 - /Users/liuzhiming/Documents/autotest/WebAutoTestProject/base/base_page.py[line:62] - INFO: >>>开始寻找元素:定位方法xpath，值.//*[@id='app']/form/div[1]/div/div/input
2021-06-21 20:23:55,840 - /Users/liuzhiming/Documents/autotest/WebAutoTestProject/base/base_page.py[line:72] - INFO: 成功定位元素:定位方法xpath，值.//*[@id='app']/form/div[1]/div/div/input
2021-06-21 20:23:56,505 - /Users/liuzhiming/Documents/autotest/WebAutoTestProject/page/web_hsb_page/oms_login_page.py[line:35] - INFO: 开始输入密码
2021-06-21 20:23:56,505 - /Users/liuzhiming/Documents/autotest/WebAutoTestProject/base/base_page.py[line:62] - INFO: >>>开始寻找元素:定位方法xpath，值.//*[@id='app']/form/div[2]/div/div/input
2021-06-21 20:23:56,526 - /Users/liuzhiming/Documents/autotest/WebAutoTestProject/base/base_page.py[line:72] - INFO: 成功定位元素:定位方法xpath，值.//*[@id='app']/form/div[2]/div/div/input
2021-06-21 20:23:56,763 - /Users/liuzhiming/Documents/autotest/WebAutoTestProject/base/base_page.py[line:62] - INFO: >>>开始寻找元素:定位方法xpath，值.//*[@id='app']/form/div[2]/div/div/input
2021-06-21 20:23:56,782 - /Users/liuzhiming/Documents/autotest/WebAutoTestProject/base/base_page.py[line:72] - INFO: 成功定位元素:定位方法xpath，值.//*[@id='app']/form/div[2]/div/div/input
2021-06-21 20:23:56,925 - /Users/liuzhiming/Documents/autotest/WebAutoTestProject/page/web_hsb_page/oms_login_page.py[line:37] - INFO: 点击登录
2021-06-21 20:23:56,925 - /Users/liuzhiming/Documents/autotest/WebAutoTestProject/base/base_page.py[line:62] - INFO: >>>开始寻找元素:定位方法xpath，值.//*[@id='app']/form/div[3]/div/button
2021-06-21 20:23:56,951 - /Users/liuzhiming/Documents/autotest/WebAutoTestProject/base/base_page.py[line:72] - INFO: 成功定位元素:定位方法xpath，值.//*[@id='app']/form/div[3]/div/button
2021-06-21 20:24:05,093 - /Users/liuzhiming/Documents/autotest/WebAutoTestProject/page/web_hsb_page/oms_login_page.py[line:31] - INFO: 开始输入用户名
2021-06-21 20:24:05,093 - /Users/liuzhiming/Documents/autotest/WebAutoTestProject/base/base_page.py[line:62] - INFO: >>>开始寻找元素:定位方法xpath，值.//*[@id='app']/form/div[1]/div/div/input
2021-06-21 20:24:05,139 - /Users/liuzhiming/Documents/autotest/WebAutoTestProject/base/base_page.py[line:72] - INFO: 成功定位元素:定位方法xpath，值.//*[@id='app']/form/div[1]/div/div/input
2021-06-21 20:24:05,277 - /Users/liuzhiming/Documents/autotest/WebAutoTestProject/base/base_page.py[line:62] - INFO: >>>开始寻找元素:定位方法xpath，值.//*[@id='app']/form/div[1]/div/div/input
2021-06-21 20:24:05,292 - /Users/liuzhiming/Documents/autotest/WebAutoTestProject/base/base_page.py[line:72] - INFO: 成功定位元素:定位方法xpath，值.//*[@id='app']/form/div[1]/div/div/input
2021-06-21 20:24:05,543 - /Users/liuzhiming/Documents/autotest/WebAutoTestProject/page/web_hsb_page/oms_login_page.py[line:35] - INFO: 开始输入密码
2021-06-21 20:24:05,543 - /Users/liuzhiming/Documents/autotest/WebAutoTestProject/base/base_page.py[line:62] - INFO: >>>开始寻找元素:定位方法xpath，值.//*[@id='app']/form/div[2]/div/div/input
2021-06-21 20:24:05,561 - /Users/liuzhiming/Documents/autotest/WebAutoTestProject/base/base_page.py[line:72] - INFO: 成功定位元素:定位方法xpath，值.//*[@id='app']/form/div[2]/div/div/input
2021-06-21 20:24:05,602 - /Users/liuzhiming/Documents/autotest/WebAutoTestProject/base/base_page.py[line:62] - INFO: >>>开始寻找元素:定位方法xpath，值.//*[@id='app']/form/div[2]/div/div/input
2021-06-21 20:24:05,615 - /Users/liuzhiming/Documents/autotest/WebAutoTestProject/base/base_page.py[line:72] - INFO: 成功定位元素:定位方法xpath，值.//*[@id='app']/form/div[2]/div/div/input
2021-06-21 20:24:05,686 - /Users/liuzhiming/Documents/autotest/WebAutoTestProject/page/web_hsb_page/oms_login_page.py[line:37] - INFO: 点击登录
2021-06-21 20:24:05,686 - /Users/liuzhiming/Documents/autotest/WebAutoTestProject/base/base_page.py[line:62] - INFO: >>>开始寻找元素:定位方法xpath，值.//*[@id='app']/form/div[3]/div/button
2021-06-21 20:24:05,703 - /Users/liuzhiming/Documents/autotest/WebAutoTestProject/base/base_page.py[line:72] - INFO: 成功定位元素:定位方法xpath，值.//*[@id='app']/form/div[3]/div/button
2021-06-21 20:50:36,277 - /Users/liuzhiming/Documents/autotest/WebAutoTestProject/page/web_hsb_page/oms_login_page.py[line:31] - INFO: 开始输入用户名
2021-06-21 20:50:36,278 - /Users/liuzhiming/Documents/autotest/WebAutoTestProject/base/base_page.py[line:62] - INFO: >>>开始寻找元素:定位方法xpath，值.//*[@id='app']/form/div[1]/div/div/input
2021-06-21 20:50:36,325 - /Users/liuzhiming/Documents/autotest/WebAutoTestProject/base/base_page.py[line:72] - INFO: 成功定位元素:定位方法xpath，值.//*[@id='app']/form/div[1]/div/div/input
2021-06-21 20:50:36,469 - /Users/liuzhiming/Documents/autotest/WebAutoTestProject/base/base_page.py[line:62] - INFO: >>>开始寻找元素:定位方法xpath，值.//*[@id='app']/form/div[1]/div/div/input
2021-06-21 20:50:36,482 - /Users/liuzhiming/Documents/autotest/WebAutoTestProject/base/base_page.py[line:72] - INFO: 成功定位元素:定位方法xpath，值.//*[@id='app']/form/div[1]/div/div/input
2021-06-21 20:50:37,052 - /Users/liuzhiming/Documents/autotest/WebAutoTestProject/page/web_hsb_page/oms_login_page.py[line:35] - INFO: 开始输入密码
2021-06-21 20:50:37,052 - /Users/liuzhiming/Documents/autotest/WebAutoTestProject/base/base_page.py[line:62] - INFO: >>>开始寻找元素:定位方法xpath，值.//*[@id='app']/form/div[2]/div/div/input
2021-06-21 20:50:37,082 - /Users/liuzhiming/Documents/autotest/WebAutoTestProject/base/base_page.py[line:72] - INFO: 成功定位元素:定位方法xpath，值.//*[@id='app']/form/div[2]/div/div/input
2021-06-21 20:50:37,184 - /Users/liuzhiming/Documents/autotest/WebAutoTestProject/base/base_page.py[line:62] - INFO: >>>开始寻找元素:定位方法xpath，值.//*[@id='app']/form/div[2]/div/div/input
2021-06-21 20:50:37,243 - /Users/liuzhiming/Documents/autotest/WebAutoTestProject/base/base_page.py[line:72] - INFO: 成功定位元素:定位方法xpath，值.//*[@id='app']/form/div[2]/div/div/input
2021-06-21 20:50:37,465 - /Users/liuzhiming/Documents/autotest/WebAutoTestProject/page/web_hsb_page/oms_login_page.py[line:37] - INFO: 点击登录
2021-06-21 20:50:37,465 - /Users/liuzhiming/Documents/autotest/WebAutoTestProject/base/base_page.py[line:62] - INFO: >>>开始寻找元素:定位方法xpath，值.//*[@id='app']/form/div[3]/div/button
2021-06-21 20:50:37,490 - /Users/liuzhiming/Documents/autotest/WebAutoTestProject/base/base_page.py[line:72] - INFO: 成功定位元素:定位方法xpath，值.//*[@id='app']/form/div[3]/div/button
2021-06-21 20:50:40,629 - /Users/liuzhiming/Documents/autotest/WebAutoTestProject/testcase/web/web_hsb_case/test_oms_login.py[line:30] - INFO: 用例名称：test_oms_login_01，测试完成
2021-06-21 20:50:45,735 - /Users/liuzhiming/Documents/autotest/WebAutoTestProject/page/web_hsb_page/oms_login_page.py[line:31] - INFO: 开始输入用户名
2021-06-21 20:50:45,736 - /Users/liuzhiming/Documents/autotest/WebAutoTestProject/base/base_page.py[line:62] - INFO: >>>开始寻找元素:定位方法xpath，值.//*[@id='app']/form/div[1]/div/div/input
2021-06-21 20:50:45,782 - /Users/liuzhiming/Documents/autotest/WebAutoTestProject/base/base_page.py[line:72] - INFO: 成功定位元素:定位方法xpath，值.//*[@id='app']/form/div[1]/div/div/input
2021-06-21 20:50:45,921 - /Users/liuzhiming/Documents/autotest/WebAutoTestProject/base/base_page.py[line:62] - INFO: >>>开始寻找元素:定位方法xpath，值.//*[@id='app']/form/div[1]/div/div/input
2021-06-21 20:50:45,935 - /Users/liuzhiming/Documents/autotest/WebAutoTestProject/base/base_page.py[line:72] - INFO: 成功定位元素:定位方法xpath，值.//*[@id='app']/form/div[1]/div/div/input
2021-06-21 20:50:46,197 - /Users/liuzhiming/Documents/autotest/WebAutoTestProject/page/web_hsb_page/oms_login_page.py[line:35] - INFO: 开始输入密码
2021-06-21 20:50:46,197 - /Users/liuzhiming/Documents/autotest/WebAutoTestProject/base/base_page.py[line:62] - INFO: >>>开始寻找元素:定位方法xpath，值.//*[@id='app']/form/div[2]/div/div/input
2021-06-21 20:50:46,214 - /Users/liuzhiming/Documents/autotest/WebAutoTestProject/base/base_page.py[line:72] - INFO: 成功定位元素:定位方法xpath，值.//*[@id='app']/form/div[2]/div/div/input
2021-06-21 20:50:46,255 - /Users/liuzhiming/Documents/autotest/WebAutoTestProject/base/base_page.py[line:62] - INFO: >>>开始寻找元素:定位方法xpath，值.//*[@id='app']/form/div[2]/div/div/input
2021-06-21 20:50:46,270 - /Users/liuzhiming/Documents/autotest/WebAutoTestProject/base/base_page.py[line:72] - INFO: 成功定位元素:定位方法xpath，值.//*[@id='app']/form/div[2]/div/div/input
2021-06-21 20:50:46,333 - /Users/liuzhiming/Documents/autotest/WebAutoTestProject/page/web_hsb_page/oms_login_page.py[line:37] - INFO: 点击登录
2021-06-21 20:50:46,333 - /Users/liuzhiming/Documents/autotest/WebAutoTestProject/base/base_page.py[line:62] - INFO: >>>开始寻找元素:定位方法xpath，值.//*[@id='app']/form/div[3]/div/button
2021-06-21 20:50:46,352 - /Users/liuzhiming/Documents/autotest/WebAutoTestProject/base/base_page.py[line:72] - INFO: 成功定位元素:定位方法xpath，值.//*[@id='app']/form/div[3]/div/button
2021-06-21 20:50:49,861 - /Users/liuzhiming/Documents/autotest/WebAutoTestProject/testcase/web/web_hsb_case/test_oms_login.py[line:37] - INFO: 用例名称：test_oms_login_02，测试完成
