2021-09-11 17:00:39,432 - D:\work\WebAutoTestProject\base\own_api_base.py - own_post[line:63] - DEBUG: 自有服务：/api/user/login，请求参数信息：
{
    "loginType": "2",
    "tel": "18676702152",
    "code": "666666",
    "token": "",
    "pid": "1260",
    "platform": "7",
    "timestamp": "1631350839",
    "uuid": "28887EA52156419080B8B873FF258772",
    "version": "4007002",
    "versionName": "15",
    "sign": "16d1c843ce61c5ceb019f101780831e0bea2ac21"
}
2021-09-11 17:00:39,432 - D:\work\WebAutoTestProject\base\http_base.py - do_post[line:107] - INFO: https://api.huishoubao.com/api/user/login请求信息：
headers={'Content-Type': 'multipart/form-data; boundary=Boundary+30F6D62471EF1422'}
body=b'--Boundary+30F6D62471EF1422\r\nContent-Disposition: form-data; name="loginType"\r\n\r\n2\r\n--Boundary+30F6D62471EF1422\r\nContent-Disposition: form-data; name="tel"\r\n\r\n18676702152\r\n--Boundary+30F6D62471EF1422\r\nContent-Disposition: form-data; name="code"\r\n\r\n666666\r\n--Boundary+30F6D62471EF1422\r\nContent-Disposition: form-data; name="token"\r\n\r\n\r\n--Boundary+30F6D62471EF1422\r\nContent-Disposition: form-data; name="pid"\r\n\r\n1260\r\n--Boundary+30F6D62471EF1422\r\nContent-Disposition: form-data; name="platform"\r\n\r\n7\r\n--Boundary+30F6D62471EF1422\r\nContent-Disposition: form-data; name="timestamp"\r\n\r\n1631350839\r\n--Boundary+30F6D62471EF1422\r\nContent-Disposition: form-data; name="uuid"\r\n\r\n28887EA52156419080B8B873FF258772\r\n--Boundary+30F6D62471EF1422\r\nContent-Disposition: form-data; name="version"\r\n\r\n4007002\r\n--Boundary+30F6D62471EF1422\r\nContent-Disposition: form-data; name="versionName"\r\n\r\n15\r\n--Boundary+30F6D62471EF1422\r\nContent-Disposition: form-data; name="sign"\r\n\r\n16d1c843ce61c5ceb019f101780831e0bea2ac21\r\n--Boundary+30F6D62471EF1422--\r\n'
2021-09-11 17:00:40,276 - D:\work\WebAutoTestProject\base\http_base.py - do_post[line:122] - INFO: https://api.huishoubao.com/api/user/login响应信息：
headers={
    "Access-Control-Allow-Headers": "Origin, Group-Header,  X-Requested-With, Content-Type, Accept",
    "Access-Control-Allow-Origin": "*",
    "Connection": "keep-alive",
    "Content-Encoding": "gzip",
    "Content-Type": "text/html; charset=UTF-8",
    "Date": "Sat, 11 Sep 2021 09:00:39 GMT",
    "Server": "nginx",
    "Transfer-Encoding": "chunked",
    "X-Powered-By": "PHP/7.1.33",
    "X-Test-Group": "0"
}
response_body={
    "_data": {
        "eid": "602809907",
        "expire": "1633942839",
        "openid": "",
        "tel": "18676702152",
        "token": "15fa3a5c1522d8337c21a5daa808f128",
        "unionid": ""
    },
    "_errCode": "0",
    "_errStr": "成功"
}
2021-09-11 17:00:40,276 - D:\work\WebAutoTestProject\utils\common.py - wrapper[line:30] - INFO: 执行耗时：0.84秒


2021-09-11 17:00:40,277 - D:\work\WebAutoTestProject\base\own_api_base.py - own_post[line:63] - DEBUG: 自有服务：/V1/optimize/getServiceTime，请求参数信息：
{
    "token": "15fa3a5c1522d8337c21a5daa808f128",
    "uid": "602809907",
    "pid": "1260",
    "platform": "7",
    "timestamp": "1631350839",
    "uuid": "28887EA52156419080B8B873FF258772",
    "version": "4007002",
    "versionName": "15",
    "sign": "eb8869b0e2b8699d4469d43b60fcb6a415056b95"
}
2021-09-11 17:00:40,277 - D:\work\WebAutoTestProject\base\http_base.py - do_post[line:107] - INFO: https://api.huishoubao.com/V1/optimize/getServiceTime请求信息：
headers={'Content-Type': 'multipart/form-data; boundary=Boundary+30F6D62471EF3276'}
body=b'--Boundary+30F6D62471EF3276\r\nContent-Disposition: form-data; name="token"\r\n\r\n15fa3a5c1522d8337c21a5daa808f128\r\n--Boundary+30F6D62471EF3276\r\nContent-Disposition: form-data; name="uid"\r\n\r\n602809907\r\n--Boundary+30F6D62471EF3276\r\nContent-Disposition: form-data; name="pid"\r\n\r\n1260\r\n--Boundary+30F6D62471EF3276\r\nContent-Disposition: form-data; name="platform"\r\n\r\n7\r\n--Boundary+30F6D62471EF3276\r\nContent-Disposition: form-data; name="timestamp"\r\n\r\n1631350839\r\n--Boundary+30F6D62471EF3276\r\nContent-Disposition: form-data; name="uuid"\r\n\r\n28887EA52156419080B8B873FF258772\r\n--Boundary+30F6D62471EF3276\r\nContent-Disposition: form-data; name="version"\r\n\r\n4007002\r\n--Boundary+30F6D62471EF3276\r\nContent-Disposition: form-data; name="versionName"\r\n\r\n15\r\n--Boundary+30F6D62471EF3276\r\nContent-Disposition: form-data; name="sign"\r\n\r\neb8869b0e2b8699d4469d43b60fcb6a415056b95\r\n--Boundary+30F6D62471EF3276--\r\n'
2021-09-11 17:00:40,347 - D:\work\WebAutoTestProject\base\http_base.py - do_post[line:122] - INFO: https://api.huishoubao.com/V1/optimize/getServiceTime响应信息：
headers={
    "Access-Control-Allow-Headers": "Origin, Group-Header,  X-Requested-With, Content-Type, Accept",
    "Access-Control-Allow-Origin": "*",
    "Connection": "keep-alive",
    "Content-Encoding": "gzip",
    "Content-Type": "text/html; charset=UTF-8",
    "Date": "Sat, 11 Sep 2021 09:00:39 GMT",
    "Server": "nginx",
    "Transfer-Encoding": "chunked",
    "X-Powered-By": "PHP/7.1.33",
    "X-Test-Group": "0"
}
response_body={
    "_data": {
        "sf": [
            {
                "time": "2021-09-12",
                "value": [
                    "09:00-10:00",
                    "10:00-11:00",
                    "11:00-12:00",
                    "12:00-13:00",
                    "13:00-14:00",
                    "14:00-15:00",
                    "15:00-16:00",
                    "16:00-17:00",
                    "17:00-18:00"
                ],
                "week": ""
            },
            {
                "time": "2021-09-13",
                "value": [
                    "09:00-10:00",
                    "10:00-11:00",
                    "11:00-12:00",
                    "12:00-13:00",
                    "13:00-14:00",
                    "14:00-15:00",
                    "15:00-16:00",
                    "16:00-17:00",
                    "17:00-18:00"
                ],
                "week": ""
            },
            {
                "time": "2021-09-14",
                "value": [
                    "09:00-10:00",
                    "10:00-11:00",
                    "11:00-12:00",
                    "12:00-13:00",
                    "13:00-14:00",
                    "14:00-15:00",
                    "15:00-16:00",
                    "16:00-17:00",
                    "17:00-18:00"
                ],
                "week": ""
            }
        ],
        "sxx": [
            {
                "time": "2021-09-12",
                "value": [
                    "10:00-12:00",
                    "12:00-18:00",
                    "18:00-22:00"
                ],
                "week": "(周日)"
            },
            {
                "time": "2021-09-13",
                "value": [
                    "10:00-12:00",
                    "12:00-18:00",
                    "18:00-22:00"
                ],
                "week": "(周一)"
            },
            {
                "time": "2021-09-14",
                "value": [
                    "10:00-12:00",
                    "12:00-18:00",
                    "18:00-22:00"
                ],
                "week": "(周二)"
            },
            {
                "time": "2021-09-15",
                "value": [
                    "10:00-12:00",
                    "12:00-18:00",
                    "18:00-22:00"
                ],
                "week": "(周三)"
            }
        ],
        "tvsm": [
            {
                "time": "2021-09-12",
                "value": [
                    "10:00-12:00",
                    "12:00-18:00",
                    "18:00-22:00"
                ],
                "week": "(周日)"
            },
            {
                "time": "2021-09-13",
                "value": [
                    "10:00-12:00",
                    "12:00-18:00",
                    "18:00-22:00"
                ],
                "week": "(周一)"
            },
            {
                "time": "2021-09-14",
                "value": [
                    "10:00-12:00",
                    "12:00-18:00",
                    "18:00-22:00"
                ],
                "week": "(周二)"
            },
            {
                "time": "2021-09-15",
                "value": [
                    "10:00-12:00",
                    "12:00-18:00",
                    "18:00-22:00"
                ],
                "week": "(周三)"
            },
            {
                "time": "2021-09-16",
                "value": [
                    "10:00-12:00",
                    "12:00-18:00",
                    "18:00-22:00"
                ],
                "week": "(周四)"
            },
            {
                "time": "2021-09-17",
                "value": [
                    "10:00-12:00",
                    "12:00-18:00",
                    "18:00-22:00"
                ],
                "week": "(周五)"
            },
            {
                "time": "2021-09-18",
                "value": [
                    "10:00-12:00",
                    "12:00-18:00",
                    "18:00-22:00"
                ],
                "week": "(周六)"
            }
        ],
        "xz": [
            {
                "time": "2021-09-12",
                "value": [
                    "10:00-12:00",
                    "12:00-18:00",
                    "18:00-22:00"
                ],
                "week": "(周日)"
            },
            {
                "time": "2021-09-13",
                "value": [
                    "10:00-12:00",
                    "12:00-18:00",
                    "18:00-22:00"
                ],
                "week": "(周一)"
            },
            {
                "time": "2021-09-14",
                "value": [
                    "10:00-12:00",
                    "12:00-18:00",
                    "18:00-22:00"
                ],
                "week": "(周二)"
            },
            {
                "time": "2021-09-15",
                "value": [
                    "10:00-12:00",
                    "12:00-18:00",
                    "18:00-22:00"
                ],
                "week": "(周三)"
            }
        ]
    },
    "_errCode": "0",
    "_errStr": "成功"
}
2021-09-11 17:00:40,349 - D:\work\WebAutoTestProject\utils\common.py - wrapper[line:30] - INFO: 执行耗时：0.07秒


2021-09-11 17:00:40,349 - D:\work\WebAutoTestProject\base\own_api_base.py - own_post[line:63] - DEBUG: 自有服务：/V1/optimize/getAddressList，请求参数信息：
{
    "pageIndex": "1",
    "pageSize": "10",
    "recycleWay": "2",
    "token": "15fa3a5c1522d8337c21a5daa808f128",
    "uid": "602809907",
    "pid": "1260",
    "platform": "7",
    "timestamp": "1631350839",
    "uuid": "28887EA52156419080B8B873FF258772",
    "version": "4007002",
    "versionName": "15",
    "sign": "57c382596a86b7ab773270b2edc66749e881d5c9"
}
2021-09-11 17:00:40,350 - D:\work\WebAutoTestProject\base\http_base.py - do_post[line:107] - INFO: https://api.huishoubao.com/V1/optimize/getAddressList请求信息：
headers={'Content-Type': 'multipart/form-data; boundary=Boundary+30F6D62471EF4357'}
body=b'--Boundary+30F6D62471EF4357\r\nContent-Disposition: form-data; name="pageIndex"\r\n\r\n1\r\n--Boundary+30F6D62471EF4357\r\nContent-Disposition: form-data; name="pageSize"\r\n\r\n10\r\n--Boundary+30F6D62471EF4357\r\nContent-Disposition: form-data; name="recycleWay"\r\n\r\n2\r\n--Boundary+30F6D62471EF4357\r\nContent-Disposition: form-data; name="token"\r\n\r\n15fa3a5c1522d8337c21a5daa808f128\r\n--Boundary+30F6D62471EF4357\r\nContent-Disposition: form-data; name="uid"\r\n\r\n602809907\r\n--Boundary+30F6D62471EF4357\r\nContent-Disposition: form-data; name="pid"\r\n\r\n1260\r\n--Boundary+30F6D62471EF4357\r\nContent-Disposition: form-data; name="platform"\r\n\r\n7\r\n--Boundary+30F6D62471EF4357\r\nContent-Disposition: form-data; name="timestamp"\r\n\r\n1631350839\r\n--Boundary+30F6D62471EF4357\r\nContent-Disposition: form-data; name="uuid"\r\n\r\n28887EA52156419080B8B873FF258772\r\n--Boundary+30F6D62471EF4357\r\nContent-Disposition: form-data; name="version"\r\n\r\n4007002\r\n--Boundary+30F6D62471EF4357\r\nContent-Disposition: form-data; name="versionName"\r\n\r\n15\r\n--Boundary+30F6D62471EF4357\r\nContent-Disposition: form-data; name="sign"\r\n\r\n57c382596a86b7ab773270b2edc66749e881d5c9\r\n--Boundary+30F6D62471EF4357--\r\n'
2021-09-11 17:00:40,563 - D:\work\WebAutoTestProject\base\http_base.py - do_post[line:122] - INFO: https://api.huishoubao.com/V1/optimize/getAddressList响应信息：
headers={
    "Access-Control-Allow-Headers": "Origin, Group-Header,  X-Requested-With, Content-Type, Accept",
    "Access-Control-Allow-Origin": "*",
    "Connection": "keep-alive",
    "Content-Encoding": "gzip",
    "Content-Type": "text/html; charset=UTF-8",
    "Date": "Sat, 11 Sep 2021 09:00:39 GMT",
    "Server": "nginx",
    "Transfer-Encoding": "chunked",
    "X-Powered-By": "PHP/7.1.33",
    "X-Test-Group": "0"
}
response_body={
    "_data": {
        "list": [
            {
                "addrId": "1",
                "address": "科技南路九道威新软件园车2门",
                "areaCode": "440305",
                "areaName": "南山区",
                "cityCode": "440300",
                "cityName": "深圳市",
                "houseNumber": "测试一下这个问题",
                "isDefault": "1",
                "landmark": "金地威新软件科技园",
                "latitude": "22.529",
                "longitude": "113.949",
                "provinceCode": "440000",
                "provinceName": "广东省",
                "status": "1",
                "tel": "18676702152",
                "userName": "测试"
            }
        ],
        "pageInfo": {
            "pageIndex": "1",
            "pageSize": "10",
            "total": "1",
            "totalPage": "1"
        }
    },
    "_errCode": "0",
    "_errStr": "成功"
}
2021-09-11 17:00:40,564 - D:\work\WebAutoTestProject\utils\common.py - wrapper[line:30] - INFO: 执行耗时：0.21秒


2021-09-11 17:00:40,564 - D:\work\WebAutoTestProject\base\own_api_base.py - own_post[line:63] - DEBUG: 自有服务：/api/xianyu/getStoreList，请求参数信息：
{
    "areaId": "440305",
    "latitude": "22.529",
    "longitude": "113.948",
    "pageIndex": "1",
    "pageSize": "10",
    "token": "15fa3a5c1522d8337c21a5daa808f128",
    "uid": "602809907",
    "pid": "1260",
    "platform": "7",
    "timestamp": "1631350839",
    "uuid": "28887EA52156419080B8B873FF258772",
    "version": "4007002",
    "versionName": "15",
    "sign": "692091cf3ea034f705aab0f0328d5f4138d2db42"
}
2021-09-11 17:00:40,565 - D:\work\WebAutoTestProject\base\http_base.py - do_post[line:107] - INFO: https://api.huishoubao.com/api/xianyu/getStoreList请求信息：
headers={'Content-Type': 'multipart/form-data; boundary=Boundary+30F6D62471EF9947'}
body=b'--Boundary+30F6D62471EF9947\r\nContent-Disposition: form-data; name="areaId"\r\n\r\n440305\r\n--Boundary+30F6D62471EF9947\r\nContent-Disposition: form-data; name="latitude"\r\n\r\n22.529\r\n--Boundary+30F6D62471EF9947\r\nContent-Disposition: form-data; name="longitude"\r\n\r\n113.948\r\n--Boundary+30F6D62471EF9947\r\nContent-Disposition: form-data; name="pageIndex"\r\n\r\n1\r\n--Boundary+30F6D62471EF9947\r\nContent-Disposition: form-data; name="pageSize"\r\n\r\n10\r\n--Boundary+30F6D62471EF9947\r\nContent-Disposition: form-data; name="token"\r\n\r\n15fa3a5c1522d8337c21a5daa808f128\r\n--Boundary+30F6D62471EF9947\r\nContent-Disposition: form-data; name="uid"\r\n\r\n602809907\r\n--Boundary+30F6D62471EF9947\r\nContent-Disposition: form-data; name="pid"\r\n\r\n1260\r\n--Boundary+30F6D62471EF9947\r\nContent-Disposition: form-data; name="platform"\r\n\r\n7\r\n--Boundary+30F6D62471EF9947\r\nContent-Disposition: form-data; name="timestamp"\r\n\r\n1631350839\r\n--Boundary+30F6D62471EF9947\r\nContent-Disposition: form-data; name="uuid"\r\n\r\n28887EA52156419080B8B873FF258772\r\n--Boundary+30F6D62471EF9947\r\nContent-Disposition: form-data; name="version"\r\n\r\n4007002\r\n--Boundary+30F6D62471EF9947\r\nContent-Disposition: form-data; name="versionName"\r\n\r\n15\r\n--Boundary+30F6D62471EF9947\r\nContent-Disposition: form-data; name="sign"\r\n\r\n692091cf3ea034f705aab0f0328d5f4138d2db42\r\n--Boundary+30F6D62471EF9947--\r\n'
2021-09-11 17:00:40,858 - D:\work\WebAutoTestProject\base\http_base.py - do_post[line:122] - INFO: https://api.huishoubao.com/api/xianyu/getStoreList响应信息：
headers={
    "Access-Control-Allow-Headers": "Origin, Group-Header,  X-Requested-With, Content-Type, Accept",
    "Access-Control-Allow-Origin": "*",
    "Connection": "keep-alive",
    "Content-Encoding": "gzip",
    "Content-Type": "text/html; charset=UTF-8",
    "Date": "Sat, 11 Sep 2021 09:00:39 GMT",
    "Server": "nginx",
    "Transfer-Encoding": "chunked",
    "X-Powered-By": "PHP/7.1.33",
    "X-Test-Group": "0"
}
response_body={
    "_data": {
        "pageInfo": {
            "pageIndex": "1",
            "pageSize": "10",
            "total": "36",
            "totalPage": "4"
        },
        "storeList": [
            {
                "addressTip": "广东省 深圳市 南山区 科技南路9号金地威新软件科技园二期5号楼 威新软件科技园5号楼",
                "cityId": "4403",
                "distance": "0.03607",
                "latitude": "22.528964",
                "longitude": "113.948349",
                "openTime": "07:00-21:00",
                "serviceList": [
                    {
                        "desc": "",
                        "icon": "https://s1.huishoubao.com/m/activities/img/recycle_0.png",
                        "name": "数码回收",
                        "status": "0"
                    },
                    {
                        "desc": "",
                        "icon": "https://s1.huishoubao.com/m/activities/img/periphery_0.png",
                        "name": "手机周边",
                        "status": "0"
                    },
                    {
                        "desc": "",
                        "icon": "https://s1.huishoubao.com/m/activities/img/charge_0.png",
                        "name": "租充电宝",
                        "status": "0"
                    },
                    {
                        "desc": "",
                        "icon": "https://s1.huishoubao.com/m/activities/img/change_0.png",
                        "name": "以旧换新",
                        "status": "0"
                    },
                    {
                        "desc": "",
                        "icon": "https://s1.huishoubao.com/m/activities/img/repair_0.png",
                        "name": "手机维修",
                        "status": "0"
                    }
                ],
                "store": "商品库存中心回归验证门店",
                "storeId": "1055093",
                "storePic": [
                    "http://s1-1251010403.file.myqcloud.com/xian_yu_x_z/help/help_activity/%E9%BE%99%E6%B9%96%E9%95%BF%E6%A5%B9%E5%A4%A9%E8%A1%97-2.jpg"
                ]
            },
            {
                "addressTip": "深圳闲鱼小站测试专用门店哦哦哦深圳闲鱼小站测试专用门店哦哦哦啊啊啊啊啊啊啊",
                "cityId": "4403",
                "distance": "0.03607",
                "latitude": "22.528964",
                "longitude": "113.948349",
                "openTime": "07:55-21:00",
                "serviceList": [
                    {
                        "desc": "",
                        "icon": "https://s1.huishoubao.com/m/activities/img/recycle_1.png",
                        "name": "数码回收",
                        "status": "1"
                    },
                    {
                        "desc": "",
                        "icon": "https://s1.huishoubao.com/m/activities/img/repair_1.png",
                        "name": "手机维修",
                        "status": "1"
                    },
                    {
                        "desc": "",
                        "icon": "https://s1.huishoubao.com/m/activities/img/periphery_0.png",
                        "name": "手机周边",
                        "status": "0"
                    },
                    {
                        "desc": "",
                        "icon": "https://s1.huishoubao.com/m/activities/img/charge_0.png",
                        "name": "租充电宝",
                        "status": "0"
                    },
                    {
                        "desc": "",
                        "icon": "https://s1.huishoubao.com/m/activities/img/change_0.png",
                        "name": "以旧换新",
                        "status": "0"
                    }
                ],
                "store": "科苑闲鱼1",
                "storeId": "669",
                "storePic": [
                    "https://s1.huishoubao.com/hjxmba/dev/image/store_15516868758405797026b3fd.jpg",
                    "https://s1.huishoubao.com/hjxmba/dev/image/store_155168688110199ec9cc2583.jpg",
                    "https://s1.huishoubao.com/hjxmba/dev/image/store_155168688676626737a7420e.jpg",
                    "https://s1.huishoubao.com/hjxmba/dev/image/store_1551686918471c3b510d51f8.png"
                ]
            },
            {
                "addressTip": "金地威新软件科技园",
                "cityId": "4403",
                "distance": "0.09757",
                "latitude": "22.529236",
                "longitude": "113.948915",
                "openTime": "-",
                "serviceList": [
                    {
                        "desc": "",
                        "icon": "https://s1.huishoubao.com/m/activities/img/recycle_0.png",
                        "name": "数码回收",
                        "status": "0"
                    },
                    {
                        "desc": "",
                        "icon": "https://s1.huishoubao.com/m/activities/img/periphery_0.png",
                        "name": "手机周边",
                        "status": "0"
                    },
                    {
                        "desc": "",
                        "icon": "https://s1.huishoubao.com/m/activities/img/charge_0.png",
                        "name": "租充电宝",
                        "status": "0"
                    },
                    {
                        "desc": "",
                        "icon": "https://s1.huishoubao.com/m/activities/img/change_0.png",
                        "name": "以旧换新",
                        "status": "0"
                    },
                    {
                        "desc": "",
                        "icon": "https://s1.huishoubao.com/m/activities/img/repair_0.png",
                        "name": "手机维修",
                        "status": "0"
                    }
                ],
                "store": "认证的门店哦",
                "storeId": "1054043",
                "storePic": [
                    "http://s1-1251010403.file.myqcloud.com/xian_yu_x_z/help/help_activity/%E9%BE%99%E6%B9%96%E9%95%BF%E6%A5%B9%E5%A4%A9%E8%A1%97-2.jpg"
                ]
            },
            {
                "addressTip": "广东省 深圳市 南山区 科技南路九道威新软件园车2门 金地威新软件科技园",
                "cityId": "4403",
                "distance": "0.09757",
                "latitude": "22.529236",
                "longitude": "113.948915",
                "openTime": "-",
                "serviceList": [
                    {
                        "desc": "",
                        "icon": "https://s1.huishoubao.com/m/activities/img/recycle_0.png",
                        "name": "数码回收",
                        "status": "0"
                    },
                    {
                        "desc": "",
                        "icon": "https://s1.huishoubao.com/m/activities/img/periphery_0.png",
                        "name": "手机周边",
                        "status": "0"
                    },
                    {
                        "desc": "",
                        "icon": "https://s1.huishoubao.com/m/activities/img/charge_0.png",
                        "name": "租充电宝",
                        "status": "0"
                    },
                    {
                        "desc": "",
                        "icon": "https://s1.huishoubao.com/m/activities/img/change_0.png",
                        "name": "以旧换新",
                        "status": "0"
                    },
                    {
                        "desc": "",
                        "icon": "https://s1.huishoubao.com/m/activities/img/repair_0.png",
                        "name": "手机维修",
                        "status": "0"
                    }
                ],
                "store": "测试测试测试",
                "storeId": "1054025",
                "storePic": [
                    "http://s1-1251010403.file.myqcloud.com/xian_yu_x_z/help/help_activity/%E9%BE%99%E6%B9%96%E9%95%BF%E6%A5%B9%E5%A4%A9%E8%A1%97-2.jpg"
                ]
            },
            {
                "addressTip": "广东省 深圳市 南山区 科技南路九道威新软件园车2门 金地威新软件科技园",
                "cityId": "4403",
                "distance": "0.09757",
                "latitude": "22.529236",
                "longitude": "113.948915",
                "openTime": "-",
                "serviceList": [
                    {
                        "desc": "",
                        "icon": "https://s1.huishoubao.com/m/activities/img/recycle_0.png",
                        "name": "数码回收",
                        "status": "0"
                    },
                    {
                        "desc": "",
                        "icon": "https://s1.huishoubao.com/m/activities/img/periphery_0.png",
                        "name": "手机周边",
                        "status": "0"
                    },
                    {
                        "desc": "",
                        "icon": "https://s1.huishoubao.com/m/activities/img/charge_0.png",
                        "name": "租充电宝",
                        "status": "0"
                    },
                    {
                        "desc": "",
                        "icon": "https://s1.huishoubao.com/m/activities/img/change_0.png",
                        "name": "以旧换新",
                        "status": "0"
                    },
                    {
                        "desc": "",
                        "icon": "https://s1.huishoubao.com/m/activities/img/repair_0.png",
                        "name": "手机维修",
                        "status": "0"
                    }
                ],
                "store": "迅捷测试门店111",
                "storeId": "1055101",
                "storePic": [
                    "http://s1-1251010403.file.myqcloud.com/xian_yu_x_z/help/help_activity/%E9%BE%99%E6%B9%96%E9%95%BF%E6%A5%B9%E5%A4%A9%E8%A1%97-2.jpg"
                ]
            },
            {
                "addressTip": "软件园地址测试",
                "cityId": "4403",
                "distance": "0.09757",
                "latitude": "22.529236",
                "longitude": "113.948915",
                "openTime": "00:05-00:00",
                "serviceList": [
                    {
                        "desc": "",
                        "icon": "https://s1.huishoubao.com/m/activities/img/recycle_0.png",
                        "name": "数码回收",
                        "status": "0"
                    },
                    {
                        "desc": "",
                        "icon": "https://s1.huishoubao.com/m/activities/img/periphery_0.png",
                        "name": "手机周边",
                        "status": "0"
                    },
                    {
                        "desc": "",
                        "icon": "https://s1.huishoubao.com/m/activities/img/charge_0.png",
                        "name": "租充电宝",
                        "status": "0"
                    },
                    {
                        "desc": "",
                        "icon": "https://s1.huishoubao.com/m/activities/img/change_0.png",
                        "name": "以旧换新",
                        "status": "0"
                    },
                    {
                        "desc": "",
                        "icon": "https://s1.huishoubao.com/m/activities/img/repair_0.png",
                        "name": "手机维修",
                        "status": "0"
                    }
                ],
                "store": "唐长城（寄回公司测试门店）",
                "storeId": "1054048",
                "storePic": [
                    "http://s1-1251010403.file.myqcloud.com/xian_yu_x_z/help/help_activity/%E9%BE%99%E6%B9%96%E9%95%BF%E6%A5%B9%E5%A4%A9%E8%A1%97-2.jpg"
                ]
            },
            {
                "addressTip": "金地威新软件科技园",
                "cityId": "4403",
                "distance": "0.09757",
                "latitude": "22.529236",
                "longitude": "113.948915",
                "openTime": "-",
                "serviceList": [
                    {
                        "desc": "",
                        "icon": "https://s1.huishoubao.com/m/activities/img/recycle_0.png",
                        "name": "数码回收",
                        "status": "0"
                    },
                    {
                        "desc": "",
                        "icon": "https://s1.huishoubao.com/m/activities/img/periphery_0.png",
                        "name": "手机周边",
                        "status": "0"
                    },
                    {
                        "desc": "",
                        "icon": "https://s1.huishoubao.com/m/activities/img/charge_0.png",
                        "name": "租充电宝",
                        "status": "0"
                    },
                    {
                        "desc": "",
                        "icon": "https://s1.huishoubao.com/m/activities/img/change_0.png",
                        "name": "以旧换新",
                        "status": "0"
                    },
                    {
                        "desc": "",
                        "icon": "https://s1.huishoubao.com/m/activities/img/repair_0.png",
                        "name": "手机维修",
                        "status": "0"
                    }
                ],
                "store": "专业认证800年",
                "storeId": "1054049",
                "storePic": [
                    "http://s1-1251010403.file.myqcloud.com/xian_yu_x_z/help/help_activity/%E9%BE%99%E6%B9%96%E9%95%BF%E6%A5%B9%E5%A4%A9%E8%A1%97-2.jpg"
                ]
            },
            {
                "addressTip": "金地威新软件科技园",
                "cityId": "4403",
                "distance": "0.09757",
                "latitude": "22.529236",
                "longitude": "113.948915",
                "openTime": "-",
                "serviceList": [
                    {
                        "desc": "",
                        "icon": "https://s1.huishoubao.com/m/activities/img/recycle_0.png",
                        "name": "数码回收",
                        "status": "0"
                    },
                    {
                        "desc": "",
                        "icon": "https://s1.huishoubao.com/m/activities/img/periphery_0.png",
                        "name": "手机周边",
                        "status": "0"
                    },
                    {
                        "desc": "",
                        "icon": "https://s1.huishoubao.com/m/activities/img/charge_0.png",
                        "name": "租充电宝",
                        "status": "0"
                    },
                    {
                        "desc": "",
                        "icon": "https://s1.huishoubao.com/m/activities/img/change_0.png",
                        "name": "以旧换新",
                        "status": "0"
                    },
                    {
                        "desc": "",
                        "icon": "https://s1.huishoubao.com/m/activities/img/repair_0.png",
                        "name": "手机维修",
                        "status": "0"
                    }
                ],
                "store": "唐长城竞拍",
                "storeId": "1054026",
                "storePic": [
                    "http://s1-1251010403.file.myqcloud.com/xian_yu_x_z/help/help_activity/%E9%BE%99%E6%B9%96%E9%95%BF%E6%A5%B9%E5%A4%A9%E8%A1%97-2.jpg"
                ]
            },
            {
                "addressTip": "金地威新软件科技园",
                "cityId": "4403",
                "distance": "0.09757",
                "latitude": "22.529236",
                "longitude": "113.948915",
                "openTime": "-",
                "serviceList": [
                    {
                        "desc": "",
                        "icon": "https://s1.huishoubao.com/m/activities/img/recycle_0.png",
                        "name": "数码回收",
                        "status": "0"
                    },
                    {
                        "desc": "",
                        "icon": "https://s1.huishoubao.com/m/activities/img/periphery_0.png",
                        "name": "手机周边",
                        "status": "0"
                    },
                    {
                        "desc": "",
                        "icon": "https://s1.huishoubao.com/m/activities/img/charge_0.png",
                        "name": "租充电宝",
                        "status": "0"
                    },
                    {
                        "desc": "",
                        "icon": "https://s1.huishoubao.com/m/activities/img/change_0.png",
                        "name": "以旧换新",
                        "status": "0"
                    },
                    {
                        "desc": "",
                        "icon": "https://s1.huishoubao.com/m/activities/img/repair_0.png",
                        "name": "手机维修",
                        "status": "0"
                    }
                ],
                "store": "易波测试门店",
                "storeId": "54034",
                "storePic": [
                    "http://s1-1251010403.file.myqcloud.com/xian_yu_x_z/help/help_activity/%E9%BE%99%E6%B9%96%E9%95%BF%E6%A5%B9%E5%A4%A9%E8%A1%97-2.jpg"
                ]
            },
            {
                "addressTip": "金地威新软件科技园",
                "cityId": "4403",
                "distance": "0.09757",
                "latitude": "22.529236",
                "longitude": "113.948915",
                "openTime": "-",
                "serviceList": [
                    {
                        "desc": "",
                        "icon": "https://s1.huishoubao.com/m/activities/img/recycle_0.png",
                        "name": "数码回收",
                        "status": "0"
                    },
                    {
                        "desc": "",
                        "icon": "https://s1.huishoubao.com/m/activities/img/periphery_0.png",
                        "name": "手机周边",
                        "status": "0"
                    },
                    {
                        "desc": "",
                        "icon": "https://s1.huishoubao.com/m/activities/img/charge_0.png",
                        "name": "租充电宝",
                        "status": "0"
                    },
                    {
                        "desc": "",
                        "icon": "https://s1.huishoubao.com/m/activities/img/change_0.png",
                        "name": "以旧换新",
                        "status": "0"
                    },
                    {
                        "desc": "",
                        "icon": "https://s1.huishoubao.com/m/activities/img/repair_0.png",
                        "name": "手机维修",
                        "status": "0"
                    }
                ],
                "store": "许柳的门店上拍",
                "storeId": "1054040",
                "storePic": [
                    "http://s1-1251010403.file.myqcloud.com/xian_yu_x_z/help/help_activity/%E9%BE%99%E6%B9%96%E9%95%BF%E6%A5%B9%E5%A4%A9%E8%A1%97-2.jpg"
                ]
            }
        ]
    },
    "_errCode": "0",
    "_errStr": "成功"
}
2021-09-11 17:00:40,863 - D:\work\WebAutoTestProject\utils\common.py - wrapper[line:30] - INFO: 执行耗时：0.3秒


2021-09-11 17:00:40,864 - D:\work\WebAutoTestProject\base\own_api_base.py - own_post[line:63] - DEBUG: 自有服务：/api/product/getProductParam，请求参数信息：
{
    "productId": "38200",
    "token": "15fa3a5c1522d8337c21a5daa808f128",
    "uid": "602809907",
    "pid": "1260",
    "platform": "7",
    "timestamp": "1631350839",
    "uuid": "28887EA52156419080B8B873FF258772",
    "version": "4007002",
    "versionName": "15",
    "sign": "f8393b05f8fcba17b926dbf67f74409634326a2c"
}
2021-09-11 17:00:40,864 - D:\work\WebAutoTestProject\base\http_base.py - do_post[line:107] - INFO: https://api.huishoubao.com/api/product/getProductParam请求信息：
headers={'Content-Type': 'multipart/form-data; boundary=Boundary+30F6D62471EF8861'}
body=b'--Boundary+30F6D62471EF8861\r\nContent-Disposition: form-data; name="productId"\r\n\r\n38200\r\n--Boundary+30F6D62471EF8861\r\nContent-Disposition: form-data; name="token"\r\n\r\n15fa3a5c1522d8337c21a5daa808f128\r\n--Boundary+30F6D62471EF8861\r\nContent-Disposition: form-data; name="uid"\r\n\r\n602809907\r\n--Boundary+30F6D62471EF8861\r\nContent-Disposition: form-data; name="pid"\r\n\r\n1260\r\n--Boundary+30F6D62471EF8861\r\nContent-Disposition: form-data; name="platform"\r\n\r\n7\r\n--Boundary+30F6D62471EF8861\r\nContent-Disposition: form-data; name="timestamp"\r\n\r\n1631350839\r\n--Boundary+30F6D62471EF8861\r\nContent-Disposition: form-data; name="uuid"\r\n\r\n28887EA52156419080B8B873FF258772\r\n--Boundary+30F6D62471EF8861\r\nContent-Disposition: form-data; name="version"\r\n\r\n4007002\r\n--Boundary+30F6D62471EF8861\r\nContent-Disposition: form-data; name="versionName"\r\n\r\n15\r\n--Boundary+30F6D62471EF8861\r\nContent-Disposition: form-data; name="sign"\r\n\r\nf8393b05f8fcba17b926dbf67f74409634326a2c\r\n--Boundary+30F6D62471EF8861--\r\n'
2021-09-11 17:00:41,103 - D:\work\WebAutoTestProject\base\http_base.py - do_post[line:122] - INFO: https://api.huishoubao.com/api/product/getProductParam响应信息：
headers={
    "Access-Control-Allow-Headers": "Origin, Group-Header,  X-Requested-With, Content-Type, Accept",
    "Access-Control-Allow-Origin": "*",
    "Connection": "keep-alive",
    "Content-Encoding": "gzip",
    "Content-Type": "text/html; charset=UTF-8",
    "Date": "Sat, 11 Sep 2021 09:00:39 GMT",
    "Server": "nginx",
    "Transfer-Encoding": "chunked",
    "X-Powered-By": "PHP/7.1.33",
    "X-Test-Group": "0"
}
response_body={
    "_data": {
        "brandId": "2",
        "brandName": "苹果",
        "classId": "1",
        "className": "手机",
        "itemList": [
            {
                "conftype": "1",
                "id": "11",
                "name": "购买渠道",
                "questions": [
                    {
                        "id": "12",
                        "name": "大陆国行",
                        "pictures": [
                            "https://s1.huishoubao.com/img/phone/国行.JPG"
                        ]
                    },
                    {
                        "id": "13",
                        "name": "香港行货",
                        "pictures": [
                            "https://s1.huishoubao.com/img/phone/港行.JPG"
                        ]
                    },
                    {
                        "id": "14",
                        "name": "其他国家地区-无锁版"
                    },
                    {
                        "id": "15",
                        "name": "其他国家地区-有锁版"
                    },
                    {
                        "id": "1124",
                        "name": "国行官换机/官翻机"
                    }
                ],
                "seq_num": "1"
            },
            {
                "conftype": "1",
                "id": "16",
                "name": "保修期",
                "questions": [
                    {
                        "id": "17",
                        "name": "剩余保修期大于一个月"
                    },
                    {
                        "id": "18",
                        "name": "剩余保修期不足一个月或过保"
                    }
                ],
                "seq_num": "2"
            },
            {
                "conftype": "1",
                "id": "32",
                "name": "存储容量",
                "questions": [
                    {
                        "id": "36",
                        "name": "64GB"
                    },
                    {
                        "id": "37",
                        "name": "128GB"
                    },
                    {
                        "id": "38",
                        "name": "256GB"
                    }
                ],
                "seq_num": "3"
            },
            {
                "conftype": "1",
                "id": "39",
                "name": "颜色",
                "questions": [
                    {
                        "id": "42",
                        "name": "银色"
                    },
                    {
                        "id": "44",
                        "name": "金色"
                    },
                    {
                        "id": "47",
                        "name": "红色"
                    },
                    {
                        "id": "1091",
                        "name": "深空灰色"
                    }
                ],
                "seq_num": "4"
            },
            {
                "conftype": "1",
                "id": "918",
                "name": "型号",
                "questions": [
                    {
                        "id": "1083",
                        "name": "其他型号"
                    },
                    {
                        "id": "1113",
                        "name": "A1863（全网通）"
                    }
                ],
                "seq_num": "5"
            },
            {
                "conftype": "2",
                "id": "81",
                "name": "iCloud",
                "questions": [
                    {
                        "id": "83",
                        "name": "iCloud账号可退出登录",
                        "pictures": [
                            "https://s1.huishoubao.com/img/phone/iCloud账号已注销.JPG"
                        ]
                    },
                    {
                        "id": "82",
                        "name": "iCloud账号无法退出登录",
                        "pictures": [
                            "https://s1.huishoubao.com/img/phone/iCloud账号已注销.JPG"
                        ]
                    }
                ],
                "seq_num": "1"
            },
            {
                "conftype": "2",
                "id": "76",
                "name": "机身外观",
                "questions": [
                    {
                        "id": "77",
                        "name": "外观完好，无任何使用痕迹",
                        "pictures": [
                            "https://s1.huishoubao.com/img/phone/img1619165588010_1.png"
                        ]
                    },
                    {
                        "id": "78",
                        "name": "外观轻微划痕/轻微磕碰",
                        "pictures": [
                            "https://s1.huishoubao.com/img/phone/img1619165617302_2.png"
                        ]
                    },
                    {
                        "id": "79",
                        "name": "外观有明显划痕/磕碰/掉漆",
                        "pictures": [
                            "https://s1.huishoubao.com/img/phone/img1619165634912_3.png"
                        ]
                    },
                    {
                        "id": "3242",
                        "name": "外壳有破损/变形/缺失",
                        "pictures": [
                            "https://s1.huishoubao.com/img/phone/img1619165653694_4.png"
                        ]
                    },
                    {
                        "id": "3243",
                        "name": "机身弯曲或断裂",
                        "pictures": [
                            "https://s1.huishoubao.com/img/phone/img1619165673450_5.png"
                        ]
                    }
                ],
                "seq_num": "2"
            },
            {
                "conftype": "2",
                "id": "72",
                "name": "屏幕外观",
                "questions": [
                    {
                        "id": "73",
                        "name": "屏幕完好，无任何划痕",
                        "pictures": [
                            "https://s1.huishoubao.com/img/phone/img1619165790938_6.png"
                        ]
                    },
                    {
                        "id": "5530",
                        "name": "屏幕轻微划痕",
                        "pictures": [
                            "https://s1.huishoubao.com/img/phone/img1619165806919_7.png"
                        ]
                    },
                    {
                        "id": "5531",
                        "name": "屏幕明显划痕/划伤",
                        "pictures": [
                            "https://s1.huishoubao.com/img/phone/img1619165823750_8.png"
                        ]
                    },
                    {
                        "id": "3244",
                        "name": "屏幕有碎裂/缺角/脱胶/气泡",
                        "pictures": [
                            "https://s1.huishoubao.com/img/phone/img1619165890182_9.png"
                        ]
                    }
                ],
                "seq_num": "3"
            },
            {
                "conftype": "2",
                "id": "67",
                "name": "屏幕显示",
                "questions": [
                    {
                        "id": "71",
                        "name": "显示完美，无瑕疵",
                        "pictures": [
                            "https://s1.huishoubao.com/img/phone/img1619165980751_10.png"
                        ]
                    },
                    {
                        "id": "68",
                        "name": "显示色差，或轻微泛黄/亮坏点/进灰",
                        "pictures": [
                            "https://s1.huishoubao.com/img/phone/img1619165994971_11.png"
                        ]
                    },
                    {
                        "id": "69",
                        "name": "显示发黄，或透图/透字/色斑",
                        "pictures": [
                            "https://s1.huishoubao.com/img/phone/img1619166007001_12.png"
                        ]
                    },
                    {
                        "id": "3247",
                        "name": "显示异常（横竖线/漏液/闪屏等）",
                        "pictures": [
                            "https://s1.huishoubao.com/img/phone/img1619166030931_13.png"
                        ]
                    },
                    {
                        "id": "236",
                        "name": "无法显示",
                        "pictures": [
                            "https://s1.huishoubao.com/img/phone/img1619166051474_14.png"
                        ]
                    }
                ],
                "seq_num": "4"
            },
            {
                "conftype": "2",
                "id": "60",
                "name": "维修",
                "questions": [
                    {
                        "id": "63",
                        "name": "无拆机无维修"
                    },
                    {
                        "id": "62",
                        "name": "小维修/小故障"
                    },
                    {
                        "id": "61",
                        "name": "修主板/多次维修"
                    }
                ],
                "seq_num": "5"
            },
            {
                "conftype": "3",
                "id": "0",
                "name": "功能选项(可多选或不选)",
                "questions": [
                    {
                        "id": "24",
                        "name": "不能正常开机"
                    },
                    {
                        "id": "66",
                        "name": "通话不正常",
                        "pictures": [
                            "https://s1.huishoubao.com/img/phone/img1611629746805_4.png"
                        ]
                    },
                    {
                        "id": "2170",
                        "name": "屏幕更换/维修"
                    },
                    {
                        "id": "5534",
                        "name": "电池更换/维修"
                    },
                    {
                        "id": "3245",
                        "name": "触摸屏失灵/部分失灵",
                        "pictures": [
                            "https://s1.huishoubao.com/img/phone/img1611629617648_2.png"
                        ]
                    },
                    {
                        "id": "224",
                        "name": "拍照摄像不正常",
                        "pictures": [
                            "https://s1.huishoubao.com/img/phone/img1611629656690_3.png"
                        ]
                    },
                    {
                        "id": "6930",
                        "name": "拍照有斑"
                    },
                    {
                        "id": "58",
                        "name": "机身进水/受潮"
                    },
                    {
                        "id": "56",
                        "name": "WIFI/蓝牙不正常"
                    },
                    {
                        "id": "7642",
                        "name": "声音/麦克风/按键/充电/震动不正常"
                    },
                    {
                        "id": "52",
                        "name": "指纹功能不正常"
                    },
                    {
                        "id": "20",
                        "name": "全新(整套/未激活/未使用)"
                    }
                ]
            }
        ],
        "maxPrice": "130900",
        "pic": "https://s1.huishoubao.com/img/phone/38200_20191106172157_109.png",
        "productId": "38200",
        "productName": "iPhone 8"
    },
    "_errCode": "0",
    "_errStr": "成功"
}
2021-09-11 17:00:41,110 - D:\work\WebAutoTestProject\utils\common.py - wrapper[line:30] - INFO: 执行耗时：0.25秒


2021-09-11 17:00:41,111 - D:\work\WebAutoTestProject\apis\hsb_app_api.py - get_select[line:51] - DEBUG: {
    "token": "15fa3a5c1522d8337c21a5daa808f128",
    "tel": "18676702152",
    "openid": "",
    "eid": "602809907",
    "unionid": "",
    "expire": "1633942839",
    "service_time": "2021-09-13 09:00-10:00",
    "addrId": "1",
    "provinceName": "广东省",
    "provinceCode": "440000",
    "cityCode": "440300",
    "cityName": "深圳市",
    "areaCode": "440305",
    "areaName": "南山区",
    "address": "科技南路九道威新软件园车2门",
    "houseNumber": "测试一下这个问题",
    "landmark": "金地威新软件科技园",
    "isDefault": "1",
    "userName": "测试",
    "status": "1",
    "longitude": "113.949",
    "latitude": "22.529",
    "storeList": [
        {
            "storeId": "1055093",
            "store": "商品库存中心回归验证门店",
            "addressTip": "广东省 深圳市 南山区 科技南路9号金地威新软件科技园二期5号楼 威新软件科技园5号楼",
            "distance": "0.03607",
            "latitude": "22.528964",
            "longitude": "113.948349",
            "cityId": "4403",
            "storePic": [
                "http://s1-1251010403.file.myqcloud.com/xian_yu_x_z/help/help_activity/%E9%BE%99%E6%B9%96%E9%95%BF%E6%A5%B9%E5%A4%A9%E8%A1%97-2.jpg"
            ],
            "openTime": "07:00-21:00",
            "serviceList": [
                {
                    "name": "数码回收",
                    "status": "0",
                    "icon": "https://s1.huishoubao.com/m/activities/img/recycle_0.png",
                    "desc": ""
                },
                {
                    "name": "手机周边",
                    "status": "0",
                    "icon": "https://s1.huishoubao.com/m/activities/img/periphery_0.png",
                    "desc": ""
                },
                {
                    "name": "租充电宝",
                    "status": "0",
                    "icon": "https://s1.huishoubao.com/m/activities/img/charge_0.png",
                    "desc": ""
                },
                {
                    "name": "以旧换新",
                    "status": "0",
                    "icon": "https://s1.huishoubao.com/m/activities/img/change_0.png",
                    "desc": ""
                },
                {
                    "name": "手机维修",
                    "status": "0",
                    "icon": "https://s1.huishoubao.com/m/activities/img/repair_0.png",
                    "desc": ""
                }
            ]
        },
        {
            "storeId": "669",
            "store": "科苑闲鱼1",
            "addressTip": "深圳闲鱼小站测试专用门店哦哦哦深圳闲鱼小站测试专用门店哦哦哦啊啊啊啊啊啊啊",
            "distance": "0.03607",
            "latitude": "22.528964",
            "longitude": "113.948349",
            "cityId": "4403",
            "storePic": [
                "https://s1.huishoubao.com/hjxmba/dev/image/store_15516868758405797026b3fd.jpg",
                "https://s1.huishoubao.com/hjxmba/dev/image/store_155168688110199ec9cc2583.jpg",
                "https://s1.huishoubao.com/hjxmba/dev/image/store_155168688676626737a7420e.jpg",
                "https://s1.huishoubao.com/hjxmba/dev/image/store_1551686918471c3b510d51f8.png"
            ],
            "openTime": "07:55-21:00",
            "serviceList": [
                {
                    "name": "数码回收",
                    "status": "1",
                    "desc": "",
                    "icon": "https://s1.huishoubao.com/m/activities/img/recycle_1.png"
                },
                {
                    "name": "手机维修",
                    "status": "1",
                    "desc": "",
                    "icon": "https://s1.huishoubao.com/m/activities/img/repair_1.png"
                },
                {
                    "name": "手机周边",
                    "status": "0",
                    "icon": "https://s1.huishoubao.com/m/activities/img/periphery_0.png",
                    "desc": ""
                },
                {
                    "name": "租充电宝",
                    "status": "0",
                    "icon": "https://s1.huishoubao.com/m/activities/img/charge_0.png",
                    "desc": ""
                },
                {
                    "name": "以旧换新",
                    "status": "0",
                    "icon": "https://s1.huishoubao.com/m/activities/img/change_0.png",
                    "desc": ""
                }
            ]
        },
        {
            "storeId": "1054043",
            "store": "认证的门店哦",
            "addressTip": "金地威新软件科技园",
            "distance": "0.09757",
            "latitude": "22.529236",
            "longitude": "113.948915",
            "cityId": "4403",
            "storePic": [
                "http://s1-1251010403.file.myqcloud.com/xian_yu_x_z/help/help_activity/%E9%BE%99%E6%B9%96%E9%95%BF%E6%A5%B9%E5%A4%A9%E8%A1%97-2.jpg"
            ],
            "openTime": "-",
            "serviceList": [
                {
                    "name": "数码回收",
                    "status": "0",
                    "icon": "https://s1.huishoubao.com/m/activities/img/recycle_0.png",
                    "desc": ""
                },
                {
                    "name": "手机周边",
                    "status": "0",
                    "icon": "https://s1.huishoubao.com/m/activities/img/periphery_0.png",
                    "desc": ""
                },
                {
                    "name": "租充电宝",
                    "status": "0",
                    "icon": "https://s1.huishoubao.com/m/activities/img/charge_0.png",
                    "desc": ""
                },
                {
                    "name": "以旧换新",
                    "status": "0",
                    "icon": "https://s1.huishoubao.com/m/activities/img/change_0.png",
                    "desc": ""
                },
                {
                    "name": "手机维修",
                    "status": "0",
                    "icon": "https://s1.huishoubao.com/m/activities/img/repair_0.png",
                    "desc": ""
                }
            ]
        },
        {
            "storeId": "1054025",
            "store": "测试测试测试",
            "addressTip": "广东省 深圳市 南山区 科技南路九道威新软件园车2门 金地威新软件科技园",
            "distance": "0.09757",
            "latitude": "22.529236",
            "longitude": "113.948915",
            "cityId": "4403",
            "storePic": [
                "http://s1-1251010403.file.myqcloud.com/xian_yu_x_z/help/help_activity/%E9%BE%99%E6%B9%96%E9%95%BF%E6%A5%B9%E5%A4%A9%E8%A1%97-2.jpg"
            ],
            "openTime": "-",
            "serviceList": [
                {
                    "name": "数码回收",
                    "status": "0",
                    "icon": "https://s1.huishoubao.com/m/activities/img/recycle_0.png",
                    "desc": ""
                },
                {
                    "name": "手机周边",
                    "status": "0",
                    "icon": "https://s1.huishoubao.com/m/activities/img/periphery_0.png",
                    "desc": ""
                },
                {
                    "name": "租充电宝",
                    "status": "0",
                    "icon": "https://s1.huishoubao.com/m/activities/img/charge_0.png",
                    "desc": ""
                },
                {
                    "name": "以旧换新",
                    "status": "0",
                    "icon": "https://s1.huishoubao.com/m/activities/img/change_0.png",
                    "desc": ""
                },
                {
                    "name": "手机维修",
                    "status": "0",
                    "icon": "https://s1.huishoubao.com/m/activities/img/repair_0.png",
                    "desc": ""
                }
            ]
        },
        {
            "storeId": "1055101",
            "store": "迅捷测试门店111",
            "addressTip": "广东省 深圳市 南山区 科技南路九道威新软件园车2门 金地威新软件科技园",
            "distance": "0.09757",
            "latitude": "22.529236",
            "longitude": "113.948915",
            "cityId": "4403",
            "storePic": [
                "http://s1-1251010403.file.myqcloud.com/xian_yu_x_z/help/help_activity/%E9%BE%99%E6%B9%96%E9%95%BF%E6%A5%B9%E5%A4%A9%E8%A1%97-2.jpg"
            ],
            "openTime": "-",
            "serviceList": [
                {
                    "name": "数码回收",
                    "status": "0",
                    "icon": "https://s1.huishoubao.com/m/activities/img/recycle_0.png",
                    "desc": ""
                },
                {
                    "name": "手机周边",
                    "status": "0",
                    "icon": "https://s1.huishoubao.com/m/activities/img/periphery_0.png",
                    "desc": ""
                },
                {
                    "name": "租充电宝",
                    "status": "0",
                    "icon": "https://s1.huishoubao.com/m/activities/img/charge_0.png",
                    "desc": ""
                },
                {
                    "name": "以旧换新",
                    "status": "0",
                    "icon": "https://s1.huishoubao.com/m/activities/img/change_0.png",
                    "desc": ""
                },
                {
                    "name": "手机维修",
                    "status": "0",
                    "icon": "https://s1.huishoubao.com/m/activities/img/repair_0.png",
                    "desc": ""
                }
            ]
        },
        {
            "storeId": "1054048",
            "store": "唐长城（寄回公司测试门店）",
            "addressTip": "软件园地址测试",
            "distance": "0.09757",
            "latitude": "22.529236",
            "longitude": "113.948915",
            "cityId": "4403",
            "storePic": [
                "http://s1-1251010403.file.myqcloud.com/xian_yu_x_z/help/help_activity/%E9%BE%99%E6%B9%96%E9%95%BF%E6%A5%B9%E5%A4%A9%E8%A1%97-2.jpg"
            ],
            "openTime": "00:05-00:00",
            "serviceList": [
                {
                    "name": "数码回收",
                    "status": "0",
                    "icon": "https://s1.huishoubao.com/m/activities/img/recycle_0.png",
                    "desc": ""
                },
                {
                    "name": "手机周边",
                    "status": "0",
                    "icon": "https://s1.huishoubao.com/m/activities/img/periphery_0.png",
                    "desc": ""
                },
                {
                    "name": "租充电宝",
                    "status": "0",
                    "icon": "https://s1.huishoubao.com/m/activities/img/charge_0.png",
                    "desc": ""
                },
                {
                    "name": "以旧换新",
                    "status": "0",
                    "icon": "https://s1.huishoubao.com/m/activities/img/change_0.png",
                    "desc": ""
                },
                {
                    "name": "手机维修",
                    "status": "0",
                    "icon": "https://s1.huishoubao.com/m/activities/img/repair_0.png",
                    "desc": ""
                }
            ]
        },
        {
            "storeId": "1054049",
            "store": "专业认证800年",
            "addressTip": "金地威新软件科技园",
            "distance": "0.09757",
            "latitude": "22.529236",
            "longitude": "113.948915",
            "cityId": "4403",
            "storePic": [
                "http://s1-1251010403.file.myqcloud.com/xian_yu_x_z/help/help_activity/%E9%BE%99%E6%B9%96%E9%95%BF%E6%A5%B9%E5%A4%A9%E8%A1%97-2.jpg"
            ],
            "openTime": "-",
            "serviceList": [
                {
                    "name": "数码回收",
                    "status": "0",
                    "icon": "https://s1.huishoubao.com/m/activities/img/recycle_0.png",
                    "desc": ""
                },
                {
                    "name": "手机周边",
                    "status": "0",
                    "icon": "https://s1.huishoubao.com/m/activities/img/periphery_0.png",
                    "desc": ""
                },
                {
                    "name": "租充电宝",
                    "status": "0",
                    "icon": "https://s1.huishoubao.com/m/activities/img/charge_0.png",
                    "desc": ""
                },
                {
                    "name": "以旧换新",
                    "status": "0",
                    "icon": "https://s1.huishoubao.com/m/activities/img/change_0.png",
                    "desc": ""
                },
                {
                    "name": "手机维修",
                    "status": "0",
                    "icon": "https://s1.huishoubao.com/m/activities/img/repair_0.png",
                    "desc": ""
                }
            ]
        },
        {
            "storeId": "1054026",
            "store": "唐长城竞拍",
            "addressTip": "金地威新软件科技园",
            "distance": "0.09757",
            "latitude": "22.529236",
            "longitude": "113.948915",
            "cityId": "4403",
            "storePic": [
                "http://s1-1251010403.file.myqcloud.com/xian_yu_x_z/help/help_activity/%E9%BE%99%E6%B9%96%E9%95%BF%E6%A5%B9%E5%A4%A9%E8%A1%97-2.jpg"
            ],
            "openTime": "-",
            "serviceList": [
                {
                    "name": "数码回收",
                    "status": "0",
                    "icon": "https://s1.huishoubao.com/m/activities/img/recycle_0.png",
                    "desc": ""
                },
                {
                    "name": "手机周边",
                    "status": "0",
                    "icon": "https://s1.huishoubao.com/m/activities/img/periphery_0.png",
                    "desc": ""
                },
                {
                    "name": "租充电宝",
                    "status": "0",
                    "icon": "https://s1.huishoubao.com/m/activities/img/charge_0.png",
                    "desc": ""
                },
                {
                    "name": "以旧换新",
                    "status": "0",
                    "icon": "https://s1.huishoubao.com/m/activities/img/change_0.png",
                    "desc": ""
                },
                {
                    "name": "手机维修",
                    "status": "0",
                    "icon": "https://s1.huishoubao.com/m/activities/img/repair_0.png",
                    "desc": ""
                }
            ]
        },
        {
            "storeId": "54034",
            "store": "易波测试门店",
            "addressTip": "金地威新软件科技园",
            "distance": "0.09757",
            "latitude": "22.529236",
            "longitude": "113.948915",
            "cityId": "4403",
            "storePic": [
                "http://s1-1251010403.file.myqcloud.com/xian_yu_x_z/help/help_activity/%E9%BE%99%E6%B9%96%E9%95%BF%E6%A5%B9%E5%A4%A9%E8%A1%97-2.jpg"
            ],
            "openTime": "-",
            "serviceList": [
                {
                    "name": "数码回收",
                    "status": "0",
                    "icon": "https://s1.huishoubao.com/m/activities/img/recycle_0.png",
                    "desc": ""
                },
                {
                    "name": "手机周边",
                    "status": "0",
                    "icon": "https://s1.huishoubao.com/m/activities/img/periphery_0.png",
                    "desc": ""
                },
                {
                    "name": "租充电宝",
                    "status": "0",
                    "icon": "https://s1.huishoubao.com/m/activities/img/charge_0.png",
                    "desc": ""
                },
                {
                    "name": "以旧换新",
                    "status": "0",
                    "icon": "https://s1.huishoubao.com/m/activities/img/change_0.png",
                    "desc": ""
                },
                {
                    "name": "手机维修",
                    "status": "0",
                    "icon": "https://s1.huishoubao.com/m/activities/img/repair_0.png",
                    "desc": ""
                }
            ]
        },
        {
            "storeId": "1054040",
            "store": "许柳的门店上拍",
            "addressTip": "金地威新软件科技园",
            "distance": "0.09757",
            "latitude": "22.529236",
            "longitude": "113.948915",
            "cityId": "4403",
            "storePic": [
                "http://s1-1251010403.file.myqcloud.com/xian_yu_x_z/help/help_activity/%E9%BE%99%E6%B9%96%E9%95%BF%E6%A5%B9%E5%A4%A9%E8%A1%97-2.jpg"
            ],
            "openTime": "-",
            "serviceList": [
                {
                    "name": "数码回收",
                    "status": "0",
                    "icon": "https://s1.huishoubao.com/m/activities/img/recycle_0.png",
                    "desc": ""
                },
                {
                    "name": "手机周边",
                    "status": "0",
                    "icon": "https://s1.huishoubao.com/m/activities/img/periphery_0.png",
                    "desc": ""
                },
                {
                    "name": "租充电宝",
                    "status": "0",
                    "icon": "https://s1.huishoubao.com/m/activities/img/charge_0.png",
                    "desc": ""
                },
                {
                    "name": "以旧换新",
                    "status": "0",
                    "icon": "https://s1.huishoubao.com/m/activities/img/change_0.png",
                    "desc": ""
                },
                {
                    "name": "手机维修",
                    "status": "0",
                    "icon": "https://s1.huishoubao.com/m/activities/img/repair_0.png",
                    "desc": ""
                }
            ]
        }
    ],
    "item_list": [
        {
            "conftype": "1",
            "id": "11",
            "name": "购买渠道",
            "seq_num": "1",
            "questions": [
                {
                    "id": "12",
                    "name": "大陆国行",
                    "pictures": [
                        "https://s1.huishoubao.com/img/phone/国行.JPG"
                    ]
                },
                {
                    "id": "13",
                    "name": "香港行货",
                    "pictures": [
                        "https://s1.huishoubao.com/img/phone/港行.JPG"
                    ]
                },
                {
                    "id": "14",
                    "name": "其他国家地区-无锁版"
                },
                {
                    "id": "15",
                    "name": "其他国家地区-有锁版"
                },
                {
                    "id": "1124",
                    "name": "国行官换机/官翻机"
                }
            ]
        },
        {
            "conftype": "1",
            "id": "16",
            "name": "保修期",
            "seq_num": "2",
            "questions": [
                {
                    "id": "17",
                    "name": "剩余保修期大于一个月"
                },
                {
                    "id": "18",
                    "name": "剩余保修期不足一个月或过保"
                }
            ]
        },
        {
            "conftype": "1",
            "id": "32",
            "name": "存储容量",
            "seq_num": "3",
            "questions": [
                {
                    "id": "36",
                    "name": "64GB"
                },
                {
                    "id": "37",
                    "name": "128GB"
                },
                {
                    "id": "38",
                    "name": "256GB"
                }
            ]
        },
        {
            "conftype": "1",
            "id": "39",
            "name": "颜色",
            "seq_num": "4",
            "questions": [
                {
                    "id": "42",
                    "name": "银色"
                },
                {
                    "id": "44",
                    "name": "金色"
                },
                {
                    "id": "47",
                    "name": "红色"
                },
                {
                    "id": "1091",
                    "name": "深空灰色"
                }
            ]
        },
        {
            "conftype": "1",
            "id": "918",
            "name": "型号",
            "seq_num": "5",
            "questions": [
                {
                    "id": "1083",
                    "name": "其他型号"
                },
                {
                    "id": "1113",
                    "name": "A1863（全网通）"
                }
            ]
        },
        {
            "conftype": "2",
            "id": "81",
            "name": "iCloud",
            "seq_num": "1",
            "questions": [
                {
                    "id": "83",
                    "name": "iCloud账号可退出登录",
                    "pictures": [
                        "https://s1.huishoubao.com/img/phone/iCloud账号已注销.JPG"
                    ]
                },
                {
                    "id": "82",
                    "name": "iCloud账号无法退出登录",
                    "pictures": [
                        "https://s1.huishoubao.com/img/phone/iCloud账号已注销.JPG"
                    ]
                }
            ]
        },
        {
            "conftype": "2",
            "id": "76",
            "name": "机身外观",
            "seq_num": "2",
            "questions": [
                {
                    "id": "77",
                    "name": "外观完好，无任何使用痕迹",
                    "pictures": [
                        "https://s1.huishoubao.com/img/phone/img1619165588010_1.png"
                    ]
                },
                {
                    "id": "78",
                    "name": "外观轻微划痕/轻微磕碰",
                    "pictures": [
                        "https://s1.huishoubao.com/img/phone/img1619165617302_2.png"
                    ]
                },
                {
                    "id": "79",
                    "name": "外观有明显划痕/磕碰/掉漆",
                    "pictures": [
                        "https://s1.huishoubao.com/img/phone/img1619165634912_3.png"
                    ]
                },
                {
                    "id": "3242",
                    "name": "外壳有破损/变形/缺失",
                    "pictures": [
                        "https://s1.huishoubao.com/img/phone/img1619165653694_4.png"
                    ]
                },
                {
                    "id": "3243",
                    "name": "机身弯曲或断裂",
                    "pictures": [
                        "https://s1.huishoubao.com/img/phone/img1619165673450_5.png"
                    ]
                }
            ]
        },
        {
            "conftype": "2",
            "id": "72",
            "name": "屏幕外观",
            "seq_num": "3",
            "questions": [
                {
                    "id": "73",
                    "name": "屏幕完好，无任何划痕",
                    "pictures": [
                        "https://s1.huishoubao.com/img/phone/img1619165790938_6.png"
                    ]
                },
                {
                    "id": "5530",
                    "name": "屏幕轻微划痕",
                    "pictures": [
                        "https://s1.huishoubao.com/img/phone/img1619165806919_7.png"
                    ]
                },
                {
                    "id": "5531",
                    "name": "屏幕明显划痕/划伤",
                    "pictures": [
                        "https://s1.huishoubao.com/img/phone/img1619165823750_8.png"
                    ]
                },
                {
                    "id": "3244",
                    "name": "屏幕有碎裂/缺角/脱胶/气泡",
                    "pictures": [
                        "https://s1.huishoubao.com/img/phone/img1619165890182_9.png"
                    ]
                }
            ]
        },
        {
            "conftype": "2",
            "id": "67",
            "name": "屏幕显示",
            "seq_num": "4",
            "questions": [
                {
                    "id": "71",
                    "name": "显示完美，无瑕疵",
                    "pictures": [
                        "https://s1.huishoubao.com/img/phone/img1619165980751_10.png"
                    ]
                },
                {
                    "id": "68",
                    "name": "显示色差，或轻微泛黄/亮坏点/进灰",
                    "pictures": [
                        "https://s1.huishoubao.com/img/phone/img1619165994971_11.png"
                    ]
                },
                {
                    "id": "69",
                    "name": "显示发黄，或透图/透字/色斑",
                    "pictures": [
                        "https://s1.huishoubao.com/img/phone/img1619166007001_12.png"
                    ]
                },
                {
                    "id": "3247",
                    "name": "显示异常（横竖线/漏液/闪屏等）",
                    "pictures": [
                        "https://s1.huishoubao.com/img/phone/img1619166030931_13.png"
                    ]
                },
                {
                    "id": "236",
                    "name": "无法显示",
                    "pictures": [
                        "https://s1.huishoubao.com/img/phone/img1619166051474_14.png"
                    ]
                }
            ]
        },
        {
            "conftype": "2",
            "id": "60",
            "name": "维修",
            "seq_num": "5",
            "questions": [
                {
                    "id": "63",
                    "name": "无拆机无维修"
                },
                {
                    "id": "62",
                    "name": "小维修/小故障"
                },
                {
                    "id": "61",
                    "name": "修主板/多次维修"
                }
            ]
        },
        {
            "conftype": "3",
            "id": "0",
            "name": "功能选项(可多选或不选)",
            "questions": [
                {
                    "id": "24",
                    "name": "不能正常开机"
                },
                {
                    "id": "66",
                    "name": "通话不正常",
                    "pictures": [
                        "https://s1.huishoubao.com/img/phone/img1611629746805_4.png"
                    ]
                },
                {
                    "id": "2170",
                    "name": "屏幕更换/维修"
                },
                {
                    "id": "5534",
                    "name": "电池更换/维修"
                },
                {
                    "id": "3245",
                    "name": "触摸屏失灵/部分失灵",
                    "pictures": [
                        "https://s1.huishoubao.com/img/phone/img1611629617648_2.png"
                    ]
                },
                {
                    "id": "224",
                    "name": "拍照摄像不正常",
                    "pictures": [
                        "https://s1.huishoubao.com/img/phone/img1611629656690_3.png"
                    ]
                },
                {
                    "id": "6930",
                    "name": "拍照有斑"
                },
                {
                    "id": "58",
                    "name": "机身进水/受潮"
                },
                {
                    "id": "56",
                    "name": "WIFI/蓝牙不正常"
                },
                {
                    "id": "7642",
                    "name": "声音/麦克风/按键/充电/震动不正常"
                },
                {
                    "id": "52",
                    "name": "指纹功能不正常"
                },
                {
                    "id": "20",
                    "name": "全新(整套/未激活/未使用)"
                }
            ]
        }
    ],
    "select_": "[\"12\", \"17\", \"36\", \"42\", \"1083\", \"83\", \"77\", \"73\", \"71\", \"63\", \"24\"]",
    "selectName": [
        "大陆国行",
        "剩余保修期大于一个月",
        "64GB",
        "银色",
        "其他型号",
        "iCloud账号可退出登录",
        "外观完好，无任何使用痕迹",
        "屏幕完好，无任何划痕",
        "显示完美，无瑕疵",
        "无拆机无维修",
        "不能正常开机"
    ]
}
2021-09-11 17:00:41,113 - D:\work\WebAutoTestProject\base\own_api_base.py - own_post[line:63] - DEBUG: 自有服务：/api/product/evaluate，请求参数信息：
{
    "productId": "38200",
    "select": "[\"12\", \"17\", \"36\", \"42\", \"1083\", \"83\", \"77\", \"73\", \"71\", \"63\", \"24\"]",
    "recycleType": "6",
    "token": "15fa3a5c1522d8337c21a5daa808f128",
    "uid": "602809907",
    "pid": "1260",
    "platform": "7",
    "timestamp": "1631350839",
    "uuid": "28887EA52156419080B8B873FF258772",
    "version": "4007002",
    "versionName": "15",
    "sign": "e5ddebd81ee547ace2c545f88a93d50f155d66d6"
}
2021-09-11 17:00:41,113 - D:\work\WebAutoTestProject\base\http_base.py - do_post[line:107] - INFO: https://api.huishoubao.com/api/product/evaluate请求信息：
headers={'Content-Type': 'multipart/form-data; boundary=Boundary+30F6D62471EF3171'}
body=b'--Boundary+30F6D62471EF3171\r\nContent-Disposition: form-data; name="productId"\r\n\r\n38200\r\n--Boundary+30F6D62471EF3171\r\nContent-Disposition: form-data; name="select"\r\n\r\n["12", "17", "36", "42", "1083", "83", "77", "73", "71", "63", "24"]\r\n--Boundary+30F6D62471EF3171\r\nContent-Disposition: form-data; name="recycleType"\r\n\r\n6\r\n--Boundary+30F6D62471EF3171\r\nContent-Disposition: form-data; name="token"\r\n\r\n15fa3a5c1522d8337c21a5daa808f128\r\n--Boundary+30F6D62471EF3171\r\nContent-Disposition: form-data; name="uid"\r\n\r\n602809907\r\n--Boundary+30F6D62471EF3171\r\nContent-Disposition: form-data; name="pid"\r\n\r\n1260\r\n--Boundary+30F6D62471EF3171\r\nContent-Disposition: form-data; name="platform"\r\n\r\n7\r\n--Boundary+30F6D62471EF3171\r\nContent-Disposition: form-data; name="timestamp"\r\n\r\n1631350839\r\n--Boundary+30F6D62471EF3171\r\nContent-Disposition: form-data; name="uuid"\r\n\r\n28887EA52156419080B8B873FF258772\r\n--Boundary+30F6D62471EF3171\r\nContent-Disposition: form-data; name="version"\r\n\r\n4007002\r\n--Boundary+30F6D62471EF3171\r\nContent-Disposition: form-data; name="versionName"\r\n\r\n15\r\n--Boundary+30F6D62471EF3171\r\nContent-Disposition: form-data; name="sign"\r\n\r\ne5ddebd81ee547ace2c545f88a93d50f155d66d6\r\n--Boundary+30F6D62471EF3171--\r\n'
2021-09-11 17:00:41,442 - D:\work\WebAutoTestProject\base\http_base.py - do_post[line:122] - INFO: https://api.huishoubao.com/api/product/evaluate响应信息：
headers={
    "Access-Control-Allow-Headers": "Origin, Group-Header,  X-Requested-With, Content-Type, Accept",
    "Access-Control-Allow-Origin": "*",
    "Connection": "keep-alive",
    "Content-Encoding": "gzip",
    "Content-Type": "text/html; charset=UTF-8",
    "Date": "Sat, 11 Sep 2021 09:00:40 GMT",
    "Server": "nginx",
    "Transfer-Encoding": "chunked",
    "X-Powered-By": "PHP/7.1.33",
    "X-Test-Group": "0"
}
response_body={
    "_data": {
        "evaluateid": "210931889",
        "quotation": "2000"
    },
    "_errCode": "0",
    "_errStr": "成功"
}
2021-09-11 17:00:41,443 - D:\work\WebAutoTestProject\utils\common.py - wrapper[line:30] - INFO: 执行耗时：0.33秒


2021-09-11 17:00:41,443 - D:\work\WebAutoTestProject\apis\hsb_app_api.py - get_allow_coupon_list[line:188] - ERROR: recycle_type参数只能是1、2、3
2021-09-11 17:00:41,443 - D:\work\WebAutoTestProject\base\own_api_base.py - own_post[line:63] - DEBUG: 自有服务：/V1/optimize/getPriceHistory，请求参数信息：
{
    "price": "2000",
    "productId": "38200",
    "token": "15fa3a5c1522d8337c21a5daa808f128",
    "uid": "602809907",
    "pid": "1260",
    "platform": "7",
    "timestamp": "1631350839",
    "uuid": "28887EA52156419080B8B873FF258772",
    "version": "4007002",
    "versionName": "15",
    "sign": "9da9b88e16ddbfa42d87f719e4fc8f95524f03b4"
}
2021-09-11 17:00:41,443 - D:\work\WebAutoTestProject\base\http_base.py - do_post[line:107] - INFO: https://api.huishoubao.com/V1/optimize/getPriceHistory请求信息：
headers={'Content-Type': 'multipart/form-data; boundary=Boundary+30F6D62471EF7490'}
body=b'--Boundary+30F6D62471EF7490\r\nContent-Disposition: form-data; name="price"\r\n\r\n2000\r\n--Boundary+30F6D62471EF7490\r\nContent-Disposition: form-data; name="productId"\r\n\r\n38200\r\n--Boundary+30F6D62471EF7490\r\nContent-Disposition: form-data; name="token"\r\n\r\n15fa3a5c1522d8337c21a5daa808f128\r\n--Boundary+30F6D62471EF7490\r\nContent-Disposition: form-data; name="uid"\r\n\r\n602809907\r\n--Boundary+30F6D62471EF7490\r\nContent-Disposition: form-data; name="pid"\r\n\r\n1260\r\n--Boundary+30F6D62471EF7490\r\nContent-Disposition: form-data; name="platform"\r\n\r\n7\r\n--Boundary+30F6D62471EF7490\r\nContent-Disposition: form-data; name="timestamp"\r\n\r\n1631350839\r\n--Boundary+30F6D62471EF7490\r\nContent-Disposition: form-data; name="uuid"\r\n\r\n28887EA52156419080B8B873FF258772\r\n--Boundary+30F6D62471EF7490\r\nContent-Disposition: form-data; name="version"\r\n\r\n4007002\r\n--Boundary+30F6D62471EF7490\r\nContent-Disposition: form-data; name="versionName"\r\n\r\n15\r\n--Boundary+30F6D62471EF7490\r\nContent-Disposition: form-data; name="sign"\r\n\r\n9da9b88e16ddbfa42d87f719e4fc8f95524f03b4\r\n--Boundary+30F6D62471EF7490--\r\n'
2021-09-11 17:00:41,498 - D:\work\WebAutoTestProject\base\http_base.py - do_post[line:122] - INFO: https://api.huishoubao.com/V1/optimize/getPriceHistory响应信息：
headers={
    "Access-Control-Allow-Headers": "Origin, Group-Header,  X-Requested-With, Content-Type, Accept",
    "Access-Control-Allow-Origin": "*",
    "Connection": "keep-alive",
    "Content-Encoding": "gzip",
    "Content-Type": "text/html; charset=UTF-8",
    "Date": "Sat, 11 Sep 2021 09:00:40 GMT",
    "Server": "nginx",
    "Transfer-Encoding": "chunked",
    "X-Powered-By": "PHP/7.1.33",
    "X-Test-Group": "0"
}
response_body={
    "_data": [
        {
            "price": "2100",
            "priceY": "21",
            "weekTime": "上周"
        },
        {
            "price": "2000",
            "priceY": "20",
            "weekTime": "本周"
        },
        {
            "price": "1800",
            "priceY": "18",
            "weekTime": "下周"
        }
    ],
    "_errCode": "0",
    "_errStr": "成功"
}
2021-09-11 17:00:41,499 - D:\work\WebAutoTestProject\utils\common.py - wrapper[line:30] - INFO: 执行耗时：0.06秒


2021-09-11 17:00:41,499 - D:\work\WebAutoTestProject\base\own_api_base.py - own_post[line:63] - DEBUG: 自有服务：/api/product/getEvaluateResult，请求参数信息：
{
    "evaluateid": "210931889",
    "token": "15fa3a5c1522d8337c21a5daa808f128",
    "uid": "602809907",
    "pid": "1260",
    "platform": "7",
    "timestamp": "1631350839",
    "uuid": "28887EA52156419080B8B873FF258772",
    "version": "4007002",
    "versionName": "15",
    "sign": "720bdd893858ad8409aa1ff477cad6353221dee8"
}
2021-09-11 17:00:41,499 - D:\work\WebAutoTestProject\base\http_base.py - do_post[line:107] - INFO: https://api.huishoubao.com/api/product/getEvaluateResult请求信息：
headers={'Content-Type': 'multipart/form-data; boundary=Boundary+30F6D62471EF9043'}
body=b'--Boundary+30F6D62471EF9043\r\nContent-Disposition: form-data; name="evaluateid"\r\n\r\n210931889\r\n--Boundary+30F6D62471EF9043\r\nContent-Disposition: form-data; name="token"\r\n\r\n15fa3a5c1522d8337c21a5daa808f128\r\n--Boundary+30F6D62471EF9043\r\nContent-Disposition: form-data; name="uid"\r\n\r\n602809907\r\n--Boundary+30F6D62471EF9043\r\nContent-Disposition: form-data; name="pid"\r\n\r\n1260\r\n--Boundary+30F6D62471EF9043\r\nContent-Disposition: form-data; name="platform"\r\n\r\n7\r\n--Boundary+30F6D62471EF9043\r\nContent-Disposition: form-data; name="timestamp"\r\n\r\n1631350839\r\n--Boundary+30F6D62471EF9043\r\nContent-Disposition: form-data; name="uuid"\r\n\r\n28887EA52156419080B8B873FF258772\r\n--Boundary+30F6D62471EF9043\r\nContent-Disposition: form-data; name="version"\r\n\r\n4007002\r\n--Boundary+30F6D62471EF9043\r\nContent-Disposition: form-data; name="versionName"\r\n\r\n15\r\n--Boundary+30F6D62471EF9043\r\nContent-Disposition: form-data; name="sign"\r\n\r\n720bdd893858ad8409aa1ff477cad6353221dee8\r\n--Boundary+30F6D62471EF9043--\r\n'
2021-09-11 17:00:41,619 - D:\work\WebAutoTestProject\base\http_base.py - do_post[line:122] - INFO: https://api.huishoubao.com/api/product/getEvaluateResult响应信息：
headers={
    "Access-Control-Allow-Headers": "Origin, Group-Header,  X-Requested-With, Content-Type, Accept",
    "Access-Control-Allow-Origin": "*",
    "Connection": "keep-alive",
    "Content-Encoding": "gzip",
    "Content-Type": "text/html; charset=UTF-8",
    "Date": "Sat, 11 Sep 2021 09:00:40 GMT",
    "Server": "nginx",
    "Transfer-Encoding": "chunked",
    "X-Powered-By": "PHP/7.1.33",
    "X-Test-Group": "0"
}
response_body={
    "_data": {
        "activityList": [
            {
                "activityDes": "Brookapp满加01",
                "activityEndDate": "2021-11-20 00:00:00",
                "activityId": "492",
                "activityName": "Brookapp满加01",
                "activityReward": [
                    {
                        "addRate": "30",
                        "cid": "118",
                        "conditionUnit": "1",
                        "extraInterest": "0",
                        "isHit": "1",
                        "maxInterest": "20000",
                        "minItem": "500",
                        "type": "2"
                    }
                ],
                "beginDate": "2020-11-25 14:44:00",
                "couponMoney": 600,
                "createTime": "2020-11-25 14:42:52"
            }
        ],
        "brandId": "2",
        "brandName": "苹果",
        "classId": "1",
        "className": "手机",
        "evaluateid": "210931889",
        "fallPrice": 200,
        "fallToPrice": 1800,
        "pic": "https://s1.huishoubao.com/img/phone/38200_20191106172157_109.png",
        "productId": "38200",
        "productName": "iPhone 8",
        "quotation": 2000,
        "seckillStatus": "1",
        "selectParams": [
            {
                "optionId": "22",
                "optionLevel": "1",
                "optionName": "开机",
                "optionValue": "不能正常开机",
                "optionValueId": "24"
            },
            {
                "optionId": "51",
                "optionLevel": "0",
                "optionName": "指纹功能",
                "optionValue": "指纹功能正常",
                "optionValueId": "53"
            },
            {
                "optionId": "54",
                "optionLevel": "0",
                "optionName": "WIFI",
                "optionValue": "WIFI正常",
                "optionValueId": "55"
            },
            {
                "optionId": "57",
                "optionLevel": "0",
                "optionName": "进水",
                "optionValue": "无进水",
                "optionValueId": "59"
            },
            {
                "optionId": "60",
                "optionLevel": "0",
                "optionName": "维修",
                "optionValue": "无拆机无维修",
                "optionValueId": "63"
            },
            {
                "optionId": "39",
                "optionLevel": "0",
                "optionName": "颜色",
                "optionValue": "银色",
                "optionValueId": "42"
            },
            {
                "optionId": "64",
                "optionLevel": "0",
                "optionName": "通话",
                "optionValue": "通话正常",
                "optionValueId": "65"
            },
            {
                "optionId": "67",
                "optionLevel": "0",
                "optionName": "屏幕显示",
                "optionValue": "显示完美，无瑕疵",
                "optionValueId": "71"
            },
            {
                "optionId": "11",
                "optionLevel": "0",
                "optionName": "购买渠道",
                "optionValue": "大陆国行",
                "optionValueId": "12"
            },
            {
                "optionId": "32",
                "optionLevel": "0",
                "optionName": "存储容量",
                "optionValue": "64GB",
                "optionValueId": "36"
            },
            {
                "optionId": "72",
                "optionLevel": "0",
                "optionName": "屏幕外观",
                "optionValue": "屏幕完好，无任何划痕",
                "optionValueId": "73"
            },
            {
                "optionId": "7640",
                "optionLevel": "0",
                "optionName": "小故障项",
                "optionValue": "声音/麦克风/按键/充电/震动正常",
                "optionValueId": "7641"
            },
            {
                "optionId": "76",
                "optionLevel": "0",
                "optionName": "机身外观",
                "optionValue": "外观完好，无任何使用痕迹",
                "optionValueId": "77"
            },
            {
                "optionId": "6929",
                "optionLevel": "0",
                "optionName": "拍照",
                "optionValue": "拍照无斑",
                "optionValueId": "6931"
            },
            {
                "optionId": "19",
                "optionLevel": "0",
                "optionName": "成色",
                "optionValue": "二手",
                "optionValueId": "21"
            },
            {
                "optionId": "5533",
                "optionLevel": "0",
                "optionName": "电池",
                "optionValue": "电池未更换",
                "optionValueId": "5535"
            },
            {
                "optionId": "2169",
                "optionLevel": "0",
                "optionName": "屏幕更换",
                "optionValue": "屏幕未更换/维修",
                "optionValueId": "2171"
            },
            {
                "optionId": "16",
                "optionLevel": "0",
                "optionName": "保修期",
                "optionValue": "剩余保修期大于一个月",
                "optionValueId": "17"
            },
            {
                "optionId": "81",
                "optionLevel": "0",
                "optionName": "iCloud",
                "optionValue": "iCloud账号可退出登录",
                "optionValueId": "83"
            },
            {
                "optionId": "1461",
                "optionLevel": "0",
                "optionName": "触屏功能",
                "optionValue": "触摸屏正常",
                "optionValueId": "3246"
            },
            {
                "optionId": "222",
                "optionLevel": "0",
                "optionName": "拍照摄像",
                "optionValue": "拍照摄像正常",
                "optionValueId": "223"
            },
            {
                "optionId": "918",
                "optionLevel": "0",
                "optionName": "型号",
                "optionValue": "其他型号",
                "optionValueId": "1083"
            }
        ],
        "thirdCoupons": {
            "amount": 0,
            "desc": "",
            "id": "",
            "name": "",
            "ratio": 0
        },
        "typeActivityList": [
            {
                "activityDes": "Brookapp满加01",
                "activityEndDate": "2021-11-20 00:00:00",
                "activityId": "492",
                "activityName": "Brookapp满加01",
                "activityReward": [
                    {
                        "addRate": "30",
                        "cid": "118",
                        "conditionUnit": "1",
                        "extraInterest": "0",
                        "isHit": "1",
                        "maxInterest": "20000",
                        "minItem": "500",
                        "type": "2"
                    }
                ],
                "beginDate": "2020-11-25 14:44:00",
                "couponMoney": 600,
                "createTime": "2020-11-25 14:42:52",
                "profitDesc": "限时加价30%",
                "recycleType": "3"
            }
        ]
    },
    "_errCode": "0",
    "_errStr": "成功"
}
2021-09-11 17:00:41,623 - D:\work\WebAutoTestProject\utils\common.py - wrapper[line:30] - INFO: 执行耗时：0.12秒


2021-09-11 17:00:41,623 - D:\work\WebAutoTestProject\base\own_api_base.py - own_post[line:63] - DEBUG: 自有服务：/V1/order/placeOrder，请求参数信息：
{
    "address": "科技南路九道威新软件园车2门",
    "city": "深圳市",
    "county": "南山区",
    "evaluateid": "210931889",
    "payType": "26",
    "province": "广东省",
    "recycleType": "1",
    "regionId": "440300",
    "tel": "18676702152",
    "time": "2021-09-13 09:00-10:00",
    "token": "15fa3a5c1522d8337c21a5daa808f128",
    "uid": "602809907",
    "userName": "测试",
    "pid": "1260",
    "platform": "7",
    "timestamp": "1631350839",
    "uuid": "28887EA52156419080B8B873FF258772",
    "version": "4007002",
    "versionName": "15",
    "sign": "6481eddf6a719105e94424c7ddc61b8b3285b4f5"
}
2021-09-11 17:00:41,624 - D:\work\WebAutoTestProject\base\http_base.py - do_post[line:107] - INFO: https://api.huishoubao.com/V1/order/placeOrder请求信息：
headers={'Content-Type': 'multipart/form-data; boundary=Boundary+30F6D62471EF9721'}
body=b'--Boundary+30F6D62471EF9721\r\nContent-Disposition: form-data; name="address"\r\n\r\n\xe7\xa7\x91\xe6\x8a\x80\xe5\x8d\x97\xe8\xb7\xaf\xe4\xb9\x9d\xe9\x81\x93\xe5\xa8\x81\xe6\x96\xb0\xe8\xbd\xaf\xe4\xbb\xb6\xe5\x9b\xad\xe8\xbd\xa62\xe9\x97\xa8\r\n--Boundary+30F6D62471EF9721\r\nContent-Disposition: form-data; name="city"\r\n\r\n\xe6\xb7\xb1\xe5\x9c\xb3\xe5\xb8\x82\r\n--Boundary+30F6D62471EF9721\r\nContent-Disposition: form-data; name="county"\r\n\r\n\xe5\x8d\x97\xe5\xb1\xb1\xe5\x8c\xba\r\n--Boundary+30F6D62471EF9721\r\nContent-Disposition: form-data; name="evaluateid"\r\n\r\n210931889\r\n--Boundary+30F6D62471EF9721\r\nContent-Disposition: form-data; name="payType"\r\n\r\n26\r\n--Boundary+30F6D62471EF9721\r\nContent-Disposition: form-data; name="province"\r\n\r\n\xe5\xb9\xbf\xe4\xb8\x9c\xe7\x9c\x81\r\n--Boundary+30F6D62471EF9721\r\nContent-Disposition: form-data; name="recycleType"\r\n\r\n1\r\n--Boundary+30F6D62471EF9721\r\nContent-Disposition: form-data; name="regionId"\r\n\r\n440300\r\n--Boundary+30F6D62471EF9721\r\nContent-Disposition: form-data; name="tel"\r\n\r\n18676702152\r\n--Boundary+30F6D62471EF9721\r\nContent-Disposition: form-data; name="time"\r\n\r\n2021-09-13 09:00-10:00\r\n--Boundary+30F6D62471EF9721\r\nContent-Disposition: form-data; name="token"\r\n\r\n15fa3a5c1522d8337c21a5daa808f128\r\n--Boundary+30F6D62471EF9721\r\nContent-Disposition: form-data; name="uid"\r\n\r\n602809907\r\n--Boundary+30F6D62471EF9721\r\nContent-Disposition: form-data; name="userName"\r\n\r\n\xe6\xb5\x8b\xe8\xaf\x95\r\n--Boundary+30F6D62471EF9721\r\nContent-Disposition: form-data; name="pid"\r\n\r\n1260\r\n--Boundary+30F6D62471EF9721\r\nContent-Disposition: form-data; name="platform"\r\n\r\n7\r\n--Boundary+30F6D62471EF9721\r\nContent-Disposition: form-data; name="timestamp"\r\n\r\n1631350839\r\n--Boundary+30F6D62471EF9721\r\nContent-Disposition: form-data; name="uuid"\r\n\r\n28887EA52156419080B8B873FF258772\r\n--Boundary+30F6D62471EF9721\r\nContent-Disposition: form-data; name="version"\r\n\r\n4007002\r\n--Boundary+30F6D62471EF9721\r\nContent-Disposition: form-data; name="versionName"\r\n\r\n15\r\n--Boundary+30F6D62471EF9721\r\nContent-Disposition: form-data; name="sign"\r\n\r\n6481eddf6a719105e94424c7ddc61b8b3285b4f5\r\n--Boundary+30F6D62471EF9721--\r\n'
2021-09-11 17:00:45,752 - D:\work\WebAutoTestProject\base\http_base.py - do_post[line:122] - INFO: https://api.huishoubao.com/V1/order/placeOrder响应信息：
headers={
    "Access-Control-Allow-Headers": "Origin, Group-Header,  X-Requested-With, Content-Type, Accept",
    "Access-Control-Allow-Origin": "*",
    "Connection": "keep-alive",
    "Content-Encoding": "gzip",
    "Content-Type": "text/html; charset=UTF-8",
    "Date": "Sat, 11 Sep 2021 09:00:44 GMT",
    "Server": "nginx",
    "Transfer-Encoding": "chunked",
    "X-Powered-By": "PHP/7.1.33",
    "X-Test-Group": "0"
}
response_body={
    "_data": {
        "orderNum": "210911126000003",
        "orderid": "7636695"
    },
    "_errCode": "0",
    "_errStr": "成功"
}
2021-09-11 17:00:45,752 - D:\work\WebAutoTestProject\utils\common.py - wrapper[line:30] - INFO: 执行耗时：4.13秒


