2021-06-23 14:41:02,813 - D:\work\WebAutoTestProject\page\web_hsb_page\oms_login_page.py[line:31] - INFO: 开始输入用户名
2021-06-23 14:41:02,814 - D:\work\WebAutoTestProject\base\base_page.py[line:62] - INFO: >>>开始寻找元素:定位方法xpath，值.//*[@id='app']/form/div[1]/div/div/input
2021-06-23 14:41:02,839 - D:\work\WebAutoTestProject\base\base_page.py[line:72] - INFO: 成功定位元素:定位方法xpath，值.//*[@id='app']/form/div[1]/div/div/input
2021-06-23 14:41:02,864 - D:\work\WebAutoTestProject\base\base_page.py[line:62] - INFO: >>>开始寻找元素:定位方法xpath，值.//*[@id='app']/form/div[1]/div/div/input
2021-06-23 14:41:02,883 - D:\work\WebAutoTestProject\base\base_page.py[line:72] - INFO: 成功定位元素:定位方法xpath，值.//*[@id='app']/form/div[1]/div/div/input
2021-06-23 14:41:03,041 - D:\work\WebAutoTestProject\page\web_hsb_page\oms_login_page.py[line:35] - INFO: 开始输入密码
2021-06-23 14:41:03,042 - D:\work\WebAutoTestProject\base\base_page.py[line:62] - INFO: >>>开始寻找元素:定位方法xpath，值.//*[@id='app']/form/div[2]/div/div/input
2021-06-23 14:41:03,066 - D:\work\WebAutoTestProject\base\base_page.py[line:72] - INFO: 成功定位元素:定位方法xpath，值.//*[@id='app']/form/div[2]/div/div/input
2021-06-23 14:41:03,092 - D:\work\WebAutoTestProject\base\base_page.py[line:62] - INFO: >>>开始寻找元素:定位方法xpath，值.//*[@id='app']/form/div[2]/div/div/input
2021-06-23 14:41:03,110 - D:\work\WebAutoTestProject\base\base_page.py[line:72] - INFO: 成功定位元素:定位方法xpath，值.//*[@id='app']/form/div[2]/div/div/input
2021-06-23 14:41:03,169 - D:\work\WebAutoTestProject\page\web_hsb_page\oms_login_page.py[line:37] - INFO: 点击登录
2021-06-23 14:41:03,169 - D:\work\WebAutoTestProject\base\base_page.py[line:62] - INFO: >>>开始寻找元素:定位方法xpath，值.//*[@id='app']/form/div[3]/div/button
2021-06-23 14:41:03,193 - D:\work\WebAutoTestProject\base\base_page.py[line:72] - INFO: 成功定位元素:定位方法xpath，值.//*[@id='app']/form/div[3]/div/button
2021-06-23 14:41:05,347 - D:\work\WebAutoTestProject\testcase\web\web_hsb_case\test_oms_login.py[line:30] - INFO: 用例名称：test_oms_login_01，测试完成
2021-06-23 15:00:46,551 - D:\work\WebAutoTestProject\page\web_hsb_page\oms_login_page.py[line:31] - INFO: 开始输入用户名
2021-06-23 15:00:46,551 - D:\work\WebAutoTestProject\base\base_page.py[line:63] - INFO: >>>开始寻找元素:定位方法xpath，值.//*[@id='app']/form/div[1]/div/div/input
2021-06-23 15:00:46,577 - D:\work\WebAutoTestProject\base\base_page.py[line:73] - INFO: 成功定位元素:定位方法xpath，值.//*[@id='app']/form/div[1]/div/div/input
2021-06-23 15:00:46,603 - D:\work\WebAutoTestProject\base\base_page.py[line:63] - INFO: >>>开始寻找元素:定位方法xpath，值.//*[@id='app']/form/div[1]/div/div/input
2021-06-23 15:00:46,623 - D:\work\WebAutoTestProject\base\base_page.py[line:73] - INFO: 成功定位元素:定位方法xpath，值.//*[@id='app']/form/div[1]/div/div/input
2021-06-23 15:00:46,742 - D:\work\WebAutoTestProject\page\web_hsb_page\oms_login_page.py[line:35] - INFO: 开始输入密码
2021-06-23 15:00:46,743 - D:\work\WebAutoTestProject\base\base_page.py[line:63] - INFO: >>>开始寻找元素:定位方法xpath，值.//*[@id='app']/form/div[2]/div/div/input
2021-06-23 15:00:46,761 - D:\work\WebAutoTestProject\base\base_page.py[line:73] - INFO: 成功定位元素:定位方法xpath，值.//*[@id='app']/form/div[2]/div/div/input
2021-06-23 15:00:46,781 - D:\work\WebAutoTestProject\base\base_page.py[line:63] - INFO: >>>开始寻找元素:定位方法xpath，值.//*[@id='app']/form/div[2]/div/div/input
2021-06-23 15:00:46,796 - D:\work\WebAutoTestProject\base\base_page.py[line:73] - INFO: 成功定位元素:定位方法xpath，值.//*[@id='app']/form/div[2]/div/div/input
2021-06-23 15:00:46,844 - D:\work\WebAutoTestProject\page\web_hsb_page\oms_login_page.py[line:37] - INFO: 点击登录
2021-06-23 15:00:46,845 - D:\work\WebAutoTestProject\base\base_page.py[line:63] - INFO: >>>开始寻找元素:定位方法xpath，值.//*[@id='app']/form/div[3]/div/button
2021-06-23 15:00:46,866 - D:\work\WebAutoTestProject\base\base_page.py[line:73] - INFO: 成功定位元素:定位方法xpath，值.//*[@id='app']/form/div[3]/div/button
2021-06-23 15:00:48,973 - D:\work\WebAutoTestProject\testcase\web\web_hsb_case\test_oms_login.py[line:30] - INFO: 用例名称：test_oms_login_01，测试完成
2021-06-23 15:00:52,629 - D:\work\WebAutoTestProject\page\web_hsb_page\oms_login_page.py[line:31] - INFO: 开始输入用户名
2021-06-23 15:00:52,629 - D:\work\WebAutoTestProject\base\base_page.py[line:63] - INFO: >>>开始寻找元素:定位方法xpath，值.//*[@id='app']/form/div[1]/div/div/input
2021-06-23 15:00:52,651 - D:\work\WebAutoTestProject\base\base_page.py[line:73] - INFO: 成功定位元素:定位方法xpath，值.//*[@id='app']/form/div[1]/div/div/input
2021-06-23 15:00:52,674 - D:\work\WebAutoTestProject\base\base_page.py[line:63] - INFO: >>>开始寻找元素:定位方法xpath，值.//*[@id='app']/form/div[1]/div/div/input
2021-06-23 15:00:52,695 - D:\work\WebAutoTestProject\base\base_page.py[line:73] - INFO: 成功定位元素:定位方法xpath，值.//*[@id='app']/form/div[1]/div/div/input
2021-06-23 15:00:52,762 - D:\work\WebAutoTestProject\page\web_hsb_page\oms_login_page.py[line:35] - INFO: 开始输入密码
2021-06-23 15:00:52,763 - D:\work\WebAutoTestProject\base\base_page.py[line:63] - INFO: >>>开始寻找元素:定位方法xpath，值.//*[@id='app']/form/div[2]/div/div/input
2021-06-23 15:00:52,782 - D:\work\WebAutoTestProject\base\base_page.py[line:73] - INFO: 成功定位元素:定位方法xpath，值.//*[@id='app']/form/div[2]/div/div/input
2021-06-23 15:00:52,803 - D:\work\WebAutoTestProject\base\base_page.py[line:63] - INFO: >>>开始寻找元素:定位方法xpath，值.//*[@id='app']/form/div[2]/div/div/input
2021-06-23 15:00:52,819 - D:\work\WebAutoTestProject\base\base_page.py[line:73] - INFO: 成功定位元素:定位方法xpath，值.//*[@id='app']/form/div[2]/div/div/input
2021-06-23 15:00:52,868 - D:\work\WebAutoTestProject\page\web_hsb_page\oms_login_page.py[line:37] - INFO: 点击登录
2021-06-23 15:00:52,868 - D:\work\WebAutoTestProject\base\base_page.py[line:63] - INFO: >>>开始寻找元素:定位方法xpath，值.//*[@id='app']/form/div[3]/div/button
2021-06-23 15:00:52,890 - D:\work\WebAutoTestProject\base\base_page.py[line:73] - INFO: 成功定位元素:定位方法xpath，值.//*[@id='app']/form/div[3]/div/button
2021-06-23 15:00:54,926 - D:\work\WebAutoTestProject\testcase\web\web_hsb_case\test_oms_login.py[line:37] - INFO: 用例名称：test_oms_login_02，测试完成
2021-06-23 15:05:22,683 - D:\work\WebAutoTestProject\page\web_hsb_page\oms_login_page.py[line:31] - INFO: 开始输入用户名
2021-06-23 15:05:22,683 - D:\work\WebAutoTestProject\base\base_page.py[line:63] - INFO: >>>开始寻找元素:定位方法xpath，值.//*[@id='app']/form/div[1]/div/div/input
2021-06-23 15:05:22,709 - D:\work\WebAutoTestProject\base\base_page.py[line:73] - INFO: 成功定位元素:定位方法xpath，值.//*[@id='app']/form/div[1]/div/div/input
2021-06-23 15:05:22,731 - D:\work\WebAutoTestProject\base\base_page.py[line:63] - INFO: >>>开始寻找元素:定位方法xpath，值.//*[@id='app']/form/div[1]/div/div/input
2021-06-23 15:05:22,758 - D:\work\WebAutoTestProject\base\base_page.py[line:73] - INFO: 成功定位元素:定位方法xpath，值.//*[@id='app']/form/div[1]/div/div/input
2021-06-23 15:05:22,895 - D:\work\WebAutoTestProject\page\web_hsb_page\oms_login_page.py[line:35] - INFO: 开始输入密码
2021-06-23 15:05:22,895 - D:\work\WebAutoTestProject\base\base_page.py[line:63] - INFO: >>>开始寻找元素:定位方法xpath，值.//*[@id='app']/form/div[2]/div/div/input
2021-06-23 15:05:22,918 - D:\work\WebAutoTestProject\base\base_page.py[line:73] - INFO: 成功定位元素:定位方法xpath，值.//*[@id='app']/form/div[2]/div/div/input
2021-06-23 15:05:22,947 - D:\work\WebAutoTestProject\base\base_page.py[line:63] - INFO: >>>开始寻找元素:定位方法xpath，值.//*[@id='app']/form/div[2]/div/div/input
2021-06-23 15:05:22,967 - D:\work\WebAutoTestProject\base\base_page.py[line:73] - INFO: 成功定位元素:定位方法xpath，值.//*[@id='app']/form/div[2]/div/div/input
2021-06-23 15:05:23,021 - D:\work\WebAutoTestProject\page\web_hsb_page\oms_login_page.py[line:37] - INFO: 点击登录
2021-06-23 15:05:23,021 - D:\work\WebAutoTestProject\base\base_page.py[line:63] - INFO: >>>开始寻找元素:定位方法xpath，值.//*[@id='app']/form/div[3]/div/button1
2021-06-23 15:05:53,599 - D:\work\WebAutoTestProject\base\base_page.py[line:120] - INFO: 截图成功，保存路径为D:\work\WebAutoTestProject\screenshot\find_element_20210623150553.png
2021-06-23 15:05:53,610 - D:\work\WebAutoTestProject\base\base_page.py[line:77] - ERROR: 在30秒内未定位到元素，定位方法xpath，值.//*[@id='app']/form/div[3]/div/button1
异常信息：<class 'selenium.common.exceptions.TimeoutException'> 
Info：Traceback (most recent call last):
  File "D:\work\WebAutoTestProject\base\base_page.py", line 71, in find_element
    WebDriverWait(self.driver, self.timeout, 0.5).until(EC.visibility_of_element_located((By.XPATH, value)))
  File "D:\work\WebAutoTestProject\venv\lib\site-packages\selenium\webdriver\support\wait.py", line 80, in until
    raise TimeoutException(message, screen, stacktrace)
selenium.common.exceptions.TimeoutException: Message: 


2021-06-23 15:05:57,430 - D:\work\WebAutoTestProject\page\web_hsb_page\oms_login_page.py[line:31] - INFO: 开始输入用户名
2021-06-23 15:05:57,431 - D:\work\WebAutoTestProject\base\base_page.py[line:63] - INFO: >>>开始寻找元素:定位方法xpath，值.//*[@id='app']/form/div[1]/div/div/input
2021-06-23 15:05:57,464 - D:\work\WebAutoTestProject\base\base_page.py[line:73] - INFO: 成功定位元素:定位方法xpath，值.//*[@id='app']/form/div[1]/div/div/input
2021-06-23 15:05:57,505 - D:\work\WebAutoTestProject\base\base_page.py[line:63] - INFO: >>>开始寻找元素:定位方法xpath，值.//*[@id='app']/form/div[1]/div/div/input
2021-06-23 15:05:57,542 - D:\work\WebAutoTestProject\base\base_page.py[line:73] - INFO: 成功定位元素:定位方法xpath，值.//*[@id='app']/form/div[1]/div/div/input
2021-06-23 15:05:57,636 - D:\work\WebAutoTestProject\page\web_hsb_page\oms_login_page.py[line:35] - INFO: 开始输入密码
2021-06-23 15:05:57,637 - D:\work\WebAutoTestProject\base\base_page.py[line:63] - INFO: >>>开始寻找元素:定位方法xpath，值.//*[@id='app']/form/div[2]/div/div/input
2021-06-23 15:05:57,666 - D:\work\WebAutoTestProject\base\base_page.py[line:73] - INFO: 成功定位元素:定位方法xpath，值.//*[@id='app']/form/div[2]/div/div/input
2021-06-23 15:05:57,697 - D:\work\WebAutoTestProject\base\base_page.py[line:63] - INFO: >>>开始寻找元素:定位方法xpath，值.//*[@id='app']/form/div[2]/div/div/input
2021-06-23 15:05:57,713 - D:\work\WebAutoTestProject\base\base_page.py[line:73] - INFO: 成功定位元素:定位方法xpath，值.//*[@id='app']/form/div[2]/div/div/input
2021-06-23 15:05:57,771 - D:\work\WebAutoTestProject\page\web_hsb_page\oms_login_page.py[line:37] - INFO: 点击登录
2021-06-23 15:05:57,772 - D:\work\WebAutoTestProject\base\base_page.py[line:63] - INFO: >>>开始寻找元素:定位方法xpath，值.//*[@id='app']/form/div[3]/div/button1
2021-06-23 15:06:28,228 - D:\work\WebAutoTestProject\base\base_page.py[line:120] - INFO: 截图成功，保存路径为D:\work\WebAutoTestProject\screenshot\find_element_20210623150628.png
2021-06-23 15:06:28,228 - D:\work\WebAutoTestProject\base\base_page.py[line:77] - ERROR: 在30秒内未定位到元素，定位方法xpath，值.//*[@id='app']/form/div[3]/div/button1
异常信息：<class 'selenium.common.exceptions.TimeoutException'> 
Info：Traceback (most recent call last):
  File "D:\work\WebAutoTestProject\base\base_page.py", line 71, in find_element
    WebDriverWait(self.driver, self.timeout, 0.5).until(EC.visibility_of_element_located((By.XPATH, value)))
  File "D:\work\WebAutoTestProject\venv\lib\site-packages\selenium\webdriver\support\wait.py", line 80, in until
    raise TimeoutException(message, screen, stacktrace)
selenium.common.exceptions.TimeoutException: Message: 


2021-06-23 16:05:41,962 - D:\work\WebAutoTestProject\base\base_page.py[line:120] - INFO: 打开网址：http://oms.huishoubao.com.cn/
2021-06-23 16:05:42,277 - D:\work\WebAutoTestProject\page\web_hsb_page\oms_login_page.py[line:31] - INFO: 开始输入用户名
2021-06-23 16:05:42,277 - D:\work\WebAutoTestProject\base\base_page.py[line:109] - INFO: 准备输入数据test_liuzhiming@huishoubao.com.cn
2021-06-23 16:05:42,277 - D:\work\WebAutoTestProject\base\base_page.py[line:67] - INFO: >>>开始寻找元素:定位方法xpath，值.//*[@id='app']/form/div[1]/div/div/input
2021-06-23 16:05:42,303 - D:\work\WebAutoTestProject\base\base_page.py[line:77] - INFO: 成功定位元素:定位方法xpath，值.//*[@id='app']/form/div[1]/div/div/input
2021-06-23 16:05:42,452 - D:\work\WebAutoTestProject\page\web_hsb_page\oms_login_page.py[line:35] - INFO: 开始输入密码
2021-06-23 16:05:42,452 - D:\work\WebAutoTestProject\base\base_page.py[line:109] - INFO: 准备输入数据f6758a4e
2021-06-23 16:05:42,452 - D:\work\WebAutoTestProject\base\base_page.py[line:67] - INFO: >>>开始寻找元素:定位方法xpath，值.//*[@id='app']/form/div[2]/div/div/input
2021-06-23 16:05:42,472 - D:\work\WebAutoTestProject\base\base_page.py[line:77] - INFO: 成功定位元素:定位方法xpath，值.//*[@id='app']/form/div[2]/div/div/input
2021-06-23 16:05:42,539 - D:\work\WebAutoTestProject\page\web_hsb_page\oms_login_page.py[line:37] - INFO: 点击登录
2021-06-23 16:05:42,539 - D:\work\WebAutoTestProject\base\base_page.py[line:116] - INFO: 点击元素：
2021-06-23 16:05:42,540 - D:\work\WebAutoTestProject\base\base_page.py[line:67] - INFO: >>>开始寻找元素:定位方法xpath，值.//*[@id='app']/form/div[3]/div/button
2021-06-23 16:05:42,559 - D:\work\WebAutoTestProject\base\base_page.py[line:77] - INFO: 成功定位元素:定位方法xpath，值.//*[@id='app']/form/div[3]/div/button
2021-06-23 16:05:44,707 - D:\work\WebAutoTestProject\testcase\web\web_hsb_case\test_oms_login.py[line:30] - INFO: 用例名称：test_oms_login_01，测试完成
2021-06-23 16:05:48,050 - D:\work\WebAutoTestProject\base\base_page.py[line:120] - INFO: 打开网址：http://oms.huishoubao.com.cn/
2021-06-23 16:05:48,345 - D:\work\WebAutoTestProject\page\web_hsb_page\oms_login_page.py[line:31] - INFO: 开始输入用户名
2021-06-23 16:05:48,346 - D:\work\WebAutoTestProject\base\base_page.py[line:109] - INFO: 准备输入数据ghlfd123hg
2021-06-23 16:05:48,346 - D:\work\WebAutoTestProject\base\base_page.py[line:67] - INFO: >>>开始寻找元素:定位方法xpath，值.//*[@id='app']/form/div[1]/div/div/input
2021-06-23 16:05:48,372 - D:\work\WebAutoTestProject\base\base_page.py[line:77] - INFO: 成功定位元素:定位方法xpath，值.//*[@id='app']/form/div[1]/div/div/input
2021-06-23 16:05:48,462 - D:\work\WebAutoTestProject\page\web_hsb_page\oms_login_page.py[line:35] - INFO: 开始输入密码
2021-06-23 16:05:48,462 - D:\work\WebAutoTestProject\base\base_page.py[line:109] - INFO: 准备输入数据36489264783
2021-06-23 16:05:48,462 - D:\work\WebAutoTestProject\base\base_page.py[line:67] - INFO: >>>开始寻找元素:定位方法xpath，值.//*[@id='app']/form/div[2]/div/div/input
2021-06-23 16:05:48,489 - D:\work\WebAutoTestProject\base\base_page.py[line:77] - INFO: 成功定位元素:定位方法xpath，值.//*[@id='app']/form/div[2]/div/div/input
2021-06-23 16:05:48,568 - D:\work\WebAutoTestProject\page\web_hsb_page\oms_login_page.py[line:37] - INFO: 点击登录
2021-06-23 16:05:48,568 - D:\work\WebAutoTestProject\base\base_page.py[line:116] - INFO: 点击元素：
2021-06-23 16:05:48,568 - D:\work\WebAutoTestProject\base\base_page.py[line:67] - INFO: >>>开始寻找元素:定位方法xpath，值.//*[@id='app']/form/div[3]/div/button
2021-06-23 16:05:48,587 - D:\work\WebAutoTestProject\base\base_page.py[line:77] - INFO: 成功定位元素:定位方法xpath，值.//*[@id='app']/form/div[3]/div/button
2021-06-23 16:05:50,622 - D:\work\WebAutoTestProject\testcase\web\web_hsb_case\test_oms_login.py[line:37] - INFO: 用例名称：test_oms_login_02，测试完成
2021-06-23 16:13:14,794 - D:\work\WebAutoTestProject\base\base_page.py[line:121] - INFO: 打开网址：http://oms.huishoubao.com.cn/
2021-06-23 16:13:15,132 - D:\work\WebAutoTestProject\page\web_hsb_page\oms_login_page.py[line:31] - INFO: 开始输入用户名
2021-06-23 16:13:15,132 - D:\work\WebAutoTestProject\base\base_page.py[line:110] - INFO: 准备输入数据test_liuzhiming@huishoubao.com.cn
2021-06-23 16:13:15,132 - D:\work\WebAutoTestProject\base\base_page.py[line:68] - INFO: >>>开始寻找元素:定位方法xpath，值.//*[@id='app']/form/div[1]/div/div/input
2021-06-23 16:13:15,156 - D:\work\WebAutoTestProject\base\base_page.py[line:78] - INFO: 成功定位元素:定位方法xpath，值.//*[@id='app']/form/div[1]/div/div/input
2021-06-23 16:13:16,156 - D:\work\WebAutoTestProject\utils\common.py[line:29] - INFO: find_element--总耗时：1.0238218307495117
2021-06-23 16:13:16,317 - D:\work\WebAutoTestProject\page\web_hsb_page\oms_login_page.py[line:35] - INFO: 开始输入密码
2021-06-23 16:13:16,317 - D:\work\WebAutoTestProject\base\base_page.py[line:110] - INFO: 准备输入数据f6758a4e
2021-06-23 16:13:16,317 - D:\work\WebAutoTestProject\base\base_page.py[line:68] - INFO: >>>开始寻找元素:定位方法xpath，值.//*[@id='app']/form/div[2]/div/div/input
2021-06-23 16:13:16,340 - D:\work\WebAutoTestProject\base\base_page.py[line:78] - INFO: 成功定位元素:定位方法xpath，值.//*[@id='app']/form/div[2]/div/div/input
2021-06-23 16:13:17,341 - D:\work\WebAutoTestProject\utils\common.py[line:29] - INFO: find_element--总耗时：1.0238876342773438
2021-06-23 16:13:17,415 - D:\work\WebAutoTestProject\page\web_hsb_page\oms_login_page.py[line:37] - INFO: 点击登录
2021-06-23 16:13:17,415 - D:\work\WebAutoTestProject\base\base_page.py[line:117] - INFO: 点击元素：
2021-06-23 16:13:17,415 - D:\work\WebAutoTestProject\base\base_page.py[line:68] - INFO: >>>开始寻找元素:定位方法xpath，值.//*[@id='app']/form/div[3]/div/button
2021-06-23 16:13:17,441 - D:\work\WebAutoTestProject\base\base_page.py[line:78] - INFO: 成功定位元素:定位方法xpath，值.//*[@id='app']/form/div[3]/div/button
2021-06-23 16:13:18,441 - D:\work\WebAutoTestProject\utils\common.py[line:29] - INFO: find_element--总耗时：1.0261361598968506
2021-06-23 16:13:20,555 - D:\work\WebAutoTestProject\testcase\web\web_hsb_case\test_oms_login.py[line:30] - INFO: 用例名称：test_oms_login_01，测试完成
2021-06-23 16:13:23,849 - D:\work\WebAutoTestProject\base\base_page.py[line:121] - INFO: 打开网址：http://oms.huishoubao.com.cn/
2021-06-23 16:13:24,132 - D:\work\WebAutoTestProject\page\web_hsb_page\oms_login_page.py[line:31] - INFO: 开始输入用户名
2021-06-23 16:13:24,133 - D:\work\WebAutoTestProject\base\base_page.py[line:110] - INFO: 准备输入数据ghlfd123hg
2021-06-23 16:13:24,133 - D:\work\WebAutoTestProject\base\base_page.py[line:68] - INFO: >>>开始寻找元素:定位方法xpath，值.//*[@id='app']/form/div[1]/div/div/input
2021-06-23 16:13:24,158 - D:\work\WebAutoTestProject\base\base_page.py[line:78] - INFO: 成功定位元素:定位方法xpath，值.//*[@id='app']/form/div[1]/div/div/input
2021-06-23 16:13:25,160 - D:\work\WebAutoTestProject\utils\common.py[line:29] - INFO: find_element--总耗时：1.026953935623169
2021-06-23 16:13:25,242 - D:\work\WebAutoTestProject\page\web_hsb_page\oms_login_page.py[line:35] - INFO: 开始输入密码
2021-06-23 16:13:25,242 - D:\work\WebAutoTestProject\base\base_page.py[line:110] - INFO: 准备输入数据36489264783
2021-06-23 16:13:25,243 - D:\work\WebAutoTestProject\base\base_page.py[line:68] - INFO: >>>开始寻找元素:定位方法xpath，值.//*[@id='app']/form/div[2]/div/div/input
2021-06-23 16:13:25,269 - D:\work\WebAutoTestProject\base\base_page.py[line:78] - INFO: 成功定位元素:定位方法xpath，值.//*[@id='app']/form/div[2]/div/div/input
2021-06-23 16:13:26,269 - D:\work\WebAutoTestProject\utils\common.py[line:29] - INFO: find_element--总耗时：1.0267741680145264
2021-06-23 16:13:26,349 - D:\work\WebAutoTestProject\page\web_hsb_page\oms_login_page.py[line:37] - INFO: 点击登录
2021-06-23 16:13:26,349 - D:\work\WebAutoTestProject\base\base_page.py[line:117] - INFO: 点击元素：
2021-06-23 16:13:26,349 - D:\work\WebAutoTestProject\base\base_page.py[line:68] - INFO: >>>开始寻找元素:定位方法xpath，值.//*[@id='app']/form/div[3]/div/button
2021-06-23 16:13:26,373 - D:\work\WebAutoTestProject\base\base_page.py[line:78] - INFO: 成功定位元素:定位方法xpath，值.//*[@id='app']/form/div[3]/div/button
2021-06-23 16:13:27,374 - D:\work\WebAutoTestProject\utils\common.py[line:29] - INFO: find_element--总耗时：1.0249111652374268
2021-06-23 16:13:29,411 - D:\work\WebAutoTestProject\testcase\web\web_hsb_case\test_oms_login.py[line:37] - INFO: 用例名称：test_oms_login_02，测试完成
2021-06-23 16:18:00,711 - D:\work\WebAutoTestProject\base\base_page.py[line:121] - INFO: 打开网址：http://oms.huishoubao.com.cn/
2021-06-23 16:18:01,023 - D:\work\WebAutoTestProject\page\web_hsb_page\oms_login_page.py[line:31] - INFO: 开始输入用户名
2021-06-23 16:18:01,024 - D:\work\WebAutoTestProject\base\base_page.py[line:110] - INFO: 准备输入数据test_liuzhiming@huishoubao.com.cn
2021-06-23 16:18:01,024 - D:\work\WebAutoTestProject\base\base_page.py[line:68] - INFO: >>>开始寻找元素:定位方法xpath，值.//*[@id='app']/form/div[1]/div/div/input
2021-06-23 16:18:01,050 - D:\work\WebAutoTestProject\base\base_page.py[line:78] - INFO: 成功定位元素:定位方法xpath，值.//*[@id='app']/form/div[1]/div/div/input
2021-06-23 16:18:02,050 - D:\work\WebAutoTestProject\utils\common.py[line:30] - INFO: find_element--总耗时：1
2021-06-23 16:18:02,242 - D:\work\WebAutoTestProject\page\web_hsb_page\oms_login_page.py[line:35] - INFO: 开始输入密码
2021-06-23 16:18:02,242 - D:\work\WebAutoTestProject\base\base_page.py[line:110] - INFO: 准备输入数据f6758a4e
2021-06-23 16:18:02,242 - D:\work\WebAutoTestProject\base\base_page.py[line:68] - INFO: >>>开始寻找元素:定位方法xpath，值.//*[@id='app']/form/div[2]/div/div/input
2021-06-23 16:18:02,265 - D:\work\WebAutoTestProject\base\base_page.py[line:78] - INFO: 成功定位元素:定位方法xpath，值.//*[@id='app']/form/div[2]/div/div/input
2021-06-23 16:18:03,266 - D:\work\WebAutoTestProject\utils\common.py[line:30] - INFO: find_element--总耗时：1
2021-06-23 16:18:03,338 - D:\work\WebAutoTestProject\page\web_hsb_page\oms_login_page.py[line:37] - INFO: 点击登录
2021-06-23 16:18:03,338 - D:\work\WebAutoTestProject\base\base_page.py[line:117] - INFO: 点击元素：
2021-06-23 16:18:03,338 - D:\work\WebAutoTestProject\base\base_page.py[line:68] - INFO: >>>开始寻找元素:定位方法xpath，值.//*[@id='app']/form/div[3]/div/button
2021-06-23 16:18:03,365 - D:\work\WebAutoTestProject\base\base_page.py[line:78] - INFO: 成功定位元素:定位方法xpath，值.//*[@id='app']/form/div[3]/div/button
2021-06-23 16:18:04,366 - D:\work\WebAutoTestProject\utils\common.py[line:30] - INFO: find_element--总耗时：1
2021-06-23 16:18:06,958 - D:\work\WebAutoTestProject\testcase\web\web_hsb_case\test_oms_login.py[line:30] - INFO: 用例名称：test_oms_login_01，测试完成
2021-06-23 16:18:10,261 - D:\work\WebAutoTestProject\base\base_page.py[line:121] - INFO: 打开网址：http://oms.huishoubao.com.cn/
2021-06-23 16:18:10,545 - D:\work\WebAutoTestProject\page\web_hsb_page\oms_login_page.py[line:31] - INFO: 开始输入用户名
2021-06-23 16:18:10,545 - D:\work\WebAutoTestProject\base\base_page.py[line:110] - INFO: 准备输入数据ghlfd123hg
2021-06-23 16:18:10,546 - D:\work\WebAutoTestProject\base\base_page.py[line:68] - INFO: >>>开始寻找元素:定位方法xpath，值.//*[@id='app']/form/div[1]/div/div/input
2021-06-23 16:18:10,572 - D:\work\WebAutoTestProject\base\base_page.py[line:78] - INFO: 成功定位元素:定位方法xpath，值.//*[@id='app']/form/div[1]/div/div/input
2021-06-23 16:18:11,573 - D:\work\WebAutoTestProject\utils\common.py[line:30] - INFO: find_element--总耗时：1
2021-06-23 16:18:11,663 - D:\work\WebAutoTestProject\page\web_hsb_page\oms_login_page.py[line:35] - INFO: 开始输入密码
2021-06-23 16:18:11,663 - D:\work\WebAutoTestProject\base\base_page.py[line:110] - INFO: 准备输入数据36489264783
2021-06-23 16:18:11,664 - D:\work\WebAutoTestProject\base\base_page.py[line:68] - INFO: >>>开始寻找元素:定位方法xpath，值.//*[@id='app']/form/div[2]/div/div/input
2021-06-23 16:18:11,692 - D:\work\WebAutoTestProject\base\base_page.py[line:78] - INFO: 成功定位元素:定位方法xpath，值.//*[@id='app']/form/div[2]/div/div/input
2021-06-23 16:18:12,692 - D:\work\WebAutoTestProject\utils\common.py[line:30] - INFO: find_element--总耗时：1
2021-06-23 16:18:12,771 - D:\work\WebAutoTestProject\page\web_hsb_page\oms_login_page.py[line:37] - INFO: 点击登录
2021-06-23 16:18:12,771 - D:\work\WebAutoTestProject\base\base_page.py[line:117] - INFO: 点击元素：
2021-06-23 16:18:12,771 - D:\work\WebAutoTestProject\base\base_page.py[line:68] - INFO: >>>开始寻找元素:定位方法xpath，值.//*[@id='app']/form/div[3]/div/button
2021-06-23 16:18:12,803 - D:\work\WebAutoTestProject\base\base_page.py[line:78] - INFO: 成功定位元素:定位方法xpath，值.//*[@id='app']/form/div[3]/div/button
2021-06-23 16:18:13,804 - D:\work\WebAutoTestProject\utils\common.py[line:30] - INFO: find_element--总耗时：1
2021-06-23 16:18:15,841 - D:\work\WebAutoTestProject\testcase\web\web_hsb_case\test_oms_login.py[line:37] - INFO: 用例名称：test_oms_login_02，测试完成
2021-06-23 20:30:41,511 - D:\work\WebAutoTestProject\base\base_page.py[line:121] - INFO: 打开网址：http://oms.huishoubao.com.cn/
2021-06-23 20:30:41,831 - D:\work\WebAutoTestProject\page\web_hsb_page\oms_login_page.py[line:31] - INFO: 开始输入用户名
2021-06-23 20:30:41,831 - D:\work\WebAutoTestProject\base\base_page.py[line:110] - INFO: 准备输入数据test_liuzhiming@huishoubao.com.cn
2021-06-23 20:30:41,831 - D:\work\WebAutoTestProject\base\base_page.py[line:68] - INFO: >>>开始寻找元素:定位方法xpath，值.//*[@id='app']/form/div[1]/div/div/input
2021-06-23 20:30:41,855 - D:\work\WebAutoTestProject\base\base_page.py[line:78] - INFO: 成功定位元素:定位方法xpath，值.//*[@id='app']/form/div[1]/div/div/input
2021-06-23 20:30:42,856 - D:\work\WebAutoTestProject\utils\common.py[line:30] - INFO: find_element--总耗时：1.02
2021-06-23 20:30:43,009 - D:\work\WebAutoTestProject\page\web_hsb_page\oms_login_page.py[line:35] - INFO: 开始输入密码
2021-06-23 20:30:43,010 - D:\work\WebAutoTestProject\base\base_page.py[line:110] - INFO: 准备输入数据f6758a4e
2021-06-23 20:30:43,010 - D:\work\WebAutoTestProject\base\base_page.py[line:68] - INFO: >>>开始寻找元素:定位方法xpath，值.//*[@id='app']/form/div[2]/div/div/input
2021-06-23 20:30:43,037 - D:\work\WebAutoTestProject\base\base_page.py[line:78] - INFO: 成功定位元素:定位方法xpath，值.//*[@id='app']/form/div[2]/div/div/input
2021-06-23 20:30:44,037 - D:\work\WebAutoTestProject\utils\common.py[line:30] - INFO: find_element--总耗时：1.03
2021-06-23 20:30:44,104 - D:\work\WebAutoTestProject\page\web_hsb_page\oms_login_page.py[line:37] - INFO: 点击登录
2021-06-23 20:30:44,105 - D:\work\WebAutoTestProject\base\base_page.py[line:117] - INFO: 点击元素：
2021-06-23 20:30:44,105 - D:\work\WebAutoTestProject\base\base_page.py[line:68] - INFO: >>>开始寻找元素:定位方法xpath，值.//*[@id='app']/form/div[3]/div/button
2021-06-23 20:30:44,124 - D:\work\WebAutoTestProject\base\base_page.py[line:78] - INFO: 成功定位元素:定位方法xpath，值.//*[@id='app']/form/div[3]/div/button
2021-06-23 20:30:45,124 - D:\work\WebAutoTestProject\utils\common.py[line:30] - INFO: find_element--总耗时：1.02
2021-06-23 20:30:47,258 - D:\work\WebAutoTestProject\testcase\web\web_hsb_case\test_oms_login.py[line:30] - INFO: 用例名称：test_oms_login_01，测试完成
2021-06-23 20:30:50,598 - D:\work\WebAutoTestProject\base\base_page.py[line:121] - INFO: 打开网址：http://oms.huishoubao.com.cn/
2021-06-23 20:30:50,855 - D:\work\WebAutoTestProject\page\web_hsb_page\oms_login_page.py[line:31] - INFO: 开始输入用户名
2021-06-23 20:30:50,855 - D:\work\WebAutoTestProject\base\base_page.py[line:110] - INFO: 准备输入数据ghlfd123hg
2021-06-23 20:30:50,856 - D:\work\WebAutoTestProject\base\base_page.py[line:68] - INFO: >>>开始寻找元素:定位方法xpath，值.//*[@id='app']/form/div[1]/div/div/input
2021-06-23 20:30:50,882 - D:\work\WebAutoTestProject\base\base_page.py[line:78] - INFO: 成功定位元素:定位方法xpath，值.//*[@id='app']/form/div[1]/div/div/input
2021-06-23 20:30:51,882 - D:\work\WebAutoTestProject\utils\common.py[line:30] - INFO: find_element--总耗时：1.03
2021-06-23 20:30:51,972 - D:\work\WebAutoTestProject\page\web_hsb_page\oms_login_page.py[line:35] - INFO: 开始输入密码
2021-06-23 20:30:51,972 - D:\work\WebAutoTestProject\base\base_page.py[line:110] - INFO: 准备输入数据36489264783
2021-06-23 20:30:51,973 - D:\work\WebAutoTestProject\base\base_page.py[line:68] - INFO: >>>开始寻找元素:定位方法xpath，值.//*[@id='app']/form/div[2]/div/div/input
2021-06-23 20:30:51,994 - D:\work\WebAutoTestProject\base\base_page.py[line:78] - INFO: 成功定位元素:定位方法xpath，值.//*[@id='app']/form/div[2]/div/div/input
2021-06-23 20:30:52,995 - D:\work\WebAutoTestProject\utils\common.py[line:30] - INFO: find_element--总耗时：1.02
2021-06-23 20:30:53,078 - D:\work\WebAutoTestProject\page\web_hsb_page\oms_login_page.py[line:37] - INFO: 点击登录
2021-06-23 20:30:53,078 - D:\work\WebAutoTestProject\base\base_page.py[line:117] - INFO: 点击元素：
2021-06-23 20:30:53,078 - D:\work\WebAutoTestProject\base\base_page.py[line:68] - INFO: >>>开始寻找元素:定位方法xpath，值.//*[@id='app']/form/div[3]/div/button
2021-06-23 20:30:53,100 - D:\work\WebAutoTestProject\base\base_page.py[line:78] - INFO: 成功定位元素:定位方法xpath，值.//*[@id='app']/form/div[3]/div/button
2021-06-23 20:30:54,101 - D:\work\WebAutoTestProject\utils\common.py[line:30] - INFO: find_element--总耗时：1.02
2021-06-23 20:30:56,135 - D:\work\WebAutoTestProject\testcase\web\web_hsb_case\test_oms_login.py[line:37] - INFO: 用例名称：test_oms_login_02，测试完成
