2021-06-24 10:13:38,730 - D:\work\WebAutoTestProject\base\base_page.py[line:121] - INFO: 打开网址：http://119.23.17.189:8090/gwms_test/main.jsf
2021-06-24 10:13:39,054 - D:\work\WebAutoTestProject\base\base_page.py[line:142] - INFO: 最大化当前页面
2021-06-24 10:13:39,054 - D:\work\WebAutoTestProject\base\base_page.py[line:110] - INFO: 准备输入数据026
2021-06-24 10:13:39,054 - D:\work\WebAutoTestProject\base\base_page.py[line:68] - INFO: >>>开始寻找元素:定位方法id，值form1:nv_userid
2021-06-24 10:13:39,690 - D:\work\WebAutoTestProject\base\base_page.py[line:132] - INFO: 截图成功，保存路径为D:\work\WebAutoTestProject\screenshot\find_element_20210624101339.png
2021-06-24 10:13:39,699 - D:\work\WebAutoTestProject\base\base_page.py[line:86] - ERROR: 在<Logger D:\work\WebAutoTestProject\log\20210624.log (INFO)>秒内未定位到元素，定位方法id，值form1:nv_userid
异常信息：<class 'TypeError'> 
Info：Traceback (most recent call last):
  File "D:\work\WebAutoTestProject\base\base_page.py", line 70, in find_element
    WebDriverWait(self.driver, self.timeout, 0.5).until(EC.visibility_of_element_located((By.ID, value)))
  File "d:\work\webautotestproject\venv\lib\site-packages\selenium\webdriver\support\wait.py", line 68, in until
    end_time = time.time() + self._timeout
TypeError: unsupported operand type(s) for +: 'float' and 'Logger'

2021-06-24 10:13:40,699 - D:\work\WebAutoTestProject\utils\common.py[line:30] - INFO: find_element--总耗时：1.65
2021-06-24 10:13:44,293 - D:\work\WebAutoTestProject\base\base_page.py[line:121] - INFO: 打开网址：http://www.baidu.com
2021-06-24 10:13:44,839 - D:\work\WebAutoTestProject\base\base_page.py[line:110] - INFO: 准备输入数据回收宝科技2021
2021-06-24 10:13:44,839 - D:\work\WebAutoTestProject\base\base_page.py[line:68] - INFO: >>>开始寻找元素:定位方法id，值kw
2021-06-24 10:13:44,907 - D:\work\WebAutoTestProject\base\base_page.py[line:78] - INFO: 成功定位元素:定位方法id，值kw
2021-06-24 10:13:45,908 - D:\work\WebAutoTestProject\utils\common.py[line:30] - INFO: find_element--总耗时：1.07
2021-06-24 10:13:45,996 - D:\work\WebAutoTestProject\base\base_page.py[line:117] - INFO: 点击元素：
2021-06-24 10:13:45,997 - D:\work\WebAutoTestProject\base\base_page.py[line:68] - INFO: >>>开始寻找元素:定位方法id，值su
2021-06-24 10:13:46,030 - D:\work\WebAutoTestProject\base\base_page.py[line:78] - INFO: 成功定位元素:定位方法id，值su
2021-06-24 10:13:47,030 - D:\work\WebAutoTestProject\utils\common.py[line:30] - INFO: find_element--总耗时：1.03
2021-06-24 10:13:53,602 - D:\work\WebAutoTestProject\base\base_page.py[line:121] - INFO: 打开网址：http://oms.huishoubao.com.cn/
2021-06-24 10:13:54,318 - D:\work\WebAutoTestProject\page\web_hsb_page\oms_login_page.py[line:31] - INFO: 开始输入用户名
2021-06-24 10:13:54,318 - D:\work\WebAutoTestProject\base\base_page.py[line:110] - INFO: 准备输入数据test_liuzhiming@huishoubao.com.cn
2021-06-24 10:13:54,318 - D:\work\WebAutoTestProject\base\base_page.py[line:68] - INFO: >>>开始寻找元素:定位方法xpath，值.//*[@id='app']/form/div[1]/div/div/input
2021-06-24 10:13:54,341 - D:\work\WebAutoTestProject\base\base_page.py[line:78] - INFO: 成功定位元素:定位方法xpath，值.//*[@id='app']/form/div[1]/div/div/input
2021-06-24 10:13:55,342 - D:\work\WebAutoTestProject\utils\common.py[line:30] - INFO: find_element--总耗时：1.02
2021-06-24 10:13:55,465 - D:\work\WebAutoTestProject\page\web_hsb_page\oms_login_page.py[line:35] - INFO: 开始输入密码
2021-06-24 10:13:55,465 - D:\work\WebAutoTestProject\base\base_page.py[line:110] - INFO: 准备输入数据f6758a4e
2021-06-24 10:13:55,465 - D:\work\WebAutoTestProject\base\base_page.py[line:68] - INFO: >>>开始寻找元素:定位方法xpath，值.//*[@id='app']/form/div[2]/div/div/input
2021-06-24 10:13:55,488 - D:\work\WebAutoTestProject\base\base_page.py[line:78] - INFO: 成功定位元素:定位方法xpath，值.//*[@id='app']/form/div[2]/div/div/input
2021-06-24 10:13:56,488 - D:\work\WebAutoTestProject\utils\common.py[line:30] - INFO: find_element--总耗时：1.02
2021-06-24 10:13:56,554 - D:\work\WebAutoTestProject\page\web_hsb_page\oms_login_page.py[line:37] - INFO: 点击登录
2021-06-24 10:13:56,555 - D:\work\WebAutoTestProject\base\base_page.py[line:117] - INFO: 点击元素：
2021-06-24 10:13:56,555 - D:\work\WebAutoTestProject\base\base_page.py[line:68] - INFO: >>>开始寻找元素:定位方法xpath，值.//*[@id='app']/form/div[3]/div/button
2021-06-24 10:13:56,577 - D:\work\WebAutoTestProject\base\base_page.py[line:78] - INFO: 成功定位元素:定位方法xpath，值.//*[@id='app']/form/div[3]/div/button
2021-06-24 10:13:57,578 - D:\work\WebAutoTestProject\utils\common.py[line:30] - INFO: find_element--总耗时：1.02
2021-06-24 10:13:59,611 - D:\work\WebAutoTestProject\testcase\web\web_hsb_case\test_oms_login.py[line:30] - INFO: 用例名称：test_oms_login_01，测试完成
2021-06-24 10:24:29,347 - D:\work\WebAutoTestProject\base\base_page.py[line:121] - INFO: 打开网址：http://119.23.17.189:8090/gwms_test/main.jsf
2021-06-24 10:24:29,850 - D:\work\WebAutoTestProject\base\base_page.py[line:142] - INFO: 最大化当前页面
2021-06-24 10:24:29,850 - D:\work\WebAutoTestProject\base\base_page.py[line:110] - INFO: 准备输入数据026
2021-06-24 10:24:29,850 - D:\work\WebAutoTestProject\base\base_page.py[line:68] - INFO: >>>开始寻找元素:定位方法id，值form1:nv_userid
2021-06-24 10:24:29,873 - D:\work\WebAutoTestProject\base\base_page.py[line:78] - INFO: 成功定位元素:定位方法id，值form1:nv_userid
2021-06-24 10:24:30,873 - D:\work\WebAutoTestProject\utils\common.py[line:30] - INFO: find_element--总耗时：1.02
2021-06-24 10:24:30,917 - D:\work\WebAutoTestProject\base\base_page.py[line:110] - INFO: 准备输入数据026
2021-06-24 10:24:30,917 - D:\work\WebAutoTestProject\base\base_page.py[line:68] - INFO: >>>开始寻找元素:定位方法id，值form1:passWord
2021-06-24 10:24:30,942 - D:\work\WebAutoTestProject\base\base_page.py[line:78] - INFO: 成功定位元素:定位方法id，值form1:passWord
2021-06-24 10:24:31,943 - D:\work\WebAutoTestProject\utils\common.py[line:30] - INFO: find_element--总耗时：1.03
2021-06-24 10:24:31,998 - D:\work\WebAutoTestProject\base\base_page.py[line:117] - INFO: 点击元素：
2021-06-24 10:24:31,998 - D:\work\WebAutoTestProject\base\base_page.py[line:68] - INFO: >>>开始寻找元素:定位方法id，值form1:loginBtn
2021-06-24 10:24:32,020 - D:\work\WebAutoTestProject\base\base_page.py[line:78] - INFO: 成功定位元素:定位方法id，值form1:loginBtn
2021-06-24 10:24:33,020 - D:\work\WebAutoTestProject\utils\common.py[line:30] - INFO: find_element--总耗时：1.02
2021-06-24 10:24:43,277 - D:\work\WebAutoTestProject\base\base_page.py[line:121] - INFO: 打开网址：http://www.baidu.com
2021-06-24 10:24:43,748 - D:\work\WebAutoTestProject\base\base_page.py[line:110] - INFO: 准备输入数据回收宝科技2021
2021-06-24 10:24:43,748 - D:\work\WebAutoTestProject\base\base_page.py[line:68] - INFO: >>>开始寻找元素:定位方法id，值kw
2021-06-24 10:24:43,777 - D:\work\WebAutoTestProject\base\base_page.py[line:78] - INFO: 成功定位元素:定位方法id，值kw
2021-06-24 10:24:44,778 - D:\work\WebAutoTestProject\utils\common.py[line:30] - INFO: find_element--总耗时：1.03
2021-06-24 10:24:44,873 - D:\work\WebAutoTestProject\base\base_page.py[line:117] - INFO: 点击元素：
2021-06-24 10:24:44,873 - D:\work\WebAutoTestProject\base\base_page.py[line:68] - INFO: >>>开始寻找元素:定位方法id，值su
2021-06-24 10:24:44,912 - D:\work\WebAutoTestProject\base\base_page.py[line:78] - INFO: 成功定位元素:定位方法id，值su
2021-06-24 10:24:45,913 - D:\work\WebAutoTestProject\utils\common.py[line:30] - INFO: find_element--总耗时：1.04
2021-06-24 10:24:52,591 - D:\work\WebAutoTestProject\base\base_page.py[line:121] - INFO: 打开网址：http://oms.huishoubao.com.cn/
2021-06-24 10:24:53,088 - D:\work\WebAutoTestProject\page\web_hsb_page\oms_login_page.py[line:31] - INFO: 开始输入用户名
2021-06-24 10:24:53,088 - D:\work\WebAutoTestProject\base\base_page.py[line:110] - INFO: 准备输入数据test_liuzhiming@huishoubao.com.cn
2021-06-24 10:24:53,088 - D:\work\WebAutoTestProject\base\base_page.py[line:68] - INFO: >>>开始寻找元素:定位方法xpath，值.//*[@id='app']/form/div[1]/div/div/input
2021-06-24 10:24:53,113 - D:\work\WebAutoTestProject\base\base_page.py[line:78] - INFO: 成功定位元素:定位方法xpath，值.//*[@id='app']/form/div[1]/div/div/input
2021-06-24 10:24:54,113 - D:\work\WebAutoTestProject\utils\common.py[line:30] - INFO: find_element--总耗时：1.02
2021-06-24 10:24:54,235 - D:\work\WebAutoTestProject\page\web_hsb_page\oms_login_page.py[line:35] - INFO: 开始输入密码
2021-06-24 10:24:54,235 - D:\work\WebAutoTestProject\base\base_page.py[line:110] - INFO: 准备输入数据f6758a4e
2021-06-24 10:24:54,235 - D:\work\WebAutoTestProject\base\base_page.py[line:68] - INFO: >>>开始寻找元素:定位方法xpath，值.//*[@id='app']/form/div[2]/div/div/input
2021-06-24 10:24:54,259 - D:\work\WebAutoTestProject\base\base_page.py[line:78] - INFO: 成功定位元素:定位方法xpath，值.//*[@id='app']/form/div[2]/div/div/input
2021-06-24 10:24:55,259 - D:\work\WebAutoTestProject\utils\common.py[line:30] - INFO: find_element--总耗时：1.02
2021-06-24 10:24:55,322 - D:\work\WebAutoTestProject\page\web_hsb_page\oms_login_page.py[line:37] - INFO: 点击登录
2021-06-24 10:24:55,323 - D:\work\WebAutoTestProject\base\base_page.py[line:117] - INFO: 点击元素：
2021-06-24 10:24:55,323 - D:\work\WebAutoTestProject\base\base_page.py[line:68] - INFO: >>>开始寻找元素:定位方法xpath，值.//*[@id='app']/form/div[3]/div/button
2021-06-24 10:24:55,343 - D:\work\WebAutoTestProject\base\base_page.py[line:78] - INFO: 成功定位元素:定位方法xpath，值.//*[@id='app']/form/div[3]/div/button
2021-06-24 10:24:56,343 - D:\work\WebAutoTestProject\utils\common.py[line:30] - INFO: find_element--总耗时：1.02
2021-06-24 10:24:58,490 - D:\work\WebAutoTestProject\testcase\web\web_hsb_case\test_oms_login.py[line:30] - INFO: 用例名称：test_oms_login_01，测试完成
2021-06-24 11:18:18,093 - D:\work\WebAutoTestProject\base\base_page.py[line:120] - INFO: 打开网址：http://www.baidu.com
2021-06-24 11:18:19,072 - D:\work\WebAutoTestProject\base\base_page.py[line:109] - INFO: 准备输入数据回收宝科技
2021-06-24 11:18:19,073 - D:\work\WebAutoTestProject\base\base_page.py[line:67] - INFO: >>>开始寻找元素:定位方法id，值kw
2021-06-24 11:18:19,102 - D:\work\WebAutoTestProject\base\base_page.py[line:77] - INFO: 成功定位元素:定位方法id，值kw
2021-06-24 11:18:20,103 - D:\work\WebAutoTestProject\utils\common.py[line:30] - INFO: find_element--总耗时：1.03
2021-06-24 11:18:20,184 - D:\work\WebAutoTestProject\base\base_page.py[line:116] - INFO: 点击元素：
2021-06-24 11:18:20,184 - D:\work\WebAutoTestProject\base\base_page.py[line:67] - INFO: >>>开始寻找元素:定位方法id，值su
2021-06-24 11:18:20,215 - D:\work\WebAutoTestProject\base\base_page.py[line:77] - INFO: 成功定位元素:定位方法id，值su
2021-06-24 11:18:21,216 - D:\work\WebAutoTestProject\utils\common.py[line:30] - INFO: find_element--总耗时：1.03
2021-06-24 11:18:27,682 - D:\work\WebAutoTestProject\base\base_page.py[line:120] - INFO: 打开网址：http://www.baidu.com
2021-06-24 11:18:28,369 - D:\work\WebAutoTestProject\base\base_page.py[line:109] - INFO: 准备输入数据回收宝科技2021
2021-06-24 11:18:28,369 - D:\work\WebAutoTestProject\base\base_page.py[line:67] - INFO: >>>开始寻找元素:定位方法id，值kw
2021-06-24 11:18:28,396 - D:\work\WebAutoTestProject\base\base_page.py[line:77] - INFO: 成功定位元素:定位方法id，值kw
2021-06-24 11:18:29,397 - D:\work\WebAutoTestProject\utils\common.py[line:30] - INFO: find_element--总耗时：1.03
2021-06-24 11:18:29,500 - D:\work\WebAutoTestProject\base\base_page.py[line:116] - INFO: 点击元素：
2021-06-24 11:18:29,500 - D:\work\WebAutoTestProject\base\base_page.py[line:67] - INFO: >>>开始寻找元素:定位方法id，值su
2021-06-24 11:18:29,536 - D:\work\WebAutoTestProject\base\base_page.py[line:77] - INFO: 成功定位元素:定位方法id，值su
2021-06-24 11:18:30,536 - D:\work\WebAutoTestProject\utils\common.py[line:30] - INFO: find_element--总耗时：1.04
2021-06-24 11:19:43,982 - D:\work\WebAutoTestProject\base\base_page.py[line:120] - INFO: 打开网址：http://www.baidu.com
2021-06-24 11:19:45,163 - D:\work\WebAutoTestProject\base\base_page.py[line:109] - INFO: 准备输入数据回收宝科技
2021-06-24 11:19:45,163 - D:\work\WebAutoTestProject\base\base_page.py[line:67] - INFO: >>>开始寻找元素:定位方法id，值kw
2021-06-24 11:19:45,193 - D:\work\WebAutoTestProject\base\base_page.py[line:77] - INFO: 成功定位元素:定位方法id，值kw
2021-06-24 11:19:46,193 - D:\work\WebAutoTestProject\utils\common.py[line:30] - INFO: find_element--总耗时：1.03
2021-06-24 11:19:46,283 - D:\work\WebAutoTestProject\base\base_page.py[line:116] - INFO: 点击元素：
2021-06-24 11:19:46,284 - D:\work\WebAutoTestProject\base\base_page.py[line:67] - INFO: >>>开始寻找元素:定位方法id，值su
2021-06-24 11:19:46,321 - D:\work\WebAutoTestProject\base\base_page.py[line:77] - INFO: 成功定位元素:定位方法id，值su
2021-06-24 11:19:47,321 - D:\work\WebAutoTestProject\utils\common.py[line:30] - INFO: find_element--总耗时：1.04
2021-06-24 11:19:54,400 - D:\work\WebAutoTestProject\base\base_page.py[line:120] - INFO: 打开网址：http://www.baidu.com
2021-06-24 11:19:55,061 - D:\work\WebAutoTestProject\base\base_page.py[line:109] - INFO: 准备输入数据回收宝科技2021
2021-06-24 11:19:55,062 - D:\work\WebAutoTestProject\base\base_page.py[line:67] - INFO: >>>开始寻找元素:定位方法id，值kw
2021-06-24 11:19:55,090 - D:\work\WebAutoTestProject\base\base_page.py[line:77] - INFO: 成功定位元素:定位方法id，值kw
2021-06-24 11:19:56,091 - D:\work\WebAutoTestProject\utils\common.py[line:30] - INFO: find_element--总耗时：1.03
2021-06-24 11:19:56,189 - D:\work\WebAutoTestProject\base\base_page.py[line:116] - INFO: 点击元素：
2021-06-24 11:19:56,189 - D:\work\WebAutoTestProject\base\base_page.py[line:67] - INFO: >>>开始寻找元素:定位方法id，值su
2021-06-24 11:19:56,223 - D:\work\WebAutoTestProject\base\base_page.py[line:77] - INFO: 成功定位元素:定位方法id，值su
2021-06-24 11:19:57,223 - D:\work\WebAutoTestProject\utils\common.py[line:30] - INFO: find_element--总耗时：1.03
2021-06-24 11:22:40,976 - D:\work\WebAutoTestProject\base\base_page.py[line:123] - INFO: 打开网址：http://oms.huishoubao.com.cn/
2021-06-24 11:22:41,317 - D:\work\WebAutoTestProject\page\web_hsb_page\oms_login_page.py[line:31] - INFO: 开始输入用户名
2021-06-24 11:22:41,318 - D:\work\WebAutoTestProject\base\base_page.py[line:112] - INFO: 准备输入数据test_liuzhiming@huishoubao.com.cn
2021-06-24 11:22:41,318 - D:\work\WebAutoTestProject\base\base_page.py[line:67] - INFO: >>>开始寻找元素:定位方法xpath，值.//*[@id='app']/form/div[1]/div/div/input
2021-06-24 11:22:42,345 - D:\work\WebAutoTestProject\utils\common.py[line:30] - INFO: find_element--总耗时：1.03
2021-06-24 11:22:42,497 - D:\work\WebAutoTestProject\page\web_hsb_page\oms_login_page.py[line:35] - INFO: 开始输入密码
2021-06-24 11:22:42,497 - D:\work\WebAutoTestProject\base\base_page.py[line:112] - INFO: 准备输入数据f6758a4e
2021-06-24 11:22:42,497 - D:\work\WebAutoTestProject\base\base_page.py[line:67] - INFO: >>>开始寻找元素:定位方法xpath，值.//*[@id='app']/form/div[2]/div/div/input
2021-06-24 11:22:43,520 - D:\work\WebAutoTestProject\utils\common.py[line:30] - INFO: find_element--总耗时：1.02
2021-06-24 11:22:43,588 - D:\work\WebAutoTestProject\page\web_hsb_page\oms_login_page.py[line:37] - INFO: 点击登录
2021-06-24 11:22:43,588 - D:\work\WebAutoTestProject\base\base_page.py[line:119] - INFO: 点击元素：
2021-06-24 11:22:43,588 - D:\work\WebAutoTestProject\base\base_page.py[line:67] - INFO: >>>开始寻找元素:定位方法xpath，值.//*[@id='app']/form/div[3]/div/button
2021-06-24 11:22:44,609 - D:\work\WebAutoTestProject\utils\common.py[line:30] - INFO: find_element--总耗时：1.02
2021-06-24 11:22:46,793 - D:\work\WebAutoTestProject\testcase\web\web_hsb_case\test_oms_login.py[line:30] - INFO: 用例名称：test_oms_login_01，测试完成
2021-06-24 11:22:50,148 - D:\work\WebAutoTestProject\base\base_page.py[line:123] - INFO: 打开网址：http://oms.huishoubao.com.cn/
2021-06-24 11:22:50,422 - D:\work\WebAutoTestProject\page\web_hsb_page\oms_login_page.py[line:31] - INFO: 开始输入用户名
2021-06-24 11:22:50,422 - D:\work\WebAutoTestProject\base\base_page.py[line:112] - INFO: 准备输入数据ghlfd123hg
2021-06-24 11:22:50,422 - D:\work\WebAutoTestProject\base\base_page.py[line:67] - INFO: >>>开始寻找元素:定位方法xpath，值.//*[@id='app']/form/div[1]/div/div/input
2021-06-24 11:22:51,449 - D:\work\WebAutoTestProject\utils\common.py[line:30] - INFO: find_element--总耗时：1.03
2021-06-24 11:22:51,529 - D:\work\WebAutoTestProject\page\web_hsb_page\oms_login_page.py[line:35] - INFO: 开始输入密码
2021-06-24 11:22:51,529 - D:\work\WebAutoTestProject\base\base_page.py[line:112] - INFO: 准备输入数据36489264783
2021-06-24 11:22:51,529 - D:\work\WebAutoTestProject\base\base_page.py[line:67] - INFO: >>>开始寻找元素:定位方法xpath，值.//*[@id='app']/form/div[2]/div/div/input
2021-06-24 11:22:52,554 - D:\work\WebAutoTestProject\utils\common.py[line:30] - INFO: find_element--总耗时：1.02
2021-06-24 11:22:52,647 - D:\work\WebAutoTestProject\page\web_hsb_page\oms_login_page.py[line:37] - INFO: 点击登录
2021-06-24 11:22:52,647 - D:\work\WebAutoTestProject\base\base_page.py[line:119] - INFO: 点击元素：
2021-06-24 11:22:52,647 - D:\work\WebAutoTestProject\base\base_page.py[line:67] - INFO: >>>开始寻找元素:定位方法xpath，值.//*[@id='app']/form/div[3]/div/button
2021-06-24 11:22:53,669 - D:\work\WebAutoTestProject\utils\common.py[line:30] - INFO: find_element--总耗时：1.02
2021-06-24 11:22:55,705 - D:\work\WebAutoTestProject\testcase\web\web_hsb_case\test_oms_login.py[line:37] - INFO: 用例名称：test_oms_login_02，测试完成
2021-06-24 16:47:32,182 - D:\work\WebAutoTestProject\base\base_page.py[line:113] - INFO: 打开网址：http://119.23.17.189:8090/gwms_test/main.jsf
2021-06-24 16:47:32,724 - D:\work\WebAutoTestProject\base\base_page.py[line:134] - INFO: 最大化当前页面
2021-06-24 16:47:32,724 - D:\work\WebAutoTestProject\base\base_page.py[line:102] - INFO: 准备输入数据026
2021-06-24 16:47:32,724 - D:\work\WebAutoTestProject\base\base_page.py[line:67] - INFO: >>>开始寻找元素:定位方法id，值form1:nv_userid
2021-06-24 16:47:33,746 - D:\work\WebAutoTestProject\utils\common.py[line:30] - INFO: find_element--总耗时：1.02
2021-06-24 16:47:33,791 - D:\work\WebAutoTestProject\base\base_page.py[line:102] - INFO: 准备输入数据026
2021-06-24 16:47:33,791 - D:\work\WebAutoTestProject\base\base_page.py[line:67] - INFO: >>>开始寻找元素:定位方法id，值form1:passWord
2021-06-24 16:47:34,811 - D:\work\WebAutoTestProject\utils\common.py[line:30] - INFO: find_element--总耗时：1.02
2021-06-24 16:47:34,868 - D:\work\WebAutoTestProject\base\base_page.py[line:109] - INFO: 点击元素：
2021-06-24 16:47:34,868 - D:\work\WebAutoTestProject\base\base_page.py[line:67] - INFO: >>>开始寻找元素:定位方法id，值form1:loginBtn
2021-06-24 16:47:35,890 - D:\work\WebAutoTestProject\utils\common.py[line:30] - INFO: find_element--总耗时：1.02
2021-06-24 16:47:45,792 - D:\work\WebAutoTestProject\base\base_page.py[line:113] - INFO: 打开网址：http://www.baidu.com
2021-06-24 16:47:46,576 - D:\work\WebAutoTestProject\base\base_page.py[line:102] - INFO: 准备输入数据回收宝科技2021
2021-06-24 16:47:46,577 - D:\work\WebAutoTestProject\base\base_page.py[line:67] - INFO: >>>开始寻找元素:定位方法id，值kw
2021-06-24 16:47:47,605 - D:\work\WebAutoTestProject\utils\common.py[line:30] - INFO: find_element--总耗时：1.03
2021-06-24 16:47:47,707 - D:\work\WebAutoTestProject\base\base_page.py[line:109] - INFO: 点击元素：
2021-06-24 16:47:47,707 - D:\work\WebAutoTestProject\base\base_page.py[line:67] - INFO: >>>开始寻找元素:定位方法id，值su
2021-06-24 16:47:48,738 - D:\work\WebAutoTestProject\utils\common.py[line:30] - INFO: find_element--总耗时：1.03
2021-06-24 16:47:55,211 - D:\work\WebAutoTestProject\base\base_page.py[line:113] - INFO: 打开网址：http://oms.huishoubao.com.cn/
2021-06-24 16:47:55,642 - D:\work\WebAutoTestProject\page\web_hsb_page\oms_login_page.py[line:31] - INFO: 开始输入用户名
2021-06-24 16:47:55,642 - D:\work\WebAutoTestProject\base\base_page.py[line:102] - INFO: 准备输入数据fdafdaf
2021-06-24 16:47:55,643 - D:\work\WebAutoTestProject\base\base_page.py[line:67] - INFO: >>>开始寻找元素:定位方法xpath，值.//*[@id='app']/form/div[1]/div/div/input
2021-06-24 16:47:56,669 - D:\work\WebAutoTestProject\utils\common.py[line:30] - INFO: find_element--总耗时：1.03
2021-06-24 16:47:56,745 - D:\work\WebAutoTestProject\page\web_hsb_page\oms_login_page.py[line:35] - INFO: 开始输入密码
2021-06-24 16:47:56,746 - D:\work\WebAutoTestProject\base\base_page.py[line:102] - INFO: 准备输入数据
2021-06-24 16:47:56,746 - D:\work\WebAutoTestProject\base\base_page.py[line:67] - INFO: >>>开始寻找元素:定位方法xpath，值.//*[@id='app']/form/div[2]/div/div/input
2021-06-24 16:47:57,769 - D:\work\WebAutoTestProject\utils\common.py[line:30] - INFO: find_element--总耗时：1.02
2021-06-24 16:47:57,822 - D:\work\WebAutoTestProject\page\web_hsb_page\oms_login_page.py[line:37] - INFO: 点击登录
2021-06-24 16:47:57,822 - D:\work\WebAutoTestProject\base\base_page.py[line:109] - INFO: 点击元素：
2021-06-24 16:47:57,822 - D:\work\WebAutoTestProject\base\base_page.py[line:67] - INFO: >>>开始寻找元素:定位方法xpath，值.//*[@id='app']/form/div[3]/div/button
2021-06-24 16:47:58,843 - D:\work\WebAutoTestProject\utils\common.py[line:30] - INFO: find_element--总耗时：1.02
2021-06-24 16:48:01,078 - D:\work\WebAutoTestProject\testcase\web\web_hsb_case\test_oms_login.py[line:41] - INFO: 用例名称：test_oms_login_01，测试完成
2021-06-24 16:48:04,452 - D:\work\WebAutoTestProject\base\base_page.py[line:113] - INFO: 打开网址：http://oms.huishoubao.com.cn/
2021-06-24 16:48:04,803 - D:\work\WebAutoTestProject\page\web_hsb_page\oms_login_page.py[line:31] - INFO: 开始输入用户名
2021-06-24 16:48:04,803 - D:\work\WebAutoTestProject\base\base_page.py[line:102] - INFO: 准备输入数据fdfag
2021-06-24 16:48:04,803 - D:\work\WebAutoTestProject\base\base_page.py[line:67] - INFO: >>>开始寻找元素:定位方法xpath，值.//*[@id='app']/form/div[1]/div/div/input
2021-06-24 16:48:05,844 - D:\work\WebAutoTestProject\utils\common.py[line:30] - INFO: find_element--总耗时：1.04
2021-06-24 16:48:05,933 - D:\work\WebAutoTestProject\page\web_hsb_page\oms_login_page.py[line:35] - INFO: 开始输入密码
2021-06-24 16:48:05,934 - D:\work\WebAutoTestProject\base\base_page.py[line:102] - INFO: 准备输入数据fdagdaf
2021-06-24 16:48:05,934 - D:\work\WebAutoTestProject\base\base_page.py[line:67] - INFO: >>>开始寻找元素:定位方法xpath，值.//*[@id='app']/form/div[2]/div/div/input
2021-06-24 16:48:06,960 - D:\work\WebAutoTestProject\utils\common.py[line:30] - INFO: find_element--总耗时：1.03
2021-06-24 16:48:07,024 - D:\work\WebAutoTestProject\page\web_hsb_page\oms_login_page.py[line:37] - INFO: 点击登录
2021-06-24 16:48:07,025 - D:\work\WebAutoTestProject\base\base_page.py[line:109] - INFO: 点击元素：
2021-06-24 16:48:07,025 - D:\work\WebAutoTestProject\base\base_page.py[line:67] - INFO: >>>开始寻找元素:定位方法xpath，值.//*[@id='app']/form/div[3]/div/button
2021-06-24 16:48:08,049 - D:\work\WebAutoTestProject\utils\common.py[line:30] - INFO: find_element--总耗时：1.02
2021-06-24 16:48:10,084 - D:\work\WebAutoTestProject\testcase\web\web_hsb_case\test_oms_login.py[line:41] - INFO: 用例名称：test_oms_login_01，测试完成
2021-06-24 16:48:13,487 - D:\work\WebAutoTestProject\base\base_page.py[line:113] - INFO: 打开网址：http://oms.huishoubao.com.cn/
2021-06-24 16:48:13,826 - D:\work\WebAutoTestProject\page\web_hsb_page\oms_login_page.py[line:31] - INFO: 开始输入用户名
2021-06-24 16:48:13,826 - D:\work\WebAutoTestProject\base\base_page.py[line:102] - INFO: 准备输入数据test_liuzhiming@huishoubao.com.cn
2021-06-24 16:48:13,826 - D:\work\WebAutoTestProject\base\base_page.py[line:67] - INFO: >>>开始寻找元素:定位方法xpath，值.//*[@id='app']/form/div[1]/div/div/input
2021-06-24 16:48:14,853 - D:\work\WebAutoTestProject\utils\common.py[line:30] - INFO: find_element--总耗时：1.03
2021-06-24 16:48:14,980 - D:\work\WebAutoTestProject\page\web_hsb_page\oms_login_page.py[line:35] - INFO: 开始输入密码
2021-06-24 16:48:14,981 - D:\work\WebAutoTestProject\base\base_page.py[line:102] - INFO: 准备输入数据32rfdfs
2021-06-24 16:48:14,981 - D:\work\WebAutoTestProject\base\base_page.py[line:67] - INFO: >>>开始寻找元素:定位方法xpath，值.//*[@id='app']/form/div[2]/div/div/input
2021-06-24 16:48:16,006 - D:\work\WebAutoTestProject\utils\common.py[line:30] - INFO: find_element--总耗时：1.03
2021-06-24 16:48:16,074 - D:\work\WebAutoTestProject\page\web_hsb_page\oms_login_page.py[line:37] - INFO: 点击登录
2021-06-24 16:48:16,075 - D:\work\WebAutoTestProject\base\base_page.py[line:109] - INFO: 点击元素：
2021-06-24 16:48:16,075 - D:\work\WebAutoTestProject\base\base_page.py[line:67] - INFO: >>>开始寻找元素:定位方法xpath，值.//*[@id='app']/form/div[3]/div/button
2021-06-24 16:48:17,095 - D:\work\WebAutoTestProject\utils\common.py[line:30] - INFO: find_element--总耗时：1.02
2021-06-24 16:48:19,127 - D:\work\WebAutoTestProject\testcase\web\web_hsb_case\test_oms_login.py[line:41] - INFO: 用例名称：test_oms_login_01，测试完成
2021-06-24 16:48:22,462 - D:\work\WebAutoTestProject\base\base_page.py[line:113] - INFO: 打开网址：http://oms.huishoubao.com.cn/
2021-06-24 16:48:22,962 - D:\work\WebAutoTestProject\page\web_hsb_page\oms_login_page.py[line:31] - INFO: 开始输入用户名
2021-06-24 16:48:22,962 - D:\work\WebAutoTestProject\base\base_page.py[line:102] - INFO: 准备输入数据test_liuzhiming@huishoubao.com.cn
2021-06-24 16:48:22,962 - D:\work\WebAutoTestProject\base\base_page.py[line:67] - INFO: >>>开始寻找元素:定位方法xpath，值.//*[@id='app']/form/div[1]/div/div/input
2021-06-24 16:48:23,991 - D:\work\WebAutoTestProject\utils\common.py[line:30] - INFO: find_element--总耗时：1.03
2021-06-24 16:48:24,123 - D:\work\WebAutoTestProject\page\web_hsb_page\oms_login_page.py[line:35] - INFO: 开始输入密码
2021-06-24 16:48:24,123 - D:\work\WebAutoTestProject\base\base_page.py[line:102] - INFO: 准备输入数据f6758a4e
2021-06-24 16:48:24,123 - D:\work\WebAutoTestProject\base\base_page.py[line:67] - INFO: >>>开始寻找元素:定位方法xpath，值.//*[@id='app']/form/div[2]/div/div/input
2021-06-24 16:48:25,146 - D:\work\WebAutoTestProject\utils\common.py[line:30] - INFO: find_element--总耗时：1.02
2021-06-24 16:48:25,243 - D:\work\WebAutoTestProject\page\web_hsb_page\oms_login_page.py[line:37] - INFO: 点击登录
2021-06-24 16:48:25,243 - D:\work\WebAutoTestProject\base\base_page.py[line:109] - INFO: 点击元素：
2021-06-24 16:48:25,244 - D:\work\WebAutoTestProject\base\base_page.py[line:67] - INFO: >>>开始寻找元素:定位方法xpath，值.//*[@id='app']/form/div[3]/div/button
2021-06-24 16:48:26,268 - D:\work\WebAutoTestProject\utils\common.py[line:30] - INFO: find_element--总耗时：1.02
2021-06-24 16:48:28,301 - D:\work\WebAutoTestProject\testcase\web\web_hsb_case\test_oms_login.py[line:41] - INFO: 用例名称：test_oms_login_01，测试完成
2021-06-24 16:48:31,679 - D:\work\WebAutoTestProject\base\base_page.py[line:113] - INFO: 打开网址：http://oms.huishoubao.com.cn/
2021-06-24 16:48:32,024 - D:\work\WebAutoTestProject\page\web_hsb_page\oms_login_page.py[line:31] - INFO: 开始输入用户名
2021-06-24 16:48:32,024 - D:\work\WebAutoTestProject\base\base_page.py[line:102] - INFO: 准备输入数据
2021-06-24 16:48:32,024 - D:\work\WebAutoTestProject\base\base_page.py[line:67] - INFO: >>>开始寻找元素:定位方法xpath，值.//*[@id='app']/form/div[1]/div/div/input
2021-06-24 16:48:33,049 - D:\work\WebAutoTestProject\utils\common.py[line:30] - INFO: find_element--总耗时：1.02
2021-06-24 16:48:33,102 - D:\work\WebAutoTestProject\page\web_hsb_page\oms_login_page.py[line:35] - INFO: 开始输入密码
2021-06-24 16:48:33,102 - D:\work\WebAutoTestProject\base\base_page.py[line:102] - INFO: 准备输入数据
2021-06-24 16:48:33,102 - D:\work\WebAutoTestProject\base\base_page.py[line:67] - INFO: >>>开始寻找元素:定位方法xpath，值.//*[@id='app']/form/div[2]/div/div/input
2021-06-24 16:48:34,130 - D:\work\WebAutoTestProject\utils\common.py[line:30] - INFO: find_element--总耗时：1.03
2021-06-24 16:48:34,179 - D:\work\WebAutoTestProject\page\web_hsb_page\oms_login_page.py[line:37] - INFO: 点击登录
2021-06-24 16:48:34,180 - D:\work\WebAutoTestProject\base\base_page.py[line:109] - INFO: 点击元素：
2021-06-24 16:48:34,180 - D:\work\WebAutoTestProject\base\base_page.py[line:67] - INFO: >>>开始寻找元素:定位方法xpath，值.//*[@id='app']/form/div[3]/div/button
2021-06-24 16:48:35,201 - D:\work\WebAutoTestProject\utils\common.py[line:30] - INFO: find_element--总耗时：1.02
2021-06-24 16:48:37,235 - D:\work\WebAutoTestProject\testcase\web\web_hsb_case\test_oms_login.py[line:41] - INFO: 用例名称：test_oms_login_01，测试完成
2021-06-24 17:51:27,109 - D:\work\WebAutoTestProject\base\base_page.py[line:113] - INFO: 打开网址：http://119.23.17.189:8090/gwms_test/main.jsf
2021-06-24 17:51:27,418 - D:\work\WebAutoTestProject\base\base_page.py[line:134] - INFO: 最大化当前页面
2021-06-24 17:51:27,418 - D:\work\WebAutoTestProject\base\base_page.py[line:102] - INFO: 准备输入数据test_liuzhiming@huishoubao.com.cn
2021-06-24 17:51:27,418 - D:\work\WebAutoTestProject\base\base_page.py[line:67] - INFO: >>>开始寻找元素:定位方法id，值form1:nv_userid
2021-06-24 17:51:28,439 - D:\work\WebAutoTestProject\utils\common.py[line:30] - INFO: find_element--总耗时：1.02
2021-06-24 17:51:28,533 - D:\work\WebAutoTestProject\base\base_page.py[line:102] - INFO: 准备输入数据32rfdfs
2021-06-24 17:51:28,533 - D:\work\WebAutoTestProject\base\base_page.py[line:67] - INFO: >>>开始寻找元素:定位方法id，值form1:passWord
2021-06-24 17:51:29,555 - D:\work\WebAutoTestProject\utils\common.py[line:30] - INFO: find_element--总耗时：1.02
2021-06-24 17:51:29,617 - D:\work\WebAutoTestProject\base\base_page.py[line:109] - INFO: 点击元素：
2021-06-24 17:51:29,617 - D:\work\WebAutoTestProject\base\base_page.py[line:67] - INFO: >>>开始寻找元素:定位方法id，值form1:loginBtn
2021-06-24 17:51:30,636 - D:\work\WebAutoTestProject\utils\common.py[line:30] - INFO: find_element--总耗时：1.02
2021-06-24 17:51:39,067 - D:\work\WebAutoTestProject\base\base_page.py[line:113] - INFO: 打开网址：http://119.23.17.189:8090/gwms_test/main.jsf
2021-06-24 17:51:39,539 - D:\work\WebAutoTestProject\base\base_page.py[line:134] - INFO: 最大化当前页面
2021-06-24 17:51:39,540 - D:\work\WebAutoTestProject\base\base_page.py[line:102] - INFO: 准备输入数据026
2021-06-24 17:51:39,540 - D:\work\WebAutoTestProject\base\base_page.py[line:67] - INFO: >>>开始寻找元素:定位方法id，值form1:nv_userid
2021-06-24 17:51:40,567 - D:\work\WebAutoTestProject\utils\common.py[line:30] - INFO: find_element--总耗时：1.03
2021-06-24 17:51:40,608 - D:\work\WebAutoTestProject\base\base_page.py[line:102] - INFO: 准备输入数据026
2021-06-24 17:51:40,608 - D:\work\WebAutoTestProject\base\base_page.py[line:67] - INFO: >>>开始寻找元素:定位方法id，值form1:passWord
2021-06-24 17:51:41,630 - D:\work\WebAutoTestProject\utils\common.py[line:30] - INFO: find_element--总耗时：1.02
2021-06-24 17:51:41,682 - D:\work\WebAutoTestProject\base\base_page.py[line:109] - INFO: 点击元素：
2021-06-24 17:51:41,683 - D:\work\WebAutoTestProject\base\base_page.py[line:67] - INFO: >>>开始寻找元素:定位方法id，值form1:loginBtn
2021-06-24 17:51:42,703 - D:\work\WebAutoTestProject\utils\common.py[line:30] - INFO: find_element--总耗时：1.02
2021-06-24 17:51:52,102 - D:\work\WebAutoTestProject\base\base_page.py[line:113] - INFO: 打开网址：http://119.23.17.189:8090/gwms_test/main.jsf
2021-06-24 17:51:52,386 - D:\work\WebAutoTestProject\base\base_page.py[line:134] - INFO: 最大化当前页面
2021-06-24 17:51:52,386 - D:\work\WebAutoTestProject\base\base_page.py[line:102] - INFO: 准备输入数据
2021-06-24 17:51:52,386 - D:\work\WebAutoTestProject\base\base_page.py[line:67] - INFO: >>>开始寻找元素:定位方法id，值form1:nv_userid
2021-06-24 17:51:53,410 - D:\work\WebAutoTestProject\utils\common.py[line:30] - INFO: find_element--总耗时：1.02
2021-06-24 17:51:53,445 - D:\work\WebAutoTestProject\base\base_page.py[line:102] - INFO: 准备输入数据
2021-06-24 17:51:53,446 - D:\work\WebAutoTestProject\base\base_page.py[line:67] - INFO: >>>开始寻找元素:定位方法id，值form1:passWord
2021-06-24 17:51:54,469 - D:\work\WebAutoTestProject\utils\common.py[line:30] - INFO: find_element--总耗时：1.02
2021-06-24 17:51:54,521 - D:\work\WebAutoTestProject\base\base_page.py[line:109] - INFO: 点击元素：
2021-06-24 17:51:54,521 - D:\work\WebAutoTestProject\base\base_page.py[line:67] - INFO: >>>开始寻找元素:定位方法id，值form1:loginBtn
2021-06-24 17:51:55,544 - D:\work\WebAutoTestProject\utils\common.py[line:30] - INFO: find_element--总耗时：1.02
2021-06-24 17:52:03,919 - D:\work\WebAutoTestProject\base\base_page.py[line:113] - INFO: 打开网址：http://www.baidu.com
2021-06-24 17:52:04,616 - D:\work\WebAutoTestProject\base\base_page.py[line:102] - INFO: 准备输入数据回收宝科技2021
2021-06-24 17:52:04,616 - D:\work\WebAutoTestProject\base\base_page.py[line:67] - INFO: >>>开始寻找元素:定位方法id，值kw
2021-06-24 17:52:05,643 - D:\work\WebAutoTestProject\utils\common.py[line:30] - INFO: find_element--总耗时：1.03
2021-06-24 17:52:05,734 - D:\work\WebAutoTestProject\base\base_page.py[line:109] - INFO: 点击元素：
2021-06-24 17:52:05,734 - D:\work\WebAutoTestProject\base\base_page.py[line:67] - INFO: >>>开始寻找元素:定位方法id，值su
2021-06-24 17:52:06,761 - D:\work\WebAutoTestProject\utils\common.py[line:30] - INFO: find_element--总耗时：1.03
2021-06-24 17:52:13,194 - D:\work\WebAutoTestProject\base\base_page.py[line:113] - INFO: 打开网址：http://oms.huishoubao.com.cn/
2021-06-24 17:52:13,496 - D:\work\WebAutoTestProject\page\web_hsb_page\oms_login_page.py[line:31] - INFO: 开始输入用户名
2021-06-24 17:52:13,497 - D:\work\WebAutoTestProject\base\base_page.py[line:102] - INFO: 准备输入数据fdafdaf
2021-06-24 17:52:13,497 - D:\work\WebAutoTestProject\base\base_page.py[line:67] - INFO: >>>开始寻找元素:定位方法xpath，值.//*[@id='app']/form/div[1]/div/div/input
2021-06-24 17:52:14,522 - D:\work\WebAutoTestProject\utils\common.py[line:30] - INFO: find_element--总耗时：1.03
2021-06-24 17:52:14,588 - D:\work\WebAutoTestProject\page\web_hsb_page\oms_login_page.py[line:35] - INFO: 开始输入密码
2021-06-24 17:52:14,589 - D:\work\WebAutoTestProject\base\base_page.py[line:102] - INFO: 准备输入数据
2021-06-24 17:52:14,589 - D:\work\WebAutoTestProject\base\base_page.py[line:67] - INFO: >>>开始寻找元素:定位方法xpath，值.//*[@id='app']/form/div[2]/div/div/input
2021-06-24 17:52:15,612 - D:\work\WebAutoTestProject\utils\common.py[line:30] - INFO: find_element--总耗时：1.02
2021-06-24 17:52:15,663 - D:\work\WebAutoTestProject\page\web_hsb_page\oms_login_page.py[line:37] - INFO: 点击登录
2021-06-24 17:52:15,663 - D:\work\WebAutoTestProject\base\base_page.py[line:109] - INFO: 点击元素：
2021-06-24 17:52:15,663 - D:\work\WebAutoTestProject\base\base_page.py[line:67] - INFO: >>>开始寻找元素:定位方法xpath，值.//*[@id='app']/form/div[3]/div/button
2021-06-24 17:52:16,684 - D:\work\WebAutoTestProject\utils\common.py[line:30] - INFO: find_element--总耗时：1.02
2021-06-24 17:52:18,814 - D:\work\WebAutoTestProject\testcase\web\web_hsb_case\test_oms_login.py[line:40] - INFO: 用例名称：test_oms_login_01，测试完成
2021-06-24 17:52:22,138 - D:\work\WebAutoTestProject\base\base_page.py[line:113] - INFO: 打开网址：http://oms.huishoubao.com.cn/
2021-06-24 17:52:22,433 - D:\work\WebAutoTestProject\page\web_hsb_page\oms_login_page.py[line:31] - INFO: 开始输入用户名
2021-06-24 17:52:22,433 - D:\work\WebAutoTestProject\base\base_page.py[line:102] - INFO: 准备输入数据fdfag
2021-06-24 17:52:22,433 - D:\work\WebAutoTestProject\base\base_page.py[line:67] - INFO: >>>开始寻找元素:定位方法xpath，值.//*[@id='app']/form/div[1]/div/div/input
2021-06-24 17:52:23,459 - D:\work\WebAutoTestProject\utils\common.py[line:30] - INFO: find_element--总耗时：1.03
2021-06-24 17:52:23,525 - D:\work\WebAutoTestProject\page\web_hsb_page\oms_login_page.py[line:35] - INFO: 开始输入密码
2021-06-24 17:52:23,526 - D:\work\WebAutoTestProject\base\base_page.py[line:102] - INFO: 准备输入数据fdagdaf
2021-06-24 17:52:23,526 - D:\work\WebAutoTestProject\base\base_page.py[line:67] - INFO: >>>开始寻找元素:定位方法xpath，值.//*[@id='app']/form/div[2]/div/div/input
2021-06-24 17:52:24,552 - D:\work\WebAutoTestProject\utils\common.py[line:30] - INFO: find_element--总耗时：1.03
2021-06-24 17:52:24,615 - D:\work\WebAutoTestProject\page\web_hsb_page\oms_login_page.py[line:37] - INFO: 点击登录
2021-06-24 17:52:24,615 - D:\work\WebAutoTestProject\base\base_page.py[line:109] - INFO: 点击元素：
2021-06-24 17:52:24,615 - D:\work\WebAutoTestProject\base\base_page.py[line:67] - INFO: >>>开始寻找元素:定位方法xpath，值.//*[@id='app']/form/div[3]/div/button
2021-06-24 17:52:25,634 - D:\work\WebAutoTestProject\utils\common.py[line:30] - INFO: find_element--总耗时：1.02
2021-06-24 17:52:27,669 - D:\work\WebAutoTestProject\testcase\web\web_hsb_case\test_oms_login.py[line:40] - INFO: 用例名称：test_oms_login_01，测试完成
2021-06-24 17:52:31,000 - D:\work\WebAutoTestProject\base\base_page.py[line:113] - INFO: 打开网址：http://oms.huishoubao.com.cn/
2021-06-24 17:52:31,287 - D:\work\WebAutoTestProject\page\web_hsb_page\oms_login_page.py[line:31] - INFO: 开始输入用户名
2021-06-24 17:52:31,288 - D:\work\WebAutoTestProject\base\base_page.py[line:102] - INFO: 准备输入数据test_liuzhiming@huishoubao.com.cn
2021-06-24 17:52:31,288 - D:\work\WebAutoTestProject\base\base_page.py[line:67] - INFO: >>>开始寻找元素:定位方法xpath，值.//*[@id='app']/form/div[1]/div/div/input
2021-06-24 17:52:32,313 - D:\work\WebAutoTestProject\utils\common.py[line:30] - INFO: find_element--总耗时：1.03
2021-06-24 17:52:32,430 - D:\work\WebAutoTestProject\page\web_hsb_page\oms_login_page.py[line:35] - INFO: 开始输入密码
2021-06-24 17:52:32,430 - D:\work\WebAutoTestProject\base\base_page.py[line:102] - INFO: 准备输入数据32rfdfs
2021-06-24 17:52:32,430 - D:\work\WebAutoTestProject\base\base_page.py[line:67] - INFO: >>>开始寻找元素:定位方法xpath，值.//*[@id='app']/form/div[2]/div/div/input
2021-06-24 17:52:33,454 - D:\work\WebAutoTestProject\utils\common.py[line:30] - INFO: find_element--总耗时：1.02
2021-06-24 17:52:33,524 - D:\work\WebAutoTestProject\page\web_hsb_page\oms_login_page.py[line:37] - INFO: 点击登录
2021-06-24 17:52:33,524 - D:\work\WebAutoTestProject\base\base_page.py[line:109] - INFO: 点击元素：
2021-06-24 17:52:33,524 - D:\work\WebAutoTestProject\base\base_page.py[line:67] - INFO: >>>开始寻找元素:定位方法xpath，值.//*[@id='app']/form/div[3]/div/button
2021-06-24 17:52:34,544 - D:\work\WebAutoTestProject\utils\common.py[line:30] - INFO: find_element--总耗时：1.02
2021-06-24 17:52:36,579 - D:\work\WebAutoTestProject\testcase\web\web_hsb_case\test_oms_login.py[line:40] - INFO: 用例名称：test_oms_login_01，测试完成
2021-06-24 17:52:39,912 - D:\work\WebAutoTestProject\base\base_page.py[line:113] - INFO: 打开网址：http://oms.huishoubao.com.cn/
2021-06-24 17:52:40,183 - D:\work\WebAutoTestProject\page\web_hsb_page\oms_login_page.py[line:31] - INFO: 开始输入用户名
2021-06-24 17:52:40,183 - D:\work\WebAutoTestProject\base\base_page.py[line:102] - INFO: 准备输入数据test_liuzhiming@huishoubao.com.cn
2021-06-24 17:52:40,184 - D:\work\WebAutoTestProject\base\base_page.py[line:67] - INFO: >>>开始寻找元素:定位方法xpath，值.//*[@id='app']/form/div[1]/div/div/input
2021-06-24 17:52:41,210 - D:\work\WebAutoTestProject\utils\common.py[line:30] - INFO: find_element--总耗时：1.03
2021-06-24 17:52:41,335 - D:\work\WebAutoTestProject\page\web_hsb_page\oms_login_page.py[line:35] - INFO: 开始输入密码
2021-06-24 17:52:41,335 - D:\work\WebAutoTestProject\base\base_page.py[line:102] - INFO: 准备输入数据f6758a4e
2021-06-24 17:52:41,335 - D:\work\WebAutoTestProject\base\base_page.py[line:67] - INFO: >>>开始寻找元素:定位方法xpath，值.//*[@id='app']/form/div[2]/div/div/input
2021-06-24 17:52:42,358 - D:\work\WebAutoTestProject\utils\common.py[line:30] - INFO: find_element--总耗时：1.02
2021-06-24 17:52:42,428 - D:\work\WebAutoTestProject\page\web_hsb_page\oms_login_page.py[line:37] - INFO: 点击登录
2021-06-24 17:52:42,428 - D:\work\WebAutoTestProject\base\base_page.py[line:109] - INFO: 点击元素：
2021-06-24 17:52:42,428 - D:\work\WebAutoTestProject\base\base_page.py[line:67] - INFO: >>>开始寻找元素:定位方法xpath，值.//*[@id='app']/form/div[3]/div/button
2021-06-24 17:52:43,447 - D:\work\WebAutoTestProject\utils\common.py[line:30] - INFO: find_element--总耗时：1.02
2021-06-24 17:52:45,479 - D:\work\WebAutoTestProject\testcase\web\web_hsb_case\test_oms_login.py[line:40] - INFO: 用例名称：test_oms_login_01，测试完成
2021-06-24 17:52:48,800 - D:\work\WebAutoTestProject\base\base_page.py[line:113] - INFO: 打开网址：http://oms.huishoubao.com.cn/
2021-06-24 17:52:49,084 - D:\work\WebAutoTestProject\page\web_hsb_page\oms_login_page.py[line:31] - INFO: 开始输入用户名
2021-06-24 17:52:49,085 - D:\work\WebAutoTestProject\base\base_page.py[line:102] - INFO: 准备输入数据
2021-06-24 17:52:49,085 - D:\work\WebAutoTestProject\base\base_page.py[line:67] - INFO: >>>开始寻找元素:定位方法xpath，值.//*[@id='app']/form/div[1]/div/div/input
2021-06-24 17:52:50,113 - D:\work\WebAutoTestProject\utils\common.py[line:30] - INFO: find_element--总耗时：1.03
2021-06-24 17:52:50,166 - D:\work\WebAutoTestProject\page\web_hsb_page\oms_login_page.py[line:35] - INFO: 开始输入密码
2021-06-24 17:52:50,166 - D:\work\WebAutoTestProject\base\base_page.py[line:102] - INFO: 准备输入数据
2021-06-24 17:52:50,166 - D:\work\WebAutoTestProject\base\base_page.py[line:67] - INFO: >>>开始寻找元素:定位方法xpath，值.//*[@id='app']/form/div[2]/div/div/input
2021-06-24 17:52:51,195 - D:\work\WebAutoTestProject\utils\common.py[line:30] - INFO: find_element--总耗时：1.03
2021-06-24 17:52:51,244 - D:\work\WebAutoTestProject\page\web_hsb_page\oms_login_page.py[line:37] - INFO: 点击登录
2021-06-24 17:52:51,244 - D:\work\WebAutoTestProject\base\base_page.py[line:109] - INFO: 点击元素：
2021-06-24 17:52:51,244 - D:\work\WebAutoTestProject\base\base_page.py[line:67] - INFO: >>>开始寻找元素:定位方法xpath，值.//*[@id='app']/form/div[3]/div/button
2021-06-24 17:52:52,272 - D:\work\WebAutoTestProject\utils\common.py[line:30] - INFO: find_element--总耗时：1.03
2021-06-24 17:52:54,303 - D:\work\WebAutoTestProject\testcase\web\web_hsb_case\test_oms_login.py[line:40] - INFO: 用例名称：test_oms_login_01，测试完成
2021-06-24 22:17:41,132 - /Users/liuzhiming/Documents/autotest/WebAutoTestProject/utils/common.py[line:30] - INFO: is_exists_path--总耗时：1.0秒
2021-06-24 22:19:30,161 - /Users/liuzhiming/Documents/autotest/WebAutoTestProject/utils/common.py[line:30] - INFO: test_--总耗时：1.01秒
2021-06-24 22:25:12,771 - /Users/liuzhiming/Documents/autotest/WebAutoTestProject/utils/common.py[line:30] - INFO: test_add--总耗时：1.01秒
2021-06-24 22:28:56,172 - /Users/liuzhiming/Documents/autotest/WebAutoTestProject/utils/common.py[line:30] - INFO: test_add--总耗时：1.01秒
