2021-06-28 19:10:50,449 - D:\work\WebAutoTestProject\base\base_page.py - get_url[line:113] - INFO: 打开网址：http://119.23.17.189:8090/gwms_test/main.jsf
2021-06-28 19:10:50,636 - D:\work\WebAutoTestProject\base\base_page.py - send_key[line:102] - INFO: 准备输入数据026
2021-06-28 19:10:50,637 - D:\work\WebAutoTestProject\base\base_page.py - find_element[line:67] - INFO: >>>开始寻找元素:定位方法id，值form1:nv_userid
2021-06-28 19:10:51,664 - D:\work\WebAutoTestProject\utils\common.py - wrapper[line:27] - INFO: 执行耗时：1.03秒


2021-06-28 19:10:51,705 - D:\work\WebAutoTestProject\base\base_page.py - send_key[line:102] - INFO: 准备输入数据026
2021-06-28 19:10:51,706 - D:\work\WebAutoTestProject\base\base_page.py - find_element[line:67] - INFO: >>>开始寻找元素:定位方法id，值form1:passWord
2021-06-28 19:10:52,728 - D:\work\WebAutoTestProject\utils\common.py - wrapper[line:27] - INFO: 执行耗时：1.02秒


2021-06-28 19:10:52,782 - D:\work\WebAutoTestProject\base\base_page.py - click[line:109] - INFO: 点击元素：
2021-06-28 19:10:52,782 - D:\work\WebAutoTestProject\base\base_page.py - find_element[line:67] - INFO: >>>开始寻找元素:定位方法id，值form1:loginBtn
2021-06-28 19:10:53,800 - D:\work\WebAutoTestProject\utils\common.py - wrapper[line:27] - INFO: 执行耗时：1.02秒


2021-06-28 19:11:00,329 - D:\work\WebAutoTestProject\base\base_page.py - switch_to_frame[line:143] - INFO: <===============>进入frame:folderForm
2021-06-28 19:11:00,329 - D:\work\WebAutoTestProject\base\base_page.py - click[line:109] - INFO: 点击元素：
2021-06-28 19:11:00,329 - D:\work\WebAutoTestProject\base\base_page.py - find_element[line:67] - INFO: >>>开始寻找元素:定位方法xpath，值.//*[@id='SYS']/span
2021-06-28 19:11:01,349 - D:\work\WebAutoTestProject\utils\common.py - wrapper[line:27] - INFO: 执行耗时：1.02秒


2021-06-28 19:11:01,394 - D:\work\WebAutoTestProject\base\base_page.py - click[line:109] - INFO: 点击元素：
2021-06-28 19:11:01,394 - D:\work\WebAutoTestProject\base\base_page.py - find_element[line:67] - INFO: >>>开始寻找元素:定位方法xpath，值.//*[@id='owcoserv']/span[2]
2021-06-28 19:11:02,921 - D:\work\WebAutoTestProject\utils\common.py - wrapper[line:27] - INFO: 执行耗时：1.53秒


2021-06-28 19:11:02,983 - D:\work\WebAutoTestProject\base\base_page.py - click[line:109] - INFO: 点击元素：
2021-06-28 19:11:02,984 - D:\work\WebAutoTestProject\base\base_page.py - find_element[line:67] - INFO: >>>开始寻找元素:定位方法xpath，值.//*[@id='owcoIncoSet_span']
2021-06-28 19:11:04,510 - D:\work\WebAutoTestProject\utils\common.py - wrapper[line:27] - INFO: 执行耗时：1.53秒


2021-06-28 19:11:04,553 - D:\work\WebAutoTestProject\base\base_page.py - switch_to_default_frame[line:147] - INFO: 跳转回默认的iframe
2021-06-28 19:11:14,054 - D:\work\WebAutoTestProject\base\base_page.py - switch_to_frame[line:143] - INFO: <===============>进入frame:tab1_frame
2021-06-28 19:11:14,055 - D:\work\WebAutoTestProject\base\base_page.py - click[line:109] - INFO: 点击元素：
2021-06-28 19:11:14,055 - D:\work\WebAutoTestProject\base\base_page.py - find_element[line:67] - INFO: >>>开始寻找元素:定位方法xpath，值.//*[@id='list:saveButton']
2021-06-28 19:11:15,088 - D:\work\WebAutoTestProject\utils\common.py - wrapper[line:27] - INFO: 执行耗时：1.03秒


2021-06-28 19:11:15,143 - D:\work\WebAutoTestProject\base\base_page.py - send_key[line:102] - INFO: 准备输入数据01
2021-06-28 19:11:15,144 - D:\work\WebAutoTestProject\base\base_page.py - find_element[line:67] - INFO: >>>开始寻找元素:定位方法xpath，值.//*[@id='edit:cotl']
2021-06-28 19:11:16,172 - D:\work\WebAutoTestProject\utils\common.py - wrapper[line:27] - INFO: 执行耗时：1.03秒


2021-06-28 19:11:16,234 - D:\work\WebAutoTestProject\base\base_page.py - send_key[line:102] - INFO: 准备输入数据all
2021-06-28 19:11:16,234 - D:\work\WebAutoTestProject\base\base_page.py - find_element[line:67] - INFO: >>>开始寻找元素:定位方法xpath，值.//*[@id='edit:inco']
2021-06-28 19:11:17,256 - D:\work\WebAutoTestProject\utils\common.py - wrapper[line:27] - INFO: 执行耗时：1.02秒


2021-06-28 19:11:17,307 - D:\work\WebAutoTestProject\base\base_page.py - find_element[line:67] - INFO: >>>开始寻找元素:定位方法xpath，值.//*[@id='edit:boty']
2021-06-28 19:11:18,330 - D:\work\WebAutoTestProject\utils\common.py - wrapper[line:27] - INFO: 执行耗时：1.02秒


2021-06-28 19:22:13,083 - D:\work\WebAutoTestProject\base\base_page.py - get_url[line:113] - INFO: 打开网址：http://119.23.17.189:8090/gwms_test/main.jsf
2021-06-28 19:22:13,281 - D:\work\WebAutoTestProject\base\base_page.py - send_key[line:102] - INFO: 准备输入数据026
2021-06-28 19:22:13,282 - D:\work\WebAutoTestProject\base\base_page.py - find_element[line:67] - INFO: >>>开始寻找元素:定位方法id，值form1:nv_userid
2021-06-28 19:22:14,310 - D:\work\WebAutoTestProject\utils\common.py - wrapper[line:27] - INFO: 执行耗时：1.03秒


2021-06-28 19:22:14,352 - D:\work\WebAutoTestProject\base\base_page.py - send_key[line:102] - INFO: 准备输入数据026
2021-06-28 19:22:14,361 - D:\work\WebAutoTestProject\base\base_page.py - find_element[line:67] - INFO: >>>开始寻找元素:定位方法id，值form1:passWord
2021-06-28 19:22:15,384 - D:\work\WebAutoTestProject\utils\common.py - wrapper[line:27] - INFO: 执行耗时：1.02秒


2021-06-28 19:22:15,437 - D:\work\WebAutoTestProject\base\base_page.py - click[line:109] - INFO: 点击元素：
2021-06-28 19:22:15,437 - D:\work\WebAutoTestProject\base\base_page.py - find_element[line:67] - INFO: >>>开始寻找元素:定位方法id，值form1:loginBtn
2021-06-28 19:22:16,458 - D:\work\WebAutoTestProject\utils\common.py - wrapper[line:27] - INFO: 执行耗时：1.02秒


2021-06-28 19:22:26,740 - D:\work\WebAutoTestProject\base\base_page.py - switch_to_frame[line:143] - INFO: <===============>进入frame:folderForm
2021-06-28 19:22:26,740 - D:\work\WebAutoTestProject\base\base_page.py - click[line:109] - INFO: 点击元素：
2021-06-28 19:22:26,741 - D:\work\WebAutoTestProject\base\base_page.py - find_element[line:67] - INFO: >>>开始寻找元素:定位方法xpath，值.//*[@id='SYS']/span
2021-06-28 19:22:27,762 - D:\work\WebAutoTestProject\utils\common.py - wrapper[line:27] - INFO: 执行耗时：1.02秒


2021-06-28 19:22:27,810 - D:\work\WebAutoTestProject\base\base_page.py - click[line:109] - INFO: 点击元素：
2021-06-28 19:22:27,810 - D:\work\WebAutoTestProject\base\base_page.py - find_element[line:67] - INFO: >>>开始寻找元素:定位方法xpath，值.//*[@id='owcoserv']/span[2]
2021-06-28 19:22:29,339 - D:\work\WebAutoTestProject\utils\common.py - wrapper[line:27] - INFO: 执行耗时：1.53秒


2021-06-28 19:22:29,378 - D:\work\WebAutoTestProject\base\base_page.py - click[line:109] - INFO: 点击元素：
2021-06-28 19:22:29,378 - D:\work\WebAutoTestProject\base\base_page.py - find_element[line:67] - INFO: >>>开始寻找元素:定位方法xpath，值.//*[@id='owcoIncoSet_span']
2021-06-28 19:22:30,905 - D:\work\WebAutoTestProject\utils\common.py - wrapper[line:27] - INFO: 执行耗时：1.53秒


2021-06-28 19:22:30,965 - D:\work\WebAutoTestProject\base\base_page.py - switch_to_default_frame[line:147] - INFO: 跳转回默认的iframe
2021-06-28 19:22:41,253 - D:\work\WebAutoTestProject\base\base_page.py - switch_to_frame[line:143] - INFO: <===============>进入frame:tab1_frame
2021-06-28 19:22:41,253 - D:\work\WebAutoTestProject\base\base_page.py - click[line:109] - INFO: 点击元素：
2021-06-28 19:22:41,253 - D:\work\WebAutoTestProject\base\base_page.py - find_element[line:67] - INFO: >>>开始寻找元素:定位方法xpath，值.//*[@id='list:saveButton']
2021-06-28 19:22:42,282 - D:\work\WebAutoTestProject\utils\common.py - wrapper[line:27] - INFO: 执行耗时：1.03秒


2021-06-28 19:22:42,341 - D:\work\WebAutoTestProject\base\base_page.py - send_key[line:102] - INFO: 准备输入数据01
2021-06-28 19:22:42,341 - D:\work\WebAutoTestProject\base\base_page.py - find_element[line:67] - INFO: >>>开始寻找元素:定位方法xpath，值.//*[@id='edit:cotl']
2021-06-28 19:22:43,362 - D:\work\WebAutoTestProject\utils\common.py - wrapper[line:27] - INFO: 执行耗时：1.02秒


2021-06-28 19:22:43,420 - D:\work\WebAutoTestProject\base\base_page.py - send_key[line:102] - INFO: 准备输入数据all
2021-06-28 19:22:43,420 - D:\work\WebAutoTestProject\base\base_page.py - find_element[line:67] - INFO: >>>开始寻找元素:定位方法xpath，值.//*[@id='edit:inco']
2021-06-28 19:22:44,443 - D:\work\WebAutoTestProject\utils\common.py - wrapper[line:27] - INFO: 执行耗时：1.02秒


2021-06-28 19:22:44,493 - D:\work\WebAutoTestProject\base\base_page.py - find_element[line:67] - INFO: >>>开始寻找元素:定位方法xpath，值.//*[@id='edit:boty']/option
2021-06-28 19:22:45,516 - D:\work\WebAutoTestProject\utils\common.py - wrapper[line:27] - INFO: 执行耗时：1.02秒


2021-06-28 19:27:33,414 - D:\work\WebAutoTestProject\base\base_page.py - get_url[line:134] - INFO: 打开网址：http://119.23.17.189:8090/gwms_test/main.jsf
2021-06-28 19:27:33,629 - D:\work\WebAutoTestProject\base\base_page.py - send_key[line:123] - INFO: 准备输入数据026
2021-06-28 19:27:33,629 - D:\work\WebAutoTestProject\base\base_page.py - find_element[line:88] - INFO: >>>开始寻找元素:定位方法id，值form1:nv_userid
2021-06-28 19:27:34,658 - D:\work\WebAutoTestProject\utils\common.py - wrapper[line:27] - INFO: 执行耗时：1.03秒


2021-06-28 19:27:34,707 - D:\work\WebAutoTestProject\base\base_page.py - send_key[line:123] - INFO: 准备输入数据026
2021-06-28 19:27:34,708 - D:\work\WebAutoTestProject\base\base_page.py - find_element[line:88] - INFO: >>>开始寻找元素:定位方法id，值form1:passWord
2021-06-28 19:27:35,729 - D:\work\WebAutoTestProject\utils\common.py - wrapper[line:27] - INFO: 执行耗时：1.02秒


2021-06-28 19:27:35,791 - D:\work\WebAutoTestProject\base\base_page.py - click[line:130] - INFO: 点击元素：
2021-06-28 19:27:35,791 - D:\work\WebAutoTestProject\base\base_page.py - find_element[line:88] - INFO: >>>开始寻找元素:定位方法id，值form1:loginBtn
2021-06-28 19:27:36,812 - D:\work\WebAutoTestProject\utils\common.py - wrapper[line:27] - INFO: 执行耗时：1.02秒


2021-06-28 19:27:42,924 - D:\work\WebAutoTestProject\base\base_page.py - switch_to_frame[line:164] - INFO: <===============>进入frame:folderForm
2021-06-28 19:27:42,924 - D:\work\WebAutoTestProject\base\base_page.py - click[line:130] - INFO: 点击元素：
2021-06-28 19:27:42,924 - D:\work\WebAutoTestProject\base\base_page.py - find_element[line:88] - INFO: >>>开始寻找元素:定位方法xpath，值.//*[@id='SYS']/span
2021-06-28 19:27:43,945 - D:\work\WebAutoTestProject\utils\common.py - wrapper[line:27] - INFO: 执行耗时：1.02秒


2021-06-28 19:27:43,996 - D:\work\WebAutoTestProject\base\base_page.py - click[line:130] - INFO: 点击元素：
2021-06-28 19:27:43,996 - D:\work\WebAutoTestProject\base\base_page.py - find_element[line:88] - INFO: >>>开始寻找元素:定位方法xpath，值.//*[@id='owcoserv']/span[2]
2021-06-28 19:27:45,529 - D:\work\WebAutoTestProject\utils\common.py - wrapper[line:27] - INFO: 执行耗时：1.53秒


2021-06-28 19:27:45,570 - D:\work\WebAutoTestProject\base\base_page.py - click[line:130] - INFO: 点击元素：
2021-06-28 19:27:45,570 - D:\work\WebAutoTestProject\base\base_page.py - find_element[line:88] - INFO: >>>开始寻找元素:定位方法xpath，值.//*[@id='owcoIncoSet_span']
2021-06-28 19:27:47,100 - D:\work\WebAutoTestProject\utils\common.py - wrapper[line:27] - INFO: 执行耗时：1.53秒


2021-06-28 19:27:47,144 - D:\work\WebAutoTestProject\base\base_page.py - switch_to_default_frame[line:168] - INFO: 跳转回默认的iframe
2021-06-28 19:28:37,994 - D:\work\WebAutoTestProject\base\base_page.py - switch_to_frame[line:164] - INFO: <===============>进入frame:tab1_frame
2021-06-28 19:28:37,995 - D:\work\WebAutoTestProject\base\base_page.py - click[line:130] - INFO: 点击元素：
2021-06-28 19:28:37,995 - D:\work\WebAutoTestProject\base\base_page.py - find_element[line:88] - INFO: >>>开始寻找元素:定位方法xpath，值.//*[@id='list:saveButton']
2021-06-28 19:28:39,030 - D:\work\WebAutoTestProject\utils\common.py - wrapper[line:27] - INFO: 执行耗时：1.03秒


2021-06-28 19:28:39,095 - D:\work\WebAutoTestProject\base\base_page.py - send_key[line:123] - INFO: 准备输入数据01
2021-06-28 19:28:39,095 - D:\work\WebAutoTestProject\base\base_page.py - find_element[line:88] - INFO: >>>开始寻找元素:定位方法xpath，值.//*[@id='edit:cotl']
2021-06-28 19:28:40,132 - D:\work\WebAutoTestProject\utils\common.py - wrapper[line:27] - INFO: 执行耗时：1.04秒


2021-06-28 19:28:40,213 - D:\work\WebAutoTestProject\base\base_page.py - send_key[line:123] - INFO: 准备输入数据all
2021-06-28 19:28:40,214 - D:\work\WebAutoTestProject\base\base_page.py - find_element[line:88] - INFO: >>>开始寻找元素:定位方法xpath，值.//*[@id='edit:inco']
2021-06-28 19:28:41,236 - D:\work\WebAutoTestProject\utils\common.py - wrapper[line:27] - INFO: 执行耗时：1.02秒


2021-06-28 19:28:41,287 - D:\work\WebAutoTestProject\base\base_page.py - find_element[line:88] - INFO: >>>开始寻找元素:定位方法xpath，值.//*[@id='edit:boty']/option
2021-06-28 19:28:42,315 - D:\work\WebAutoTestProject\utils\common.py - wrapper[line:27] - INFO: 执行耗时：1.03秒


2021-06-28 19:33:45,426 - D:\work\WebAutoTestProject\base\base_page.py - get_url[line:134] - INFO: 打开网址：http://119.23.17.189:8090/gwms_test/main.jsf
2021-06-28 19:33:45,646 - D:\work\WebAutoTestProject\base\base_page.py - send_key[line:123] - INFO: 准备输入数据026
2021-06-28 19:33:45,646 - D:\work\WebAutoTestProject\base\base_page.py - find_element[line:88] - INFO: >>>开始寻找元素:定位方法id，值form1:nv_userid
2021-06-28 19:33:46,676 - D:\work\WebAutoTestProject\utils\common.py - wrapper[line:27] - INFO: 执行耗时：1.03秒


2021-06-28 19:33:46,719 - D:\work\WebAutoTestProject\base\base_page.py - send_key[line:123] - INFO: 准备输入数据026
2021-06-28 19:33:46,720 - D:\work\WebAutoTestProject\base\base_page.py - find_element[line:88] - INFO: >>>开始寻找元素:定位方法id，值form1:passWord
2021-06-28 19:33:47,742 - D:\work\WebAutoTestProject\utils\common.py - wrapper[line:27] - INFO: 执行耗时：1.02秒


2021-06-28 19:33:47,796 - D:\work\WebAutoTestProject\base\base_page.py - click[line:130] - INFO: 点击元素：
2021-06-28 19:33:47,796 - D:\work\WebAutoTestProject\base\base_page.py - find_element[line:88] - INFO: >>>开始寻找元素:定位方法id，值form1:loginBtn
2021-06-28 19:33:48,818 - D:\work\WebAutoTestProject\utils\common.py - wrapper[line:27] - INFO: 执行耗时：1.02秒


2021-06-28 19:33:56,481 - D:\work\WebAutoTestProject\base\base_page.py - switch_to_frame[line:164] - INFO: <===============>进入frame:folderForm
2021-06-28 19:33:56,481 - D:\work\WebAutoTestProject\base\base_page.py - click[line:130] - INFO: 点击元素：
2021-06-28 19:33:56,482 - D:\work\WebAutoTestProject\base\base_page.py - find_element[line:88] - INFO: >>>开始寻找元素:定位方法xpath，值.//*[@id='SYS']/span
2021-06-28 19:33:57,504 - D:\work\WebAutoTestProject\utils\common.py - wrapper[line:27] - INFO: 执行耗时：1.02秒


2021-06-28 19:33:57,550 - D:\work\WebAutoTestProject\base\base_page.py - click[line:130] - INFO: 点击元素：
2021-06-28 19:33:57,551 - D:\work\WebAutoTestProject\base\base_page.py - find_element[line:88] - INFO: >>>开始寻找元素:定位方法xpath，值.//*[@id='owcoserv']/span[2]
2021-06-28 19:33:59,082 - D:\work\WebAutoTestProject\utils\common.py - wrapper[line:27] - INFO: 执行耗时：1.53秒


2021-06-28 19:33:59,121 - D:\work\WebAutoTestProject\base\base_page.py - click[line:130] - INFO: 点击元素：
2021-06-28 19:33:59,121 - D:\work\WebAutoTestProject\base\base_page.py - find_element[line:88] - INFO: >>>开始寻找元素:定位方法xpath，值.//*[@id='owcoIncoSet_span']
2021-06-28 19:34:00,646 - D:\work\WebAutoTestProject\utils\common.py - wrapper[line:27] - INFO: 执行耗时：1.52秒


2021-06-28 19:34:00,688 - D:\work\WebAutoTestProject\base\base_page.py - switch_to_default_frame[line:168] - INFO: 跳转回默认的iframe
2021-06-28 19:34:34,431 - D:\work\WebAutoTestProject\base\base_page.py - switch_to_frame[line:164] - INFO: <===============>进入frame:tab1_frame
2021-06-28 19:34:34,432 - D:\work\WebAutoTestProject\base\base_page.py - click[line:130] - INFO: 点击元素：
2021-06-28 19:34:34,432 - D:\work\WebAutoTestProject\base\base_page.py - find_element[line:88] - INFO: >>>开始寻找元素:定位方法xpath，值.//*[@id='list:saveButton']
2021-06-28 19:34:35,463 - D:\work\WebAutoTestProject\utils\common.py - wrapper[line:27] - INFO: 执行耗时：1.03秒


2021-06-28 19:34:35,523 - D:\work\WebAutoTestProject\base\base_page.py - send_key[line:123] - INFO: 准备输入数据01
2021-06-28 19:34:35,523 - D:\work\WebAutoTestProject\base\base_page.py - find_element[line:88] - INFO: >>>开始寻找元素:定位方法xpath，值.//*[@id='edit:cotl']
2021-06-28 19:34:36,548 - D:\work\WebAutoTestProject\utils\common.py - wrapper[line:27] - INFO: 执行耗时：1.02秒


2021-06-28 19:34:36,602 - D:\work\WebAutoTestProject\base\base_page.py - send_key[line:123] - INFO: 准备输入数据all
2021-06-28 19:34:36,602 - D:\work\WebAutoTestProject\base\base_page.py - find_element[line:88] - INFO: >>>开始寻找元素:定位方法xpath，值.//*[@id='edit:inco']
2021-06-28 19:34:37,628 - D:\work\WebAutoTestProject\utils\common.py - wrapper[line:27] - INFO: 执行耗时：1.03秒


2021-06-28 19:34:37,678 - D:\work\WebAutoTestProject\base\base_page.py - find_elements[line:55] - INFO: >>>开始寻找元素:定位方法xpath，值.//*[@id='edit:boty']/option
2021-06-28 19:34:37,705 - D:\work\WebAutoTestProject\base\base_page.py - click[line:130] - INFO: 点击元素：
2021-06-28 19:38:08,790 - D:\work\WebAutoTestProject\base\base_page.py - get_url[line:135] - INFO: 打开网址：http://119.23.17.189:8090/gwms_test/main.jsf
2021-06-28 19:38:08,988 - D:\work\WebAutoTestProject\base\base_page.py - send_key[line:124] - INFO: 准备输入数据026
2021-06-28 19:38:08,988 - D:\work\WebAutoTestProject\base\base_page.py - find_element[line:89] - INFO: >>>开始寻找元素:定位方法id，值form1:nv_userid
2021-06-28 19:38:10,020 - D:\work\WebAutoTestProject\utils\common.py - wrapper[line:27] - INFO: 执行耗时：1.03秒


2021-06-28 19:38:10,065 - D:\work\WebAutoTestProject\base\base_page.py - send_key[line:124] - INFO: 准备输入数据026
2021-06-28 19:38:10,074 - D:\work\WebAutoTestProject\base\base_page.py - find_element[line:89] - INFO: >>>开始寻找元素:定位方法id，值form1:passWord
2021-06-28 19:38:11,100 - D:\work\WebAutoTestProject\utils\common.py - wrapper[line:27] - INFO: 执行耗时：1.03秒


2021-06-28 19:38:11,160 - D:\work\WebAutoTestProject\base\base_page.py - click[line:131] - INFO: 点击元素：
2021-06-28 19:38:11,160 - D:\work\WebAutoTestProject\base\base_page.py - find_element[line:89] - INFO: >>>开始寻找元素:定位方法id，值form1:loginBtn
2021-06-28 19:38:12,182 - D:\work\WebAutoTestProject\utils\common.py - wrapper[line:27] - INFO: 执行耗时：1.02秒


2021-06-28 19:38:18,998 - D:\work\WebAutoTestProject\base\base_page.py - switch_to_frame[line:165] - INFO: <===============>进入frame:folderForm
2021-06-28 19:38:18,998 - D:\work\WebAutoTestProject\base\base_page.py - click[line:131] - INFO: 点击元素：
2021-06-28 19:38:18,999 - D:\work\WebAutoTestProject\base\base_page.py - find_element[line:89] - INFO: >>>开始寻找元素:定位方法xpath，值.//*[@id='SYS']/span
2021-06-28 19:38:20,023 - D:\work\WebAutoTestProject\utils\common.py - wrapper[line:27] - INFO: 执行耗时：1.02秒


2021-06-28 19:38:20,073 - D:\work\WebAutoTestProject\base\base_page.py - click[line:131] - INFO: 点击元素：
2021-06-28 19:38:20,073 - D:\work\WebAutoTestProject\base\base_page.py - find_element[line:89] - INFO: >>>开始寻找元素:定位方法xpath，值.//*[@id='owcoserv']/span[2]
2021-06-28 19:38:21,602 - D:\work\WebAutoTestProject\utils\common.py - wrapper[line:27] - INFO: 执行耗时：1.53秒


2021-06-28 19:38:21,647 - D:\work\WebAutoTestProject\base\base_page.py - click[line:131] - INFO: 点击元素：
2021-06-28 19:38:21,647 - D:\work\WebAutoTestProject\base\base_page.py - find_element[line:89] - INFO: >>>开始寻找元素:定位方法xpath，值.//*[@id='owcoIncoSet_span']
2021-06-28 19:38:23,175 - D:\work\WebAutoTestProject\utils\common.py - wrapper[line:27] - INFO: 执行耗时：1.53秒


2021-06-28 19:38:23,219 - D:\work\WebAutoTestProject\base\base_page.py - switch_to_default_frame[line:169] - INFO: 跳转回默认的iframe
2021-06-28 19:38:29,096 - D:\work\WebAutoTestProject\base\base_page.py - switch_to_frame[line:165] - INFO: <===============>进入frame:tab1_frame
2021-06-28 19:38:29,096 - D:\work\WebAutoTestProject\base\base_page.py - click[line:131] - INFO: 点击元素：
2021-06-28 19:38:29,096 - D:\work\WebAutoTestProject\base\base_page.py - find_element[line:89] - INFO: >>>开始寻找元素:定位方法xpath，值.//*[@id='list:saveButton']
2021-06-28 19:38:30,133 - D:\work\WebAutoTestProject\utils\common.py - wrapper[line:27] - INFO: 执行耗时：1.04秒


2021-06-28 19:38:30,196 - D:\work\WebAutoTestProject\base\base_page.py - send_key[line:124] - INFO: 准备输入数据01
2021-06-28 19:38:30,196 - D:\work\WebAutoTestProject\base\base_page.py - find_element[line:89] - INFO: >>>开始寻找元素:定位方法xpath，值.//*[@id='edit:cotl']
2021-06-28 19:38:31,217 - D:\work\WebAutoTestProject\utils\common.py - wrapper[line:27] - INFO: 执行耗时：1.02秒


2021-06-28 19:38:31,277 - D:\work\WebAutoTestProject\base\base_page.py - send_key[line:124] - INFO: 准备输入数据all
2021-06-28 19:38:31,277 - D:\work\WebAutoTestProject\base\base_page.py - find_element[line:89] - INFO: >>>开始寻找元素:定位方法xpath，值.//*[@id='edit:inco']
2021-06-28 19:38:32,301 - D:\work\WebAutoTestProject\utils\common.py - wrapper[line:27] - INFO: 执行耗时：1.02秒


2021-06-28 19:38:32,358 - D:\work\WebAutoTestProject\base\base_page.py - find_elements[line:56] - INFO: >>>开始寻找元素:定位方法xpath，值.//*[@id='edit:boty']/option
2021-06-28 19:38:32,383 - D:\work\WebAutoTestProject\base\base_page.py - click[line:131] - INFO: 点击元素：
2021-06-28 19:42:45,047 - D:\work\WebAutoTestProject\base\base_page.py - get_url[line:135] - INFO: 打开网址：http://119.23.17.189:8090/gwms_test/main.jsf
2021-06-28 19:42:45,237 - D:\work\WebAutoTestProject\base\base_page.py - send_key[line:124] - INFO: 准备输入数据026
2021-06-28 19:42:45,237 - D:\work\WebAutoTestProject\base\base_page.py - find_element[line:89] - INFO: >>>开始寻找元素:定位方法id，值form1:nv_userid
2021-06-28 19:42:46,262 - D:\work\WebAutoTestProject\utils\common.py - wrapper[line:27] - INFO: 执行耗时：1.02秒


2021-06-28 19:42:46,306 - D:\work\WebAutoTestProject\base\base_page.py - send_key[line:124] - INFO: 准备输入数据026
2021-06-28 19:42:46,306 - D:\work\WebAutoTestProject\base\base_page.py - find_element[line:89] - INFO: >>>开始寻找元素:定位方法id，值form1:passWord
2021-06-28 19:42:47,327 - D:\work\WebAutoTestProject\utils\common.py - wrapper[line:27] - INFO: 执行耗时：1.02秒


2021-06-28 19:42:47,382 - D:\work\WebAutoTestProject\base\base_page.py - click[line:131] - INFO: 点击元素：
2021-06-28 19:42:47,382 - D:\work\WebAutoTestProject\base\base_page.py - find_element[line:89] - INFO: >>>开始寻找元素:定位方法id，值form1:loginBtn
2021-06-28 19:42:48,402 - D:\work\WebAutoTestProject\utils\common.py - wrapper[line:27] - INFO: 执行耗时：1.02秒


2021-06-28 19:42:55,031 - D:\work\WebAutoTestProject\base\base_page.py - switch_to_frame[line:165] - INFO: <===============>进入frame:folderForm
2021-06-28 19:42:55,032 - D:\work\WebAutoTestProject\base\base_page.py - click[line:131] - INFO: 点击元素：
2021-06-28 19:42:55,032 - D:\work\WebAutoTestProject\base\base_page.py - find_element[line:89] - INFO: >>>开始寻找元素:定位方法xpath，值.//*[@id='SYS']/span
2021-06-28 19:42:56,051 - D:\work\WebAutoTestProject\utils\common.py - wrapper[line:27] - INFO: 执行耗时：1.02秒


2021-06-28 19:42:56,098 - D:\work\WebAutoTestProject\base\base_page.py - click[line:131] - INFO: 点击元素：
2021-06-28 19:42:56,098 - D:\work\WebAutoTestProject\base\base_page.py - find_element[line:89] - INFO: >>>开始寻找元素:定位方法xpath，值.//*[@id='owcoserv']/span[2]
2021-06-28 19:42:57,625 - D:\work\WebAutoTestProject\utils\common.py - wrapper[line:27] - INFO: 执行耗时：1.53秒


2021-06-28 19:42:57,664 - D:\work\WebAutoTestProject\base\base_page.py - click[line:131] - INFO: 点击元素：
2021-06-28 19:42:57,664 - D:\work\WebAutoTestProject\base\base_page.py - find_element[line:89] - INFO: >>>开始寻找元素:定位方法xpath，值.//*[@id='owcoIncoSet_span']
2021-06-28 19:42:59,191 - D:\work\WebAutoTestProject\utils\common.py - wrapper[line:27] - INFO: 执行耗时：1.53秒


2021-06-28 19:42:59,236 - D:\work\WebAutoTestProject\base\base_page.py - switch_to_default_frame[line:169] - INFO: 跳转回默认的iframe
2021-06-28 19:43:23,441 - D:\work\WebAutoTestProject\base\base_page.py - switch_to_frame[line:165] - INFO: <===============>进入frame:tab1_frame
2021-06-28 19:43:23,441 - D:\work\WebAutoTestProject\base\base_page.py - click[line:131] - INFO: 点击元素：
2021-06-28 19:43:23,441 - D:\work\WebAutoTestProject\base\base_page.py - find_element[line:89] - INFO: >>>开始寻找元素:定位方法xpath，值.//*[@id='list:saveButton']
2021-06-28 19:43:24,473 - D:\work\WebAutoTestProject\utils\common.py - wrapper[line:27] - INFO: 执行耗时：1.03秒


2021-06-28 19:43:24,534 - D:\work\WebAutoTestProject\base\base_page.py - send_key[line:124] - INFO: 准备输入数据01
2021-06-28 19:43:24,535 - D:\work\WebAutoTestProject\base\base_page.py - find_element[line:89] - INFO: >>>开始寻找元素:定位方法xpath，值.//*[@id='edit:cotl']
2021-06-28 19:43:25,559 - D:\work\WebAutoTestProject\utils\common.py - wrapper[line:27] - INFO: 执行耗时：1.02秒


2021-06-28 19:43:25,624 - D:\work\WebAutoTestProject\base\base_page.py - send_key[line:124] - INFO: 准备输入数据all
2021-06-28 19:43:25,624 - D:\work\WebAutoTestProject\base\base_page.py - find_element[line:89] - INFO: >>>开始寻找元素:定位方法xpath，值.//*[@id='edit:inco']
2021-06-28 19:43:26,648 - D:\work\WebAutoTestProject\utils\common.py - wrapper[line:27] - INFO: 执行耗时：1.02秒


2021-06-28 19:43:26,698 - D:\work\WebAutoTestProject\base\base_page.py - find_elements[line:56] - INFO: >>>开始寻找元素:定位方法xpath，值.//*[@id='edit:boty']/option
2021-06-28 19:43:26,740 - D:\work\WebAutoTestProject\base\base_page.py - find_elements[line:56] - INFO: >>>开始寻找元素:定位方法xpath，值.//*[@id='edit:baty']/option
2021-06-28 19:43:26,781 - D:\work\WebAutoTestProject\base\base_page.py - click[line:131] - INFO: 点击元素：
2021-06-28 19:43:26,781 - D:\work\WebAutoTestProject\base\base_page.py - find_element[line:89] - INFO: >>>开始寻找元素:定位方法xpath，值.//*[@id='edit:saveid']
2021-06-28 19:43:27,804 - D:\work\WebAutoTestProject\utils\common.py - wrapper[line:27] - INFO: 执行耗时：1.02秒


2021-06-28 19:43:27,851 - D:\work\WebAutoTestProject\base\base_page.py - find_element[line:89] - INFO: >>>开始寻找元素:定位方法xpath，值.//*[@id='message_alert_id']/table/tbody/tr/td[2]/span
2021-06-28 19:43:31,924 - D:\work\WebAutoTestProject\utils\common.py - wrapper[line:27] - INFO: 执行耗时：4.07秒


2021-06-28 19:43:31,933 - D:\work\WebAutoTestProject\page\web_gwms_page\shipper_allocation_page.py - show_message[line:53] - INFO: 添加成功!
2021-06-28 19:43:31,933 - D:\work\WebAutoTestProject\base\base_page.py - click[line:131] - INFO: 点击元素：
2021-06-28 19:43:31,933 - D:\work\WebAutoTestProject\base\base_page.py - find_element[line:89] - INFO: >>>开始寻找元素:定位方法xpath，值.//*[@id='button_alert_id']/input
2021-06-28 19:43:32,956 - D:\work\WebAutoTestProject\utils\common.py - wrapper[line:27] - INFO: 执行耗时：1.02秒


2021-06-28 19:51:01,381 - D:\work\WebAutoTestProject\base\base_page.py - get_url[line:135] - INFO: 打开网址：http://119.23.17.189:8090/gwms_test/main.jsf
2021-06-28 19:51:01,589 - D:\work\WebAutoTestProject\base\base_page.py - send_key[line:124] - INFO: 准备输入数据026
2021-06-28 19:51:01,589 - D:\work\WebAutoTestProject\base\base_page.py - find_element[line:89] - INFO: >>>开始寻找元素:定位方法id，值form1:nv_userid
2021-06-28 19:51:02,625 - D:\work\WebAutoTestProject\utils\common.py - wrapper[line:27] - INFO: 执行耗时：1.04秒


2021-06-28 19:51:02,667 - D:\work\WebAutoTestProject\base\base_page.py - send_key[line:124] - INFO: 准备输入数据026
2021-06-28 19:51:02,667 - D:\work\WebAutoTestProject\base\base_page.py - find_element[line:89] - INFO: >>>开始寻找元素:定位方法id，值form1:passWord
2021-06-28 19:51:03,691 - D:\work\WebAutoTestProject\utils\common.py - wrapper[line:27] - INFO: 执行耗时：1.02秒


2021-06-28 19:51:03,742 - D:\work\WebAutoTestProject\base\base_page.py - click[line:131] - INFO: 点击元素：
2021-06-28 19:51:03,742 - D:\work\WebAutoTestProject\base\base_page.py - find_element[line:89] - INFO: >>>开始寻找元素:定位方法id，值form1:loginBtn
2021-06-28 19:51:04,760 - D:\work\WebAutoTestProject\utils\common.py - wrapper[line:27] - INFO: 执行耗时：1.02秒


2021-06-28 19:51:13,714 - D:\work\WebAutoTestProject\base\base_page.py - switch_to_frame[line:165] - INFO: <===============>进入frame:folderForm
2021-06-28 19:51:13,714 - D:\work\WebAutoTestProject\base\base_page.py - click[line:131] - INFO: 点击元素：
2021-06-28 19:51:13,714 - D:\work\WebAutoTestProject\base\base_page.py - find_element[line:89] - INFO: >>>开始寻找元素:定位方法xpath，值.//*[@id='SYS']/span
2021-06-28 19:51:14,737 - D:\work\WebAutoTestProject\utils\common.py - wrapper[line:27] - INFO: 执行耗时：1.02秒


2021-06-28 19:51:14,786 - D:\work\WebAutoTestProject\base\base_page.py - click[line:131] - INFO: 点击元素：
2021-06-28 19:51:14,787 - D:\work\WebAutoTestProject\base\base_page.py - find_element[line:89] - INFO: >>>开始寻找元素:定位方法xpath，值.//*[@id='owcoserv']/span[2]
2021-06-28 19:51:16,314 - D:\work\WebAutoTestProject\utils\common.py - wrapper[line:27] - INFO: 执行耗时：1.53秒


2021-06-28 19:51:16,351 - D:\work\WebAutoTestProject\base\base_page.py - click[line:131] - INFO: 点击元素：
2021-06-28 19:51:16,351 - D:\work\WebAutoTestProject\base\base_page.py - find_element[line:89] - INFO: >>>开始寻找元素:定位方法xpath，值.//*[@id='owcoIncoSet_span']
2021-06-28 19:51:17,876 - D:\work\WebAutoTestProject\utils\common.py - wrapper[line:27] - INFO: 执行耗时：1.53秒


2021-06-28 19:51:17,917 - D:\work\WebAutoTestProject\base\base_page.py - switch_to_default_frame[line:169] - INFO: 跳转回默认的iframe
2021-06-28 19:51:30,130 - D:\work\WebAutoTestProject\base\base_page.py - switch_to_frame[line:165] - INFO: <===============>进入frame:tab1_frame
2021-06-28 19:51:30,130 - D:\work\WebAutoTestProject\base\base_page.py - click[line:131] - INFO: 点击元素：
2021-06-28 19:51:30,130 - D:\work\WebAutoTestProject\base\base_page.py - find_element[line:89] - INFO: >>>开始寻找元素:定位方法xpath，值.//*[@id='list:saveButton']
2021-06-28 19:51:31,159 - D:\work\WebAutoTestProject\utils\common.py - wrapper[line:27] - INFO: 执行耗时：1.03秒


2021-06-28 19:51:31,217 - D:\work\WebAutoTestProject\base\base_page.py - send_key[line:124] - INFO: 准备输入数据01
2021-06-28 19:51:31,218 - D:\work\WebAutoTestProject\base\base_page.py - find_element[line:89] - INFO: >>>开始寻找元素:定位方法xpath，值.//*[@id='edit:cotl']
2021-06-28 19:51:32,239 - D:\work\WebAutoTestProject\utils\common.py - wrapper[line:27] - INFO: 执行耗时：1.02秒


2021-06-28 19:51:32,303 - D:\work\WebAutoTestProject\base\base_page.py - send_key[line:124] - INFO: 准备输入数据all
2021-06-28 19:51:32,303 - D:\work\WebAutoTestProject\base\base_page.py - find_element[line:89] - INFO: >>>开始寻找元素:定位方法xpath，值.//*[@id='edit:inco']
2021-06-28 19:51:33,325 - D:\work\WebAutoTestProject\utils\common.py - wrapper[line:27] - INFO: 执行耗时：1.02秒


2021-06-28 19:51:33,374 - D:\work\WebAutoTestProject\base\base_page.py - find_elements[line:56] - INFO: >>>开始寻找元素:定位方法xpath，值.//*[@id='edit:boty']/option
2021-06-28 19:51:33,415 - D:\work\WebAutoTestProject\base\base_page.py - find_elements[line:56] - INFO: >>>开始寻找元素:定位方法xpath，值.//*[@id='edit:baty']/option
2021-06-28 19:51:33,456 - D:\work\WebAutoTestProject\base\base_page.py - click[line:131] - INFO: 点击元素：
2021-06-28 19:51:33,456 - D:\work\WebAutoTestProject\base\base_page.py - find_element[line:89] - INFO: >>>开始寻找元素:定位方法xpath，值.//*[@id='edit:saveid']
2021-06-28 19:51:34,478 - D:\work\WebAutoTestProject\utils\common.py - wrapper[line:27] - INFO: 执行耗时：1.02秒


2021-06-28 19:51:34,525 - D:\work\WebAutoTestProject\base\base_page.py - find_element[line:89] - INFO: >>>开始寻找元素:定位方法xpath，值.//*[@id='message_alert_id']/table/tbody/tr/td[2]/span
2021-06-28 19:51:41,119 - D:\work\WebAutoTestProject\utils\common.py - wrapper[line:27] - INFO: 执行耗时：6.59秒


2021-06-28 19:51:41,129 - D:\work\WebAutoTestProject\page\web_gwms_page\shipper_allocation_page.py - show_message[line:53] - INFO: 添加成功!
2021-06-28 19:51:41,129 - D:\work\WebAutoTestProject\base\base_page.py - click[line:131] - INFO: 点击元素：
2021-06-28 19:51:41,129 - D:\work\WebAutoTestProject\base\base_page.py - find_element[line:89] - INFO: >>>开始寻找元素:定位方法xpath，值.//*[@id='button_alert_id']/input
2021-06-28 19:51:42,151 - D:\work\WebAutoTestProject\utils\common.py - wrapper[line:27] - INFO: 执行耗时：1.02秒


2021-06-28 19:56:33,105 - D:\work\WebAutoTestProject\base\base_page.py - get_url[line:135] - INFO: 打开网址：http://119.23.17.189:8090/gwms_test/main.jsf
2021-06-28 19:56:33,303 - D:\work\WebAutoTestProject\base\base_page.py - send_key[line:124] - INFO: 准备输入数据026
2021-06-28 19:56:33,303 - D:\work\WebAutoTestProject\base\base_page.py - find_element[line:89] - INFO: >>>开始寻找元素:定位方法id，值form1:nv_userid
2021-06-28 19:56:34,335 - D:\work\WebAutoTestProject\utils\common.py - wrapper[line:27] - INFO: 执行耗时：1.03秒


2021-06-28 19:56:34,377 - D:\work\WebAutoTestProject\base\base_page.py - send_key[line:124] - INFO: 准备输入数据026
2021-06-28 19:56:34,386 - D:\work\WebAutoTestProject\base\base_page.py - find_element[line:89] - INFO: >>>开始寻找元素:定位方法id，值form1:passWord
2021-06-28 19:56:35,408 - D:\work\WebAutoTestProject\utils\common.py - wrapper[line:27] - INFO: 执行耗时：1.02秒


2021-06-28 19:56:35,460 - D:\work\WebAutoTestProject\base\base_page.py - click[line:131] - INFO: 点击元素：
2021-06-28 19:56:35,460 - D:\work\WebAutoTestProject\base\base_page.py - find_element[line:89] - INFO: >>>开始寻找元素:定位方法id，值form1:loginBtn
2021-06-28 19:56:36,480 - D:\work\WebAutoTestProject\utils\common.py - wrapper[line:27] - INFO: 执行耗时：1.02秒


2021-06-28 19:56:43,024 - D:\work\WebAutoTestProject\base\base_page.py - switch_to_frame[line:165] - INFO: <===============>进入frame:folderForm
2021-06-28 19:56:43,024 - D:\work\WebAutoTestProject\base\base_page.py - click[line:131] - INFO: 点击元素：
2021-06-28 19:56:43,024 - D:\work\WebAutoTestProject\base\base_page.py - find_element[line:89] - INFO: >>>开始寻找元素:定位方法xpath，值.//*[@id='SYS']/span
2021-06-28 19:56:44,046 - D:\work\WebAutoTestProject\utils\common.py - wrapper[line:27] - INFO: 执行耗时：1.02秒


2021-06-28 19:56:44,092 - D:\work\WebAutoTestProject\base\base_page.py - click[line:131] - INFO: 点击元素：
2021-06-28 19:56:44,092 - D:\work\WebAutoTestProject\base\base_page.py - find_element[line:89] - INFO: >>>开始寻找元素:定位方法xpath，值.//*[@id='owcoserv']/span[2]
2021-06-28 19:56:45,625 - D:\work\WebAutoTestProject\utils\common.py - wrapper[line:27] - INFO: 执行耗时：1.53秒


2021-06-28 19:56:45,661 - D:\work\WebAutoTestProject\base\base_page.py - click[line:131] - INFO: 点击元素：
2021-06-28 19:56:45,661 - D:\work\WebAutoTestProject\base\base_page.py - find_element[line:89] - INFO: >>>开始寻找元素:定位方法xpath，值.//*[@id='owcoIncoSet_span']
2021-06-28 19:56:47,187 - D:\work\WebAutoTestProject\utils\common.py - wrapper[line:27] - INFO: 执行耗时：1.53秒


2021-06-28 19:56:47,226 - D:\work\WebAutoTestProject\base\base_page.py - switch_to_default_frame[line:169] - INFO: 跳转回默认的iframe
2021-06-28 19:56:52,925 - D:\work\WebAutoTestProject\base\base_page.py - switch_to_frame[line:165] - INFO: <===============>进入frame:tab1_frame
2021-06-28 19:56:52,926 - D:\work\WebAutoTestProject\base\base_page.py - click[line:131] - INFO: 点击元素：
2021-06-28 19:56:52,926 - D:\work\WebAutoTestProject\base\base_page.py - find_element[line:89] - INFO: >>>开始寻找元素:定位方法xpath，值.//*[@id='list:saveButton']
2021-06-28 19:56:53,962 - D:\work\WebAutoTestProject\utils\common.py - wrapper[line:27] - INFO: 执行耗时：1.04秒


2021-06-28 19:56:54,023 - D:\work\WebAutoTestProject\base\base_page.py - send_key[line:124] - INFO: 准备输入数据01
2021-06-28 19:56:54,023 - D:\work\WebAutoTestProject\base\base_page.py - find_element[line:89] - INFO: >>>开始寻找元素:定位方法xpath，值.//*[@id='edit:cotl']
2021-06-28 19:56:55,046 - D:\work\WebAutoTestProject\utils\common.py - wrapper[line:27] - INFO: 执行耗时：1.02秒


2021-06-28 19:56:55,105 - D:\work\WebAutoTestProject\base\base_page.py - send_key[line:124] - INFO: 准备输入数据all
2021-06-28 19:56:55,105 - D:\work\WebAutoTestProject\base\base_page.py - find_element[line:89] - INFO: >>>开始寻找元素:定位方法xpath，值.//*[@id='edit:inco']
2021-06-28 19:56:56,127 - D:\work\WebAutoTestProject\utils\common.py - wrapper[line:27] - INFO: 执行耗时：1.02秒


2021-06-28 19:56:56,176 - D:\work\WebAutoTestProject\base\base_page.py - find_elements[line:56] - INFO: >>>开始寻找元素:定位方法xpath，值.//*[@id='edit:boty']/option
2021-06-28 19:56:56,220 - D:\work\WebAutoTestProject\base\base_page.py - find_elements[line:56] - INFO: >>>开始寻找元素:定位方法xpath，值.//*[@id='edit:baty']/option
2021-06-28 19:56:56,258 - D:\work\WebAutoTestProject\base\base_page.py - click[line:131] - INFO: 点击元素：
2021-06-28 19:56:56,258 - D:\work\WebAutoTestProject\base\base_page.py - find_element[line:89] - INFO: >>>开始寻找元素:定位方法xpath，值.//*[@id='edit:saveid']
2021-06-28 19:56:57,281 - D:\work\WebAutoTestProject\utils\common.py - wrapper[line:27] - INFO: 执行耗时：1.02秒


2021-06-28 19:56:57,327 - D:\work\WebAutoTestProject\base\base_page.py - find_element[line:89] - INFO: >>>开始寻找元素:定位方法xpath，值.//*[@id='message_alert_id']/table/tbody/tr/td[2]/span
2021-06-28 19:57:01,391 - D:\work\WebAutoTestProject\utils\common.py - wrapper[line:27] - INFO: 执行耗时：4.06秒


2021-06-28 19:57:01,400 - D:\work\WebAutoTestProject\page\web_gwms_page\shipper_allocation_page.py - show_message[line:54] - INFO: 添加成功!
2021-06-28 19:57:01,400 - D:\work\WebAutoTestProject\base\base_page.py - click[line:131] - INFO: 点击元素：
2021-06-28 19:57:01,400 - D:\work\WebAutoTestProject\base\base_page.py - find_element[line:89] - INFO: >>>开始寻找元素:定位方法xpath，值.//*[@id='button_alert_id']/input
2021-06-28 19:57:02,425 - D:\work\WebAutoTestProject\utils\common.py - wrapper[line:27] - INFO: 执行耗时：1.02秒


2021-06-28 19:57:02,488 - D:\work\WebAutoTestProject\base\base_page.py - refresh[line:160] - INFO: 刷新当前页面
2021-06-28 20:17:09,281 - D:\work\WebAutoTestProject\base\base_page.py - get_url[line:135] - INFO: 打开网址：http://119.23.17.189:8090/gwms_test/main.jsf
2021-06-28 20:17:09,462 - D:\work\WebAutoTestProject\base\base_page.py - send_key[line:124] - INFO: 准备输入数据026
2021-06-28 20:17:09,462 - D:\work\WebAutoTestProject\base\base_page.py - find_element[line:89] - INFO: >>>开始寻找元素:定位方法id，值form1:nv_userid
2021-06-28 20:17:10,492 - D:\work\WebAutoTestProject\utils\common.py - wrapper[line:27] - INFO: 执行耗时：1.03秒


2021-06-28 20:17:10,534 - D:\work\WebAutoTestProject\base\base_page.py - send_key[line:124] - INFO: 准备输入数据026
2021-06-28 20:17:10,535 - D:\work\WebAutoTestProject\base\base_page.py - find_element[line:89] - INFO: >>>开始寻找元素:定位方法id，值form1:passWord
2021-06-28 20:17:11,557 - D:\work\WebAutoTestProject\utils\common.py - wrapper[line:27] - INFO: 执行耗时：1.02秒


2021-06-28 20:17:11,615 - D:\work\WebAutoTestProject\base\base_page.py - click[line:131] - INFO: 点击元素：
2021-06-28 20:17:11,615 - D:\work\WebAutoTestProject\base\base_page.py - find_element[line:89] - INFO: >>>开始寻找元素:定位方法id，值form1:loginBtn
2021-06-28 20:17:12,636 - D:\work\WebAutoTestProject\utils\common.py - wrapper[line:27] - INFO: 执行耗时：1.02秒


2021-06-28 20:17:23,398 - D:\work\WebAutoTestProject\base\base_page.py - switch_to_frame[line:165] - INFO: <===============>进入frame:folderForm
2021-06-28 20:17:23,398 - D:\work\WebAutoTestProject\base\base_page.py - click[line:131] - INFO: 点击元素：
2021-06-28 20:17:23,398 - D:\work\WebAutoTestProject\base\base_page.py - find_element[line:89] - INFO: >>>开始寻找元素:定位方法xpath，值.//*[@id='SYS']/span
2021-06-28 20:17:24,420 - D:\work\WebAutoTestProject\utils\common.py - wrapper[line:27] - INFO: 执行耗时：1.02秒


2021-06-28 20:17:24,465 - D:\work\WebAutoTestProject\base\base_page.py - click[line:131] - INFO: 点击元素：
2021-06-28 20:17:24,465 - D:\work\WebAutoTestProject\base\base_page.py - find_element[line:89] - INFO: >>>开始寻找元素:定位方法xpath，值.//*[@id='owcoserv']/span[2]
2021-06-28 20:17:25,995 - D:\work\WebAutoTestProject\utils\common.py - wrapper[line:27] - INFO: 执行耗时：1.53秒


2021-06-28 20:17:26,035 - D:\work\WebAutoTestProject\base\base_page.py - click[line:131] - INFO: 点击元素：
2021-06-28 20:17:26,035 - D:\work\WebAutoTestProject\base\base_page.py - find_element[line:89] - INFO: >>>开始寻找元素:定位方法xpath，值.//*[@id='owcoIncoSet_span']
2021-06-28 20:17:27,561 - D:\work\WebAutoTestProject\utils\common.py - wrapper[line:27] - INFO: 执行耗时：1.53秒


2021-06-28 20:17:27,603 - D:\work\WebAutoTestProject\base\base_page.py - switch_to_default_frame[line:169] - INFO: 跳转回默认的iframe
2021-06-28 20:17:37,908 - D:\work\WebAutoTestProject\base\base_page.py - switch_to_frame[line:165] - INFO: <===============>进入frame:tab1_frame
2021-06-28 20:17:37,908 - D:\work\WebAutoTestProject\base\base_page.py - click[line:131] - INFO: 点击元素：
2021-06-28 20:17:37,908 - D:\work\WebAutoTestProject\base\base_page.py - find_element[line:89] - INFO: >>>开始寻找元素:定位方法xpath，值.//*[@id='list:saveButton']
2021-06-28 20:17:38,941 - D:\work\WebAutoTestProject\utils\common.py - wrapper[line:27] - INFO: 执行耗时：1.03秒


2021-06-28 20:17:39,002 - D:\work\WebAutoTestProject\base\base_page.py - send_key[line:124] - INFO: 准备输入数据01
2021-06-28 20:17:39,003 - D:\work\WebAutoTestProject\base\base_page.py - find_element[line:89] - INFO: >>>开始寻找元素:定位方法xpath，值.//*[@id='edit:cotl']
2021-06-28 20:17:40,029 - D:\work\WebAutoTestProject\utils\common.py - wrapper[line:27] - INFO: 执行耗时：1.03秒


2021-06-28 20:17:40,076 - D:\work\WebAutoTestProject\base\base_page.py - send_key[line:124] - INFO: 准备输入数据all
2021-06-28 20:17:40,077 - D:\work\WebAutoTestProject\base\base_page.py - find_element[line:89] - INFO: >>>开始寻找元素:定位方法xpath，值.//*[@id='edit:inco']
2021-06-28 20:17:41,099 - D:\work\WebAutoTestProject\utils\common.py - wrapper[line:27] - INFO: 执行耗时：1.02秒


2021-06-28 20:17:41,149 - D:\work\WebAutoTestProject\base\base_page.py - find_elements[line:56] - INFO: >>>开始寻找元素:定位方法xpath，值.//*[@id='edit:boty']/option
2021-06-28 20:17:41,190 - D:\work\WebAutoTestProject\base\base_page.py - find_elements[line:56] - INFO: >>>开始寻找元素:定位方法xpath，值.//*[@id='edit:baty']/option
2021-06-28 20:17:41,231 - D:\work\WebAutoTestProject\base\base_page.py - click[line:131] - INFO: 点击元素：
2021-06-28 20:17:41,232 - D:\work\WebAutoTestProject\base\base_page.py - find_element[line:89] - INFO: >>>开始寻找元素:定位方法xpath，值.//*[@id='edit:saveid']
2021-06-28 20:17:42,254 - D:\work\WebAutoTestProject\utils\common.py - wrapper[line:27] - INFO: 执行耗时：1.02秒


2021-06-28 20:17:42,302 - D:\work\WebAutoTestProject\base\base_page.py - find_element[line:89] - INFO: >>>开始寻找元素:定位方法xpath，值.//*[@id='message_alert_id']/table/tbody/tr/td[2]/span
2021-06-28 20:17:46,388 - D:\work\WebAutoTestProject\utils\common.py - wrapper[line:27] - INFO: 执行耗时：4.09秒


2021-06-28 20:17:46,397 - D:\work\WebAutoTestProject\page\web_gwms_page\shipper_allocation_page.py - show_message[line:54] - INFO: 添加成功!
2021-06-28 20:17:46,397 - D:\work\WebAutoTestProject\base\base_page.py - click[line:131] - INFO: 点击元素：
2021-06-28 20:17:46,397 - D:\work\WebAutoTestProject\base\base_page.py - find_element[line:89] - INFO: >>>开始寻找元素:定位方法xpath，值.//*[@id='button_alert_id']/input
2021-06-28 20:17:47,418 - D:\work\WebAutoTestProject\utils\common.py - wrapper[line:27] - INFO: 执行耗时：1.02秒


2021-06-28 20:17:48,133 - D:\work\WebAutoTestProject\base\base_page.py - refresh[line:160] - INFO: 刷新当前页面
